
------------
|1101101111|
|0000000000|
|1101110111|
|0000000000|
|0000001000|
|0000000000|
|0010000000|
|0000000000|
|0000000001|
|1000000000|
------------
Player 1 field:

------------
|11.1.1111.|
|..........|
|.........1|
|..1.......|
|..1.1.11..|
|....1.....|
|....1.....|
|.........1|
|..........|
|.1.....111|
------------
Player 2 field:

------------
|1101101111|
|0000000000|
|1101110111|
|0000000000|
|0000001000|
|0000000000|
|0010000000|
|0000000000|
|0000000001|
|1000000000|
------------
Player 1: MOVE 6-7
Player 2: MISS
Player 2: MOVE 8-8
Player 1: MISS
Player 1: MOVE 2-7
Player 2: MISS
Player 2: MOVE 3-6
Player 1: MISS
Player 1: MOVE 8-1
Player 2: HIT
Player 1: MOVE 9-1
Player 2: HIT
Player 1: MOVE 10-1
Player 2: HIT
Player 1: MOVE 7-1
Player 2: KILL
Player 1: MOVE 2-3
Player 2: HIT
Player 1: MOVE 2-2
Player 2: MISS
Player 2: MOVE 7-4
Player 1: MISS
Player 1: MOVE 3-3
Player 2: MISS
Player 2: MOVE 4-7
Player 1: MISS
Player 1: MOVE 1-3
Player 2: KILL
Player 1: MOVE 4-5
Player 2: MISS
Player 2: MOVE 6-5
Player 1: MISS
Player 1: MOVE 7-10
Player 2: MISS
Player 2: MOVE 5-3
Player 1: MISS
Player 1: MOVE 10-3
Player 2: HIT
Player 1: MOVE 9-3
Player 2: HIT
Player 1: MOVE 8-3
Player 2: KILL
Player 1: MOVE 7-6
Player 2: MISS
Player 2: MOVE 5-8
Player 1: MISS
Player 1: MOVE 3-10
Player 2: MISS
Player 2: MOVE 4-4
Player 1: MISS
Player 1: MOVE 5-8
Player 2: MISS
Player 2: MOVE 7-7
Player 1: MISS
Player 1: MOVE 6-3
Player 2: HIT
Player 1: MOVE 6-4
Player 2: MISS
Player 2: MOVE 8-3
Player 1: MISS
Player 1: MOVE 5-3
Player 2: HIT
Player 1: MOVE 4-3
Player 2: KILL
Player 1: MOVE 8-9
Player 2: MISS
Player 2: MOVE 2-5
Player 1: MISS
Player 1: MOVE 4-9
Player 2: MISS
Player 2: MOVE 6-9
Player 1: MISS
Player 1: MOVE 1-8
Player 2: MISS
Player 2: MOVE 9-6
Player 1: MISS
Player 1: MOVE 10-7
Player 2: MISS
Player 2: MOVE 6-2
Player 1: MISS
Player 1: MOVE 9-8
Player 2: MISS
Player 2: MOVE 3-2
Player 1: MISS
Player 1: MOVE 3-6
Player 2: MISS
Player 2: MOVE 3-9
Player 1: MISS
Player 1: MOVE 8-5
Player 2: MISS
Player 2: MOVE 2-8
Player 1: MISS
Player 1: MOVE 9-10
Player 2: MISS
Player 2: MOVE 5-6
Player 1: HIT
Player 2: MOVE 6-6
Player 1: MISS
Player 1: MOVE 6-9
Player 2: MISS
Player 2: MOVE 4-6
Player 1: MISS
Player 1: MOVE 8-7
Player 2: MISS
Player 2: MOVE 5-5
Player 1: HIT
Player 2: MOVE 5-7
Player 1: KILL
Player 2: MOVE 9-2
Player 1: MISS
Player 1: MOVE 4-1
Player 2: HIT
Player 1: MOVE 3-1
Player 2: MISS
Player 2: MOVE 2-3
Player 1: MISS
Player 1: MOVE 5-1
Player 2: KILL
Player 1: MOVE 2-9
Player 2: MISS
Player 2: MOVE 9-9
Player 1: MISS
Player 1: MOVE 5-6
Player 2: MISS
Player 2: MOVE 10-5
Player 1: MISS
Player 1: MOVE 2-5
Player 2: MISS
Player 2: MOVE 7-1
Player 1: HIT
Player 2: MOVE 6-1
Player 1: HIT
Player 2: MOVE 8-1
Player 1: HIT
Player 2: MOVE 5-1
Player 1: MISS
Player 1: MOVE 10-9
Player 2: KILL
Player 1: MOVE 5-10
Player 2: MISS
Player 2: MOVE 9-1
Player 1: KILL
Player 2: MOVE 8-5
Player 1: HIT
Player 2: MOVE 9-5
Player 1: MISS
Player 1: MOVE 4-7
Player 2: MISS
Player 2: MOVE 7-5
Player 1: KILL
Player 2: MOVE 7-10
Player 1: MISS
Player 1: MOVE 3-8
Player 2: MISS
Player 2: MOVE 1-4
Player 1: MISS
Player 1: MOVE 7-8
Player 2: MISS
Player 2: MOVE 1-7
Player 1: MISS
Player 1: MOVE 10-5
Player 2: MISS
Player 2: MOVE 10-8
Player 1: KILL
Player 2: MOVE 4-10
Player 1: MISS
Player 1: MOVE 2-1
Player 2: HIT
Player 1: MOVE 1-1
Player 2: KILL
Player 1: MOVE 9-6
Player 2: MISS
Player 2: MOVE 2-1
Player 1: HIT
Player 2: MOVE 3-1
Player 1: MISS
Player 1: MOVE 6-5
Player 2: MISS
Player 2: MOVE 1-1
Player 1: KILL
Player 2: MOVE 4-2
Player 1: MISS
Player 1: MOVE 1-6
Player 2: MISS
Player 2: MOVE 1-10
Player 1: MISS
Player 1: MOVE 1-10
Player 2: KILL
Player 1: MOVE 8-6
Player 2: MISS
Player 2: MOVE 3-4
Player 1: HIT
Player 2: MOVE 3-3
Player 1: MISS
Player 1: MOVE 8-10
Player 2: MISS
Player 2: MOVE 3-5
Player 1: KILL
Player 2: MOVE 10-10
Player 1: HIT
Player 2: MOVE 8-10
Player 1: HIT
Player 2: MOVE 9-10
Player 1: KILL
Player 2: MOVE 10-6
Player 1: MISS
Player 1: MOVE 5-7
Player 2: MISS
Player 2: MOVE 1-5
Player 1: MISS
Player 1: MOVE 3-7
Player 2: KILL
Player 1: MOVE 6-8
Player 2: MISS
Player 2: MOVE 7-2
Player 1: MISS
Player 1: MOVE 9-7
Player 2: MISS
Player 2: MOVE 3-10
Player 1: MISS
Player 1: MOVE 6-10
Player 2: MISS
Player 2: MOVE 8-9
Player 1: MISS
Player 1: MOVE 1-7
Player 2: MISS
Player 2: MOVE 7-8
Player 1: MISS
Player 1: MOVE 8-8
Player 2: MISS
Player 2: MOVE 6-3
Player 1: MISS
Player 1: MOVE 10-6
Player 2: MISS
Player 2: MOVE 10-4
Player 1: MISS
Player 1: MOVE 7-5
Player 2: KILL
Player 1: VICTORY
Player 2: DEFEAT
==================================================
Player 1 field:
His POV:

------------
|XX.1.XXXX.|
|..........|
|.........1|
|..X.......|
|..X.X.XX..|
|....X.....|
|....X.....|
|.........X|
|..........|
|.1.....XXX|
------------
Opponents POV:

------------
|2220222222|
|2244044222|
|0222440400|
|4212002224|
|4212222224|
|0222122244|
|4002124022|
|0402224421|
|0040040422|
|4044002222|
------------
Player 2 field:
His POV:

------------
|3303303333|
|0000000000|
|3303330333|
|0000000000|
|0000003000|
|0000000000|
|0030000000|
|0000000000|
|0000000003|
|3000000000|
------------
Opponents POV:

------------
|11x11x1111|
|xxxxxxxxxx|
|11x111x111|
|xxxxxxxxxx|
|.x.x.x1x.x|
|xxxxx.xxxx|
|xx1xxx.xxx|
|xxxxxxxxxx|
|xx.x.x.xx1|
|1xx.xxxxxx|
------------
