
------------
|1110110111|
|0000000000|
|0000010010|
|0000000000|
|0000000000|
|0000000000|
|0000000000|
|0010100000|
|0000000000|
|1111011011|
------------
Player 1 field:

------------
|.........1|
|.1111....1|
|.........1|
|1...1.....|
|..........|
|1.11..1..1|
|......1...|
|11....1...|
|...11.....|
|..........|
------------
Player 2 field:

------------
|1110110111|
|0000000000|
|0000010010|
|0000000000|
|0000000000|
|0000000000|
|0000000000|
|0010100000|
|0000000000|
|1111011011|
------------
Player 1: MOVE 4-5
Player 2: MISS
Player 2: MOVE 3-5
Player 1: MISS
Player 1: MOVE 8-9
Player 2: MISS
Player 2: MOVE 4-5
Player 1: MISS
Player 1: MOVE 7-10
Player 2: HIT
Player 1: MOVE 7-9
Player 2: MISS
Player 2: MOVE 8-6
Player 1: MISS
Player 1: MOVE 6-10
Player 2: KILL
Player 1: MOVE 9-4
Player 2: MISS
Player 2: MOVE 6-7
Player 1: MISS
Player 1: MOVE 5-8
Player 2: KILL
Player 1: MOVE 2-3
Player 2: MISS
Player 2: MOVE 5-4
Player 1: KILL
Player 2: MOVE 7-8
Player 1: HIT
Player 2: MOVE 6-8
Player 1: MISS
Player 1: MOVE 3-2
Player 2: MISS
Player 2: MOVE 8-8
Player 1: MISS
Player 1: MOVE 9-8
Player 2: MISS
Player 2: MOVE 7-7
Player 1: HIT
Player 2: MOVE 7-6
Player 1: KILL
Player 2: MOVE 2-6
Player 1: MISS
Player 1: MOVE 8-5
Player 2: MISS
Player 2: MOVE 7-2
Player 1: MISS
Player 1: MOVE 3-6
Player 2: MISS
Player 2: MOVE 5-9
Player 1: HIT
Player 2: MOVE 6-9
Player 1: MISS
Player 1: MOVE 10-3
Player 2: MISS
Player 2: MOVE 4-9
Player 1: KILL
Player 2: MOVE 9-4
Player 1: MISS
Player 1: MOVE 7-2
Player 2: MISS
Player 2: MOVE 3-2
Player 1: HIT
Player 2: MOVE 4-2
Player 1: HIT
Player 2: MOVE 5-2
Player 1: HIT
Player 2: MOVE 6-2
Player 1: MISS
Player 1: MOVE 1-8
Player 2: MISS
Player 2: MOVE 2-2
Player 1: KILL
Player 2: MOVE 8-3
Player 1: MISS
Player 1: MOVE 3-10
Player 2: HIT
Player 1: MOVE 4-10
Player 2: HIT
Player 1: MOVE 2-10
Player 2: HIT
Player 1: MOVE 1-10
Player 2: KILL
Player 1: MOVE 1-4
Player 2: MISS
Player 2: MOVE 3-7
Player 1: MISS
Player 1: MOVE 7-6
Player 2: MISS
Player 2: MOVE 9-9
Player 1: MISS
Player 1: MOVE 2-7
Player 2: MISS
Player 2: MOVE 2-8
Player 1: HIT
Player 2: MOVE 2-9
Player 1: MISS
Player 1: MOVE 8-1
Player 2: HIT
Player 1: MOVE 7-1
Player 2: MISS
Player 2: MOVE 2-7
Player 1: MISS
Player 1: MOVE 8-2
Player 2: MISS
Player 2: MOVE 3-8
Player 1: MISS
Player 1: MOVE 9-1
Player 2: HIT
Player 1: MOVE 10-1
Player 2: KILL
Player 1: MOVE 10-7
Player 2: MISS
Player 2: MOVE 1-8
Player 1: KILL
Player 2: MOVE 1-4
Player 1: KILL
Player 2: MOVE 10-5
Player 1: MISS
Player 1: MOVE 5-4
Player 2: MISS
Player 2: MOVE 10-2
Player 1: HIT
Player 2: MOVE 10-3
Player 1: HIT
Player 2: MOVE 10-4
Player 1: MISS
Player 1: MOVE 4-1
Player 2: MISS
Player 2: MOVE 10-1
Player 1: KILL
Player 2: MOVE 4-6
Player 1: HIT
Player 2: MOVE 5-6
Player 1: MISS
Player 1: MOVE 6-3
Player 2: KILL
Player 1: MOVE 10-9
Player 2: MISS
Player 2: MOVE 4-7
Player 1: MISS
Player 1: MOVE 1-2
Player 2: MISS
Player 2: MOVE 3-6
Player 1: KILL
Player 2: MOVE 8-10
Player 1: MISS
Player 1: MOVE 8-3
Player 2: MISS
Player 2: MOVE 10-10
Player 1: MISS
Player 1: MOVE 3-4
Player 2: MISS
Player 2: MOVE 7-10
Player 1: MISS
Player 1: MOVE 10-5
Player 2: MISS
Player 2: MOVE 7-4
Player 1: MISS
Player 1: MOVE 2-1
Player 2: HIT
Player 1: MOVE 3-1
Player 2: HIT
Player 1: MOVE 1-1
Player 2: KILL
Player 1: MOVE 6-5
Player 2: MISS
Player 2: MOVE 1-6
Player 1: KILL
Player 2: MOVE 9-5
Player 1: MISS
Player 1: MOVE 5-6
Player 2: MISS
Player 2: MOVE 5-7
Player 1: MISS
Player 1: MOVE 3-8
Player 2: KILL
Player 1: MOVE 2-5
Player 2: MISS
Player 2: MOVE 10-9
Player 1: MISS
Player 1: MOVE 9-10
Player 2: HIT
Player 1: MOVE 9-9
Player 2: MISS
Player 2: MOVE 1-10
Player 1: MISS
Player 1: MOVE 10-10
Player 2: KILL
Player 1: MOVE 6-1
Player 2: HIT
Player 1: MOVE 5-1
Player 2: KILL
Player 1: MOVE 8-7
Player 2: MISS
Player 2: MOVE 7-3
Player 1: MISS
Player 1: MOVE 1-6
Player 2: MISS
Player 2: MOVE 9-6
Player 1: MISS
Player 1: MOVE 7-8
Player 2: MISS
Player 2: MOVE 8-2
Player 1: MISS
Player 1: MOVE 9-6
Player 2: MISS
Player 2: MOVE 10-6
Player 1: KILL
Player 1: DEFEAT
Player 2: VICTORY
==================================================
Player 1 field:
His POV:

------------
|.........X|
|.XXXX....X|
|.........X|
|X...X.....|
|..........|
|X.XX..X..X|
|......X...|
|XX....X...|
|...XX.....|
|..........|
------------
Opponents POV:

------------
|0222200022|
|0221144422|
|2222224421|
|1202124044|
|2222220022|
|1222221221|
|2222422222|
|2222221200|
|2222220044|
|4022204404|
------------
Player 2 field:
His POV:

------------
|3330330333|
|0000000000|
|0000030010|
|0000000000|
|0000000000|
|0000000000|
|0000000000|
|0030300000|
|0000000000|
|3333033033|
------------
Opponents POV:

------------
|111x11x111|
|xxxxxxxxxx|
|.x..x1xx.x|
|x.x.xxx.x.|
|.x.x.x.x.x|
|x.x.x.x.x.|
|.xxxxx.x.x|
|xx1x1xx.x.|
|xxxxxxxxxx|
|1111x11x11|
------------
