Player 1 field:

------------
|1.........|
|..11......|
|.........1|
|1.1.......|
|1.......1.|
|1.......1.|
|1.1..1....|
|..1..1....|
|..1..1..11|
|1.........|
------------
Player 2 field:

------------
|..........|
|1..1......|
|1..1..1..1|
|1..1..1...|
|...1..1...|
|..........|
|1..1.1..1.|
|1.......1.|
|..........|
|...1....11|
------------
Player 1: MOVE 9-4
Player 2: MISS
Player 2: MOVE 6-6
Player 1: MISS

------------
|..........|
|..........|
|..........|
|..........|
|..........|
|.....x....|
|..........|
|..........|
|..........|
|..........|
------------
Player 1: MOVE 10-3
Player 2: KILL
Player 1: MOVE 4-9
Player 2: MISS
(4, 2)
(7, 3)
(1, 2)
(7, 3)
(1, 7)
(5, 10)
(8, 5)
(2, 1)
(1, 3)
(9, 7)
(5, 5)
(10, 4)
(1, 6)
(9, 10)
(4, 10)
(7, 5)
(9, 9)
(7, 6)
(10, 8)
(2, 7)
(4, 5)
(10, 3)
(6, 4)
(8, 5)
(1, 8)
(8, 9)
(7, 4)
(1, 8)
(8, 6)
(3, 4)
(10, 6)
(3, 5)
(6, 7)
(1, 7)
(10, 4)
(2, 4)
(6, 8)
(5, 4)
(2, 9)
(8, 10)
(7, 6)
(9, 10)
(4, 9)
(5, 2)
(1, 9)
(4, 7)
(9, 4)
(1, 1)
(2, 1)
(2, 1)
(3, 1)
(3, 1)
(4, 1)
(4, 1)
(5, 1)
(5, 1)
(6, 1)
(6, 1)
(7, 1)
(7, 1)
(8, 1)
(8, 1)
(9, 1)
(9, 1)
(10, 1)
(10, 1)
(1, 2)
(2, 2)
(2, 2)
(3, 2)
(3, 2)
(4, 2)
(4, 2)
(5, 2)
(5, 2)
(6, 2)
(6, 2)
(7, 2)
(7, 2)
(8, 2)
(8, 2)
(9, 2)
(9, 2)
(10, 2)
(10, 2)
(1, 3)
(2, 3)
(2, 3)
(3, 3)
(3, 3)
(4, 3)
(4, 3)
(5, 3)
(5, 3)
(6, 3)
(6, 3)
(7, 3)
(7, 3)
(8, 3)
(8, 3)
(9, 3)
(9, 3)
(10, 3)
(10, 3)
(1, 4)
(2, 4)
(2, 4)
(3, 4)
(3, 4)
(4, 4)
(4, 4)
(5, 4)
(5, 4)
(6, 4)
(6, 4)
(7, 4)
(7, 4)
(8, 4)
(8, 4)
(9, 4)
(9, 4)
(10, 4)
(10, 4)
(1, 5)
(2, 5)
(2, 5)
(3, 5)
(3, 5)
(4, 5)
(4, 5)
(5, 5)
(5, 5)
(6, 5)
(6, 5)
(7, 5)
(7, 5)
(8, 5)
(8, 5)
(9, 5)
(9, 5)
(10, 5)
(10, 5)
(1, 6)
(2, 6)
(2, 6)
(3, 6)
(3, 6)
(4, 6)
(4, 6)
(5, 6)
(5, 6)
(6, 6)
(6, 6)
(7, 6)
(7, 6)
(8, 6)
(8, 6)
(9, 6)
(9, 6)
(10, 6)
(10, 6)
(1, 7)
(2, 7)
(2, 7)
(3, 7)
(3, 7)
(4, 7)
(4, 7)
(5, 7)
(5, 7)
(6, 7)
(6, 7)
(7, 7)
(7, 7)
(8, 7)
(8, 7)
(9, 7)
(9, 7)
(10, 7)
(10, 7)
(1, 8)
(2, 8)
(2, 8)
(3, 8)
(3, 8)
(4, 8)
(4, 8)
(5, 8)
(5, 8)
(6, 8)
(6, 8)
(7, 8)
(7, 8)
(8, 8)
(8, 8)
(9, 8)
(9, 8)
(10, 8)
(10, 8)
(1, 9)
(2, 9)
(2, 9)
(3, 9)
(3, 9)
(4, 9)
(4, 9)
(5, 9)
(5, 9)
(6, 9)
(6, 9)
(7, 9)
(7, 9)
(8, 9)
(8, 9)
(9, 9)
(9, 9)
(10, 9)
(10, 9)
(1, 10)
(2, 10)
(2, 10)
(3, 10)
(3, 10)
(4, 10)
(4, 10)
(5, 10)
(5, 10)
(6, 10)
(6, 10)
(7, 10)
(7, 10)
(8, 10)
(8, 10)
(9, 10)
(9, 10)
(10, 10)
(10, 10)
(1, 1)
(1, 2)
(1, 2)
(1, 3)
(1, 3)
(1, 4)
(1, 4)
(1, 5)
(1, 5)
(1, 6)
(1, 6)
(1, 7)
(1, 7)
(1, 8)
(1, 8)
(1, 9)
(1, 9)
(1, 10)
(1, 10)
(2, 1)
(2, 2)
(2, 2)
(2, 3)
(2, 3)
(2, 4)
(2, 4)
(2, 5)
(2, 5)
(2, 6)
(2, 6)
(2, 7)
(2, 7)
(2, 8)
(2, 8)
(2, 9)
(2, 9)
(2, 10)
(2, 10)
(3, 1)
(3, 2)
(3, 2)
(3, 3)
(3, 3)
(3, 4)
(3, 4)
(3, 5)
(3, 5)
(3, 6)
(3, 6)
(3, 7)
(3, 7)
(3, 8)
(3, 8)
(3, 9)
(3, 9)
(3, 10)
(3, 10)
(4, 1)
(4, 2)
(4, 2)
(4, 3)
(4, 3)
(4, 4)
(4, 4)
(4, 5)
(4, 5)
(4, 6)
(4, 6)
(4, 7)
(4, 7)
(4, 8)
(4, 8)
(4, 9)
(4, 9)
(4, 10)
(4, 10)
(5, 1)
(5, 2)
(5, 2)
(5, 3)
(5, 3)
(5, 4)
(5, 4)
(5, 5)
(5, 5)
(5, 6)
(5, 6)
(5, 7)
(5, 7)
(5, 8)
(5, 8)
(5, 9)
(5, 9)
(5, 10)
(5, 10)
(6, 1)
(6, 2)
(6, 2)
(6, 3)
(6, 3)
(6, 4)
(6, 4)
(6, 5)
(6, 5)
(6, 6)
(6, 6)
(6, 7)
(6, 7)
(6, 8)
(6, 8)
(6, 9)
(6, 9)
(6, 10)
(6, 10)
(7, 1)
(7, 2)
(7, 2)
(7, 3)
(7, 3)
(7, 4)
(7, 4)
(7, 5)
(7, 5)
(7, 6)
(7, 6)
(7, 7)
(7, 7)
(7, 8)
(7, 8)
(7, 9)
(7, 9)
(7, 10)
(7, 10)
(8, 1)
(8, 2)
(8, 2)
(8, 3)
(8, 3)
(8, 4)
(8, 4)
(8, 5)
(8, 5)
(8, 6)
(8, 6)
(8, 7)
(8, 7)
(8, 8)
(8, 8)
(8, 9)
(8, 9)
(8, 10)
(8, 10)
(9, 1)
(9, 2)
(9, 2)
(9, 3)
(9, 3)
(9, 4)
(9, 4)
(9, 5)
(9, 5)
(9, 6)
(9, 6)
(9, 7)
(9, 7)
(9, 8)
(9, 8)
(9, 9)
(9, 9)
(9, 10)
(9, 10)
(10, 1)
(10, 2)
(10, 2)
(10, 3)
(10, 3)
(10, 4)
(10, 4)
(10, 5)
(10, 5)
(10, 6)
(10, 6)
(10, 7)
(10, 7)
(10, 8)
(10, 8)
(10, 9)
(10, 9)
(10, 10)
(10, 10)
(6, 6)
(6, 6)
(6, 6)
(6, 6)
(10, 3)
(4, 9)
(1, 1)
(2, 1)
(2, 1)
(3, 1)
(3, 1)
(4, 1)
(4, 1)
(5, 1)
(5, 1)
(6, 1)
(6, 1)
(7, 1)
(7, 1)
(8, 1)
(8, 1)
(9, 1)
(9, 1)
(10, 1)
(10, 1)
(1, 2)
(2, 2)
(2, 2)
(3, 2)
(3, 2)
(4, 2)
(4, 2)
(5, 2)
(5, 2)
(6, 2)
(6, 2)
(7, 2)
(7, 2)
(8, 2)
(8, 2)
(9, 2)
(9, 2)
(10, 2)
(10, 2)
(1, 3)
(2, 3)
(2, 3)
(3, 3)
(3, 3)
(4, 3)
(4, 3)
(5, 3)
(5, 3)
(6, 3)
(6, 3)
(7, 3)
(7, 3)
(8, 3)
(8, 3)
(9, 3)
(9, 3)
(10, 3)
(10, 3)
(1, 4)
(2, 4)
(2, 4)
(3, 4)
(3, 4)
(4, 4)
(4, 4)
(5, 4)
(5, 4)
(6, 4)
(6, 4)
(7, 4)
(7, 4)
(8, 4)
(8, 4)
(9, 4)
(9, 4)
(10, 4)
(10, 4)
(1, 5)
(2, 5)
(2, 5)
(3, 5)
(3, 5)
(4, 5)
(4, 5)
(5, 5)
(5, 5)
(6, 5)
(6, 5)
(7, 5)
(7, 5)
(8, 5)
(8, 5)
(9, 5)
(9, 5)
(10, 5)
(10, 5)
(1, 6)
(2, 6)
(2, 6)
(3, 6)
(3, 6)
(4, 6)
(4, 6)
(5, 6)
(5, 6)
(6, 6)
(6, 6)
(7, 6)
(8, 6)
(8, 6)
(9, 6)
(9, 6)
(10, 6)
(10, 6)
(1, 7)
(2, 7)
(2, 7)
(3, 7)
(3, 7)
(4, 7)
(4, 7)
(5, 7)
(5, 7)
(6, 7)
(6, 7)
(7, 7)
(7, 7)
(8, 7)
(8, 7)
(9, 7)
(9, 7)
(10, 7)
(10, 7)
(1, 8)
(2, 8)
(2, 8)
(3, 8)
(3, 8)
(4,Player 2: MOVE 1-6
Player 1: HIT

------------
|..........|
|..........|
|..........|
|..........|
|..........|
|1....x....|
|..........|
|..........|
|..........|
|..........|
------------
Player 2: MOVE 1-7
Player 1: HIT

------------
|..........|
|..........|
|..........|
|..........|
|..........|
|1....x....|
|1.........|
|..........|
|..........|
|..........|
------------
Player 2: MOVE 1-8
Player 1: MISS

------------
|..........|
|..........|
|..........|
|..........|
|..........|
|1....x....|
|1.........|
|x.........|
|..........|
|..........|
------------
Player 1: MOVE 9-8
Player 2: HIT
Player 1: MOVE 9-7
Player 2: KILL
Player 1: MOVE 3-2
Player 2: MISS
Player 2: MOVE 1-5
Player 1: HIT

------------
|..........|
|..........|
|..........|
|..........|
|1.........|
|1....x....|
|1.........|
|x.........|
|..........|
|..........|
------------
Player 2: MOVE 1-4
Player 1: KILL

------------
|..........|
|..........|
|xx........|
|1x........|
|1x........|
|1x...x....|
|1x........|
|xx........|
|..........|
|..........|
------------
 8)
(4, 8)
(5, 8)
(5, 8)
(6, 8)
(6, 8)
(7, 8)
(7, 8)
(8, 8)
(8, 8)
(9, 8)
(9, 8)
(10, 8)
(10, 8)
(1, 9)
(2, 9)
(2, 9)
(3, 9)
(3, 9)
(4, 9)
(4, 9)
(5, 9)
(5, 9)
(6, 9)
(6, 9)
(7, 9)
(7, 9)
(8, 9)
(8, 9)
(9, 9)
(9, 9)
(10, 9)
(10, 9)
(1, 10)
(2, 10)
(2, 10)
(3, 10)
(3, 10)
(4, 10)
(4, 10)
(5, 10)
(5, 10)
(6, 10)
(6, 10)
(7, 10)
(7, 10)
(8, 10)
(8, 10)
(9, 10)
(9, 10)
(10, 10)
(10, 10)
(1, 1)
(1, 2)
(1, 2)
(1, 3)
(1, 3)
(1, 4)
(1, 4)
(1, 5)
(1, 5)
(1, 6)
(1, 6)
(1, 7)
(1, 7)
(1, 8)
(1, 8)
(1, 9)
(1, 9)
(1, 10)
(1, 10)
(2, 1)
(2, 2)
(2, 2)
(2, 3)
(2, 3)
(2, 4)
(2, 4)
(2, 5)
(2, 5)
(2, 6)
(2, 6)
(2, 7)
(2, 7)
(2, 8)
(2, 8)
(2, 9)
(2, 9)
(2, 10)
(2, 10)
(3, 1)
(3, 2)
(3, 2)
(3, 3)
(3, 3)
(3, 4)
(3, 4)
(3, 5)
(3, 5)
(3, 6)
(3, 6)
(3, 7)
(3, 7)
(3, 8)
(3, 8)
(3, 9)
(3, 9)
(3, 10)
(3, 10)
(4, 1)
(4, 2)
(4, 2)
(4, 3)
(4, 3)
(4, 4)
(4, 4)
(4, 5)
(4, 5)
(4, 6)
(4, 6)
(4, 7)
(4, 7)
(4, 8)
(4, 8)
(4, 9)
(4, 9)
(4, 10)
(4, 10)
(5, 1)
(5, 2)
(5, 2)
(5, 3)
(5, 3)
(5, 4)
(5, 4)
(5, 5)
(5, 5)
(5, 6)
(5, 6)
(5, 7)
(5, 7)
(5, 8)
(5, 8)
(5, 9)
(5, 9)
(5, 10)
(5, 10)
(6, 1)
(6, 2)
(6, 2)
(6, 3)
(6, 3)
(6, 4)
(6, 4)
(6, 5)
(6, 5)
(6, 6)
(6, 6)
(6, 7)
(6, 8)
(6, 8)
(6, 9)
(6, 9)
(6, 10)
(6, 10)
(7, 1)
(7, 2)
(7, 2)
(7, 3)
(7, 3)
(7, 4)
(7, 4)
(7, 5)
(7, 5)
(7, 6)
(7, 6)
(7, 7)
(7, 7)
(7, 8)
(7, 8)
(7, 9)
(7, 9)
(7, 10)
(7, 10)
(8, 1)
(8, 2)
(8, 2)
(8, 3)
(8, 3)
(8, 4)
(8, 4)
(8, 5)
(8, 5)
(8, 6)
(8, 6)
(8, 7)
(8, 7)
(8, 8)
(8, 8)
(8, 9)
(8, 9)
(8, 10)
(8, 10)
(9, 1)
(9, 2)
(9, 2)
(9, 3)
(9, 3)
(9, 4)
(9, 4)
(9, 5)
(9, 5)
(9, 6)
(9, 6)
(9, 7)
(9, 7)
(9, 8)
(9, 8)
(9, 9)
(9, 9)
(9, 10)
(9, 10)
(10, 1)
(10, 2)
(10, 2)
(10, 3)
(10, 3)
(10, 4)
(10, 4)
(10, 5)
(10, 5)
(10, 6)
(10, 6)
(10, 7)
(10, 7)
(10, 8)
(10, 8)
(10, 9)
(10, 9)
(10, 10)
(10, 10)
(1, 6)
(1, 6)
(1, 6)
(1, 6)
(1, 5)
(1, 7)
(2, 5)
(2, 6)
(2, 7)
cf pos (1, 6), d 1, c 1
(1, 7)
(1, 7)
(1, 7)
(1, 7)
(1, 6)
cf pos (1, 7), d 1, c 1
(1, 8)
(1, 8)
(1, 8)
(1, 8)
(1, 6)
cf pos (1, 7), d 1, c 1
(1, 8)
(1, 8)
cf pos (1, 7), d -1, c 1
(1, 6)
(1, 6)
(1, 5)
(1, 5)
(9, 8)
(9, 7)
(3, 2)
(1, 5)
(1, 5)
(1, 4)
(1, 6)
cf pos (1, 5), d 1, c 1
(1, 6)
(1, 6)
(1, 7)
(1, 7)
(1, 8)
(1, 8)
cf pos (1, 5), d -1, c 1
(1, 4)
(1, 4)
(1, 4)
(1, 4)
(1, 3)
(1, 3)
(1, 5)
(2, 3)
(2, 3)
(2, 4)
(2, 4)
(2, 5)
(2, 5)
(1, 4)
(1, 6)
(2, 4)
(2, 5)
(2, 6)
(2, 6)
(1, 5)
(1, 7)
(2, 5)
(2, 6)
(2, 7)
(2, 7)
(1, 6)
(1, 8)
(2, 6)
(2, 7)
(2, 8)
(2, 8)
(1, 1)
(2, 1)
(2, 1)
(3, 1)
(3, 1)
(4, 1)
(4, 1)
(5, 1)
(5, 1)
(6, 1)
(6, 1)
(7, 1)
(7, 1)
(8, 1)
(8, 1)
(9, 1)
(9, 1)
(10, 1)
(10, 1)
(1, 2)
(2, 2)
(2, 2)
(3, 2)
(3, 2)
(4, 2)
(4, 2)
(5, 2)
(5, 2)
(6, 2)
(6, 2)
(7, 2)
(7, 2)
(8, 2)
(8, 2)
(9, 2)
(9, 2)
(10, 2)
(10, 2)
(1, 3)
(1, 3)
(2, 3)
(2, 3)
(3, 3)
(4, 3)
(4, 3)
(5, 3)
(5, 3)
(6, 3)
(6, 3)
(7, 3)
(7, 3)
(8, 3)
(8, 3)
(9, 3)
(9, 3)
(10, 3)
(10, 3)
(1, 4)
(1, 4)
(2, 4)
(2, 4)
(3, 4)
(4, 4)
(4, 4)
(5, 4)
(5, 4)
(6, 4)
(6, 4)
(7, 4)
(7, 4)
(8, 4)
(8, 4)
(9, 4)
(9, 4)
(10, 4)
(10, 4)
(1, 5)
(1, 5)
(2, 5)
(2, 5)
(3, 5)
(4, 5)
(4, 5)
(5, 5)
(5, 5)
(6, 5)
(6, 5)
(7, 5)
(7, 5)
(8, 5)
(8, 5)
(9, 5)
(9, 5)
(10, 5)
(10, 5)
(1, 6)
(1, 6)
(2, 6)
(2, 6)
(3, 6)
(4, 6)
(4, 6)
(5, 6)
(5, 6)
(6, 6)
(6, 6)
(7, 6)
(8, 6)
(8, 6)
(9, 6)
(9, 6)
(10, 6)
(10, 6)
(1, 7)
(1, 7)
(2, 7)
(2, 7)
(3, 7)
(4, 7)
(4, 7)
(5, 7)
(5, 7)
(6, 7)
(6, 7)
(7, 7)
(7, 7)
(8, 7)
(8, 7)
(9, 7)
(9, 7)
(10, 7)
(10, 7)
(1, 8)
(1, 8)
(2, 8)
(2, 8)
(3, 8)
(4, 8)
(4, 8)
(5, 8)
(5, 8)
(6, 8)
(6, 8)
(7, 8)
(7, 8)
(8, 8)
(8, 8)
(9, 8)
(9, 8)
(10, 8)
(10, 8)
(1, 9)
(2, 9)
(2, 9)
(3, 9)
(3, 9)
(4, 9)
(4, 9)
(5, 9)
(5, 9)
(6, 9)
(6, 9)
(7, 9)
(7, 9)
(8, 9)
(8, 9)
(9, 9)
(9, 9)
(10, 9)
(10, 9)
(1, 10)
(2, 10)
(2, 10)
(3, 10)
(3, 10)
(4, 10)
(4, 10)
(5, 10)
(5, 10)
(6, 10)
(6, 10)
(7, 10)
(7, 10)
(8, 10)
(8, 10)
(9, 10)
(9, 10)
(10, 10)
(10, 10)
(1, 1)
(1, 2)
(1, 2)
(1, 3)
(1, 3)
(1, 4)
(1, 4)
(1, 5)
(1, 5)
(1, 6)
(1, 6)
(1, 7)
(1, 7)
(1, 8)
(1, 8)
(1, 9)
(1, 10)
(1, 10)
(2, 1)
(2, 2)
(2, 2)
(2, 3)
(2, 3)
(2, 4)
(2, 4)
(2, 5)
(2, 5)
(2, 6)
(2, 6)
(2, 7)
(2, 7)
(2, 8)
(2, 8)
(2, 9)
(2, 10)
(2, 10)
(3, 1)
(3, 2)
(3, 2)
(3, 3)
(3, 3)
(3, 4)
(3, 4)
(3, 5)
(3, 5)
(3, 6)
(3, 6)
(3, 7)
(3, 7)
(3, 8)
(3,Player 2: MOVE 3-6
Player 1: MISS

------------
|..........|
|..........|
|xx........|
|1x........|
|1x........|
|1xx..x....|
|1x........|
|xx........|
|..........|
|..........|
------------
Player 1: MOVE 8-5
Player 2: MISS
Player 2: MOVE 8-6
Player 1: MISS

------------
|..........|
|..........|
|xx........|
|1x........|
|1x........|
|1xx..x.x..|
|1x........|
|xx........|
|..........|
|..........|
------------
Player 1: MOVE 2-7
Player 2: MISS
 8)
(3, 9)
(3, 9)
(3, 10)
(3, 10)
(4, 1)
(4, 2)
(4, 2)
(4, 3)
(4, 3)
(4, 4)
(4, 4)
(4, 5)
(4, 5)
(4, 6)
(4, 6)
(4, 7)
(4, 7)
(4, 8)
(4, 8)
(4, 9)
(4, 9)
(4, 10)
(4, 10)
(5, 1)
(5, 2)
(5, 2)
(5, 3)
(5, 3)
(5, 4)
(5, 4)
(5, 5)
(5, 5)
(5, 6)
(5, 6)
(5, 7)
(5, 7)
(5, 8)
(5, 8)
(5, 9)
(5, 9)
(5, 10)
(5, 10)
(6, 1)
(6, 2)
(6, 2)
(6, 3)
(6, 3)
(6, 4)
(6, 4)
(6, 5)
(6, 5)
(6, 6)
(6, 6)
(6, 7)
(6, 8)
(6, 8)
(6, 9)
(6, 9)
(6, 10)
(6, 10)
(7, 1)
(7, 2)
(7, 2)
(7, 3)
(7, 3)
(7, 4)
(7, 4)
(7, 5)
(7, 5)
(7, 6)
(7, 6)
(7, 7)
(7, 7)
(7, 8)
(7, 8)
(7, 9)
(7, 9)
(7, 10)
(7, 10)
(8, 1)
(8, 2)
(8, 2)
(8, 3)
(8, 3)
(8, 4)
(8, 4)
(8, 5)
(8, 5)
(8, 6)
(8, 6)
(8, 7)
(8, 7)
(8, 8)
(8, 8)
(8, 9)
(8, 9)
(8, 10)
(8, 10)
(9, 1)
(9, 2)
(9, 2)
(9, 3)
(9, 3)
(9, 4)
(9, 4)
(9, 5)
(9, 5)
(9, 6)
(9, 6)
(9, 7)
(9, 7)
(9, 8)
(9, 8)
(9, 9)
(9, 9)
(9, 10)
(9, 10)
(10, 1)
(10, 2)
(10, 2)
(10, 3)
(10, 3)
(10, 4)
(10, 4)
(10, 5)
(10, 5)
(10, 6)
(10, 6)
(10, 7)
(10, 7)
(10, 8)
(10, 8)
(10, 9)
(10, 9)
(10, 10)
(10, 10)
(3, 6)
(3, 6)
(3, 6)
(3, 6)
(8, 5)
(1, 1)
(2, 1)
(2, 1)
(3, 1)
(3, 1)
(4, 1)
(4, 1)
(5, 1)
(5, 1)
(6, 1)
(6, 1)
(7, 1)
(7, 1)
(8, 1)
(8, 1)
(9, 1)
(9, 1)
(10, 1)
(10, 1)
(1, 2)
(2, 2)
(2, 2)
(3, 2)
(3, 2)
(4, 2)
(4, 2)
(5, 2)
(5, 2)
(6, 2)
(6, 2)
(7, 2)
(7, 2)
(8, 2)
(8, 2)
(9, 2)
(9, 2)
(10, 2)
(10, 2)
(1, 3)
(1, 3)
(2, 3)
(2, 3)
(3, 3)
(4, 3)
(4, 3)
(5, 3)
(5, 3)
(6, 3)
(6, 3)
(7, 3)
(7, 3)
(8, 3)
(8, 3)
(9, 3)
(9, 3)
(10, 3)
(10, 3)
(1, 4)
(1, 4)
(2, 4)
(2, 4)
(3, 4)
(4, 4)
(4, 4)
(5, 4)
(5, 4)
(6, 4)
(6, 4)
(7, 4)
(7, 4)
(8, 4)
(8, 4)
(9, 4)
(9, 4)
(10, 4)
(10, 4)
(1, 5)
(1, 5)
(2, 5)
(2, 5)
(3, 5)
(4, 5)
(4, 5)
(5, 5)
(5, 5)
(6, 5)
(6, 5)
(7, 5)
(7, 5)
(8, 5)
(8, 5)
(9, 5)
(9, 5)
(10, 5)
(10, 5)
(1, 6)
(1, 6)
(2, 6)
(2, 6)
(3, 6)
(3, 6)
(4, 6)
(5, 6)
(5, 6)
(6, 6)
(6, 6)
(7, 6)
(8, 6)
(8, 6)
(9, 6)
(9, 6)
(10, 6)
(10, 6)
(1, 7)
(1, 7)
(2, 7)
(2, 7)
(3, 7)
(4, 7)
(4, 7)
(5, 7)
(5, 7)
(6, 7)
(6, 7)
(7, 7)
(7, 7)
(8, 7)
(8, 7)
(9, 7)
(9, 7)
(10, 7)
(10, 7)
(1, 8)
(1, 8)
(2, 8)
(2, 8)
(3, 8)
(4, 8)
(4, 8)
(5, 8)
(5, 8)
(6, 8)
(6, 8)
(7, 8)
(7, 8)
(8, 8)
(8, 8)
(9, 8)
(9, 8)
(10, 8)
(10, 8)
(1, 9)
(2, 9)
(2, 9)
(3, 9)
(3, 9)
(4, 9)
(4, 9)
(5, 9)
(5, 9)
(6, 9)
(6, 9)
(7, 9)
(7, 9)
(8, 9)
(8, 9)
(9, 9)
(9, 9)
(10, 9)
(10, 9)
(1, 10)
(2, 10)
(2, 10)
(3, 10)
(3, 10)
(4, 10)
(4, 10)
(5, 10)
(5, 10)
(6, 10)
(6, 10)
(7, 10)
(7, 10)
(8, 10)
(8, 10)
(9, 10)
(9, 10)
(10, 10)
(10, 10)
(1, 1)
(1, 2)
(1, 2)
(1, 3)
(1, 3)
(1, 4)
(1, 4)
(1, 5)
(1, 5)
(1, 6)
(1, 6)
(1, 7)
(1, 7)
(1, 8)
(1, 8)
(1, 9)
(1, 10)
(1, 10)
(2, 1)
(2, 2)
(2, 2)
(2, 3)
(2, 3)
(2, 4)
(2, 4)
(2, 5)
(2, 5)
(2, 6)
(2, 6)
(2, 7)
(2, 7)
(2, 8)
(2, 8)
(2, 9)
(2, 10)
(2, 10)
(3, 1)
(3, 2)
(3, 2)
(3, 3)
(3, 3)
(3, 4)
(3, 4)
(3, 5)
(3, 5)
(3, 6)
(3, 6)
(3, 7)
(3, 8)
(3, 8)
(3, 9)
(3, 9)
(3, 10)
(3, 10)
(4, 1)
(4, 2)
(4, 2)
(4, 3)
(4, 3)
(4, 4)
(4, 4)
(4, 5)
(4, 5)
(4, 6)
(4, 6)
(4, 7)
(4, 7)
(4, 8)
(4, 8)
(4, 9)
(4, 9)
(4, 10)
(4, 10)
(5, 1)
(5, 2)
(5, 2)
(5, 3)
(5, 3)
(5, 4)
(5, 4)
(5, 5)
(5, 5)
(5, 6)
(5, 6)
(5, 7)
(5, 7)
(5, 8)
(5, 8)
(5, 9)
(5, 9)
(5, 10)
(5, 10)
(6, 1)
(6, 2)
(6, 2)
(6, 3)
(6, 3)
(6, 4)
(6, 4)
(6, 5)
(6, 5)
(6, 6)
(6, 6)
(6, 7)
(6, 8)
(6, 8)
(6, 9)
(6, 9)
(6, 10)
(6, 10)
(7, 1)
(7, 2)
(7, 2)
(7, 3)
(7, 3)
(7, 4)
(7, 4)
(7, 5)
(7, 5)
(7, 6)
(7, 6)
(7, 7)
(7, 7)
(7, 8)
(7, 8)
(7, 9)
(7, 9)
(7, 10)
(7, 10)
(8, 1)
(8, 2)
(8, 2)
(8, 3)
(8, 3)
(8, 4)
(8, 4)
(8, 5)
(8, 5)
(8, 6)
(8, 6)
(8, 7)
(8, 7)
(8, 8)
(8, 8)
(8, 9)
(8, 9)
(8, 10)
(8, 10)
(9, 1)
(9, 2)
(9, 2)
(9, 3)
(9, 3)
(9, 4)
(9, 4)
(9, 5)
(9, 5)
(9, 6)
(9, 6)
(9, 7)
(9, 7)
(9, 8)
(9, 8)
(9, 9)
(9, 9)
(9, 10)
(9, 10)
(10, 1)
(10, 2)
(10, 2)
(10, 3)
(10, 3)
(10, 4)
(10, 4)
(10, 5)
(10, 5)
(10, 6)
(10, 6)
(10, 7)
(10, 7)
(10, 8)
(10, 8)
(10, 9)
(10, 9)
(10, 10)
(10, 10)
(8, 6)
(8, 6)
(8, 6)
(8, 6)
(2, 7)
(1, 1)
(2, 1)
(2, 1)
(3, 1)
(3, 1)
(4, 1)
(4, 1)
(5, 1)
(5, 1)
(6, 1)
(6, 1)
(7, 1)
(7, 1)
(8, 1)
(8, 1)
(9, 1)
(9, 1)
(10, 1)
(10, 1)
(1, 2)
(2, 2)
(2, 2)
(3, 2)
(3, 2)
(4, 2)
(4, 2)
(5, 2)
(5, 2)
(6, 2)
(6, 2)
(7, 2)
(7, 2)
(8, 2)
(8, 2)
(9, 2)
(9, 2)
(10, 2)
(10, 2)
(1, 3)
(1, 3)
(2, 3)
(2, 3)
(3, 3)
(4, 3)
(4, 3)
(5, 3)
(5, 3)Player 2: MOVE 6-10
Player 1: MISS

------------
|..........|
|..........|
|xx........|
|1x........|
|1x........|
|1xx..x.x..|
|1x........|
|xx........|
|..........|
|.....x....|
------------
Player 1: MOVE 1-8
Player 2: HIT
Player 1: MOVE 2-8
Player 2: MISS

(6, 3)
(6, 3)
(7, 3)
(7, 3)
(8, 3)
(8, 3)
(9, 3)
(9, 3)
(10, 3)
(10, 3)
(1, 4)
(1, 4)
(2, 4)
(2, 4)
(3, 4)
(4, 4)
(4, 4)
(5, 4)
(5, 4)
(6, 4)
(6, 4)
(7, 4)
(7, 4)
(8, 4)
(8, 4)
(9, 4)
(9, 4)
(10, 4)
(10, 4)
(1, 5)
(1, 5)
(2, 5)
(2, 5)
(3, 5)
(4, 5)
(4, 5)
(5, 5)
(5, 5)
(6, 5)
(6, 5)
(7, 5)
(7, 5)
(8, 5)
(8, 5)
(9, 5)
(9, 5)
(10, 5)
(10, 5)
(1, 6)
(1, 6)
(2, 6)
(2, 6)
(3, 6)
(3, 6)
(4, 6)
(5, 6)
(5, 6)
(6, 6)
(6, 6)
(7, 6)
(8, 6)
(8, 6)
(9, 6)
(10, 6)
(10, 6)
(1, 7)
(1, 7)
(2, 7)
(2, 7)
(3, 7)
(4, 7)
(4, 7)
(5, 7)
(5, 7)
(6, 7)
(6, 7)
(7, 7)
(7, 7)
(8, 7)
(8, 7)
(9, 7)
(9, 7)
(10, 7)
(10, 7)
(1, 8)
(1, 8)
(2, 8)
(2, 8)
(3, 8)
(4, 8)
(4, 8)
(5, 8)
(5, 8)
(6, 8)
(6, 8)
(7, 8)
(7, 8)
(8, 8)
(8, 8)
(9, 8)
(9, 8)
(10, 8)
(10, 8)
(1, 9)
(2, 9)
(2, 9)
(3, 9)
(3, 9)
(4, 9)
(4, 9)
(5, 9)
(5, 9)
(6, 9)
(6, 9)
(7, 9)
(7, 9)
(8, 9)
(8, 9)
(9, 9)
(9, 9)
(10, 9)
(10, 9)
(1, 10)
(2, 10)
(2, 10)
(3, 10)
(3, 10)
(4, 10)
(4, 10)
(5, 10)
(5, 10)
(6, 10)
(6, 10)
(7, 10)
(7, 10)
(8, 10)
(8, 10)
(9, 10)
(9, 10)
(10, 10)
(10, 10)
(1, 1)
(1, 2)
(1, 2)
(1, 3)
(1, 3)
(1, 4)
(1, 4)
(1, 5)
(1, 5)
(1, 6)
(1, 6)
(1, 7)
(1, 7)
(1, 8)
(1, 8)
(1, 9)
(1, 10)
(1, 10)
(2, 1)
(2, 2)
(2, 2)
(2, 3)
(2, 3)
(2, 4)
(2, 4)
(2, 5)
(2, 5)
(2, 6)
(2, 6)
(2, 7)
(2, 7)
(2, 8)
(2, 8)
(2, 9)
(2, 10)
(2, 10)
(3, 1)
(3, 2)
(3, 2)
(3, 3)
(3, 3)
(3, 4)
(3, 4)
(3, 5)
(3, 5)
(3, 6)
(3, 6)
(3, 7)
(3, 8)
(3, 8)
(3, 9)
(3, 9)
(3, 10)
(3, 10)
(4, 1)
(4, 2)
(4, 2)
(4, 3)
(4, 3)
(4, 4)
(4, 4)
(4, 5)
(4, 5)
(4, 6)
(4, 6)
(4, 7)
(4, 7)
(4, 8)
(4, 8)
(4, 9)
(4, 9)
(4, 10)
(4, 10)
(5, 1)
(5, 2)
(5, 2)
(5, 3)
(5, 3)
(5, 4)
(5, 4)
(5, 5)
(5, 5)
(5, 6)
(5, 6)
(5, 7)
(5, 7)
(5, 8)
(5, 8)
(5, 9)
(5, 9)
(5, 10)
(5, 10)
(6, 1)
(6, 2)
(6, 2)
(6, 3)
(6, 3)
(6, 4)
(6, 4)
(6, 5)
(6, 5)
(6, 6)
(6, 6)
(6, 7)
(6, 8)
(6, 8)
(6, 9)
(6, 9)
(6, 10)
(6, 10)
(7, 1)
(7, 2)
(7, 2)
(7, 3)
(7, 3)
(7, 4)
(7, 4)
(7, 5)
(7, 5)
(7, 6)
(7, 6)
(7, 7)
(7, 7)
(7, 8)
(7, 8)
(7, 9)
(7, 9)
(7, 10)
(7, 10)
(8, 1)
(8, 2)
(8, 2)
(8, 3)
(8, 3)
(8, 4)
(8, 4)
(8, 5)
(8, 5)
(8, 6)
(8, 6)
(8, 7)
(8, 8)
(8, 8)
(8, 9)
(8, 9)
(8, 10)
(8, 10)
(9, 1)
(9, 2)
(9, 2)
(9, 3)
(9, 3)
(9, 4)
(9, 4)
(9, 5)
(9, 5)
(9, 6)
(9, 6)
(9, 7)
(9, 7)
(9, 8)
(9, 8)
(9, 9)
(9, 9)
(9, 10)
(9, 10)
(10, 1)
(10, 2)
(10, 2)
(10, 3)
(10, 3)
(10, 4)
(10, 4)
(10, 5)
(10, 5)
(10, 6)
(10, 6)
(10, 7)
(10, 7)
(10, 8)
(10, 8)
(10, 9)
(10, 9)
(10, 10)
(10, 10)
(6, 10)
(6, 10)
(6, 10)
(6, 10)
(1, 8)
(2, 8)
(1, 1)
(2, 1)
(2, 1)
(3, 1)
(3, 1)
(4, 1)
(4, 1)
(5, 1)
(5, 1)
(6, 1)
(6, 1)
(7, 1)
(7, 1)
(8, 1)
(8, 1)
(9, 1)
(9, 1)
(10, 1)
(10, 1)
(1, 2)
(2, 2)
(2, 2)
(3, 2)
(3, 2)
(4, 2)
(4, 2)
(5, 2)
(5, 2)
(6, 2)
(6, 2)
(7, 2)
(7, 2)
(8, 2)
(8, 2)
(9, 2)
(9, 2)
(10, 2)
(10, 2)
(1, 3)
(1, 3)
(2, 3)
(2, 3)
(3, 3)
(4, 3)
(4, 3)
(5, 3)
(5, 3)
(6, 3)
(6, 3)
(7, 3)
(7, 3)
(8, 3)
(8, 3)
(9, 3)
(9, 3)
(10, 3)
(10, 3)
(1, 4)
(1, 4)
(2, 4)
(2, 4)
(3, 4)
(4, 4)
(4, 4)
(5, 4)
(5, 4)
(6, 4)
(6, 4)
(7, 4)
(7, 4)
(8, 4)
(8, 4)
(9, 4)
(9, 4)
(10, 4)
(10, 4)
(1, 5)
(1, 5)
(2, 5)
(2, 5)
(3, 5)
(4, 5)
(4, 5)
(5, 5)
(5, 5)
(6, 5)
(6, 5)
(7, 5)
(7, 5)
(8, 5)
(8, 5)
(9, 5)
(9, 5)
(10, 5)
(10, 5)
(1, 6)
(1, 6)
(2, 6)
(2, 6)
(3, 6)
(3, 6)
(4, 6)
(5, 6)
(5, 6)
(6, 6)
(6, 6)
(7, 6)
(8, 6)
(8, 6)
(9, 6)
(10, 6)
(10, 6)
(1, 7)
(1, 7)
(2, 7)
(2, 7)
(3, 7)
(4, 7)
(4, 7)
(5, 7)
(5, 7)
(6, 7)
(6, 7)
(7, 7)
(7, 7)
(8, 7)
(8, 7)
(9, 7)
(9, 7)
(10, 7)
(10, 7)
(1, 8)
(1, 8)
(2, 8)
(2, 8)
(3, 8)
(4, 8)
(4, 8)
(5, 8)
(5, 8)
(6, 8)
(6, 8)
(7, 8)
(7, 8)
(8, 8)
(8, 8)
(9, 8)
(9, 8)
(10, 8)
(10, 8)
(1, 9)
(2, 9)
(2, 9)
(3, 9)
(3, 9)
(4, 9)
(4, 9)
(5, 9)
(5, 9)
(6, 9)
(6, 9)
(7, 9)
(7, 9)
(8, 9)
(8, 9)
(9, 9)
(9, 9)
(10, 9)
(10, 9)
(1, 10)
(2, 10)
(2, 10)
(3, 10)
(3, 10)
(4, 10)
(4, 10)
(5, 10)
(5, 10)
(6, 10)
(6, 10)
(7, 10)
(8, 10)
(8, 10)
(9, 10)
(9, 10)
(10, 10)
(10, 10)
(1, 1)
(1, 2)
(1, 2)
(1, 3)
(1, 3)
(1, 4)
(1, 4)
(1, 5)
(1, 5)
(1, 6)
(1, 6)
(1, 7)
(1, 7)
(1, 8)
(1, 8)
(1, 9)
(1, 10)
(1, 10)
(2, 1)
(2, 2)
(2, 2)
(2, 3)
(2, 3)
(2, 4)
(2, 4)
(2, 5)
(2, 5)
(2, 6)
(2, 6)
(2, 7)
(2, 7)
(2, 8)
(2, 8)
(2, 9)
(2, 10)
(2, 10)
(3, 1)
(3, 2)
(3, 2)
(3, 3)
(3, 3)
(3, 4)
(3, 4)
(3, 5)
(3, 5)
(3, 6)
(3, 6)
(3, 7)
(3, 8)Player 2: MOVE 6-1
Player 1: MISS

------------
|.....x....|
|..........|
|xx........|
|1x........|
|1x........|
|1xx..x.x..|
|1x........|
|xx........|
|..........|
|.....x....|
------------
Player 1: MOVE 1-9
Player 2: MISS
Player 2: MOVE 6-9
Player 1: HIT

------------
|.....x....|
|..........|
|xx........|
|1x........|
|1x........|
|1xx..x.x..|
|1x........|
|xx........|
|.....1....|
|.....x....|
------------
Player 2: MOVE 6-8
Player 1: HIT

------------
|.....x....|
|..........|
|xx........|
|1x........|
|1x........|
|1xx..x.x..|
|1x........|
|xx...1....|
|.....1....|
|.....x....|
------------
Player 2: MOVE 6-7
Player 1: KILL

(3, 8)
(3, 9)
(3, 9)
(3, 10)
(3, 10)
(4, 1)
(4, 2)
(4, 2)
(4, 3)
(4, 3)
(4, 4)
(4, 4)
(4, 5)
(4, 5)
(4, 6)
(4, 6)
(4, 7)
(4, 7)
(4, 8)
(4, 8)
(4, 9)
(4, 9)
(4, 10)
(4, 10)
(5, 1)
(5, 2)
(5, 2)
(5, 3)
(5, 3)
(5, 4)
(5, 4)
(5, 5)
(5, 5)
(5, 6)
(5, 6)
(5, 7)
(5, 7)
(5, 8)
(5, 8)
(5, 9)
(5, 9)
(5, 10)
(5, 10)
(6, 1)
(6, 2)
(6, 2)
(6, 3)
(6, 3)
(6, 4)
(6, 4)
(6, 5)
(6, 5)
(6, 6)
(6, 6)
(6, 7)
(6, 8)
(6, 8)
(6, 9)
(6, 9)
(6, 10)
(6, 10)
(7, 1)
(7, 2)
(7, 2)
(7, 3)
(7, 3)
(7, 4)
(7, 4)
(7, 5)
(7, 5)
(7, 6)
(7, 6)
(7, 7)
(7, 7)
(7, 8)
(7, 8)
(7, 9)
(7, 9)
(7, 10)
(7, 10)
(8, 1)
(8, 2)
(8, 2)
(8, 3)
(8, 3)
(8, 4)
(8, 4)
(8, 5)
(8, 5)
(8, 6)
(8, 6)
(8, 7)
(8, 8)
(8, 8)
(8, 9)
(8, 9)
(8, 10)
(8, 10)
(9, 1)
(9, 2)
(9, 2)
(9, 3)
(9, 3)
(9, 4)
(9, 4)
(9, 5)
(9, 5)
(9, 6)
(9, 6)
(9, 7)
(9, 7)
(9, 8)
(9, 8)
(9, 9)
(9, 9)
(9, 10)
(9, 10)
(10, 1)
(10, 2)
(10, 2)
(10, 3)
(10, 3)
(10, 4)
(10, 4)
(10, 5)
(10, 5)
(10, 6)
(10, 6)
(10, 7)
(10, 7)
(10, 8)
(10, 8)
(10, 9)
(10, 9)
(10, 10)
(10, 10)
(6, 1)
(6, 1)
(6, 1)
(6, 1)
(1, 9)
(1, 1)
(2, 1)
(2, 1)
(3, 1)
(3, 1)
(4, 1)
(4, 1)
(5, 1)
(5, 1)
(6, 1)
(6, 1)
(7, 1)
(8, 1)
(8, 1)
(9, 1)
(9, 1)
(10, 1)
(10, 1)
(1, 2)
(2, 2)
(2, 2)
(3, 2)
(3, 2)
(4, 2)
(4, 2)
(5, 2)
(5, 2)
(6, 2)
(6, 2)
(7, 2)
(7, 2)
(8, 2)
(8, 2)
(9, 2)
(9, 2)
(10, 2)
(10, 2)
(1, 3)
(1, 3)
(2, 3)
(2, 3)
(3, 3)
(4, 3)
(4, 3)
(5, 3)
(5, 3)
(6, 3)
(6, 3)
(7, 3)
(7, 3)
(8, 3)
(8, 3)
(9, 3)
(9, 3)
(10, 3)
(10, 3)
(1, 4)
(1, 4)
(2, 4)
(2, 4)
(3, 4)
(4, 4)
(4, 4)
(5, 4)
(5, 4)
(6, 4)
(6, 4)
(7, 4)
(7, 4)
(8, 4)
(8, 4)
(9, 4)
(9, 4)
(10, 4)
(10, 4)
(1, 5)
(1, 5)
(2, 5)
(2, 5)
(3, 5)
(4, 5)
(4, 5)
(5, 5)
(5, 5)
(6, 5)
(6, 5)
(7, 5)
(7, 5)
(8, 5)
(8, 5)
(9, 5)
(9, 5)
(10, 5)
(10, 5)
(1, 6)
(1, 6)
(2, 6)
(2, 6)
(3, 6)
(3, 6)
(4, 6)
(5, 6)
(5, 6)
(6, 6)
(6, 6)
(7, 6)
(8, 6)
(8, 6)
(9, 6)
(10, 6)
(10, 6)
(1, 7)
(1, 7)
(2, 7)
(2, 7)
(3, 7)
(4, 7)
(4, 7)
(5, 7)
(5, 7)
(6, 7)
(6, 7)
(7, 7)
(7, 7)
(8, 7)
(8, 7)
(9, 7)
(9, 7)
(10, 7)
(10, 7)
(1, 8)
(1, 8)
(2, 8)
(2, 8)
(3, 8)
(4, 8)
(4, 8)
(5, 8)
(5, 8)
(6, 8)
(6, 8)
(7, 8)
(7, 8)
(8, 8)
(8, 8)
(9, 8)
(9, 8)
(10, 8)
(10, 8)
(1, 9)
(2, 9)
(2, 9)
(3, 9)
(3, 9)
(4, 9)
(4, 9)
(5, 9)
(5, 9)
(6, 9)
(6, 9)
(7, 9)
(7, 9)
(8, 9)
(8, 9)
(9, 9)
(9, 9)
(10, 9)
(10, 9)
(1, 10)
(2, 10)
(2, 10)
(3, 10)
(3, 10)
(4, 10)
(4, 10)
(5, 10)
(5, 10)
(6, 10)
(6, 10)
(7, 10)
(8, 10)
(8, 10)
(9, 10)
(9, 10)
(10, 10)
(10, 10)
(1, 1)
(1, 2)
(1, 2)
(1, 3)
(1, 3)
(1, 4)
(1, 4)
(1, 5)
(1, 5)
(1, 6)
(1, 6)
(1, 7)
(1, 7)
(1, 8)
(1, 8)
(1, 9)
(1, 10)
(1, 10)
(2, 1)
(2, 2)
(2, 2)
(2, 3)
(2, 3)
(2, 4)
(2, 4)
(2, 5)
(2, 5)
(2, 6)
(2, 6)
(2, 7)
(2, 7)
(2, 8)
(2, 8)
(2, 9)
(2, 10)
(2, 10)
(3, 1)
(3, 2)
(3, 2)
(3, 3)
(3, 3)
(3, 4)
(3, 4)
(3, 5)
(3, 5)
(3, 6)
(3, 6)
(3, 7)
(3, 8)
(3, 8)
(3, 9)
(3, 9)
(3, 10)
(3, 10)
(4, 1)
(4, 2)
(4, 2)
(4, 3)
(4, 3)
(4, 4)
(4, 4)
(4, 5)
(4, 5)
(4, 6)
(4, 6)
(4, 7)
(4, 7)
(4, 8)
(4, 8)
(4, 9)
(4, 9)
(4, 10)
(4, 10)
(5, 1)
(5, 2)
(5, 2)
(5, 3)
(5, 3)
(5, 4)
(5, 4)
(5, 5)
(5, 5)
(5, 6)
(5, 6)
(5, 7)
(5, 7)
(5, 8)
(5, 8)
(5, 9)
(5, 9)
(5, 10)
(5, 10)
(6, 1)
(6, 1)
(6, 2)
(6, 3)
(6, 3)
(6, 4)
(6, 4)
(6, 5)
(6, 5)
(6, 6)
(6, 6)
(6, 7)
(6, 8)
(6, 8)
(6, 9)
(6, 9)
(6, 10)
(6, 10)
(7, 1)
(7, 2)
(7, 2)
(7, 3)
(7, 3)
(7, 4)
(7, 4)
(7, 5)
(7, 5)
(7, 6)
(7, 6)
(7, 7)
(7, 7)
(7, 8)
(7, 8)
(7, 9)
(7, 9)
(7, 10)
(7, 10)
(8, 1)
(8, 2)
(8, 2)
(8, 3)
(8, 3)
(8, 4)
(8, 4)
(8, 5)
(8, 5)
(8, 6)
(8, 6)
(8, 7)
(8, 8)
(8, 8)
(8, 9)
(8, 9)
(8, 10)
(8, 10)
(9, 1)
(9, 2)
(9, 2)
(9, 3)
(9, 3)
(9, 4)
(9, 4)
(9, 5)
(9, 5)
(9, 6)
(9, 6)
(9, 7)
(9, 7)
(9, 8)
(9, 8)
(9, 9)
(9, 9)
(9, 10)
(9, 10)
(10, 1)
(10, 2)
(10, 2)
(10, 3)
(10, 3)
(10, 4)
(10, 4)
(10, 5)
(10, 5)
(10, 6)
(10, 6)
(10, 7)
(10, 7)
(10, 8)
(10, 8)
(10, 9)
(10, 9)
(10, 10)
(10, 10)
(6, 9)
(6, 9)
(6, 9)
(6, 9)
(5, 8)
(5, 9)
(5, 10)
(6, 8)
(6, 10)
(7, 8)
(7, 9)
(7, 10)
cf pos (6, 9), d 1, c 1
(6, 10)
(6, 10)
cf pos (6, 9), d -1, c 1
(6, 8)
(6, 8)
(6, 8)
(6, 8)
(5, 7)
(5, 8)
(5, 9)
(6, 7)
(6, 9)
cf pos (6, 8), d 1, c 1
(6, 9)
(6, 9)
(6, 10)
(6, 10)
cf pos (6, 8), d -1, c 1
(6, 7)
(6, 7)
(6, 7)
(6, 7)
(5, 6)
(5, 6)
(5, 7)
(5, 7)
(5, 8)
(5, 8)
(6, 6)
(6, 8)
(7, 6)
(7, 6)
(7, 7)

------------
|.....x....|
|..........|
|xx........|
|1x........|
|1x........|
|1xx.xxxx..|
|1x..x1x...|
|xx..x1x...|
|....x1x...|
|....xxx...|
------------
Player 2: MOVE 9-6
Player 1: HIT

------------
|.....x....|
|..........|
|xx........|
|1x........|
|1x........|
|1xx.xxxx1.|
|1x..x1x...|
|xx..x1x...|
|....x1x...|
|....xxx...|
------------
Player 2: MOVE 9-7
Player 1: MISS

------------
|.....x....|
|..........|
|xx........|
|1x........|
|1x........|
|1xx.xxxx1.|
|1x..x1x.x.|
|xx..x1x...|
|....x1x...|
|....xxx...|
------------
Player 1: MOVE 1-7
Player 2: KILL
Player 1: MOVE 6-7
Player 2: KILL
Player 1: MOVE 3-6
Player 2: MISS
Player 2: MOVE 9-5
Player 1: KILL

------------
|.....x....|
|..........|
|xx........|
|1x.....xxx|
|1x.....x1x|
|1xx.xxxx1x|
|1x..x1xxxx|
|xx..x1x...|
|....x1x...|
|....xxx...|
------------
(7, 7)
(7, 8)
(7, 8)
(5, 7)
(5, 8)
(5, 9)
(5, 9)
(6, 7)
(6, 9)
(7, 7)
(7, 8)
(7, 9)
(7, 9)
(5, 8)
(5, 9)
(5, 10)
(5, 10)
(6, 8)
(6, 10)
(7, 8)
(7, 9)
(7, 10)
(7, 10)
(1, 1)
(2, 1)
(2, 1)
(3, 1)
(3, 1)
(4, 1)
(4, 1)
(5, 1)
(5, 1)
(6, 1)
(6, 1)
(7, 1)
(8, 1)
(8, 1)
(9, 1)
(9, 1)
(10, 1)
(10, 1)
(1, 2)
(2, 2)
(2, 2)
(3, 2)
(3, 2)
(4, 2)
(4, 2)
(5, 2)
(5, 2)
(6, 2)
(6, 2)
(7, 2)
(7, 2)
(8, 2)
(8, 2)
(9, 2)
(9, 2)
(10, 2)
(10, 2)
(1, 3)
(1, 3)
(2, 3)
(2, 3)
(3, 3)
(4, 3)
(4, 3)
(5, 3)
(5, 3)
(6, 3)
(6, 3)
(7, 3)
(7, 3)
(8, 3)
(8, 3)
(9, 3)
(9, 3)
(10, 3)
(10, 3)
(1, 4)
(1, 4)
(2, 4)
(2, 4)
(3, 4)
(4, 4)
(4, 4)
(5, 4)
(5, 4)
(6, 4)
(6, 4)
(7, 4)
(7, 4)
(8, 4)
(8, 4)
(9, 4)
(9, 4)
(10, 4)
(10, 4)
(1, 5)
(1, 5)
(2, 5)
(2, 5)
(3, 5)
(4, 5)
(4, 5)
(5, 5)
(5, 5)
(6, 5)
(6, 5)
(7, 5)
(7, 5)
(8, 5)
(8, 5)
(9, 5)
(9, 5)
(10, 5)
(10, 5)
(1, 6)
(1, 6)
(2, 6)
(2, 6)
(3, 6)
(3, 6)
(4, 6)
(5, 6)
(5, 6)
(6, 6)
(6, 6)
(7, 6)
(7, 6)
(8, 6)
(8, 6)
(9, 6)
(10, 6)
(10, 6)
(1, 7)
(1, 7)
(2, 7)
(2, 7)
(3, 7)
(4, 7)
(4, 7)
(5, 7)
(5, 7)
(6, 7)
(6, 7)
(7, 7)
(7, 7)
(8, 7)
(9, 7)
(9, 7)
(10, 7)
(10, 7)
(1, 8)
(1, 8)
(2, 8)
(2, 8)
(3, 8)
(4, 8)
(4, 8)
(5, 8)
(5, 8)
(6, 8)
(6, 8)
(7, 8)
(7, 8)
(8, 8)
(9, 8)
(9, 8)
(10, 8)
(10, 8)
(1, 9)
(2, 9)
(2, 9)
(3, 9)
(3, 9)
(4, 9)
(4, 9)
(5, 9)
(5, 9)
(6, 9)
(6, 9)
(7, 9)
(7, 9)
(8, 9)
(9, 9)
(9, 9)
(10, 9)
(10, 9)
(1, 10)
(2, 10)
(2, 10)
(3, 10)
(3, 10)
(4, 10)
(4, 10)
(5, 10)
(5, 10)
(6, 10)
(6, 10)
(7, 10)
(7, 10)
(8, 10)
(9, 10)
(9, 10)
(10, 10)
(10, 10)
(1, 1)
(1, 2)
(1, 2)
(1, 3)
(1, 3)
(1, 4)
(1, 4)
(1, 5)
(1, 5)
(1, 6)
(1, 6)
(1, 7)
(1, 7)
(1, 8)
(1, 8)
(1, 9)
(1, 10)
(1, 10)
(2, 1)
(2, 2)
(2, 2)
(2, 3)
(2, 3)
(2, 4)
(2, 4)
(2, 5)
(2, 5)
(2, 6)
(2, 6)
(2, 7)
(2, 7)
(2, 8)
(2, 8)
(2, 9)
(2, 10)
(2, 10)
(3, 1)
(3, 2)
(3, 2)
(3, 3)
(3, 3)
(3, 4)
(3, 4)
(3, 5)
(3, 5)
(3, 6)
(3, 6)
(3, 7)
(3, 8)
(3, 8)
(3, 9)
(3, 9)
(3, 10)
(3, 10)
(4, 1)
(4, 2)
(4, 2)
(4, 3)
(4, 3)
(4, 4)
(4, 4)
(4, 5)
(4, 5)
(4, 6)
(4, 6)
(4, 7)
(4, 7)
(4, 8)
(4, 8)
(4, 9)
(4, 9)
(4, 10)
(4, 10)
(5, 1)
(5, 2)
(5, 2)
(5, 3)
(5, 3)
(5, 4)
(5, 4)
(5, 5)
(5, 5)
(5, 6)
(5, 6)
(5, 7)
(5, 7)
(5, 8)
(5, 8)
(5, 9)
(5, 9)
(5, 10)
(5, 10)
(6, 1)
(6, 1)
(6, 2)
(6, 3)
(6, 3)
(6, 4)
(6, 4)
(6, 5)
(6, 5)
(6, 6)
(6, 6)
(6, 7)
(6, 7)
(6, 8)
(6, 8)
(6, 9)
(6, 9)
(6, 10)
(6, 10)
(7, 1)
(7, 2)
(7, 2)
(7, 3)
(7, 3)
(7, 4)
(7, 4)
(7, 5)
(7, 5)
(7, 6)
(7, 6)
(7, 7)
(7, 7)
(7, 8)
(7, 8)
(7, 9)
(7, 9)
(7, 10)
(7, 10)
(8, 1)
(8, 2)
(8, 2)
(8, 3)
(8, 3)
(8, 4)
(8, 4)
(8, 5)
(8, 5)
(8, 6)
(8, 6)
(8, 7)
(8, 8)
(8, 8)
(8, 9)
(8, 9)
(8, 10)
(8, 10)
(9, 1)
(9, 2)
(9, 2)
(9, 3)
(9, 3)
(9, 4)
(9, 4)
(9, 5)
(9, 5)
(9, 6)
(9, 6)
(9, 7)
(9, 7)
(9, 8)
(9, 8)
(9, 9)
(9, 9)
(9, 10)
(9, 10)
(10, 1)
(10, 2)
(10, 2)
(10, 3)
(10, 3)
(10, 4)
(10, 4)
(10, 5)
(10, 5)
(10, 6)
(10, 6)
(10, 7)
(10, 7)
(10, 8)
(10, 8)
(10, 9)
(10, 9)
(10, 10)
(10, 10)
(9, 6)
(9, 6)
(9, 6)
(9, 6)
(8, 5)
(8, 6)
(8, 7)
(9, 5)
(9, 7)
(10, 5)
(10, 6)
(10, 7)
cf pos (9, 6), d 1, c 1
(9, 7)
(9, 7)
(9, 7)
(9, 7)
(8, 5)
(8, 6)
(8, 7)
(9, 5)
(9, 7)
(10, 5)
(10, 6)
(10, 7)
cf pos (9, 6), d 1, c 1
(9, 7)
(9, 7)
cf pos (9, 6), d -1, c 1
(9, 5)
(9, 5)
(1, 7)
(6, 7)
(3, 6)
(9, 5)
(9, 5)
(8, 4)
(8, 4)
(8, 5)
(8, 5)
(8, 6)
(9, 4)
(9, 4)
(9, 6)
(10, 4)
(10, 4)
(10, 5)
(10, 5)
(10, 6)
(10, 6)
(8, 5)
(8, 6)
(8, 7)
(8, 7)
(9, 5)
(9, 7)
(10, 5)
(10, 6)
(10, 7)
(10, 7)
(1, 1)
(2, 1)
(2, 1)
(3, 1)
(3, 1)
(4, 1)
(4, 1)
(5, 1)
(5, 1)
(6, 1)
(6, 1)
(7, 1)
(8, 1)
(8, 1)
(9, 1)
(9, 1)
(10, 1)
(10, 1)
(1, 2)
(2, 2)
(2, 2)
(3, 2)
(3, 2)
(4, 2)
(4, 2)
(5, 2)
(5, 2)
(6, 2)
(6, 2)
(7, 2)
(7, 2)
(8, 2)
(8, 2)
(9, 2)
(9, 2)
(10, 2)
(10, 2)
(1, 3)
(1, 3)
(2, 3)
(2, 3)
(3, 3)
(4, 3)
(4, 3)
(5, 3)
(5, 3)
(6, 3)
(6, 3)
(7, 3)
(7, 3)
(8, 3)
(8, 3)
(9, 3)
(9, 3)
(10, 3)
(10, 3)
(1, 4)
(1, 4)
(2, 4)
(2, 4)
(3, 4)
(4, 4)
(4, 4)
(5, 4)
(5, 4)
(6, 4)
(6, 4)
(7, 4)
(7, 4)
(8, 4)
(8, 4)
(9, 4)
(9, 4)
(10, 4)
(10, 4)
(1, 5)
(1, 5)
(2, 5)
(2, 5)
(3, 5)
(4, 5)
(4, 5)
(5, 5)
(5, 5)
(6, 5)
(6, 5)
(7, 5)
(7, 5)
(8, 5)
(8, 5)
(9, 5)
(9, 5)
(10, 5)
(10, 5)
(1, 6)
(1, 6)
(2, 6)
(2, 6)
(3, 6)
(3, 6)
(4, 6)
(5, 6)
(5, 6)
(6, 6)
(6, 6)
(7, 6)
(7, 6)
(8, 6)
(8, 6)
(9Player 2: MOVE 6-2
Player 1: MISS

------------
|.....x....|
|.....x....|
|xx........|
|1x.....xxx|
|1x.....x1x|
|1xx.xxxx1x|
|1x..x1xxxx|
|xx..x1x...|
|....x1x...|
|....xxx...|
------------
Player 1: MOVE 4-5
Player 2: HIT
Player 1: MOVE 5-5
Player 2: MISS
, 6)
(9, 6)
(10, 6)
(10, 6)
(1, 7)
(1, 7)
(2, 7)
(2, 7)
(3, 7)
(4, 7)
(4, 7)
(5, 7)
(5, 7)
(6, 7)
(6, 7)
(7, 7)
(7, 7)
(8, 7)
(8, 7)
(9, 7)
(9, 7)
(10, 7)
(10, 7)
(1, 8)
(1, 8)
(2, 8)
(2, 8)
(3, 8)
(4, 8)
(4, 8)
(5, 8)
(5, 8)
(6, 8)
(6, 8)
(7, 8)
(7, 8)
(8, 8)
(9, 8)
(9, 8)
(10, 8)
(10, 8)
(1, 9)
(2, 9)
(2, 9)
(3, 9)
(3, 9)
(4, 9)
(4, 9)
(5, 9)
(5, 9)
(6, 9)
(6, 9)
(7, 9)
(7, 9)
(8, 9)
(9, 9)
(9, 9)
(10, 9)
(10, 9)
(1, 10)
(2, 10)
(2, 10)
(3, 10)
(3, 10)
(4, 10)
(4, 10)
(5, 10)
(5, 10)
(6, 10)
(6, 10)
(7, 10)
(7, 10)
(8, 10)
(9, 10)
(9, 10)
(10, 10)
(10, 10)
(1, 1)
(1, 2)
(1, 2)
(1, 3)
(1, 3)
(1, 4)
(1, 4)
(1, 5)
(1, 5)
(1, 6)
(1, 6)
(1, 7)
(1, 7)
(1, 8)
(1, 8)
(1, 9)
(1, 10)
(1, 10)
(2, 1)
(2, 2)
(2, 2)
(2, 3)
(2, 3)
(2, 4)
(2, 4)
(2, 5)
(2, 5)
(2, 6)
(2, 6)
(2, 7)
(2, 7)
(2, 8)
(2, 8)
(2, 9)
(2, 10)
(2, 10)
(3, 1)
(3, 2)
(3, 2)
(3, 3)
(3, 3)
(3, 4)
(3, 4)
(3, 5)
(3, 5)
(3, 6)
(3, 6)
(3, 7)
(3, 8)
(3, 8)
(3, 9)
(3, 9)
(3, 10)
(3, 10)
(4, 1)
(4, 2)
(4, 2)
(4, 3)
(4, 3)
(4, 4)
(4, 4)
(4, 5)
(4, 5)
(4, 6)
(4, 6)
(4, 7)
(4, 7)
(4, 8)
(4, 8)
(4, 9)
(4, 9)
(4, 10)
(4, 10)
(5, 1)
(5, 2)
(5, 2)
(5, 3)
(5, 3)
(5, 4)
(5, 4)
(5, 5)
(5, 5)
(5, 6)
(5, 6)
(5, 7)
(5, 7)
(5, 8)
(5, 8)
(5, 9)
(5, 9)
(5, 10)
(5, 10)
(6, 1)
(6, 1)
(6, 2)
(6, 3)
(6, 3)
(6, 4)
(6, 4)
(6, 5)
(6, 5)
(6, 6)
(6, 6)
(6, 7)
(6, 7)
(6, 8)
(6, 8)
(6, 9)
(6, 9)
(6, 10)
(6, 10)
(7, 1)
(7, 2)
(7, 2)
(7, 3)
(7, 3)
(7, 4)
(7, 4)
(7, 5)
(7, 5)
(7, 6)
(7, 6)
(7, 7)
(7, 7)
(7, 8)
(7, 8)
(7, 9)
(7, 9)
(7, 10)
(7, 10)
(8, 1)
(8, 2)
(8, 2)
(8, 3)
(8, 3)
(8, 4)
(8, 4)
(8, 5)
(8, 5)
(8, 6)
(8, 6)
(8, 7)
(8, 7)
(8, 8)
(8, 9)
(8, 9)
(8, 10)
(8, 10)
(9, 1)
(9, 2)
(9, 2)
(9, 3)
(9, 3)
(9, 4)
(9, 4)
(9, 5)
(9, 5)
(9, 6)
(9, 6)
(9, 7)
(9, 7)
(9, 8)
(9, 9)
(9, 9)
(9, 10)
(9, 10)
(10, 1)
(10, 2)
(10, 2)
(10, 3)
(10, 3)
(10, 4)
(10, 4)
(10, 5)
(10, 5)
(10, 6)
(10, 6)
(10, 7)
(10, 7)
(10, 8)
(10, 9)
(10, 9)
(10, 10)
(10, 10)
(6, 2)
(6, 2)
(6, 2)
(6, 2)
(4, 5)
(5, 5)
(1, 1)
(2, 1)
(2, 1)
(3, 1)
(3, 1)
(4, 1)
(4, 1)
(5, 1)
(5, 1)
(6, 1)
(6, 1)
(7, 1)
(8, 1)
(8, 1)
(9, 1)
(9, 1)
(10, 1)
(10, 1)
(1, 2)
(2, 2)
(2, 2)
(3, 2)
(3, 2)
(4, 2)
(4, 2)
(5, 2)
(5, 2)
(6, 2)
(6, 2)
(7, 2)
(8, 2)
(8, 2)
(9, 2)
(9, 2)
(10, 2)
(10, 2)
(1, 3)
(1, 3)
(2, 3)
(2, 3)
(3, 3)
(4, 3)
(4, 3)
(5, 3)
(5, 3)
(6, 3)
(6, 3)
(7, 3)
(7, 3)
(8, 3)
(8, 3)
(9, 3)
(9, 3)
(10, 3)
(10, 3)
(1, 4)
(1, 4)
(2, 4)
(2, 4)
(3, 4)
(4, 4)
(4, 4)
(5, 4)
(5, 4)
(6, 4)
(6, 4)
(7, 4)
(7, 4)
(8, 4)
(8, 4)
(9, 4)
(9, 4)
(10, 4)
(10, 4)
(1, 5)
(1, 5)
(2, 5)
(2, 5)
(3, 5)
(4, 5)
(4, 5)
(5, 5)
(5, 5)
(6, 5)
(6, 5)
(7, 5)
(7, 5)
(8, 5)
(8, 5)
(9, 5)
(9, 5)
(10, 5)
(10, 5)
(1, 6)
(1, 6)
(2, 6)
(2, 6)
(3, 6)
(3, 6)
(4, 6)
(5, 6)
(5, 6)
(6, 6)
(6, 6)
(7, 6)
(7, 6)
(8, 6)
(8, 6)
(9, 6)
(9, 6)
(10, 6)
(10, 6)
(1, 7)
(1, 7)
(2, 7)
(2, 7)
(3, 7)
(4, 7)
(4, 7)
(5, 7)
(5, 7)
(6, 7)
(6, 7)
(7, 7)
(7, 7)
(8, 7)
(8, 7)
(9, 7)
(9, 7)
(10, 7)
(10, 7)
(1, 8)
(1, 8)
(2, 8)
(2, 8)
(3, 8)
(4, 8)
(4, 8)
(5, 8)
(5, 8)
(6, 8)
(6, 8)
(7, 8)
(7, 8)
(8, 8)
(9, 8)
(9, 8)
(10, 8)
(10, 8)
(1, 9)
(2, 9)
(2, 9)
(3, 9)
(3, 9)
(4, 9)
(4, 9)
(5, 9)
(5, 9)
(6, 9)
(6, 9)
(7, 9)
(7, 9)
(8, 9)
(9, 9)
(9, 9)
(10, 9)
(10, 9)
(1, 10)
(2, 10)
(2, 10)
(3, 10)
(3, 10)
(4, 10)
(4, 10)
(5, 10)
(5, 10)
(6, 10)
(6, 10)
(7, 10)
(7, 10)
(8, 10)
(9, 10)
(9, 10)
(10, 10)
(10, 10)
(1, 1)
(1, 2)
(1, 2)
(1, 3)
(1, 3)
(1, 4)
(1, 4)
(1, 5)
(1, 5)
(1, 6)
(1, 6)
(1, 7)
(1, 7)
(1, 8)
(1, 8)
(1, 9)
(1, 10)
(1, 10)
(2, 1)
(2, 2)
(2, 2)
(2, 3)
(2, 3)
(2, 4)
(2, 4)
(2, 5)
(2, 5)
(2, 6)
(2, 6)
(2, 7)
(2, 7)
(2, 8)
(2, 8)
(2, 9)
(2, 10)
(2, 10)
(3, 1)
(3, 2)
(3, 2)
(3, 3)
(3, 3)
(3, 4)
(3, 4)
(3, 5)
(3, 5)
(3, 6)
(3, 6)
(3, 7)
(3, 8)
(3, 8)
(3, 9)
(3, 9)
(3, 10)
(3, 10)
(4, 1)
(4, 2)
(4, 2)
(4, 3)
(4, 3)
(4, 4)
(4, 4)
(4, 5)
(4, 5)
(4, 6)
(4, 6)
(4, 7)
(4, 7)
(4, 8)
(4, 8)
(4, 9)
(4, 9)
(4, 10)
(4, 10)
(5, 1)
(5, 2)
(5, 2)
(5, 3)
(5, 3)
(5, 4)
(5, 4)
(5, 5)
(5, 5)
(5, 6)
(5, 6)
(5, 7)
(5, 7)
(5, 8)
(5, 8)
(5, 9)
(5, 9)
(5, 10)
(5, 10)
(6, 1)
(6, 1)
(6, 2)
(6, 2)
(6, 3)
(6, 4)
(6, 4)
(6, 5)
(6, 5)
(6, 6)
(6, 6)
(6, 7)
(6, 7)
(6, 8)
(6, 8)
(6, 9)
(6, 9)
(6, 10)
(6, 10)
(7, 1)
(7, 2)
(7, 2)
(7, 3)
(7, 3)
(7, 4)Player 2: MOVE 4-6
Player 1: MISS

------------
|.....x....|
|.....x....|
|xx........|
|1x.....xxx|
|1x.....x1x|
|1xxxxxxx1x|
|1x..x1xxxx|
|xx..x1x...|
|....x1x...|
|....xxx...|
------------
Player 1: MOVE 4-6
Player 2: MISS
Player 2: MOVE 7-3
Player 1: MISS

------------
|.....x....|
|.....x....|
|xx....x...|
|1x.....xxx|
|1x.....x1x|
|1xxxxxxx1x|
|1x..x1xxxx|
|xx..x1x...|
|....x1x...|
|....xxx...|
------------
Player 1: MOVE 3-5
Player 2: MISS

(7, 4)
(7, 5)
(7, 5)
(7, 6)
(7, 6)
(7, 7)
(7, 7)
(7, 8)
(7, 8)
(7, 9)
(7, 9)
(7, 10)
(7, 10)
(8, 1)
(8, 2)
(8, 2)
(8, 3)
(8, 3)
(8, 4)
(8, 4)
(8, 5)
(8, 5)
(8, 6)
(8, 6)
(8, 7)
(8, 7)
(8, 8)
(8, 9)
(8, 9)
(8, 10)
(8, 10)
(9, 1)
(9, 2)
(9, 2)
(9, 3)
(9, 3)
(9, 4)
(9, 4)
(9, 5)
(9, 5)
(9, 6)
(9, 6)
(9, 7)
(9, 7)
(9, 8)
(9, 9)
(9, 9)
(9, 10)
(9, 10)
(10, 1)
(10, 2)
(10, 2)
(10, 3)
(10, 3)
(10, 4)
(10, 4)
(10, 5)
(10, 5)
(10, 6)
(10, 6)
(10, 7)
(10, 7)
(10, 8)
(10, 9)
(10, 9)
(10, 10)
(10, 10)
(4, 6)
(4, 6)
(4, 6)
(4, 6)
(4, 6)
(1, 1)
(2, 1)
(2, 1)
(3, 1)
(3, 1)
(4, 1)
(4, 1)
(5, 1)
(5, 1)
(6, 1)
(6, 1)
(7, 1)
(8, 1)
(8, 1)
(9, 1)
(9, 1)
(10, 1)
(10, 1)
(1, 2)
(2, 2)
(2, 2)
(3, 2)
(3, 2)
(4, 2)
(4, 2)
(5, 2)
(5, 2)
(6, 2)
(6, 2)
(7, 2)
(8, 2)
(8, 2)
(9, 2)
(9, 2)
(10, 2)
(10, 2)
(1, 3)
(1, 3)
(2, 3)
(2, 3)
(3, 3)
(4, 3)
(4, 3)
(5, 3)
(5, 3)
(6, 3)
(6, 3)
(7, 3)
(7, 3)
(8, 3)
(8, 3)
(9, 3)
(9, 3)
(10, 3)
(10, 3)
(1, 4)
(1, 4)
(2, 4)
(2, 4)
(3, 4)
(4, 4)
(4, 4)
(5, 4)
(5, 4)
(6, 4)
(6, 4)
(7, 4)
(7, 4)
(8, 4)
(8, 4)
(9, 4)
(9, 4)
(10, 4)
(10, 4)
(1, 5)
(1, 5)
(2, 5)
(2, 5)
(3, 5)
(4, 5)
(4, 5)
(5, 5)
(5, 5)
(6, 5)
(6, 5)
(7, 5)
(7, 5)
(8, 5)
(8, 5)
(9, 5)
(9, 5)
(10, 5)
(10, 5)
(1, 6)
(1, 6)
(2, 6)
(2, 6)
(3, 6)
(3, 6)
(4, 6)
(4, 6)
(5, 6)
(5, 6)
(6, 6)
(6, 6)
(7, 6)
(7, 6)
(8, 6)
(8, 6)
(9, 6)
(9, 6)
(10, 6)
(10, 6)
(1, 7)
(1, 7)
(2, 7)
(2, 7)
(3, 7)
(4, 7)
(4, 7)
(5, 7)
(5, 7)
(6, 7)
(6, 7)
(7, 7)
(7, 7)
(8, 7)
(8, 7)
(9, 7)
(9, 7)
(10, 7)
(10, 7)
(1, 8)
(1, 8)
(2, 8)
(2, 8)
(3, 8)
(4, 8)
(4, 8)
(5, 8)
(5, 8)
(6, 8)
(6, 8)
(7, 8)
(7, 8)
(8, 8)
(9, 8)
(9, 8)
(10, 8)
(10, 8)
(1, 9)
(2, 9)
(2, 9)
(3, 9)
(3, 9)
(4, 9)
(4, 9)
(5, 9)
(5, 9)
(6, 9)
(6, 9)
(7, 9)
(7, 9)
(8, 9)
(9, 9)
(9, 9)
(10, 9)
(10, 9)
(1, 10)
(2, 10)
(2, 10)
(3, 10)
(3, 10)
(4, 10)
(4, 10)
(5, 10)
(5, 10)
(6, 10)
(6, 10)
(7, 10)
(7, 10)
(8, 10)
(9, 10)
(9, 10)
(10, 10)
(10, 10)
(1, 1)
(1, 2)
(1, 2)
(1, 3)
(1, 3)
(1, 4)
(1, 4)
(1, 5)
(1, 5)
(1, 6)
(1, 6)
(1, 7)
(1, 7)
(1, 8)
(1, 8)
(1, 9)
(1, 10)
(1, 10)
(2, 1)
(2, 2)
(2, 2)
(2, 3)
(2, 3)
(2, 4)
(2, 4)
(2, 5)
(2, 5)
(2, 6)
(2, 6)
(2, 7)
(2, 7)
(2, 8)
(2, 8)
(2, 9)
(2, 10)
(2, 10)
(3, 1)
(3, 2)
(3, 2)
(3, 3)
(3, 3)
(3, 4)
(3, 4)
(3, 5)
(3, 5)
(3, 6)
(3, 6)
(3, 7)
(3, 8)
(3, 8)
(3, 9)
(3, 9)
(3, 10)
(3, 10)
(4, 1)
(4, 2)
(4, 2)
(4, 3)
(4, 3)
(4, 4)
(4, 4)
(4, 5)
(4, 5)
(4, 6)
(4, 6)
(4, 7)
(4, 8)
(4, 8)
(4, 9)
(4, 9)
(4, 10)
(4, 10)
(5, 1)
(5, 2)
(5, 2)
(5, 3)
(5, 3)
(5, 4)
(5, 4)
(5, 5)
(5, 5)
(5, 6)
(5, 6)
(5, 7)
(5, 7)
(5, 8)
(5, 8)
(5, 9)
(5, 9)
(5, 10)
(5, 10)
(6, 1)
(6, 1)
(6, 2)
(6, 2)
(6, 3)
(6, 4)
(6, 4)
(6, 5)
(6, 5)
(6, 6)
(6, 6)
(6, 7)
(6, 7)
(6, 8)
(6, 8)
(6, 9)
(6, 9)
(6, 10)
(6, 10)
(7, 1)
(7, 2)
(7, 2)
(7, 3)
(7, 3)
(7, 4)
(7, 4)
(7, 5)
(7, 5)
(7, 6)
(7, 6)
(7, 7)
(7, 7)
(7, 8)
(7, 8)
(7, 9)
(7, 9)
(7, 10)
(7, 10)
(8, 1)
(8, 2)
(8, 2)
(8, 3)
(8, 3)
(8, 4)
(8, 4)
(8, 5)
(8, 5)
(8, 6)
(8, 6)
(8, 7)
(8, 7)
(8, 8)
(8, 9)
(8, 9)
(8, 10)
(8, 10)
(9, 1)
(9, 2)
(9, 2)
(9, 3)
(9, 3)
(9, 4)
(9, 4)
(9, 5)
(9, 5)
(9, 6)
(9, 6)
(9, 7)
(9, 7)
(9, 8)
(9, 9)
(9, 9)
(9, 10)
(9, 10)
(10, 1)
(10, 2)
(10, 2)
(10, 3)
(10, 3)
(10, 4)
(10, 4)
(10, 5)
(10, 5)
(10, 6)
(10, 6)
(10, 7)
(10, 7)
(10, 8)
(10, 9)
(10, 9)
(10, 10)
(10, 10)
(7, 3)
(7, 3)
(7, 3)
(7, 3)
(3, 5)
(1, 1)
(2, 1)
(2, 1)
(3, 1)
(3, 1)
(4, 1)
(4, 1)
(5, 1)
(5, 1)
(6, 1)
(6, 1)
(7, 1)
(8, 1)
(8, 1)
(9, 1)
(9, 1)
(10, 1)
(10, 1)
(1, 2)
(2, 2)
(2, 2)
(3, 2)
(3, 2)
(4, 2)
(4, 2)
(5, 2)
(5, 2)
(6, 2)
(6, 2)
(7, 2)
(8, 2)
(8, 2)
(9, 2)
(9, 2)
(10, 2)
(10, 2)
(1, 3)
(1, 3)
(2, 3)
(2, 3)
(3, 3)
(4, 3)
(4, 3)
(5, 3)
(5, 3)
(6, 3)
(6, 3)
(7, 3)
(7, 3)
(8, 3)
(9, 3)
(9, 3)
(10, 3)
(10, 3)
(1, 4)
(1, 4)
(2, 4)
(2, 4)
(3, 4)
(4, 4)
(4, 4)
(5, 4)
(5, 4)
(6, 4)
(6, 4)
(7, 4)
(7, 4)
(8, 4)
(8, 4)
(9, 4)
(9, 4)
(10, 4)
(10, 4)
(1, 5)
(1, 5)
(2, 5)
(2, 5)
(3, 5)
(4, 5)
(4, 5)
(5, 5)
(5, 5)
(6, 5)
(6, 5)
(7, 5)
(7, 5)
(8, 5)
(8, 5)
(9, 5)
(9, 5)
(10, 5)
(10, 5)
(1, 6)
(1, 6)
(2, 6)
(2, 6)
(3, 6)
(3, 6)
(4, 6)
(4, 6)
(5, 6)
(5, 6)
(6, 6)
(6, 6)
(7, 6)
(7, 6)
(8, 6)
(8, 6)
(9, 6)
(9, 6)
(10, 6)
(10, 6)
(1, 7)
(1, 7)
(2, 7)
(2, 7)
(3, 7)
(4, 7)
(4, 7)
(5, 7)
(5, 7)
(6, 7)
(6, 7Player 2: MOVE 5-5
Player 1: MISS

------------
|.....x....|
|.....x....|
|xx....x...|
|1x.....xxx|
|1x..x..x1x|
|1xxxxxxx1x|
|1x..x1xxxx|
|xx..x1x...|
|....x1x...|
|....xxx...|
------------
Player 1: MOVE 4-4
Player 2: HIT
Player 1: MOVE 4-3
Player 2: HIT
Player 1: MOVE 4-2
Player 2: KILL
Player 1: MOVE 3-10
Player 2: MISS
)
(7, 7)
(7, 7)
(8, 7)
(8, 7)
(9, 7)
(9, 7)
(10, 7)
(10, 7)
(1, 8)
(1, 8)
(2, 8)
(2, 8)
(3, 8)
(4, 8)
(4, 8)
(5, 8)
(5, 8)
(6, 8)
(6, 8)
(7, 8)
(7, 8)
(8, 8)
(9, 8)
(9, 8)
(10, 8)
(10, 8)
(1, 9)
(2, 9)
(2, 9)
(3, 9)
(3, 9)
(4, 9)
(4, 9)
(5, 9)
(5, 9)
(6, 9)
(6, 9)
(7, 9)
(7, 9)
(8, 9)
(9, 9)
(9, 9)
(10, 9)
(10, 9)
(1, 10)
(2, 10)
(2, 10)
(3, 10)
(3, 10)
(4, 10)
(4, 10)
(5, 10)
(5, 10)
(6, 10)
(6, 10)
(7, 10)
(7, 10)
(8, 10)
(9, 10)
(9, 10)
(10, 10)
(10, 10)
(1, 1)
(1, 2)
(1, 2)
(1, 3)
(1, 3)
(1, 4)
(1, 4)
(1, 5)
(1, 5)
(1, 6)
(1, 6)
(1, 7)
(1, 7)
(1, 8)
(1, 8)
(1, 9)
(1, 10)
(1, 10)
(2, 1)
(2, 2)
(2, 2)
(2, 3)
(2, 3)
(2, 4)
(2, 4)
(2, 5)
(2, 5)
(2, 6)
(2, 6)
(2, 7)
(2, 7)
(2, 8)
(2, 8)
(2, 9)
(2, 10)
(2, 10)
(3, 1)
(3, 2)
(3, 2)
(3, 3)
(3, 3)
(3, 4)
(3, 4)
(3, 5)
(3, 5)
(3, 6)
(3, 6)
(3, 7)
(3, 8)
(3, 8)
(3, 9)
(3, 9)
(3, 10)
(3, 10)
(4, 1)
(4, 2)
(4, 2)
(4, 3)
(4, 3)
(4, 4)
(4, 4)
(4, 5)
(4, 5)
(4, 6)
(4, 6)
(4, 7)
(4, 8)
(4, 8)
(4, 9)
(4, 9)
(4, 10)
(4, 10)
(5, 1)
(5, 2)
(5, 2)
(5, 3)
(5, 3)
(5, 4)
(5, 4)
(5, 5)
(5, 5)
(5, 6)
(5, 6)
(5, 7)
(5, 7)
(5, 8)
(5, 8)
(5, 9)
(5, 9)
(5, 10)
(5, 10)
(6, 1)
(6, 1)
(6, 2)
(6, 2)
(6, 3)
(6, 4)
(6, 4)
(6, 5)
(6, 5)
(6, 6)
(6, 6)
(6, 7)
(6, 7)
(6, 8)
(6, 8)
(6, 9)
(6, 9)
(6, 10)
(6, 10)
(7, 1)
(7, 2)
(7, 2)
(7, 3)
(7, 3)
(7, 4)
(7, 5)
(7, 5)
(7, 6)
(7, 6)
(7, 7)
(7, 7)
(7, 8)
(7, 8)
(7, 9)
(7, 9)
(7, 10)
(7, 10)
(8, 1)
(8, 2)
(8, 2)
(8, 3)
(8, 3)
(8, 4)
(8, 4)
(8, 5)
(8, 5)
(8, 6)
(8, 6)
(8, 7)
(8, 7)
(8, 8)
(8, 9)
(8, 9)
(8, 10)
(8, 10)
(9, 1)
(9, 2)
(9, 2)
(9, 3)
(9, 3)
(9, 4)
(9, 4)
(9, 5)
(9, 5)
(9, 6)
(9, 6)
(9, 7)
(9, 7)
(9, 8)
(9, 9)
(9, 9)
(9, 10)
(9, 10)
(10, 1)
(10, 2)
(10, 2)
(10, 3)
(10, 3)
(10, 4)
(10, 4)
(10, 5)
(10, 5)
(10, 6)
(10, 6)
(10, 7)
(10, 7)
(10, 8)
(10, 9)
(10, 9)
(10, 10)
(10, 10)
(5, 5)
(5, 5)
(5, 5)
(5, 5)
(4, 4)
(4, 3)
(4, 2)
(3, 10)
(1, 1)
(2, 1)
(2, 1)
(3, 1)
(3, 1)
(4, 1)
(4, 1)
(5, 1)
(5, 1)
(6, 1)
(6, 1)
(7, 1)
(8, 1)
(8, 1)
(9, 1)
(9, 1)
(10, 1)
(10, 1)
(1, 2)
(2, 2)
(2, 2)
(3, 2)
(3, 2)
(4, 2)
(4, 2)
(5, 2)
(5, 2)
(6, 2)
(6, 2)
(7, 2)
(8, 2)
(8, 2)
(9, 2)
(9, 2)
(10, 2)
(10, 2)
(1, 3)
(1, 3)
(2, 3)
(2, 3)
(3, 3)
(4, 3)
(4, 3)
(5, 3)
(5, 3)
(6, 3)
(6, 3)
(7, 3)
(7, 3)
(8, 3)
(9, 3)
(9, 3)
(10, 3)
(10, 3)
(1, 4)
(1, 4)
(2, 4)
(2, 4)
(3, 4)
(4, 4)
(4, 4)
(5, 4)
(5, 4)
(6, 4)
(6, 4)
(7, 4)
(7, 4)
(8, 4)
(8, 4)
(9, 4)
(9, 4)
(10, 4)
(10, 4)
(1, 5)
(1, 5)
(2, 5)
(2, 5)
(3, 5)
(4, 5)
(4, 5)
(5, 5)
(5, 5)
(6, 5)
(7, 5)
(7, 5)
(8, 5)
(8, 5)
(9, 5)
(9, 5)
(10, 5)
(10, 5)
(1, 6)
(1, 6)
(2, 6)
(2, 6)
(3, 6)
(3, 6)
(4, 6)
(4, 6)
(5, 6)
(5, 6)
(6, 6)
(6, 6)
(7, 6)
(7, 6)
(8, 6)
(8, 6)
(9, 6)
(9, 6)
(10, 6)
(10, 6)
(1, 7)
(1, 7)
(2, 7)
(2, 7)
(3, 7)
(4, 7)
(4, 7)
(5, 7)
(5, 7)
(6, 7)
(6, 7)
(7, 7)
(7, 7)
(8, 7)
(8, 7)
(9, 7)
(9, 7)
(10, 7)
(10, 7)
(1, 8)
(1, 8)
(2, 8)
(2, 8)
(3, 8)
(4, 8)
(4, 8)
(5, 8)
(5, 8)
(6, 8)
(6, 8)
(7, 8)
(7, 8)
(8, 8)
(9, 8)
(9, 8)
(10, 8)
(10, 8)
(1, 9)
(2, 9)
(2, 9)
(3, 9)
(3, 9)
(4, 9)
(4, 9)
(5, 9)
(5, 9)
(6, 9)
(6, 9)
(7, 9)
(7, 9)
(8, 9)
(9, 9)
(9, 9)
(10, 9)
(10, 9)
(1, 10)
(2, 10)
(2, 10)
(3, 10)
(3, 10)
(4, 10)
(4, 10)
(5, 10)
(5, 10)
(6, 10)
(6, 10)
(7, 10)
(7, 10)
(8, 10)
(9, 10)
(9, 10)
(10, 10)
(10, 10)
(1, 1)
(1, 2)
(1, 2)
(1, 3)
(1, 3)
(1, 4)
(1, 4)
(1, 5)
(1, 5)
(1, 6)
(1, 6)
(1, 7)
(1, 7)
(1, 8)
(1, 8)
(1, 9)
(1, 10)
(1, 10)
(2, 1)
(2, 2)
(2, 2)
(2, 3)
(2, 3)
(2, 4)
(2, 4)
(2, 5)
(2, 5)
(2, 6)
(2, 6)
(2, 7)
(2, 7)
(2, 8)
(2, 8)
(2, 9)
(2, 10)
(2, 10)
(3, 1)
(3, 2)
(3, 2)
(3, 3)
(3, 3)
(3, 4)
(3, 4)
(3, 5)
(3, 5)
(3, 6)
(3, 6)
(3, 7)
(3, 8)
(3, 8)
(3, 9)
(3, 9)
(3, 10)
(3, 10)
(4, 1)
(4, 2)
(4, 2)
(4, 3)
(4, 3)
(4, 4)
(4, 4)
(4, 5)
(4, 5)
(4, 6)
(4, 6)
(4, 7)
(4, 8)
(4, 8)
(4, 9)
(4, 9)
(4, 10)
(4, 10)
(5, 1)
(5, 2)
(5, 2)
(5, 3)
(5, 3)
(5, 4)
(5, 4)
(5, 5)
(5, 5)
(5, 6)
(5, 6)
(5, 7)
(5, 7)
(5, 8)
(5, 8)
(5, 9)
(5, 9)
(5, 10)
(5, 10)
(6, 1)
(6, 1)
(6, 2)
(6, 2)
(6, 3)
(6, 4)
(6, 4)
(6, 5)
(6, 5)
(6, 6)
(6, 6)
(6, 7)
(6, 7)
(6, 8)
(6, 8)
(6, 9)
(6, 9)
(6, 10)
(6, 10)
(7, 1)
(7, 2)
(7, 2)
(7, 3)
(7, 3)
(7, 4)
(7, 5)
(7, 5)
(7, 6)
(7, 6)
(7, 7)
(7, 7)
(7, 8)
(7, 8)
(7, 9)
(7, 9)
(7, 10)
(7, 10)
(8, 1)
(8, 2)
(8, 2)
(8, 3)
(Player 2: MOVE 4-3
Player 1: MISS

------------
|.....x....|
|.....x....|
|xx.x..x...|
|1x.....xxx|
|1x..x..x1x|
|1xxxxxxx1x|
|1x..x1xxxx|
|xx..x1x...|
|....x1x...|
|....xxx...|
------------
Player 1: MOVE 7-10
Player 2: MISS
Player 2: MOVE 3-2
Player 1: HIT

------------
|.....x....|
|..1..x....|
|xx.x..x...|
|1x.....xxx|
|1x..x..x1x|
|1xxxxxxx1x|
|1x..x1xxxx|
|xx..x1x...|
|....x1x...|
|....xxx...|
------------
Player 2: MOVE 3-3
Player 1: MISS

------------
|.....x....|
|..1..x....|
|xxxx..x...|
|1x.....xxx|
|1x..x..x1x|
|1xxxxxxx1x|
|1x..x1xxxx|
|xx..x1x...|
|....x1x...|
|....xxx...|
------------
Player 1: MOVE 7-2
Player 2: MISS
Player 2: MOVE 3-1
Player 1: MISS

------------
|..x..x....|
|..1..x....|
|xxxx..x...|
|1x.....xxx|
|1x..x..x1x|
|1xxxxxxx1x|
|1x..x1xxxx|
|xx..x1x...|
|....x1x...|
|....xxx...|
------------
Player 1: MOVE 6-3
Player 2: MISS
Player 2: MOVE 4-2
Player 1: KILL

------------
|.xxxxx....|
|.x11xx....|
|xxxxx.x...|
|1x.....xxx|
|1x..x..x1x|
|1xxxxxxx1x|
|1x..x1xxxx|
|xx..x1x...|
|....x1x...|
|....xxx...|
------------
8, 3)
(8, 4)
(8, 4)
(8, 5)
(8, 5)
(8, 6)
(8, 6)
(8, 7)
(8, 7)
(8, 8)
(8, 9)
(8, 9)
(8, 10)
(8, 10)
(9, 1)
(9, 2)
(9, 2)
(9, 3)
(9, 3)
(9, 4)
(9, 4)
(9, 5)
(9, 5)
(9, 6)
(9, 6)
(9, 7)
(9, 7)
(9, 8)
(9, 9)
(9, 9)
(9, 10)
(9, 10)
(10, 1)
(10, 2)
(10, 2)
(10, 3)
(10, 3)
(10, 4)
(10, 4)
(10, 5)
(10, 5)
(10, 6)
(10, 6)
(10, 7)
(10, 7)
(10, 8)
(10, 9)
(10, 9)
(10, 10)
(10, 10)
(4, 3)
(4, 3)
(4, 3)
(4, 3)
(7, 10)
(1, 1)
(2, 1)
(2, 1)
(3, 1)
(3, 1)
(4, 1)
(4, 1)
(5, 1)
(5, 1)
(6, 1)
(6, 1)
(7, 1)
(8, 1)
(8, 1)
(9, 1)
(9, 1)
(10, 1)
(10, 1)
(1, 2)
(2, 2)
(2, 2)
(3, 2)
(3, 2)
(4, 2)
(4, 2)
(5, 2)
(5, 2)
(6, 2)
(6, 2)
(7, 2)
(8, 2)
(8, 2)
(9, 2)
(9, 2)
(10, 2)
(10, 2)
(1, 3)
(1, 3)
(2, 3)
(2, 3)
(3, 3)
(4, 3)
(4, 3)
(5, 3)
(6, 3)
(6, 3)
(7, 3)
(7, 3)
(8, 3)
(9, 3)
(9, 3)
(10, 3)
(10, 3)
(1, 4)
(1, 4)
(2, 4)
(2, 4)
(3, 4)
(4, 4)
(4, 4)
(5, 4)
(5, 4)
(6, 4)
(6, 4)
(7, 4)
(7, 4)
(8, 4)
(8, 4)
(9, 4)
(9, 4)
(10, 4)
(10, 4)
(1, 5)
(1, 5)
(2, 5)
(2, 5)
(3, 5)
(4, 5)
(4, 5)
(5, 5)
(5, 5)
(6, 5)
(7, 5)
(7, 5)
(8, 5)
(8, 5)
(9, 5)
(9, 5)
(10, 5)
(10, 5)
(1, 6)
(1, 6)
(2, 6)
(2, 6)
(3, 6)
(3, 6)
(4, 6)
(4, 6)
(5, 6)
(5, 6)
(6, 6)
(6, 6)
(7, 6)
(7, 6)
(8, 6)
(8, 6)
(9, 6)
(9, 6)
(10, 6)
(10, 6)
(1, 7)
(1, 7)
(2, 7)
(2, 7)
(3, 7)
(4, 7)
(4, 7)
(5, 7)
(5, 7)
(6, 7)
(6, 7)
(7, 7)
(7, 7)
(8, 7)
(8, 7)
(9, 7)
(9, 7)
(10, 7)
(10, 7)
(1, 8)
(1, 8)
(2, 8)
(2, 8)
(3, 8)
(4, 8)
(4, 8)
(5, 8)
(5, 8)
(6, 8)
(6, 8)
(7, 8)
(7, 8)
(8, 8)
(9, 8)
(9, 8)
(10, 8)
(10, 8)
(1, 9)
(2, 9)
(2, 9)
(3, 9)
(3, 9)
(4, 9)
(4, 9)
(5, 9)
(5, 9)
(6, 9)
(6, 9)
(7, 9)
(7, 9)
(8, 9)
(9, 9)
(9, 9)
(10, 9)
(10, 9)
(1, 10)
(2, 10)
(2, 10)
(3, 10)
(3, 10)
(4, 10)
(4, 10)
(5, 10)
(5, 10)
(6, 10)
(6, 10)
(7, 10)
(7, 10)
(8, 10)
(9, 10)
(9, 10)
(10, 10)
(10, 10)
(1, 1)
(1, 2)
(1, 2)
(1, 3)
(1, 3)
(1, 4)
(1, 4)
(1, 5)
(1, 5)
(1, 6)
(1, 6)
(1, 7)
(1, 7)
(1, 8)
(1, 8)
(1, 9)
(1, 10)
(1, 10)
(2, 1)
(2, 2)
(2, 2)
(2, 3)
(2, 3)
(2, 4)
(2, 4)
(2, 5)
(2, 5)
(2, 6)
(2, 6)
(2, 7)
(2, 7)
(2, 8)
(2, 8)
(2, 9)
(2, 10)
(2, 10)
(3, 1)
(3, 2)
(3, 2)
(3, 3)
(3, 3)
(3, 4)
(3, 4)
(3, 5)
(3, 5)
(3, 6)
(3, 6)
(3, 7)
(3, 8)
(3, 8)
(3, 9)
(3, 9)
(3, 10)
(3, 10)
(4, 1)
(4, 2)
(4, 2)
(4, 3)
(4, 3)
(4, 4)
(4, 5)
(4, 5)
(4, 6)
(4, 6)
(4, 7)
(4, 8)
(4, 8)
(4, 9)
(4, 9)
(4, 10)
(4, 10)
(5, 1)
(5, 2)
(5, 2)
(5, 3)
(5, 3)
(5, 4)
(5, 4)
(5, 5)
(5, 5)
(5, 6)
(5, 6)
(5, 7)
(5, 7)
(5, 8)
(5, 8)
(5, 9)
(5, 9)
(5, 10)
(5, 10)
(6, 1)
(6, 1)
(6, 2)
(6, 2)
(6, 3)
(6, 4)
(6, 4)
(6, 5)
(6, 5)
(6, 6)
(6, 6)
(6, 7)
(6, 7)
(6, 8)
(6, 8)
(6, 9)
(6, 9)
(6, 10)
(6, 10)
(7, 1)
(7, 2)
(7, 2)
(7, 3)
(7, 3)
(7, 4)
(7, 5)
(7, 5)
(7, 6)
(7, 6)
(7, 7)
(7, 7)
(7, 8)
(7, 8)
(7, 9)
(7, 9)
(7, 10)
(7, 10)
(8, 1)
(8, 2)
(8, 2)
(8, 3)
(8, 3)
(8, 4)
(8, 4)
(8, 5)
(8, 5)
(8, 6)
(8, 6)
(8, 7)
(8, 7)
(8, 8)
(8, 9)
(8, 9)
(8, 10)
(8, 10)
(9, 1)
(9, 2)
(9, 2)
(9, 3)
(9, 3)
(9, 4)
(9, 4)
(9, 5)
(9, 5)
(9, 6)
(9, 6)
(9, 7)
(9, 7)
(9, 8)
(9, 9)
(9, 9)
(9, 10)
(9, 10)
(10, 1)
(10, 2)
(10, 2)
(10, 3)
(10, 3)
(10, 4)
(10, 4)
(10, 5)
(10, 5)
(10, 6)
(10, 6)
(10, 7)
(10, 7)
(10, 8)
(10, 9)
(10, 9)
(10, 10)
(10, 10)
(3, 2)
(3, 2)
(3, 2)
(3, 2)
(2, 1)
(2, 2)
(2, 3)
(3, 1)
(3, 3)
(4, 1)
(4, 2)
(4, 3)
cf pos (3, 2), d 1, c 1
(3, 3)
(3, 3)
(3, 3)
(3, 3)
(2, 1)
(2, 2)
(2, 3)
(3, 1)
(3, 3)
(4, 1)
(4, 2)
(4, 3)
cf pos (3, 2), d 1, c 1
(3, 3)
(3, 3)
cf pos (3, 2), d -1, c 1
(3, 1)
(3, 1)
(7, 2)
(3, 1)
(3, 1)
(2, 1)
(2, 2)
(2, 3)
(3, 1)
(3, 3)
(4, 1)
(4, 2)
(4, 3)
cf pos (3, 2), d 1, c 1
(3, 3)
(3, 3)
cf pos (3, 2), d -1, c 1
(3, 1)
(3, 1)
cf pos (3, 2), d 1, c 0
(4, 2)
(4, 2)
(6, 3)
(4, 2)
(4, 2)
(3, 1)
(3, 2)
(3, 3)
(4, 1)
(4, 1)
(4, 3)
(5, 1)
(5, 1)
(5, 2)
(5, 2)
(5, 3)
(5, 3)
(2, 1)
(2, 1)
(2, 2)
(2, 2)
(2, 3)
(3, 1)
(3, 3)
(4, 1)
(4, 2)
(4, 3)
(1, 1)
(2, 1)
(2, 1)
(3, 1)
(3, 1)
(4, 1)
(4, 1)
(5, 1)
(5, 1)
(6, 1)
(6, 1)
(7, 1)
(8, 1)
(8, 1)
(9, 1)
(9, 1)
(10, 1)
(10, 1)
(1, 2)
(2, 2)
(2, 2)
(3, 2)
(3, 2)
(4, 2)
(4, 2)
(5, 2)
(5, 2)
(6, 2)
(6, 2)
(7, 2)
(8, 2)
(8, 2)
(9, 2)
(9, 2)
(10, 2)
(10, 2)
(1, 3)
(1, 3)
(2, 3)
(2, 3)
(3, 3)
(3, 3)
(4, 3)
(4, 3)
(5, 3)
(5, 3)
(6, 3)
(7, 3)
(7, 3)
(8, 3)
(9, 3)
(9, 3)
(10, 3)
(10, 3)
(1, 4)
(1, 4)
(2, 4)
(2, 4)
(3, 4)
(4, 4)
(Player 2: MOVE 5-4
Player 1: MISS

------------
|.xxxxx....|
|.x11xx....|
|xxxxx.x...|
|1x..x..xxx|
|1x..x..x1x|
|1xxxxxxx1x|
|1x..x1xxxx|
|xx..x1x...|
|....x1x...|
|....xxx...|
------------
Player 1: MOVE 2-3
Player 2: MISS
4, 4)
(5, 4)
(5, 4)
(6, 4)
(6, 4)
(7, 4)
(7, 4)
(8, 4)
(8, 4)
(9, 4)
(9, 4)
(10, 4)
(10, 4)
(1, 5)
(1, 5)
(2, 5)
(2, 5)
(3, 5)
(4, 5)
(4, 5)
(5, 5)
(5, 5)
(6, 5)
(7, 5)
(7, 5)
(8, 5)
(8, 5)
(9, 5)
(9, 5)
(10, 5)
(10, 5)
(1, 6)
(1, 6)
(2, 6)
(2, 6)
(3, 6)
(3, 6)
(4, 6)
(4, 6)
(5, 6)
(5, 6)
(6, 6)
(6, 6)
(7, 6)
(7, 6)
(8, 6)
(8, 6)
(9, 6)
(9, 6)
(10, 6)
(10, 6)
(1, 7)
(1, 7)
(2, 7)
(2, 7)
(3, 7)
(4, 7)
(4, 7)
(5, 7)
(5, 7)
(6, 7)
(6, 7)
(7, 7)
(7, 7)
(8, 7)
(8, 7)
(9, 7)
(9, 7)
(10, 7)
(10, 7)
(1, 8)
(1, 8)
(2, 8)
(2, 8)
(3, 8)
(4, 8)
(4, 8)
(5, 8)
(5, 8)
(6, 8)
(6, 8)
(7, 8)
(7, 8)
(8, 8)
(9, 8)
(9, 8)
(10, 8)
(10, 8)
(1, 9)
(2, 9)
(2, 9)
(3, 9)
(3, 9)
(4, 9)
(4, 9)
(5, 9)
(5, 9)
(6, 9)
(6, 9)
(7, 9)
(7, 9)
(8, 9)
(9, 9)
(9, 9)
(10, 9)
(10, 9)
(1, 10)
(2, 10)
(2, 10)
(3, 10)
(3, 10)
(4, 10)
(4, 10)
(5, 10)
(5, 10)
(6, 10)
(6, 10)
(7, 10)
(7, 10)
(8, 10)
(9, 10)
(9, 10)
(10, 10)
(10, 10)
(1, 1)
(1, 2)
(1, 2)
(1, 3)
(1, 3)
(1, 4)
(1, 4)
(1, 5)
(1, 5)
(1, 6)
(1, 6)
(1, 7)
(1, 7)
(1, 8)
(1, 8)
(1, 9)
(1, 10)
(1, 10)
(2, 1)
(2, 1)
(2, 2)
(2, 2)
(2, 3)
(2, 3)
(2, 4)
(2, 4)
(2, 5)
(2, 5)
(2, 6)
(2, 6)
(2, 7)
(2, 7)
(2, 8)
(2, 8)
(2, 9)
(2, 10)
(2, 10)
(3, 1)
(3, 1)
(3, 2)
(3, 2)
(3, 3)
(3, 3)
(3, 4)
(3, 5)
(3, 5)
(3, 6)
(3, 6)
(3, 7)
(3, 8)
(3, 8)
(3, 9)
(3, 9)
(3, 10)
(3, 10)
(4, 1)
(4, 1)
(4, 2)
(4, 2)
(4, 3)
(4, 3)
(4, 4)
(4, 5)
(4, 5)
(4, 6)
(4, 6)
(4, 7)
(4, 8)
(4, 8)
(4, 9)
(4, 9)
(4, 10)
(4, 10)
(5, 1)
(5, 1)
(5, 2)
(5, 2)
(5, 3)
(5, 3)
(5, 4)
(5, 5)
(5, 5)
(5, 6)
(5, 6)
(5, 7)
(5, 7)
(5, 8)
(5, 8)
(5, 9)
(5, 9)
(5, 10)
(5, 10)
(6, 1)
(6, 1)
(6, 2)
(6, 2)
(6, 3)
(6, 4)
(6, 4)
(6, 5)
(6, 5)
(6, 6)
(6, 6)
(6, 7)
(6, 7)
(6, 8)
(6, 8)
(6, 9)
(6, 9)
(6, 10)
(6, 10)
(7, 1)
(7, 2)
(7, 2)
(7, 3)
(7, 3)
(7, 4)
(7, 5)
(7, 5)
(7, 6)
(7, 6)
(7, 7)
(7, 7)
(7, 8)
(7, 8)
(7, 9)
(7, 9)
(7, 10)
(7, 10)
(8, 1)
(8, 2)
(8, 2)
(8, 3)
(8, 3)
(8, 4)
(8, 4)
(8, 5)
(8, 5)
(8, 6)
(8, 6)
(8, 7)
(8, 7)
(8, 8)
(8, 9)
(8, 9)
(8, 10)
(8, 10)
(9, 1)
(9, 2)
(9, 2)
(9, 3)
(9, 3)
(9, 4)
(9, 4)
(9, 5)
(9, 5)
(9, 6)
(9, 6)
(9, 7)
(9, 7)
(9, 8)
(9, 9)
(9, 9)
(9, 10)
(9, 10)
(10, 1)
(10, 2)
(10, 2)
(10, 3)
(10, 3)
(10, 4)
(10, 4)
(10, 5)
(10, 5)
(10, 6)
(10, 6)
(10, 7)
(10, 7)
(10, 8)
(10, 9)
(10, 9)
(10, 10)
(10, 10)
(5, 4)
(5, 4)
(5, 4)
(5, 4)
(2, 3)
(1, 1)
(2, 1)
(2, 1)
(3, 1)
(3, 1)
(4, 1)
(4, 1)
(5, 1)
(5, 1)
(6, 1)
(6, 1)
(7, 1)
(8, 1)
(8, 1)
(9, 1)
(9, 1)
(10, 1)
(10, 1)
(1, 2)
(2, 2)
(2, 2)
(3, 2)
(3, 2)
(4, 2)
(4, 2)
(5, 2)
(5, 2)
(6, 2)
(6, 2)
(7, 2)
(8, 2)
(8, 2)
(9, 2)
(9, 2)
(10, 2)
(10, 2)
(1, 3)
(1, 3)
(2, 3)
(2, 3)
(3, 3)
(3, 3)
(4, 3)
(4, 3)
(5, 3)
(5, 3)
(6, 3)
(7, 3)
(7, 3)
(8, 3)
(9, 3)
(9, 3)
(10, 3)
(10, 3)
(1, 4)
(1, 4)
(2, 4)
(2, 4)
(3, 4)
(4, 4)
(4, 4)
(5, 4)
(5, 4)
(6, 4)
(7, 4)
(7, 4)
(8, 4)
(8, 4)
(9, 4)
(9, 4)
(10, 4)
(10, 4)
(1, 5)
(1, 5)
(2, 5)
(2, 5)
(3, 5)
(4, 5)
(4, 5)
(5, 5)
(5, 5)
(6, 5)
(7, 5)
(7, 5)
(8, 5)
(8, 5)
(9, 5)
(9, 5)
(10, 5)
(10, 5)
(1, 6)
(1, 6)
(2, 6)
(2, 6)
(3, 6)
(3, 6)
(4, 6)
(4, 6)
(5, 6)
(5, 6)
(6, 6)
(6, 6)
(7, 6)
(7, 6)
(8, 6)
(8, 6)
(9, 6)
(9, 6)
(10, 6)
(10, 6)
(1, 7)
(1, 7)
(2, 7)
(2, 7)
(3, 7)
(4, 7)
(4, 7)
(5, 7)
(5, 7)
(6, 7)
(6, 7)
(7, 7)
(7, 7)
(8, 7)
(8, 7)
(9, 7)
(9, 7)
(10, 7)
(10, 7)
(1, 8)
(1, 8)
(2, 8)
(2, 8)
(3, 8)
(4, 8)
(4, 8)
(5, 8)
(5, 8)
(6, 8)
(6, 8)
(7, 8)
(7, 8)
(8, 8)
(9, 8)
(9, 8)
(10, 8)
(10, 8)
(1, 9)
(2, 9)
(2, 9)
(3, 9)
(3, 9)
(4, 9)
(4, 9)
(5, 9)
(5, 9)
(6, 9)
(6, 9)
(7, 9)
(7, 9)
(8, 9)
(9, 9)
(9, 9)
(10, 9)
(10, 9)
(1, 10)
(2, 10)
(2, 10)
(3, 10)
(3, 10)
(4, 10)
(4, 10)
(5, 10)
(5, 10)
(6, 10)
(6, 10)
(7, 10)
(7, 10)
(8, 10)
(9, 10)
(9, 10)
(10, 10)
(10, 10)
(1, 1)
(1, 2)
(1, 2)
(1, 3)
(1, 3)
(1, 4)
(1, 4)
(1, 5)
(1, 5)
(1, 6)
(1, 6)
(1, 7)
(1, 7)
(1, 8)
(1, 8)
(1, 9)
(1, 10)
(1, 10)
(2, 1)
(2, 1)
(2, 2)
(2, 2)
(2, 3)
(2, 3)
(2, 4)
(2, 4)
(2, 5)
(2, 5)
(2, 6)
(2, 6)
(2, 7)
(2, 7)
(2, 8)
(2, 8)
(2, 9)
(2, 10)
(2, 10)
(3, 1)
(3, 1)
(3, 2)
(3, 2)
(3, 3)
(3, 3)
(3, 4)
(3, 5)
(3, 5)
(3, 6)
(3, 6)
(3, 7)
(3, 8)
(3, 8)
(3, 9)
(3, 9)
(3, 10)
(3, 10)
(4, 1)
(4, 1)
(4, 2)
(4, 2)
(4, 3)
(4, 3)
(4, 4)
(4, 5)
(4, 5)
(4, 6)
(4, 6)
(4, 7)
(4, 8)
(4, 8)
(4, 9)
(4, 9)
(4, 10)
(4, 10)
(5, 1Player 2: MOVE 3-9
Player 1: HIT

------------
|.xxxxx....|
|.x11xx....|
|xxxxx.x...|
|1x..x..xxx|
|1x..x..x1x|
|1xxxxxxx1x|
|1x..x1xxxx|
|xx..x1x...|
|..1.x1x...|
|....xxx...|
------------
Player 2: MOVE 3-10
Player 1: MISS

------------
|.xxxxx....|
|.x11xx....|
|xxxxx.x...|
|1x..x..xxx|
|1x..x..x1x|
|1xxxxxxx1x|
|1x..x1xxxx|
|xx..x1x...|
|..1.x1x...|
|..x.xxx...|
------------
Player 1: MOVE 8-1
Player 2: MISS
Player 2: MOVE 3-8
Player 1: HIT

------------
|.xxxxx....|
|.x11xx....|
|xxxxx.x...|
|1x..x..xxx|
|1x..x..x1x|
|1xxxxxxx1x|
|1x..x1xxxx|
|xx1.x1x...|
|..1.x1x...|
|..x.xxx...|
------------
Player 2: MOVE 3-7
Player 1: KILL

------------
|.xxxxx....|
|.x11xx....|
|xxxxx.x...|
|1x..x..xxx|
|1x..x..x1x|
|1xxxxxxx1x|
|1x1xx1xxxx|
|xx1xx1x...|
|.x1xx1x...|
|.xxxxxx...|
------------
)
(5, 1)
(5, 2)
(5, 2)
(5, 3)
(5, 3)
(5, 4)
(5, 4)
(5, 5)
(5, 5)
(5, 6)
(5, 6)
(5, 7)
(5, 7)
(5, 8)
(5, 8)
(5, 9)
(5, 9)
(5, 10)
(5, 10)
(6, 1)
(6, 1)
(6, 2)
(6, 2)
(6, 3)
(6, 4)
(6, 4)
(6, 5)
(6, 5)
(6, 6)
(6, 6)
(6, 7)
(6, 7)
(6, 8)
(6, 8)
(6, 9)
(6, 9)
(6, 10)
(6, 10)
(7, 1)
(7, 2)
(7, 2)
(7, 3)
(7, 3)
(7, 4)
(7, 5)
(7, 5)
(7, 6)
(7, 6)
(7, 7)
(7, 7)
(7, 8)
(7, 8)
(7, 9)
(7, 9)
(7, 10)
(7, 10)
(8, 1)
(8, 2)
(8, 2)
(8, 3)
(8, 3)
(8, 4)
(8, 4)
(8, 5)
(8, 5)
(8, 6)
(8, 6)
(8, 7)
(8, 7)
(8, 8)
(8, 9)
(8, 9)
(8, 10)
(8, 10)
(9, 1)
(9, 2)
(9, 2)
(9, 3)
(9, 3)
(9, 4)
(9, 4)
(9, 5)
(9, 5)
(9, 6)
(9, 6)
(9, 7)
(9, 7)
(9, 8)
(9, 9)
(9, 9)
(9, 10)
(9, 10)
(10, 1)
(10, 2)
(10, 2)
(10, 3)
(10, 3)
(10, 4)
(10, 4)
(10, 5)
(10, 5)
(10, 6)
(10, 6)
(10, 7)
(10, 7)
(10, 8)
(10, 9)
(10, 9)
(10, 10)
(10, 10)
(3, 9)
(3, 9)
(3, 9)
(3, 9)
(2, 8)
(2, 9)
(2, 10)
(3, 8)
(3, 10)
(4, 8)
(4, 9)
(4, 10)
cf pos (3, 9), d 1, c 1
(3, 10)
(3, 10)
(3, 10)
(3, 10)
(2, 8)
(2, 9)
(2, 10)
(3, 8)
(3, 10)
(4, 8)
(4, 9)
(4, 10)
cf pos (3, 9), d 1, c 1
(3, 10)
(3, 10)
cf pos (3, 9), d -1, c 1
(3, 8)
(3, 8)
(8, 1)
(3, 8)
(3, 8)
(2, 7)
(2, 8)
(2, 9)
(3, 7)
(3, 9)
cf pos (3, 8), d 1, c 1
(3, 9)
(3, 9)
(3, 10)
(3, 10)
cf pos (3, 8), d -1, c 1
(3, 7)
(3, 7)
(3, 7)
(3, 7)
(2, 6)
(2, 7)
(2, 8)
(3, 6)
(3, 8)
(4, 6)
(4, 7)
(4, 7)
(4, 8)
(4, 8)
(2, 7)
(2, 8)
(2, 9)
(2, 9)
(3, 7)
(3, 9)
(4, 7)
(4, 8)
(4, 9)
(4, 9)
(2, 8)
(2, 9)
(2, 10)
(2, 10)
(3, 8)
(3, 10)
(4, 8)
(4, 9)
(4, 10)
(4, 10)
(1, 1)
(2, 1)
(2, 1)
(3, 1)
(3, 1)
(4, 1)
(4, 1)
(5, 1)
(5, 1)
(6, 1)
(6, 1)
(7, 1)
(8, 1)
(8, 1)
(9, 1)
(9, 1)
(10, 1)
(10, 1)
(1, 2)
(2, 2)
(2, 2)
(3, 2)
(3, 2)
(4, 2)
(4, 2)
(5, 2)
(5, 2)
(6, 2)
(6, 2)
(7, 2)
(8, 2)
(8, 2)
(9, 2)
(9, 2)
(10, 2)
(10, 2)
(1, 3)
(1, 3)
(2, 3)
(2, 3)
(3, 3)
(3, 3)
(4, 3)
(4, 3)
(5, 3)
(5, 3)
(6, 3)
(7, 3)
(7, 3)
(8, 3)
(9, 3)
(9, 3)
(10, 3)
(10, 3)
(1, 4)
(1, 4)
(2, 4)
(2, 4)
(3, 4)
(4, 4)
(4, 4)
(5, 4)
(5, 4)
(6, 4)
(7, 4)
(7, 4)
(8, 4)
(8, 4)
(9, 4)
(9, 4)
(10, 4)
(10, 4)
(1, 5)
(1, 5)
(2, 5)
(2, 5)
(3, 5)
(4, 5)
(4, 5)
(5, 5)
(5, 5)
(6, 5)
(7, 5)
(7, 5)
(8, 5)
(8, 5)
(9, 5)
(9, 5)
(10, 5)
(10, 5)
(1, 6)
(1, 6)
(2, 6)
(2, 6)
(3, 6)
(3, 6)
(4, 6)
(4, 6)
(5, 6)
(5, 6)
(6, 6)
(6, 6)
(7, 6)
(7, 6)
(8, 6)
(8, 6)
(9, 6)
(9, 6)
(10, 6)
(10, 6)
(1, 7)
(1, 7)
(2, 7)
(2, 7)
(3, 7)
(3, 7)
(4, 7)
(4, 7)
(5, 7)
(5, 7)
(6, 7)
(6, 7)
(7, 7)
(7, 7)
(8, 7)
(8, 7)
(9, 7)
(9, 7)
(10, 7)
(10, 7)
(1, 8)
(1, 8)
(2, 8)
(2, 8)
(3, 8)
(3, 8)
(4, 8)
(4, 8)
(5, 8)
(5, 8)
(6, 8)
(6, 8)
(7, 8)
(7, 8)
(8, 8)
(9, 8)
(9, 8)
(10, 8)
(10, 8)
(1, 9)
(2, 9)
(2, 9)
(3, 9)
(3, 9)
(4, 9)
(4, 9)
(5, 9)
(5, 9)
(6, 9)
(6, 9)
(7, 9)
(7, 9)
(8, 9)
(9, 9)
(9, 9)
(10, 9)
(10, 9)
(1, 10)
(2, 10)
(2, 10)
(3, 10)
(3, 10)
(4, 10)
(4, 10)
(5, 10)
(5, 10)
(6, 10)
(6, 10)
(7, 10)
(7, 10)
(8, 10)
(9, 10)
(9, 10)
(10, 10)
(10, 10)
(1, 1)
(1, 2)
(1, 2)
(1, 3)
(1, 3)
(1, 4)
(1, 4)
(1, 5)
(1, 5)
(1, 6)
(1, 6)
(1, 7)
(1, 7)
(1, 8)
(1, 8)
(1, 9)
(1, 10)
(1, 10)
(2, 1)
(2, 1)
(2, 2)
(2, 2)
(2, 3)
(2, 3)
(2, 4)
(2, 4)
(2, 5)
(2, 5)
(2, 6)
(2, 6)
(2, 7)
(2, 7)
(2, 8)
(2, 8)
(2, 9)
(2, 9)
(2, 10)
(2, 10)
(3, 1)
(3, 1)
(3, 2)
(3, 2)
(3, 3)
(3, 3)
(3, 4)
(3, 5)
(3, 5)
(3, 6)
(3, 6)
(3, 7)
(3, 7)
(3, 8)
(3, 8)
(3, 9)
(3, 9)
(3, 10)
(3, 10)
(4, 1)
(4, 1)
(4, 2)
(4, 2)
(4, 3)
(4, 3)
(4, 4)
(4, 5)
(4, 5)
(4, 6)
(4, 6)
(4, 7)
(4, 7)
(4, 8)
(4, 8)
(4, 9)
(4, 9)
(4, 10)
(4, 10)
(5, 1)
(5, 1)
(5, 2)
(5, 2)
(5, 3)
(5, 3)
(5, 4)
(5, 4)
(5, 5)
(5, 5)
(5, 6)
(5, 6)
(5, 7)
(5, 7)
(5, 8)
(5, 8)
(5, 9)
(5, 9)
(5, 10)
(5, 10)
(6, 1)
(6, 1)
(6, 2)
(6, 2)
(6, 3)
(6, 4)
(6, 4)
(6, 5)
(6, 5)
(6, 6)
(6, 6)
(6, 7)
(6, 7)
(6, 8)
(6, 8)
(6, 9)
(6, 9)
(6, 10)
(6, 10)
(7, 1)
(7, 2)
(7, 2)
(7, 3)
(7, 3)
(7, 4)
(7, 5)
(7, 5)
(7, 6)
(7, 6)
(7, 7)
(7, 7)
(7, 8)
(7, 8)
(7, 9)
(7, 9)
(7, 10)
(7, 10)
(8, 1)
(8, 2)
(8, 2)
(8, 3)
(8, 3)
(8, 4)
(8, 4)
(8, 5)
(8, 5)
(8, 6)
(8, 6)
(8, 7)
(8, 7)
(8, 8)
(8, 9)
(8, 9)
(8, 10)
(8, 10)
(9, 1)
(9, 2)
(9, 2)
(9, 3)
(9, 3)
(9, 4)
(9, 4)
(9, 5)
(9, 5)
(9, 6)
(9, 6)
(9, 7)
(9, 7)
(9, 8)
(9, 9)
(9, 9)
(9, 10)
(9, 10)
(10, 1)
(10, 2)
(10, 2)
(10, 3)
(10, 3)
(10, 4)
(10, 4)
(10, 5)
(10, 5)
(10, 6)
(10, 6)
(10, 7)
(10, Player 2: MOVE 9-2
Player 1: MISS

------------
|.xxxxx....|
|.x11xx..x.|
|xxxxx.x...|
|1x..x..xxx|
|1x..x..x1x|
|1xxxxxxx1x|
|1x1xx1xxxx|
|xx1xx1x...|
|.x1xx1x...|
|.xxxxxx...|
------------
Player 1: MOVE 9-10
Player 2: HIT
Player 1: MOVE 10-10
Player 2: KILL
Player 1: MOVE 5-10
Player 2: MISS
Player 2: MOVE 9-1
Player 1: MISS

------------
|.xxxxx..x.|
|.x11xx..x.|
|xxxxx.x...|
|1x..x..xxx|
|1x..x..x1x|
|1xxxxxxx1x|
|1x1xx1xxxx|
|xx1xx1x...|
|.x1xx1x...|
|.xxxxxx...|
------------
Player 1: MOVE 6-5
Player 2: MISS
7)
(10, 8)
(10, 9)
(10, 9)
(10, 10)
(10, 10)
(9, 2)
(9, 2)
(9, 2)
(9, 2)
(9, 10)
(10, 10)
(5, 10)
(1, 1)
(2, 1)
(2, 1)
(3, 1)
(3, 1)
(4, 1)
(4, 1)
(5, 1)
(5, 1)
(6, 1)
(6, 1)
(7, 1)
(8, 1)
(8, 1)
(9, 1)
(9, 1)
(10, 1)
(10, 1)
(1, 2)
(2, 2)
(2, 2)
(3, 2)
(3, 2)
(4, 2)
(4, 2)
(5, 2)
(5, 2)
(6, 2)
(6, 2)
(7, 2)
(8, 2)
(8, 2)
(9, 2)
(9, 2)
(10, 2)
(1, 3)
(1, 3)
(2, 3)
(2, 3)
(3, 3)
(3, 3)
(4, 3)
(4, 3)
(5, 3)
(5, 3)
(6, 3)
(7, 3)
(7, 3)
(8, 3)
(9, 3)
(9, 3)
(10, 3)
(10, 3)
(1, 4)
(1, 4)
(2, 4)
(2, 4)
(3, 4)
(4, 4)
(4, 4)
(5, 4)
(5, 4)
(6, 4)
(7, 4)
(7, 4)
(8, 4)
(8, 4)
(9, 4)
(9, 4)
(10, 4)
(10, 4)
(1, 5)
(1, 5)
(2, 5)
(2, 5)
(3, 5)
(4, 5)
(4, 5)
(5, 5)
(5, 5)
(6, 5)
(7, 5)
(7, 5)
(8, 5)
(8, 5)
(9, 5)
(9, 5)
(10, 5)
(10, 5)
(1, 6)
(1, 6)
(2, 6)
(2, 6)
(3, 6)
(3, 6)
(4, 6)
(4, 6)
(5, 6)
(5, 6)
(6, 6)
(6, 6)
(7, 6)
(7, 6)
(8, 6)
(8, 6)
(9, 6)
(9, 6)
(10, 6)
(10, 6)
(1, 7)
(1, 7)
(2, 7)
(2, 7)
(3, 7)
(3, 7)
(4, 7)
(4, 7)
(5, 7)
(5, 7)
(6, 7)
(6, 7)
(7, 7)
(7, 7)
(8, 7)
(8, 7)
(9, 7)
(9, 7)
(10, 7)
(10, 7)
(1, 8)
(1, 8)
(2, 8)
(2, 8)
(3, 8)
(3, 8)
(4, 8)
(4, 8)
(5, 8)
(5, 8)
(6, 8)
(6, 8)
(7, 8)
(7, 8)
(8, 8)
(9, 8)
(9, 8)
(10, 8)
(10, 8)
(1, 9)
(2, 9)
(2, 9)
(3, 9)
(3, 9)
(4, 9)
(4, 9)
(5, 9)
(5, 9)
(6, 9)
(6, 9)
(7, 9)
(7, 9)
(8, 9)
(9, 9)
(9, 9)
(10, 9)
(10, 9)
(1, 10)
(2, 10)
(2, 10)
(3, 10)
(3, 10)
(4, 10)
(4, 10)
(5, 10)
(5, 10)
(6, 10)
(6, 10)
(7, 10)
(7, 10)
(8, 10)
(9, 10)
(9, 10)
(10, 10)
(10, 10)
(1, 1)
(1, 2)
(1, 2)
(1, 3)
(1, 3)
(1, 4)
(1, 4)
(1, 5)
(1, 5)
(1, 6)
(1, 6)
(1, 7)
(1, 7)
(1, 8)
(1, 8)
(1, 9)
(1, 10)
(1, 10)
(2, 1)
(2, 1)
(2, 2)
(2, 2)
(2, 3)
(2, 3)
(2, 4)
(2, 4)
(2, 5)
(2, 5)
(2, 6)
(2, 6)
(2, 7)
(2, 7)
(2, 8)
(2, 8)
(2, 9)
(2, 9)
(2, 10)
(2, 10)
(3, 1)
(3, 1)
(3, 2)
(3, 2)
(3, 3)
(3, 3)
(3, 4)
(3, 5)
(3, 5)
(3, 6)
(3, 6)
(3, 7)
(3, 7)
(3, 8)
(3, 8)
(3, 9)
(3, 9)
(3, 10)
(3, 10)
(4, 1)
(4, 1)
(4, 2)
(4, 2)
(4, 3)
(4, 3)
(4, 4)
(4, 5)
(4, 5)
(4, 6)
(4, 6)
(4, 7)
(4, 7)
(4, 8)
(4, 8)
(4, 9)
(4, 9)
(4, 10)
(4, 10)
(5, 1)
(5, 1)
(5, 2)
(5, 2)
(5, 3)
(5, 3)
(5, 4)
(5, 4)
(5, 5)
(5, 5)
(5, 6)
(5, 6)
(5, 7)
(5, 7)
(5, 8)
(5, 8)
(5, 9)
(5, 9)
(5, 10)
(5, 10)
(6, 1)
(6, 1)
(6, 2)
(6, 2)
(6, 3)
(6, 4)
(6, 4)
(6, 5)
(6, 5)
(6, 6)
(6, 6)
(6, 7)
(6, 7)
(6, 8)
(6, 8)
(6, 9)
(6, 9)
(6, 10)
(6, 10)
(7, 1)
(7, 2)
(7, 2)
(7, 3)
(7, 3)
(7, 4)
(7, 5)
(7, 5)
(7, 6)
(7, 6)
(7, 7)
(7, 7)
(7, 8)
(7, 8)
(7, 9)
(7, 9)
(7, 10)
(7, 10)
(8, 1)
(8, 2)
(8, 2)
(8, 3)
(8, 3)
(8, 4)
(8, 4)
(8, 5)
(8, 5)
(8, 6)
(8, 6)
(8, 7)
(8, 7)
(8, 8)
(8, 9)
(8, 9)
(8, 10)
(8, 10)
(9, 1)
(9, 2)
(9, 2)
(9, 3)
(9, 4)
(9, 4)
(9, 5)
(9, 5)
(9, 6)
(9, 6)
(9, 7)
(9, 7)
(9, 8)
(9, 9)
(9, 9)
(9, 10)
(9, 10)
(10, 1)
(10, 2)
(10, 2)
(10, 3)
(10, 3)
(10, 4)
(10, 4)
(10, 5)
(10, 5)
(10, 6)
(10, 6)
(10, 7)
(10, 7)
(10, 8)
(10, 9)
(10, 9)
(10, 10)
(10, 10)
(9, 1)
(9, 1)
(9, 1)
(9, 1)
(6, 5)
(1, 1)
(2, 1)
(2, 1)
(3, 1)
(3, 1)
(4, 1)
(4, 1)
(5, 1)
(5, 1)
(6, 1)
(6, 1)
(7, 1)
(8, 1)
(8, 1)
(9, 1)
(9, 1)
(10, 1)
(1, 2)
(2, 2)
(2, 2)
(3, 2)
(3, 2)
(4, 2)
(4, 2)
(5, 2)
(5, 2)
(6, 2)
(6, 2)
(7, 2)
(8, 2)
(8, 2)
(9, 2)
(9, 2)
(10, 2)
(1, 3)
(1, 3)
(2, 3)
(2, 3)
(3, 3)
(3, 3)
(4, 3)
(4, 3)
(5, 3)
(5, 3)
(6, 3)
(7, 3)
(7, 3)
(8, 3)
(9, 3)
(9, 3)
(10, 3)
(10, 3)
(1, 4)
(1, 4)
(2, 4)
(2, 4)
(3, 4)
(4, 4)
(4, 4)
(5, 4)
(5, 4)
(6, 4)
(7, 4)
(7, 4)
(8, 4)
(8, 4)
(9, 4)
(9, 4)
(10, 4)
(10, 4)
(1, 5)
(1, 5)
(2, 5)
(2, 5)
(3, 5)
(4, 5)
(4, 5)
(5, 5)
(5, 5)
(6, 5)
(7, 5)
(7, 5)
(8, 5)
(8, 5)
(9, 5)
(9, 5)
(10, 5)
(10, 5)
(1, 6)
(1, 6)
(2, 6)
(2, 6)
(3, 6)
(3, 6)
(4, 6)
(4, 6)
(5, 6)
(5, 6)
(6, 6)
(6, 6)
(7, 6)
(7, 6)
(8, 6)
(8, 6)
(9, 6)
(9, 6)
(10, 6)
(10, 6)
(1, 7)
(1, 7)
(2, 7)
(2, 7)
(3, 7)
(3, 7)
(4, 7)
(4, 7)
(5, 7)
(5, 7)
(6, 7)
(6, 7)
(7, 7)
(7, 7)
(8, 7)
(8, 7)
(9, 7)
(9, 7)
(10, 7)
(10, 7)
(1, 8)
(1, 8)
(2, 8)
(2, 8)
(3, 8)
(3, 8)
(4, 8)
(4, 8)
(5, 8)
(5, 8)
(6, 8)
(6, 8)
(7, 8)
(7, 8)
(8, 8)
(9, 8)
(9, 8)
(10, 8)
(10, 8)
(1, 9)
(2, 9)
(2, 9)
(3, 9)
(3, 9)
(4, 9)
(4, 9)
(5, 9)
(5, 9)
(6, 9)
(6, 9)
(7, 9)
(7, 9)
(8, 9)
(9, 9)
(9, 9)
(10, 9)
(10, 9)
(1, 10)
(2, 10)
(2, 10)
(3, 10)
(3, 10)
(4, 10)
(4, 10)
(5, 10)
(5, 10)
(6, 10)
(6, 10)
(7, 10)
(7, 10)
(8, 10)
(9, 10)
(9, 10)Player 2: MOVE 6-4
Player 1: MISS

------------
|.xxxxx..x.|
|.x11xx..x.|
|xxxxx.x...|
|1x..xx.xxx|
|1x..x..x1x|
|1xxxxxxx1x|
|1x1xx1xxxx|
|xx1xx1x...|
|.x1xx1x...|
|.xxxxxx...|
------------
Player 1: MOVE 1-4
Player 2: HIT
Player 1: MOVE 1-5
Player 2: MISS
Player 2: MOVE 9-9
Player 1: HIT

(10, 10)
(10, 10)
(1, 1)
(1, 2)
(1, 2)
(1, 3)
(1, 3)
(1, 4)
(1, 4)
(1, 5)
(1, 5)
(1, 6)
(1, 6)
(1, 7)
(1, 7)
(1, 8)
(1, 8)
(1, 9)
(1, 10)
(1, 10)
(2, 1)
(2, 1)
(2, 2)
(2, 2)
(2, 3)
(2, 3)
(2, 4)
(2, 4)
(2, 5)
(2, 5)
(2, 6)
(2, 6)
(2, 7)
(2, 7)
(2, 8)
(2, 8)
(2, 9)
(2, 9)
(2, 10)
(2, 10)
(3, 1)
(3, 1)
(3, 2)
(3, 2)
(3, 3)
(3, 3)
(3, 4)
(3, 5)
(3, 5)
(3, 6)
(3, 6)
(3, 7)
(3, 7)
(3, 8)
(3, 8)
(3, 9)
(3, 9)
(3, 10)
(3, 10)
(4, 1)
(4, 1)
(4, 2)
(4, 2)
(4, 3)
(4, 3)
(4, 4)
(4, 5)
(4, 5)
(4, 6)
(4, 6)
(4, 7)
(4, 7)
(4, 8)
(4, 8)
(4, 9)
(4, 9)
(4, 10)
(4, 10)
(5, 1)
(5, 1)
(5, 2)
(5, 2)
(5, 3)
(5, 3)
(5, 4)
(5, 4)
(5, 5)
(5, 5)
(5, 6)
(5, 6)
(5, 7)
(5, 7)
(5, 8)
(5, 8)
(5, 9)
(5, 9)
(5, 10)
(5, 10)
(6, 1)
(6, 1)
(6, 2)
(6, 2)
(6, 3)
(6, 4)
(6, 4)
(6, 5)
(6, 5)
(6, 6)
(6, 6)
(6, 7)
(6, 7)
(6, 8)
(6, 8)
(6, 9)
(6, 9)
(6, 10)
(6, 10)
(7, 1)
(7, 2)
(7, 2)
(7, 3)
(7, 3)
(7, 4)
(7, 5)
(7, 5)
(7, 6)
(7, 6)
(7, 7)
(7, 7)
(7, 8)
(7, 8)
(7, 9)
(7, 9)
(7, 10)
(7, 10)
(8, 1)
(8, 2)
(8, 2)
(8, 3)
(8, 3)
(8, 4)
(8, 4)
(8, 5)
(8, 5)
(8, 6)
(8, 6)
(8, 7)
(8, 7)
(8, 8)
(8, 9)
(8, 9)
(8, 10)
(8, 10)
(9, 1)
(9, 1)
(9, 2)
(9, 2)
(9, 3)
(9, 4)
(9, 4)
(9, 5)
(9, 5)
(9, 6)
(9, 6)
(9, 7)
(9, 7)
(9, 8)
(9, 9)
(9, 9)
(9, 10)
(9, 10)
(10, 1)
(10, 2)
(10, 2)
(10, 3)
(10, 3)
(10, 4)
(10, 4)
(10, 5)
(10, 5)
(10, 6)
(10, 6)
(10, 7)
(10, 7)
(10, 8)
(10, 9)
(10, 9)
(10, 10)
(10, 10)
(6, 4)
(6, 4)
(6, 4)
(6, 4)
(1, 4)
(1, 5)
(1, 1)
(2, 1)
(2, 1)
(3, 1)
(3, 1)
(4, 1)
(4, 1)
(5, 1)
(5, 1)
(6, 1)
(6, 1)
(7, 1)
(8, 1)
(8, 1)
(9, 1)
(9, 1)
(10, 1)
(1, 2)
(2, 2)
(2, 2)
(3, 2)
(3, 2)
(4, 2)
(4, 2)
(5, 2)
(5, 2)
(6, 2)
(6, 2)
(7, 2)
(8, 2)
(8, 2)
(9, 2)
(9, 2)
(10, 2)
(1, 3)
(1, 3)
(2, 3)
(2, 3)
(3, 3)
(3, 3)
(4, 3)
(4, 3)
(5, 3)
(5, 3)
(6, 3)
(7, 3)
(7, 3)
(8, 3)
(9, 3)
(9, 3)
(10, 3)
(10, 3)
(1, 4)
(1, 4)
(2, 4)
(2, 4)
(3, 4)
(4, 4)
(4, 4)
(5, 4)
(5, 4)
(6, 4)
(6, 4)
(7, 4)
(8, 4)
(8, 4)
(9, 4)
(9, 4)
(10, 4)
(10, 4)
(1, 5)
(1, 5)
(2, 5)
(2, 5)
(3, 5)
(4, 5)
(4, 5)
(5, 5)
(5, 5)
(6, 5)
(7, 5)
(7, 5)
(8, 5)
(8, 5)
(9, 5)
(9, 5)
(10, 5)
(10, 5)
(1, 6)
(1, 6)
(2, 6)
(2, 6)
(3, 6)
(3, 6)
(4, 6)
(4, 6)
(5, 6)
(5, 6)
(6, 6)
(6, 6)
(7, 6)
(7, 6)
(8, 6)
(8, 6)
(9, 6)
(9, 6)
(10, 6)
(10, 6)
(1, 7)
(1, 7)
(2, 7)
(2, 7)
(3, 7)
(3, 7)
(4, 7)
(4, 7)
(5, 7)
(5, 7)
(6, 7)
(6, 7)
(7, 7)
(7, 7)
(8, 7)
(8, 7)
(9, 7)
(9, 7)
(10, 7)
(10, 7)
(1, 8)
(1, 8)
(2, 8)
(2, 8)
(3, 8)
(3, 8)
(4, 8)
(4, 8)
(5, 8)
(5, 8)
(6, 8)
(6, 8)
(7, 8)
(7, 8)
(8, 8)
(9, 8)
(9, 8)
(10, 8)
(10, 8)
(1, 9)
(2, 9)
(2, 9)
(3, 9)
(3, 9)
(4, 9)
(4, 9)
(5, 9)
(5, 9)
(6, 9)
(6, 9)
(7, 9)
(7, 9)
(8, 9)
(9, 9)
(9, 9)
(10, 9)
(10, 9)
(1, 10)
(2, 10)
(2, 10)
(3, 10)
(3, 10)
(4, 10)
(4, 10)
(5, 10)
(5, 10)
(6, 10)
(6, 10)
(7, 10)
(7, 10)
(8, 10)
(9, 10)
(9, 10)
(10, 10)
(10, 10)
(1, 1)
(1, 2)
(1, 2)
(1, 3)
(1, 3)
(1, 4)
(1, 4)
(1, 5)
(1, 5)
(1, 6)
(1, 6)
(1, 7)
(1, 7)
(1, 8)
(1, 8)
(1, 9)
(1, 10)
(1, 10)
(2, 1)
(2, 1)
(2, 2)
(2, 2)
(2, 3)
(2, 3)
(2, 4)
(2, 4)
(2, 5)
(2, 5)
(2, 6)
(2, 6)
(2, 7)
(2, 7)
(2, 8)
(2, 8)
(2, 9)
(2, 9)
(2, 10)
(2, 10)
(3, 1)
(3, 1)
(3, 2)
(3, 2)
(3, 3)
(3, 3)
(3, 4)
(3, 5)
(3, 5)
(3, 6)
(3, 6)
(3, 7)
(3, 7)
(3, 8)
(3, 8)
(3, 9)
(3, 9)
(3, 10)
(3, 10)
(4, 1)
(4, 1)
(4, 2)
(4, 2)
(4, 3)
(4, 3)
(4, 4)
(4, 5)
(4, 5)
(4, 6)
(4, 6)
(4, 7)
(4, 7)
(4, 8)
(4, 8)
(4, 9)
(4, 9)
(4, 10)
(4, 10)
(5, 1)
(5, 1)
(5, 2)
(5, 2)
(5, 3)
(5, 3)
(5, 4)
(5, 4)
(5, 5)
(5, 5)
(5, 6)
(5, 6)
(5, 7)
(5, 7)
(5, 8)
(5, 8)
(5, 9)
(5, 9)
(5, 10)
(5, 10)
(6, 1)
(6, 1)
(6, 2)
(6, 2)
(6, 3)
(6, 4)
(6, 4)
(6, 5)
(6, 6)
(6, 6)
(6, 7)
(6, 7)
(6, 8)
(6, 8)
(6, 9)
(6, 9)
(6, 10)
(6, 10)
(7, 1)
(7, 2)
(7, 2)
(7, 3)
(7, 3)
(7, 4)
(7, 5)
(7, 5)
(7, 6)
(7, 6)
(7, 7)
(7, 7)
(7, 8)
(7, 8)
(7, 9)
(7, 9)
(7, 10)
(7, 10)
(8, 1)
(8, 2)
(8, 2)
(8, 3)
(8, 3)
(8, 4)
(8, 4)
(8, 5)
(8, 5)
(8, 6)
(8, 6)
(8, 7)
(8, 7)
(8, 8)
(8, 9)
(8, 9)
(8, 10)
(8, 10)
(9, 1)
(9, 1)
(9, 2)
(9, 2)
(9, 3)
(9, 4)
(9, 4)
(9, 5)
(9, 5)
(9, 6)
(9, 6)
(9, 7)
(9, 7)
(9, 8)
(9, 9)
(9, 9)
(9, 10)
(9, 10)
(10, 1)
(10, 2)
(10, 2)
(10, 3)
(10, 3)
(10, 4)
(10, 4)
(10, 5)
(10, 5)
(10, 6)
(10, 6)
(10, 7)
(10, 7)
(10, 8)
(10, 9)
(10, 9)
(10, 10)
(10, 10)
(9, 9)
(9, 9)
(9, 9)
(9, 9)
(8,
------------
|.xxxxx..x.|
|.x11xx..x.|
|xxxxx.x...|
|1x..xx.xxx|
|1x..x..x1x|
|1xxxxxxx1x|
|1x1xx1xxxx|
|xx1xx1x...|
|.x1xx1x.1.|
|.xxxxxx...|
------------
Player 2: MOVE 9-10
Player 1: MISS

------------
|.xxxxx..x.|
|.x11xx..x.|
|xxxxx.x...|
|1x..xx.xxx|
|1x..x..x1x|
|1xxxxxxx1x|
|1x1xx1xxxx|
|xx1xx1x...|
|.x1xx1x.1.|
|.xxxxxx.x.|
------------
Player 1: MOVE 2-4
Player 2: MISS
Player 2: MOVE 9-8
Player 1: MISS

------------
|.xxxxx..x.|
|.x11xx..x.|
|xxxxx.x...|
|1x..xx.xxx|
|1x..x..x1x|
|1xxxxxxx1x|
|1x1xx1xxxx|
|xx1xx1x.x.|
|.x1xx1x.1.|
|.xxxxxx.x.|
------------
Player 1: MOVE 1-3
Player 2: HIT
Player 1: MOVE 1-2
Player 2: KILL
Player 1: MOVE 4-7
Player 2: KILL
Player 1: MOVE 10-1
Player 2: MISS
Player 2: MOVE 10-9
Player 1: KILL

------------
|.xxxxx..x.|
|.x11xx..x.|
|xxxxx.x...|
|1x..xx.xxx|
|1x..x..x1x|
|1xxxxxxx1x|
|1x1xx1xxxx|
|xx1xx1xxxx|
|.x1xx1xx11|
|.xxxxxxxxx|
------------
Player 2: MOVE 10-2
Player 1: MISS

------------
|.xxxxx..x.|
|.x11xx..xx|
|xxxxx.x...|
|1x..xx.xxx|
|1x..x..x1x|
|1xxxxxxx1x|
|1x1xx1xxxx|
|xx1xx1xxxx|
|.x1xx1xx11|
|.xxxxxxxxx|
------------
Player 1: MOVE 1-10
Player 2: MISS
 8)
(8, 9)
(8, 10)
(9, 8)
(9, 10)
(10, 8)
(10, 9)
(10, 10)
cf pos (9, 9), d 1, c 1
(9, 10)
(9, 10)
(9, 10)
(9, 10)
(8, 8)
(8, 9)
(8, 10)
(9, 8)
(9, 10)
(10, 8)
(10, 9)
(10, 10)
cf pos (9, 9), d 1, c 1
(9, 10)
(9, 10)
cf pos (9, 9), d -1, c 1
(9, 8)
(9, 8)
(2, 4)
(9, 8)
(9, 8)
(8, 8)
(8, 9)
(8, 10)
(9, 8)
(9, 10)
(10, 8)
(10, 9)
(10, 10)
cf pos (9, 9), d 1, c 1
(9, 10)
(9, 10)
cf pos (9, 9), d -1, c 1
(9, 8)
(9, 8)
cf pos (9, 9), d 1, c 0
(10, 9)
(10, 9)
(1, 3)
(1, 2)
(4, 7)
(10, 1)
(10, 9)
(10, 9)
(9, 8)
(9, 9)
(9, 10)
(10, 8)
(10, 8)
(10, 10)
(10, 10)
(8, 8)
(8, 8)
(8, 9)
(8, 9)
(8, 10)
(8, 10)
(9, 8)
(9, 10)
(10, 8)
(10, 9)
(10, 10)
(1, 1)
(2, 1)
(2, 1)
(3, 1)
(3, 1)
(4, 1)
(4, 1)
(5, 1)
(5, 1)
(6, 1)
(6, 1)
(7, 1)
(8, 1)
(8, 1)
(9, 1)
(9, 1)
(10, 1)
(1, 2)
(2, 2)
(2, 2)
(3, 2)
(3, 2)
(4, 2)
(4, 2)
(5, 2)
(5, 2)
(6, 2)
(6, 2)
(7, 2)
(8, 2)
(8, 2)
(9, 2)
(9, 2)
(10, 2)
(1, 3)
(1, 3)
(2, 3)
(2, 3)
(3, 3)
(3, 3)
(4, 3)
(4, 3)
(5, 3)
(5, 3)
(6, 3)
(7, 3)
(7, 3)
(8, 3)
(9, 3)
(9, 3)
(10, 3)
(10, 3)
(1, 4)
(1, 4)
(2, 4)
(2, 4)
(3, 4)
(4, 4)
(4, 4)
(5, 4)
(5, 4)
(6, 4)
(6, 4)
(7, 4)
(8, 4)
(8, 4)
(9, 4)
(9, 4)
(10, 4)
(10, 4)
(1, 5)
(1, 5)
(2, 5)
(2, 5)
(3, 5)
(4, 5)
(4, 5)
(5, 5)
(5, 5)
(6, 5)
(7, 5)
(7, 5)
(8, 5)
(8, 5)
(9, 5)
(9, 5)
(10, 5)
(10, 5)
(1, 6)
(1, 6)
(2, 6)
(2, 6)
(3, 6)
(3, 6)
(4, 6)
(4, 6)
(5, 6)
(5, 6)
(6, 6)
(6, 6)
(7, 6)
(7, 6)
(8, 6)
(8, 6)
(9, 6)
(9, 6)
(10, 6)
(10, 6)
(1, 7)
(1, 7)
(2, 7)
(2, 7)
(3, 7)
(3, 7)
(4, 7)
(4, 7)
(5, 7)
(5, 7)
(6, 7)
(6, 7)
(7, 7)
(7, 7)
(8, 7)
(8, 7)
(9, 7)
(9, 7)
(10, 7)
(10, 7)
(1, 8)
(1, 8)
(2, 8)
(2, 8)
(3, 8)
(3, 8)
(4, 8)
(4, 8)
(5, 8)
(5, 8)
(6, 8)
(6, 8)
(7, 8)
(7, 8)
(8, 8)
(8, 8)
(9, 8)
(9, 8)
(10, 8)
(10, 8)
(1, 9)
(2, 9)
(2, 9)
(3, 9)
(3, 9)
(4, 9)
(4, 9)
(5, 9)
(5, 9)
(6, 9)
(6, 9)
(7, 9)
(7, 9)
(8, 9)
(8, 9)
(9, 9)
(9, 9)
(10, 9)
(10, 9)
(1, 10)
(2, 10)
(2, 10)
(3, 10)
(3, 10)
(4, 10)
(4, 10)
(5, 10)
(5, 10)
(6, 10)
(6, 10)
(7, 10)
(7, 10)
(8, 10)
(8, 10)
(9, 10)
(9, 10)
(10, 10)
(10, 10)
(1, 1)
(1, 2)
(1, 2)
(1, 3)
(1, 3)
(1, 4)
(1, 4)
(1, 5)
(1, 5)
(1, 6)
(1, 6)
(1, 7)
(1, 7)
(1, 8)
(1, 8)
(1, 9)
(1, 10)
(1, 10)
(2, 1)
(2, 1)
(2, 2)
(2, 2)
(2, 3)
(2, 3)
(2, 4)
(2, 4)
(2, 5)
(2, 5)
(2, 6)
(2, 6)
(2, 7)
(2, 7)
(2, 8)
(2, 8)
(2, 9)
(2, 9)
(2, 10)
(2, 10)
(3, 1)
(3, 1)
(3, 2)
(3, 2)
(3, 3)
(3, 3)
(3, 4)
(3, 5)
(3, 5)
(3, 6)
(3, 6)
(3, 7)
(3, 7)
(3, 8)
(3, 8)
(3, 9)
(3, 9)
(3, 10)
(3, 10)
(4, 1)
(4, 1)
(4, 2)
(4, 2)
(4, 3)
(4, 3)
(4, 4)
(4, 5)
(4, 5)
(4, 6)
(4, 6)
(4, 7)
(4, 7)
(4, 8)
(4, 8)
(4, 9)
(4, 9)
(4, 10)
(4, 10)
(5, 1)
(5, 1)
(5, 2)
(5, 2)
(5, 3)
(5, 3)
(5, 4)
(5, 4)
(5, 5)
(5, 5)
(5, 6)
(5, 6)
(5, 7)
(5, 7)
(5, 8)
(5, 8)
(5, 9)
(5, 9)
(5, 10)
(5, 10)
(6, 1)
(6, 1)
(6, 2)
(6, 2)
(6, 3)
(6, 4)
(6, 4)
(6, 5)
(6, 6)
(6, 6)
(6, 7)
(6, 7)
(6, 8)
(6, 8)
(6, 9)
(6, 9)
(6, 10)
(6, 10)
(7, 1)
(7, 2)
(7, 2)
(7, 3)
(7, 3)
(7, 4)
(7, 5)
(7, 5)
(7, 6)
(7, 6)
(7, 7)
(7, 7)
(7, 8)
(7, 8)
(7, 9)
(7, 9)
(7, 10)
(7, 10)
(8, 1)
(8, 2)
(8, 2)
(8, 3)
(8, 3)
(8, 4)
(8, 4)
(8, 5)
(8, 5)
(8, 6)
(8, 6)
(8, 7)
(8, 7)
(8, 8)
(8, 8)
(8, 9)
(8, 9)
(8, 10)
(8, 10)
(9, 1)
(9, 1)
(9, 2)
(9, 2)
(9, 3)
(9, 4)
(9, 4)
(9, 5)
(9, 5)
(9, 6)
(9, 6)
(9, 7)
(9, 7)
(9, 8)
(9, 8)
(9, 9)
(9, 9)
(9, 10)
(9, 10)
(10, 1)
(10, 2)
(10, 2)
(10, 3)
(10, 3)
(10, 4)
(10, 4)
(10, 5)
(10, 5)
(10, 6)
(10, 6)
(10, 7)
(10, 7)
(10, 8)
(10, 8)
(10, 9)
(10, 9)
(10, 10)
(10, 10)
(10, 2)
(10, 2)
(10, 2)
(10, 2)
(1, 10)
(1, 1)
(2, 1)
(2, 1)
(3, 1)
(3, 1)
(4, 1)
(4, 1)
(5, 1)
(5, 1)
(6, 1)
(6, 1)
(7, 1)
(8, 1)
(8, 1)
(9, 1)
(9, 1)
(10, 1)
(1, 2)
(2, 2)
(2, 2)
(3, 2)
(3, 2)
(4, 2)
(4, 2)
(5, 2)
(5, 2)
(6, 2)
(6, 2)
(7, 2)
(8, 2)
(8, 2)
(9, 2)
(9, 2)
(10, 2)
(10, 2)
(1, 3)
(1, 3)
(2, 3)
(2, 3)
(3, 3)
(3, 3)
(4, 3)
(4, 3)
(5, 3)
(5, 3)
(6, 3)
(7, 3)
(7, 3)
(8, 3)
(9, 3)
(9, 3)
(10, 3)
(10, 3)
(1, 4)
(1, 4)
(2, 4)
(2, 4)
(3, 4)
(4, 4)
(4, 4)
(5, 4)
(5, 4)
(6, 4)
(6, 4)
(7, 4)
(8, 4)
(8, 4)
(9, 4)
(9, 4)
(10, 4)
(10, 4)
(1, 5)
(1, 5)
(2, 5)
(2, 5)
(3, 5)
(4, 5)
(4, 5)
(5, 5)
(5, 5)
(6, 5)
(7, 5)
(7, 5)
(8, 5)
(8, 5)
(9, 5)
(9, 5)
(10, 5)
(10, 5)
(1, 6)
(1, 6)
(2, 6)
(2, 6)
(3, 6)
(3, 6)
(4, 6)
(4, 6)
(5, 6)
(5, 6)
(6, 6)
(6,Player 2: MOVE 9-3
Player 1: MISS

------------
|.xxxxx..x.|
|.x11xx..xx|
|xxxxx.x.x.|
|1x..xx.xxx|
|1x..x..x1x|
|1xxxxxxx1x|
|1x1xx1xxxx|
|xx1xx1xxxx|
|.x1xx1xx11|
|.xxxxxxxxx|
------------
Player 1: MOVE 6-9
Player 2: MISS
 6)
(7, 6)
(7, 6)
(8, 6)
(8, 6)
(9, 6)
(9, 6)
(10, 6)
(10, 6)
(1, 7)
(1, 7)
(2, 7)
(2, 7)
(3, 7)
(3, 7)
(4, 7)
(4, 7)
(5, 7)
(5, 7)
(6, 7)
(6, 7)
(7, 7)
(7, 7)
(8, 7)
(8, 7)
(9, 7)
(9, 7)
(10, 7)
(10, 7)
(1, 8)
(1, 8)
(2, 8)
(2, 8)
(3, 8)
(3, 8)
(4, 8)
(4, 8)
(5, 8)
(5, 8)
(6, 8)
(6, 8)
(7, 8)
(7, 8)
(8, 8)
(8, 8)
(9, 8)
(9, 8)
(10, 8)
(10, 8)
(1, 9)
(2, 9)
(2, 9)
(3, 9)
(3, 9)
(4, 9)
(4, 9)
(5, 9)
(5, 9)
(6, 9)
(6, 9)
(7, 9)
(7, 9)
(8, 9)
(8, 9)
(9, 9)
(9, 9)
(10, 9)
(10, 9)
(1, 10)
(2, 10)
(2, 10)
(3, 10)
(3, 10)
(4, 10)
(4, 10)
(5, 10)
(5, 10)
(6, 10)
(6, 10)
(7, 10)
(7, 10)
(8, 10)
(8, 10)
(9, 10)
(9, 10)
(10, 10)
(10, 10)
(1, 1)
(1, 2)
(1, 2)
(1, 3)
(1, 3)
(1, 4)
(1, 4)
(1, 5)
(1, 5)
(1, 6)
(1, 6)
(1, 7)
(1, 7)
(1, 8)
(1, 8)
(1, 9)
(1, 10)
(1, 10)
(2, 1)
(2, 1)
(2, 2)
(2, 2)
(2, 3)
(2, 3)
(2, 4)
(2, 4)
(2, 5)
(2, 5)
(2, 6)
(2, 6)
(2, 7)
(2, 7)
(2, 8)
(2, 8)
(2, 9)
(2, 9)
(2, 10)
(2, 10)
(3, 1)
(3, 1)
(3, 2)
(3, 2)
(3, 3)
(3, 3)
(3, 4)
(3, 5)
(3, 5)
(3, 6)
(3, 6)
(3, 7)
(3, 7)
(3, 8)
(3, 8)
(3, 9)
(3, 9)
(3, 10)
(3, 10)
(4, 1)
(4, 1)
(4, 2)
(4, 2)
(4, 3)
(4, 3)
(4, 4)
(4, 5)
(4, 5)
(4, 6)
(4, 6)
(4, 7)
(4, 7)
(4, 8)
(4, 8)
(4, 9)
(4, 9)
(4, 10)
(4, 10)
(5, 1)
(5, 1)
(5, 2)
(5, 2)
(5, 3)
(5, 3)
(5, 4)
(5, 4)
(5, 5)
(5, 5)
(5, 6)
(5, 6)
(5, 7)
(5, 7)
(5, 8)
(5, 8)
(5, 9)
(5, 9)
(5, 10)
(5, 10)
(6, 1)
(6, 1)
(6, 2)
(6, 2)
(6, 3)
(6, 4)
(6, 4)
(6, 5)
(6, 6)
(6, 6)
(6, 7)
(6, 7)
(6, 8)
(6, 8)
(6, 9)
(6, 9)
(6, 10)
(6, 10)
(7, 1)
(7, 2)
(7, 2)
(7, 3)
(7, 3)
(7, 4)
(7, 5)
(7, 5)
(7, 6)
(7, 6)
(7, 7)
(7, 7)
(7, 8)
(7, 8)
(7, 9)
(7, 9)
(7, 10)
(7, 10)
(8, 1)
(8, 2)
(8, 2)
(8, 3)
(8, 3)
(8, 4)
(8, 4)
(8, 5)
(8, 5)
(8, 6)
(8, 6)
(8, 7)
(8, 7)
(8, 8)
(8, 8)
(8, 9)
(8, 9)
(8, 10)
(8, 10)
(9, 1)
(9, 1)
(9, 2)
(9, 2)
(9, 3)
(9, 4)
(9, 4)
(9, 5)
(9, 5)
(9, 6)
(9, 6)
(9, 7)
(9, 7)
(9, 8)
(9, 8)
(9, 9)
(9, 9)
(9, 10)
(9, 10)
(10, 1)
(10, 2)
(10, 2)
(10, 3)
(10, 4)
(10, 4)
(10, 5)
(10, 5)
(10, 6)
(10, 6)
(10, 7)
(10, 7)
(10, 8)
(10, 8)
(10, 9)
(10, 9)
(10, 10)
(10, 10)
(9, 3)
(9, 3)
(9, 3)
(9, 3)
(6, 9)
(1, 1)
(2, 1)
(2, 1)
(3, 1)
(3, 1)
(4, 1)
(4, 1)
(5, 1)
(5, 1)
(6, 1)
(6, 1)
(7, 1)
(8, 1)
(8, 1)
(9, 1)
(9, 1)
(10, 1)
(1, 2)
(2, 2)
(2, 2)
(3, 2)
(3, 2)
(4, 2)
(4, 2)
(5, 2)
(5, 2)
(6, 2)
(6, 2)
(7, 2)
(8, 2)
(8, 2)
(9, 2)
(9, 2)
(10, 2)
(10, 2)
(1, 3)
(1, 3)
(2, 3)
(2, 3)
(3, 3)
(3, 3)
(4, 3)
(4, 3)
(5, 3)
(5, 3)
(6, 3)
(7, 3)
(7, 3)
(8, 3)
(9, 3)
(9, 3)
(10, 3)
(1, 4)
(1, 4)
(2, 4)
(2, 4)
(3, 4)
(4, 4)
(4, 4)
(5, 4)
(5, 4)
(6, 4)
(6, 4)
(7, 4)
(8, 4)
(8, 4)
(9, 4)
(9, 4)
(10, 4)
(10, 4)
(1, 5)
(1, 5)
(2, 5)
(2, 5)
(3, 5)
(4, 5)
(4, 5)
(5, 5)
(5, 5)
(6, 5)
(7, 5)
(7, 5)
(8, 5)
(8, 5)
(9, 5)
(9, 5)
(10, 5)
(10, 5)
(1, 6)
(1, 6)
(2, 6)
(2, 6)
(3, 6)
(3, 6)
(4, 6)
(4, 6)
(5, 6)
(5, 6)
(6, 6)
(6, 6)
(7, 6)
(7, 6)
(8, 6)
(8, 6)
(9, 6)
(9, 6)
(10, 6)
(10, 6)
(1, 7)
(1, 7)
(2, 7)
(2, 7)
(3, 7)
(3, 7)
(4, 7)
(4, 7)
(5, 7)
(5, 7)
(6, 7)
(6, 7)
(7, 7)
(7, 7)
(8, 7)
(8, 7)
(9, 7)
(9, 7)
(10, 7)
(10, 7)
(1, 8)
(1, 8)
(2, 8)
(2, 8)
(3, 8)
(3, 8)
(4, 8)
(4, 8)
(5, 8)
(5, 8)
(6, 8)
(6, 8)
(7, 8)
(7, 8)
(8, 8)
(8, 8)
(9, 8)
(9, 8)
(10, 8)
(10, 8)
(1, 9)
(2, 9)
(2, 9)
(3, 9)
(3, 9)
(4, 9)
(4, 9)
(5, 9)
(5, 9)
(6, 9)
(6, 9)
(7, 9)
(7, 9)
(8, 9)
(8, 9)
(9, 9)
(9, 9)
(10, 9)
(10, 9)
(1, 10)
(2, 10)
(2, 10)
(3, 10)
(3, 10)
(4, 10)
(4, 10)
(5, 10)
(5, 10)
(6, 10)
(6, 10)
(7, 10)
(7, 10)
(8, 10)
(8, 10)
(9, 10)
(9, 10)
(10, 10)
(10, 10)
(1, 1)
(1, 2)
(1, 2)
(1, 3)
(1, 3)
(1, 4)
(1, 4)
(1, 5)
(1, 5)
(1, 6)
(1, 6)
(1, 7)
(1, 7)
(1, 8)
(1, 8)
(1, 9)
(1, 10)
(1, 10)
(2, 1)
(2, 1)
(2, 2)
(2, 2)
(2, 3)
(2, 3)
(2, 4)
(2, 4)
(2, 5)
(2, 5)
(2, 6)
(2, 6)
(2, 7)
(2, 7)
(2, 8)
(2, 8)
(2, 9)
(2, 9)
(2, 10)
(2, 10)
(3, 1)
(3, 1)
(3, 2)
(3, 2)
(3, 3)
(3, 3)
(3, 4)
(3, 5)
(3, 5)
(3, 6)
(3, 6)
(3, 7)
(3, 7)
(3, 8)
(3, 8)
(3, 9)
(3, 9)
(3, 10)
(3, 10)
(4, 1)
(4, 1)
(4, 2)
(4, 2)
(4, 3)
(4, 3)
(4, 4)
(4, 5)
(4, 5)
(4, 6)
(4, 6)
(4, 7)
(4, 7)
(4, 8)
(4, 8)
(4, 9)
(4, 9)
(4, 10)
(4, 10)
(5, 1)
(5, 1)
(5, 2)
(5, 2)
(5, 3)
(5, 3)
(5, 4)
(5, 4)
(5, 5)
(5, 5)
(5, 6)
(5, 6)
(5, 7)
(5, 7)
(5, 8)
(5, 8)
(5, 9)
(5, 9)
(5, 10)
(5, 10)
(6, 1)
(6, 1)
(6, 2)
(6, 2)
(6, 3)
(6, 4)
(6, 4)
(6Player 2: MOVE 8-2
Player 1: MISS

------------
|.xxxxx..x.|
|.x11xx.xxx|
|xxxxx.x.x.|
|1x..xx.xxx|
|1x..x..x1x|
|1xxxxxxx1x|
|1x1xx1xxxx|
|xx1xx1xxxx|
|.x1xx1xx11|
|.xxxxxxxxx|
------------
Player 1: MOVE 7-4
Player 2: HIT
Player 1: MOVE 7-3
Player 2: HIT
Player 1: MOVE 7-5
Player 2: KILL
Player 1: MOVE 10-5
Player 2: MISS
Player 2: MOVE 4-5
Player 1: MISS

------------
|.xxxxx..x.|
|.x11xx.xxx|
|xxxxx.x.x.|
|1x..xx.xxx|
|1x.xx..x1x|
|1xxxxxxx1x|
|1x1xx1xxxx|
|xx1xx1xxxx|
|.x1xx1xx11|
|.xxxxxxxxx|
------------
Player 1: MOVE 6-1
Player 2: MISS
, 5)
(6, 6)
(6, 6)
(6, 7)
(6, 7)
(6, 8)
(6, 8)
(6, 9)
(6, 9)
(6, 10)
(6, 10)
(7, 1)
(7, 2)
(7, 2)
(7, 3)
(7, 3)
(7, 4)
(7, 5)
(7, 5)
(7, 6)
(7, 6)
(7, 7)
(7, 7)
(7, 8)
(7, 8)
(7, 9)
(7, 9)
(7, 10)
(7, 10)
(8, 1)
(8, 2)
(8, 2)
(8, 3)
(8, 3)
(8, 4)
(8, 4)
(8, 5)
(8, 5)
(8, 6)
(8, 6)
(8, 7)
(8, 7)
(8, 8)
(8, 8)
(8, 9)
(8, 9)
(8, 10)
(8, 10)
(9, 1)
(9, 1)
(9, 2)
(9, 2)
(9, 3)
(9, 3)
(9, 4)
(9, 4)
(9, 5)
(9, 5)
(9, 6)
(9, 6)
(9, 7)
(9, 7)
(9, 8)
(9, 8)
(9, 9)
(9, 9)
(9, 10)
(9, 10)
(10, 1)
(10, 2)
(10, 2)
(10, 3)
(10, 4)
(10, 4)
(10, 5)
(10, 5)
(10, 6)
(10, 6)
(10, 7)
(10, 7)
(10, 8)
(10, 8)
(10, 9)
(10, 9)
(10, 10)
(10, 10)
(8, 2)
(8, 2)
(8, 2)
(8, 2)
(7, 4)
(7, 3)
(7, 5)
(10, 5)
(1, 1)
(2, 1)
(2, 1)
(3, 1)
(3, 1)
(4, 1)
(4, 1)
(5, 1)
(5, 1)
(6, 1)
(6, 1)
(7, 1)
(8, 1)
(8, 1)
(9, 1)
(9, 1)
(10, 1)
(1, 2)
(2, 2)
(2, 2)
(3, 2)
(3, 2)
(4, 2)
(4, 2)
(5, 2)
(5, 2)
(6, 2)
(6, 2)
(7, 2)
(8, 2)
(8, 2)
(9, 2)
(9, 2)
(10, 2)
(10, 2)
(1, 3)
(1, 3)
(2, 3)
(2, 3)
(3, 3)
(3, 3)
(4, 3)
(4, 3)
(5, 3)
(5, 3)
(6, 3)
(7, 3)
(7, 3)
(8, 3)
(9, 3)
(9, 3)
(10, 3)
(1, 4)
(1, 4)
(2, 4)
(2, 4)
(3, 4)
(4, 4)
(4, 4)
(5, 4)
(5, 4)
(6, 4)
(6, 4)
(7, 4)
(8, 4)
(8, 4)
(9, 4)
(9, 4)
(10, 4)
(10, 4)
(1, 5)
(1, 5)
(2, 5)
(2, 5)
(3, 5)
(4, 5)
(4, 5)
(5, 5)
(5, 5)
(6, 5)
(7, 5)
(7, 5)
(8, 5)
(8, 5)
(9, 5)
(9, 5)
(10, 5)
(10, 5)
(1, 6)
(1, 6)
(2, 6)
(2, 6)
(3, 6)
(3, 6)
(4, 6)
(4, 6)
(5, 6)
(5, 6)
(6, 6)
(6, 6)
(7, 6)
(7, 6)
(8, 6)
(8, 6)
(9, 6)
(9, 6)
(10, 6)
(10, 6)
(1, 7)
(1, 7)
(2, 7)
(2, 7)
(3, 7)
(3, 7)
(4, 7)
(4, 7)
(5, 7)
(5, 7)
(6, 7)
(6, 7)
(7, 7)
(7, 7)
(8, 7)
(8, 7)
(9, 7)
(9, 7)
(10, 7)
(10, 7)
(1, 8)
(1, 8)
(2, 8)
(2, 8)
(3, 8)
(3, 8)
(4, 8)
(4, 8)
(5, 8)
(5, 8)
(6, 8)
(6, 8)
(7, 8)
(7, 8)
(8, 8)
(8, 8)
(9, 8)
(9, 8)
(10, 8)
(10, 8)
(1, 9)
(2, 9)
(2, 9)
(3, 9)
(3, 9)
(4, 9)
(4, 9)
(5, 9)
(5, 9)
(6, 9)
(6, 9)
(7, 9)
(7, 9)
(8, 9)
(8, 9)
(9, 9)
(9, 9)
(10, 9)
(10, 9)
(1, 10)
(2, 10)
(2, 10)
(3, 10)
(3, 10)
(4, 10)
(4, 10)
(5, 10)
(5, 10)
(6, 10)
(6, 10)
(7, 10)
(7, 10)
(8, 10)
(8, 10)
(9, 10)
(9, 10)
(10, 10)
(10, 10)
(1, 1)
(1, 2)
(1, 2)
(1, 3)
(1, 3)
(1, 4)
(1, 4)
(1, 5)
(1, 5)
(1, 6)
(1, 6)
(1, 7)
(1, 7)
(1, 8)
(1, 8)
(1, 9)
(1, 10)
(1, 10)
(2, 1)
(2, 1)
(2, 2)
(2, 2)
(2, 3)
(2, 3)
(2, 4)
(2, 4)
(2, 5)
(2, 5)
(2, 6)
(2, 6)
(2, 7)
(2, 7)
(2, 8)
(2, 8)
(2, 9)
(2, 9)
(2, 10)
(2, 10)
(3, 1)
(3, 1)
(3, 2)
(3, 2)
(3, 3)
(3, 3)
(3, 4)
(3, 5)
(3, 5)
(3, 6)
(3, 6)
(3, 7)
(3, 7)
(3, 8)
(3, 8)
(3, 9)
(3, 9)
(3, 10)
(3, 10)
(4, 1)
(4, 1)
(4, 2)
(4, 2)
(4, 3)
(4, 3)
(4, 4)
(4, 5)
(4, 5)
(4, 6)
(4, 6)
(4, 7)
(4, 7)
(4, 8)
(4, 8)
(4, 9)
(4, 9)
(4, 10)
(4, 10)
(5, 1)
(5, 1)
(5, 2)
(5, 2)
(5, 3)
(5, 3)
(5, 4)
(5, 4)
(5, 5)
(5, 5)
(5, 6)
(5, 6)
(5, 7)
(5, 7)
(5, 8)
(5, 8)
(5, 9)
(5, 9)
(5, 10)
(5, 10)
(6, 1)
(6, 1)
(6, 2)
(6, 2)
(6, 3)
(6, 4)
(6, 4)
(6, 5)
(6, 6)
(6, 6)
(6, 7)
(6, 7)
(6, 8)
(6, 8)
(6, 9)
(6, 9)
(6, 10)
(6, 10)
(7, 1)
(7, 2)
(7, 2)
(7, 3)
(7, 3)
(7, 4)
(7, 5)
(7, 5)
(7, 6)
(7, 6)
(7, 7)
(7, 7)
(7, 8)
(7, 8)
(7, 9)
(7, 9)
(7, 10)
(7, 10)
(8, 1)
(8, 2)
(8, 2)
(8, 3)
(8, 4)
(8, 4)
(8, 5)
(8, 5)
(8, 6)
(8, 6)
(8, 7)
(8, 7)
(8, 8)
(8, 8)
(8, 9)
(8, 9)
(8, 10)
(8, 10)
(9, 1)
(9, 1)
(9, 2)
(9, 2)
(9, 3)
(9, 3)
(9, 4)
(9, 4)
(9, 5)
(9, 5)
(9, 6)
(9, 6)
(9, 7)
(9, 7)
(9, 8)
(9, 8)
(9, 9)
(9, 9)
(9, 10)
(9, 10)
(10, 1)
(10, 2)
(10, 2)
(10, 3)
(10, 4)
(10, 4)
(10, 5)
(10, 5)
(10, 6)
(10, 6)
(10, 7)
(10, 7)
(10, 8)
(10, 8)
(10, 9)
(10, 9)
(10, 10)
(10, 10)
(4, 5)
(4, 5)
(4, 5)
(4, 5)
(6, 1)
(1, 1)
(2, 1)
(2, 1)
(3, 1)
(3, 1)
(4, 1)
(4, 1)
(5, 1)
(5, 1)
(6, 1)
(6, 1)
(7, 1)
(8, 1)
(8, 1)
(9, 1)
(9, 1)
(10, 1)
(1, 2)
(2, 2)
(2, 2)
(3, 2)
(3, 2)
(4, 2)
(4, 2)
(5, 2)
(5, 2)
(6, 2)
(6, 2)
(7, 2)
(8, 2)
(8, 2)
(9, 2)
(9, 2)
(10, 2)
(10, 2)
(1, 3)
(1, 3)
(2, 3)
(2, 3)
(3, 3)
(3, 3)
(4, 3)
(4, 3)
(5, 3)
(5, 3)
(6, 3)
(7, 3)
(7, 3)
(8, 3)
(9, 3)
(9, 3)
(10, 3)
(1, 4)
(1, 4)
(2, 4)
(2, 4)
(3, 4)
(4, 4)
(4, 4)
(5, 4)
(5, 4)
(6, 4)
(6, 4)
(7, 4)
(8, 4)
(8, 4)
(9, 4)
(9, 4)
(10, 4)
(10, 4)
(1, 5)
(1, 5)
(2, 5)
(2, 5)
(3, 5)
(4, 5)
(4, 5)
(5, 5)
(5, 5)
(6, 5)
(7, 5)
(7, 5)
(8, 5)
(8, 5)
(9, 5)
(9, 5)
(10, 5)
(10, 5)
(1, 6)
(1, 6)
(2, 6)
(2, 6)
(3, 6)
(3, 6)
(4, 6)
(4, 6)
(5,Player 2: MOVE 7-5
Player 1: MISS

------------
|.xxxxx..x.|
|.x11xx.xxx|
|xxxxx.x.x.|
|1x..xx.xxx|
|1x.xx.xx1x|
|1xxxxxxx1x|
|1x1xx1xxxx|
|xx1xx1xxxx|
|.x1xx1xx11|
|.xxxxxxxxx|
------------
Player 1: MOVE 6-10
Player 2: MISS
 6)
(5, 6)
(6, 6)
(6, 6)
(7, 6)
(7, 6)
(8, 6)
(8, 6)
(9, 6)
(9, 6)
(10, 6)
(10, 6)
(1, 7)
(1, 7)
(2, 7)
(2, 7)
(3, 7)
(3, 7)
(4, 7)
(4, 7)
(5, 7)
(5, 7)
(6, 7)
(6, 7)
(7, 7)
(7, 7)
(8, 7)
(8, 7)
(9, 7)
(9, 7)
(10, 7)
(10, 7)
(1, 8)
(1, 8)
(2, 8)
(2, 8)
(3, 8)
(3, 8)
(4, 8)
(4, 8)
(5, 8)
(5, 8)
(6, 8)
(6, 8)
(7, 8)
(7, 8)
(8, 8)
(8, 8)
(9, 8)
(9, 8)
(10, 8)
(10, 8)
(1, 9)
(2, 9)
(2, 9)
(3, 9)
(3, 9)
(4, 9)
(4, 9)
(5, 9)
(5, 9)
(6, 9)
(6, 9)
(7, 9)
(7, 9)
(8, 9)
(8, 9)
(9, 9)
(9, 9)
(10, 9)
(10, 9)
(1, 10)
(2, 10)
(2, 10)
(3, 10)
(3, 10)
(4, 10)
(4, 10)
(5, 10)
(5, 10)
(6, 10)
(6, 10)
(7, 10)
(7, 10)
(8, 10)
(8, 10)
(9, 10)
(9, 10)
(10, 10)
(10, 10)
(1, 1)
(1, 2)
(1, 2)
(1, 3)
(1, 3)
(1, 4)
(1, 4)
(1, 5)
(1, 5)
(1, 6)
(1, 6)
(1, 7)
(1, 7)
(1, 8)
(1, 8)
(1, 9)
(1, 10)
(1, 10)
(2, 1)
(2, 1)
(2, 2)
(2, 2)
(2, 3)
(2, 3)
(2, 4)
(2, 4)
(2, 5)
(2, 5)
(2, 6)
(2, 6)
(2, 7)
(2, 7)
(2, 8)
(2, 8)
(2, 9)
(2, 9)
(2, 10)
(2, 10)
(3, 1)
(3, 1)
(3, 2)
(3, 2)
(3, 3)
(3, 3)
(3, 4)
(3, 5)
(3, 5)
(3, 6)
(3, 6)
(3, 7)
(3, 7)
(3, 8)
(3, 8)
(3, 9)
(3, 9)
(3, 10)
(3, 10)
(4, 1)
(4, 1)
(4, 2)
(4, 2)
(4, 3)
(4, 3)
(4, 4)
(4, 5)
(4, 5)
(4, 6)
(4, 6)
(4, 7)
(4, 7)
(4, 8)
(4, 8)
(4, 9)
(4, 9)
(4, 10)
(4, 10)
(5, 1)
(5, 1)
(5, 2)
(5, 2)
(5, 3)
(5, 3)
(5, 4)
(5, 4)
(5, 5)
(5, 5)
(5, 6)
(5, 6)
(5, 7)
(5, 7)
(5, 8)
(5, 8)
(5, 9)
(5, 9)
(5, 10)
(5, 10)
(6, 1)
(6, 1)
(6, 2)
(6, 2)
(6, 3)
(6, 4)
(6, 4)
(6, 5)
(6, 6)
(6, 6)
(6, 7)
(6, 7)
(6, 8)
(6, 8)
(6, 9)
(6, 9)
(6, 10)
(6, 10)
(7, 1)
(7, 2)
(7, 2)
(7, 3)
(7, 3)
(7, 4)
(7, 5)
(7, 5)
(7, 6)
(7, 6)
(7, 7)
(7, 7)
(7, 8)
(7, 8)
(7, 9)
(7, 9)
(7, 10)
(7, 10)
(8, 1)
(8, 2)
(8, 2)
(8, 3)
(8, 4)
(8, 4)
(8, 5)
(8, 5)
(8, 6)
(8, 6)
(8, 7)
(8, 7)
(8, 8)
(8, 8)
(8, 9)
(8, 9)
(8, 10)
(8, 10)
(9, 1)
(9, 1)
(9, 2)
(9, 2)
(9, 3)
(9, 3)
(9, 4)
(9, 4)
(9, 5)
(9, 5)
(9, 6)
(9, 6)
(9, 7)
(9, 7)
(9, 8)
(9, 8)
(9, 9)
(9, 9)
(9, 10)
(9, 10)
(10, 1)
(10, 2)
(10, 2)
(10, 3)
(10, 4)
(10, 4)
(10, 5)
(10, 5)
(10, 6)
(10, 6)
(10, 7)
(10, 7)
(10, 8)
(10, 8)
(10, 9)
(10, 9)
(10, 10)
(10, 10)
(7, 5)
(7, 5)
(7, 5)
(7, 5)
(6, 10)
(1, 1)
(2, 1)
(2, 1)
(3, 1)
(3, 1)
(4, 1)
(4, 1)
(5, 1)
(5, 1)
(6, 1)
(6, 1)
(7, 1)
(8, 1)
(8, 1)
(9, 1)
(9, 1)
(10, 1)
(1, 2)
(2, 2)
(2, 2)
(3, 2)
(3, 2)
(4, 2)
(4, 2)
(5, 2)
(5, 2)
(6, 2)
(6, 2)
(7, 2)
(8, 2)
(8, 2)
(9, 2)
(9, 2)
(10, 2)
(10, 2)
(1, 3)
(1, 3)
(2, 3)
(2, 3)
(3, 3)
(3, 3)
(4, 3)
(4, 3)
(5, 3)
(5, 3)
(6, 3)
(7, 3)
(7, 3)
(8, 3)
(9, 3)
(9, 3)
(10, 3)
(1, 4)
(1, 4)
(2, 4)
(2, 4)
(3, 4)
(4, 4)
(4, 4)
(5, 4)
(5, 4)
(6, 4)
(6, 4)
(7, 4)
(8, 4)
(8, 4)
(9, 4)
(9, 4)
(10, 4)
(10, 4)
(1, 5)
(1, 5)
(2, 5)
(2, 5)
(3, 5)
(4, 5)
(4, 5)
(5, 5)
(5, 5)
(6, 5)
(7, 5)
(7, 5)
(8, 5)
(8, 5)
(9, 5)
(9, 5)
(10, 5)
(10, 5)
(1, 6)
(1, 6)
(2, 6)
(2, 6)
(3, 6)
(3, 6)
(4, 6)
(4, 6)
(5, 6)
(5, 6)
(6, 6)
(6, 6)
(7, 6)
(7, 6)
(8, 6)
(8, 6)
(9, 6)
(9, 6)
(10, 6)
(10, 6)
(1, 7)
(1, 7)
(2, 7)
(2, 7)
(3, 7)
(3, 7)
(4, 7)
(4, 7)
(5, 7)
(5, 7)
(6, 7)
(6, 7)
(7, 7)
(7, 7)
(8, 7)
(8, 7)
(9, 7)
(9, 7)
(10, 7)
(10, 7)
(1, 8)
(1, 8)
(2, 8)
(2, 8)
(3, 8)
(3, 8)
(4, 8)
(4, 8)
(5, 8)
(5, 8)
(6, 8)
(6, 8)
(7, 8)
(7, 8)
(8, 8)
(8, 8)
(9, 8)
(9, 8)
(10, 8)
(10, 8)
(1, 9)
(2, 9)
(2, 9)
(3, 9)
(3, 9)
(4, 9)
(4, 9)
(5, 9)
(5, 9)
(6, 9)
(6, 9)
(7, 9)
(7, 9)
(8, 9)
(8, 9)
(9, 9)
(9, 9)
(10, 9)
(10, 9)
(1, 10)
(2, 10)
(2, 10)
(3, 10)
(3, 10)
(4, 10)
(4, 10)
(5, 10)
(5, 10)
(6, 10)
(6, 10)
(7, 10)
(7, 10)
(8, 10)
(8, 10)
(9, 10)
(9, 10)
(10, 10)
(10, 10)
(1, 1)
(1, 2)
(1, 2)
(1, 3)
(1, 3)
(1, 4)
(1, 4)
(1, 5)
(1, 5)
(1, 6)
(1, 6)
(1, 7)
(1, 7)
(1, 8)
(1, 8)
(1, 9)
(1, 10)
(1, 10)
(2, 1)
(2, 1)
(2, 2)
(2, 2)
(2, 3)
(2, 3)
(2, 4)
(2, 4)
(2, 5)
(2, 5)
(2, 6)
(2, 6)
(2, 7)
(2, 7)
(2, 8)
(2, 8)
(2, 9)
(2, 9)
(2, 10)
(2, 10)
(3, 1)
(3, 1)
(3, 2)
(3, 2)
(3, 3)
(3, 3)
(3, 4)
(3, 5)
(3, 5)
(3, 6)
(3, 6)
(3, 7)
(3, 7)
(3, 8)
(3, 8)
(3, 9)
(3, 9)
(3, 10)
(3, 10)
(4, 1)
(4, 1)
(4, 2)
(4, 2)
(4, 3)
(4, 3)
(4, 4)
(4, 5)
(4, 5)
(4, 6)
(4, 6)
(4, 7)
(4, 7)
(4, 8)
(4, 8)
(4, 9)
(4, 9)
(4, 10)
(4, 10)
(5, 1)
(5, 1)
(5, 2)
(5, 2)
(5, 3)
(5, 3)
(5, 4)
(5, 4)
(5, 5)
(5, 5)
(5, 6)
(5, 6)
(5, 7)
(5, 7)
(5, 8)
(5, 8)
(5, 9)
(5, 9)
(5, 10)
(5, 10)
(6, 1)
(6, 1)
(6, 2)
(6, 2)
(Player 2: MOVE 4-4
Player 1: MISS

------------
|.xxxxx..x.|
|.x11xx.xxx|
|xxxxx.x.x.|
|1x.xxx.xxx|
|1x.xx.xx1x|
|1xxxxxxx1x|
|1x1xx1xxxx|
|xx1xx1xxxx|
|.x1xx1xx11|
|.xxxxxxxxx|
------------
Player 1: MOVE 4-10
Player 2: KILL
Player 1: VICTORY
Player 2: DEFEAT
==================================================
Player 1 field:
His POV:

------------
|1.........|
|..XX......|
|.........1|
|X.1.......|
|X.......X.|
|X.......X.|
|X.X..X....|
|..X..X....|
|..X..X..XX|
|1.........|
------------
Opponents POV:

------------
|.xxxxx..x.|
|.x11xx.xxx|
|xxxxx.x.x.|
|1x.xxx.xxx|
|1x.xx.xx1x|
|1xxxxxxx1x|
|1x1xx1xxxx|
|xx1xx1xxxx|
|.x1xx1xx11|
|.xxxxxxxxx|
------------
Player 2 field:
His POV:

------------
|..........|
|X..X......|
|X..X..X..X|
|X..X..X...|
|...X..X...|
|..........|
|X..X.X..X.|
|X.......X.|
|..........|
|...X....XX|
------------
Opponents POV:

------------
|xxxxxx.x.x|
|1xx1xxxxxx|
|1xx1xx1xx1|
|1xx1xx1xxx|
|xxx1xx1x.x|
|xxxxxxxxxx|
|1xx1x1xx1x|
|1xxxxxxx1x|
|xx.x.x.xxx|
|x.x1xxxx11|
------------
6, 3)
(6, 4)
(6, 4)
(6, 5)
(6, 6)
(6, 6)
(6, 7)
(6, 7)
(6, 8)
(6, 8)
(6, 9)
(6, 9)
(6, 10)
(6, 10)
(7, 1)
(7, 2)
(7, 2)
(7, 3)
(7, 3)
(7, 4)
(7, 5)
(7, 5)
(7, 6)
(7, 6)
(7, 7)
(7, 7)
(7, 8)
(7, 8)
(7, 9)
(7, 9)
(7, 10)
(7, 10)
(8, 1)
(8, 2)
(8, 2)
(8, 3)
(8, 4)
(8, 4)
(8, 5)
(8, 5)
(8, 6)
(8, 6)
(8, 7)
(8, 7)
(8, 8)
(8, 8)
(8, 9)
(8, 9)
(8, 10)
(8, 10)
(9, 1)
(9, 1)
(9, 2)
(9, 2)
(9, 3)
(9, 3)
(9, 4)
(9, 4)
(9, 5)
(9, 5)
(9, 6)
(9, 6)
(9, 7)
(9, 7)
(9, 8)
(9, 8)
(9, 9)
(9, 9)
(9, 10)
(9, 10)
(10, 1)
(10, 2)
(10, 2)
(10, 3)
(10, 4)
(10, 4)
(10, 5)
(10, 5)
(10, 6)
(10, 6)
(10, 7)
(10, 7)
(10, 8)
(10, 8)
(10, 9)
(10, 9)
(10, 10)
(10, 10)
(4, 4)
(4, 4)
(4, 4)
(4, 4)
(4, 10)
