Player 1 field:

------------
|.11.......|
|.....11...|
|.11.....1.|
|..........|
|...1...1..|
|.....1.1..|
|.1.....1.1|
|.1.1.....1|
|.1.......1|
|.........1|
------------
Player 2 field:

------------
|.....1...1|
|..........|
|.1....111.|
|.1........|
|....1111..|
|1........1|
|1...1.....|
|........11|
|..........|
|.111......|
------------

------------
|.11.......|
|.....11...|
|.11.....1.|
|..........|
|...1...1..|
|.....1.1..|
|.1.....1.1|
|.1.1.....1|
|.1.......1|
|.........1|
------------

------------
|.11.......|
|.....11...|
|.11.....1.|
|..........|
|...1...1..|
|.....1.1..|
|.1.....1.1|
|.1.1.....1|
|.1.......1|
|.........1|
------------
Player 1: MOVE 2-3
Player 2: HIT

------------
|.11.......|
|.....11...|
|.11.....1.|
|..........|
|...1...1..|
|.....1.1..|
|.1.....1.1|
|.1.1.....1|
|.1.......1|
|.........1|
------------

------------
|.11.......|
|.....11...|
|.11.....1.|
|..........|
|...1...1..|
|.....1.1..|
|.1.....1.1|
|.1.1.....1|
|.1.......1|
|.........1|
------------
Player 1: MOVE 4-1
Player 2: MISS
Player 2: MOVE 9-9
Player 1: MISS

------------
|.11.......|
|.....11...|
|.11.....1.|
|..........|
|...1...1..|
|.....1.1..|
|.1.....1.1|
|.1.1.....1|
|.1.......1|
|.........1|
------------

------------
|.11.......|
|.....11...|
|.11.....1.|
|..........|
|...1...1..|
|.....1.1..|
|.1.....1.1|
|.1.1.....1|
|.1.......1|
|.........1|
------------
Player 1: MOVE 2-7
Player 2: MISS
Player 2: MOVE 10-8
Player 1: HIT
Player 2: MOVE 10-7
Player 1: HIT
Player 2: MOVE 10-6
Player 1: MISS

------------
|.11.......|
|.....11...|
|.11.....1.|
|..........|
|...1...1..|
|.....1.1..|
|.1.....1.X|
|.1.1.....X|
|.1.......1|
|.........1|
------------

------------
|.11.......|
|.....11...|
|.11.....1.|
|..........|
|...1...1..|
|.....1.1..|
|.1.....1.X|
|.1.1.....X|
|.1.......1|
|.........1|
------------
Player 1: MOVE 4-5
Player 2: MISS
Player 2: MOVE 10-9
Player 1: HIT
Player 2: MOVE 10-10
Player 1: KILL
Player 2: MOVE 6-6
Player 1: KILL
Player 2: MOVE 6-5
Player 1: MISS

------------
|.11.......|
|.....11...|
|.11.....1.|
|..........|
|...1...1..|
|.....X.1..|
|.1.....1.X|
|.1.1.....X|
|.1.......X|
|.........X|
------------

------------
|.11.......|
|.....11...|
|.11.....1.|
|..........|
|...1...1..|
|.....X.1..|
|.1.....1.X|
|.1.1.....X|
|.1.......X|
|.........X|
------------
10
queue [30, 21, 12, 3, 70, 61, 52, 43, 34, 25, 16, 7, 92, 83, 74, 65, 56, 47, 38, 29, 96, 87, 78, 69, 10, 1, 50, 41, 32, 41, 50, 90, 81, 72, 63, 54, 45, 36, 27, 18, 9, 94, 85, 76, 67, 58, 49, 98, 89, 0, 20, 11, -11, -1, 9, 19, 29, 39, 49, 59, 69, 79, -10, 40, 60, 80, -9, 31, 51, 71, -8, 2, 22, 42, 62, 82, -7, 13, 23, 33, 53, 73, -6, 4, 14, 24, 44, 64, 84, -5, 5, 15, 35, 55, 75, -4, 6, 26, 46, 66, 86, -3, 17, 37, 57, 77, -2, 8, 28, 48, 68, 88]
queue [21, 12, 3, 70, 61, 52, 43, 34, 25, 16, 7, 92, 83, 74, 65, 56, 47, 38, 29, 96, 87, 78, 69, 10, 1, 50, 41, 32, 41, 50, 90, 81, 72, 63, 54, 45, 36, 27, 18, 9, 94, 85, 76, 67, 58, 49, 98, 89, 0, 20, 11, -11, -1, 9, 19, 29, 39, 49, 59, 69, 79, -10, 40, 60, 80, -9, 31, 51, 71, -8, 2, 22, 42, 62, 82, -7, 13, 23, 33, 53, 73, -6, 4, 14, 24, 44, 64, 84, -5, 5, 15, 35, 55, 75, -4, 6, 26, 46, 66, 86, -3, 17, 37, 57, 77, -2, 8, 28, 48, 68, 88]
SHIP
queue [21, 12, 3, 70, 61, 52, 43, 34, 25, 16, 7, 92, 83, 74, 65, 56, 47, 38, 29, 96, 87, 78, 69, 10, 1, 50, 41, 32, 90, 81, 72, 63, 54, 45, 36, 27, 18, 9, 94, 85, 76, 67, 58, 49, 98, 89, 0, 20, 11, -11, -1, 19, 39, 59, 79, -10, 40, 60, 80, -9, 31, 51, 71, -8, 2, 22, 42, 62, 82, -7, 13, 23, 33, 53, 73, -6, 4, 14, 24, 44, 64, 84, -5, 5, 15, 35, 55, 75, -4, 6, 26, 46, 66, 86, -3, 17, 37, 57, 77, -2, 8, 28, 48, 68, 88]
queue [3, 70, 61, 52, 43, 34, 25, 16, 7, 92, 83, 74, 65, 56, 47, 38, 29, 96, 87, 78, 69, 10, 1, 50, 41, 32, 90, 81, 72, 63, 54, 45, 36, 27, 18, 9, 94, 85, 76, 67, 58, 49, 98, 89, 0, 20, 11, -11, -1, 19, 39, 59, 79, -10, 40, 60, 80, -9, 31, 51, 71, -8, 2, 22, 42, 62, 82, -7, 13, 23, 33, 53, 73, -6, 4, 14, 24, 44, 64, 84, -5, 5, 15, 35, 55, 75, -4, 6, 26, 46, 66, 86, -3, 17, 37, 57, 77, -2, 8, 28, 48, 68, 88]
queue [70, 61, 52, 43, 34, 25, 16, 7, 92, 83, 74, 65, 56, 47, 38, 29, 96, 87, 78, 69, 10, 1, 50, 41, 32, 90, 81, 72, 63, 54, 45, 36, 27, 18, 9, 94, 85, 76, 67, 58, 49, 98, 89, 0, 20, 11, -11, -1, 19, 39, 59, 79, -10, 40, 60, 80, -9, 31, 51, 71, -8, 2, 22, 42, 62, 82, -7, 13, 23, 33, 53, 73, -6, 4, 14, 24, 44, 64, 84, -5, 5, 15, 35, 55, 75, -4, 6, 26, 46, 66, 86, -3, 17, 37, 57, 77, -2, 8, 28, 48, 68, 88]
queue [61, 52, 43, 34, 25, 16, 7, 92, 83, 74, 65, 56, 47, 38, 29, 96, 87, 78, 69, 10, 1, 50, 41, 32, 90, 81, 72, 63, 54, 45, 36, 27, 18, 9, 94, 85, 76, 67, 58, 49, 98, 89, 0, 20, 11, -11, -1, 19, 39, 59, 79, -10, 40, 60, 80, -9, 31, 51, 71, -8, 2, 22, 42, 62, 82, -7, 13, 23, 33, 53, 73, -6, 4, 14, 24, 44, 64, 84, -5, 5, 15, 35, 55, 75, -4, 6, 26, 46, 66, 86, -3, 17, 37, 57, 77, -2, 8, 28, 48, 68, 88]
queue [52, 43, 34, 25, 16, 7, 92, 83, 74, 65, 56, 47, 38, 29, 96, 87, 78, 69, 10, 1, 50, 41, 32, 90, 81, 72, 63, 54, 45, 36, 27, 18, 9, 94, 85, 76, 67, 58, 49, 98, 89, 0, 20, 11, -11, -1, 19, 39, 59, 79, -10, 40, 60, 80, -9, 31, 51, 71, -8, 2, 22, 42, 62, 82, -7, 13, 23, 33, 53, 73, -6, 4, 14, 24, 44, 64, 84, -5, 5, 15, 35, 55, 75, -4, 6, 26, 46, 66, 86, -3, 17, 37, 57, 77, -2, 8, 28, 48, 68, 88]
queue [43, 34, 25, 16, 7, 92, 83, 74, 65, 56, 47, 38, 29, 96, 87, 78, 69, 10, 1, 50, 41, 32, 90, 81, 72, 63, 54, 45, 36, 27, 18, 9, 94, 85, 76, 67, 58, 49, 98, 89, 0, 20, 11, -11, -1, 19, 39, 59, 79, -10, 40, 60, 80, -9, 31, 51, 71, -8, 2, 22, 42, 62, 82, -7, 13, 23, 33, 53, 73, -6, 4, 14, 24, 44, 64, 84, -5, 5, 15, 35, 55, 75, -4, 6, 26, 46, 66, 86, -3, 17, 37, 57, 77, -2, 8, 28, 48, 68, 88]
queue [34, 25, 16, 7, 92, 83, 74, 65, 56, 47, 38, 29, 96, 87, 78, 69, 10, 1, 50, 41, 32, 90, 81, 72, 63, 54, 45, 36, 27, 18, 9, 94, 85, 76, 67, 58, 49, 98, 89, 0, 20, 11, -11, -1, 19, 39, 59, 79, -10, 40, 60, 80, -9, 31, 51, 71, -8, 2, 22, 42, 62, 82, -7, 13, 23, 33, 53, 73, -6, 4, 14, 24, 44, 64, 84, -5, 5, 15, 35, 55, 75, -4, 6, 26, 46, 66, 86, -3, 17, 37, 57, 77, -2, 8, 28, 48, 68, 88]
queue [25, 16, 7, 92, 83, 74, 65, 56, 47, 38, 29, 96, 87, 78, 69, 10, 1, 50, 41, 32, 90, 81, 72, 63, 54, 45, 36, 27, 18, 9, 94, 85, 76, 67, 58, 49, 98, 89, 0, 20, 11, -11, -1, 19, 39, 59, 79, -10, 40, 60, 80, -9, 31, 51, 71, -8, 2, 22, 42, 62, 82, -7, 13, 23, 33, 53, 73, -6, 4, 14, 24, 44, 64, 84, -5, 5, 15, 35, 55, 75, -4, 6, 26, 46, 66, 86, -3, 17, 37, 57, 77, -2, 8Player 1: MOVE 6-3
Player 2: MISS
Player 2: MOVE 6-7
Player 1: MISS

------------
|.11.......|
|.....11...|
|.11.....1.|
|..........|
|...1...1..|
|.....X.1..|
|.1.....1.X|
|.1.1.....X|
|.1.......X|
|.........X|
------------

------------
|.11.......|
|.....11...|
|.11.....1.|
|..........|
|...1...1..|
|.....X.1..|
|.1.....1.X|
|.1.1.....X|
|.1.......X|
|.........X|
------------
Player 1: MOVE 8-1
Player 2: MISS
Player 2: MOVE 5-6
Player 1: MISS

------------
|.11.......|
|.....11...|
|.11.....1.|
|..........|
|...1...1..|
|.....X.1..|
|.1.....1.X|
|.1.1.....X|
|.1.......X|
|.........X|
------------

------------
|.11.......|
|.....11...|
|.11.....1.|
|..........|
|...1...1..|
|.....X.1..|
|.1.....1.X|
|.1.1.....X|
|.1.......X|
|.........X|
------------
Player 1: MOVE 4-9
Player 2: MISS
Player 2: MOVE 7-6
Player 1: MISS

------------
|.11.......|
|.....11...|
|.11.....1.|
|..........|
|...1...1..|
|.....X.1..|
|.1.....1.X|
|.1.1.....X|
|.1.......X|
|.........X|
------------

------------
|.11.......|
|.....11...|
|.11.....1.|
|..........|
|...1...1..|
|.....X.1..|
|.1.....1.X|
|.1.1.....X|
|.1.......X|
|.........X|
------------
Player 1: MOVE 6-7
Player 2: MISS
Player 2: MOVE 5-1
Player 1: MISS

------------
|.11.......|
|.....11...|
|.11.....1.|
|..........|
|...1...1..|
|.....X.1..|
|.1.....1.X|
|.1.1.....X|
|.1.......X|
|.........X|
------------

------------
|.11.......|
|.....11...|
|.11.....1.|
|..........|
|...1...1..|
|.....X.1..|
|.1.....1.X|
|.1.1.....X|
|.1.......X|
|.........X|
------------
Player 1: MOVE 8-5
Player 2: HIT

------------
|.11.......|
|.....11...|
|.11.....1.|
|..........|
|...1...1..|
|.....X.1..|
|.1.....1.X|
|.1.1.....X|
|.1.......X|
|.........X|
------------

------------
|.11.......|
|.....11...|
|.11.....1.|
|..........|
|...1...1..|
|.....X.1..|
|.1.....1.X|
|.1.1.....X|
|.1.......X|
|.........X|
------------
Player 1: MOVE 10-3
Player 2: MISS
Player 2: MOVE 10-1
Player 1: MISS

------------
|.11.......|
|.....11...|
|.11.....1.|
|..........|
|...1...1..|
|.....X.1..|
|.1.....1.X|
|.1.1.....X|
|.1.......X|
|.........X|
------------

------------
|.11.......|
|.....11...|
|.11.....1.|
|..........|
|...1...1..|
|.....X.1..|
|.1.....1.X|
|.1.1.....X|
|.1.......X|
|.........X|
------------
, 28, 48, 68, 88]
queue [16, 7, 92, 83, 74, 65, 56, 47, 38, 29, 96, 87, 78, 69, 10, 1, 50, 41, 32, 90, 81, 72, 63, 54, 45, 36, 27, 18, 9, 94, 85, 76, 67, 58, 49, 98, 89, 0, 20, 11, -11, -1, 19, 39, 59, 79, -10, 40, 60, 80, -9, 31, 51, 71, -8, 2, 22, 42, 62, 82, -7, 13, 23, 33, 53, 73, -6, 4, 14, 24, 44, 64, 84, -5, 5, 15, 35, 55, 75, -4, 6, 26, 46, 66, 86, -3, 17, 37, 57, 77, -2, 8, 28, 48, 68, 88]
queue [7, 92, 83, 74, 65, 56, 47, 38, 29, 96, 87, 78, 69, 10, 1, 50, 41, 32, 90, 81, 72, 63, 54, 45, 36, 27, 18, 9, 94, 85, 76, 67, 58, 49, 98, 89, 0, 20, 11, -11, -1, 19, 39, 59, 79, -10, 40, 60, 80, -9, 31, 51, 71, -8, 2, 22, 42, 62, 82, -7, 13, 23, 33, 53, 73, -6, 4, 14, 24, 44, 64, 84, -5, 5, 15, 35, 55, 75, -4, 6, 26, 46, 66, 86, -3, 17, 37, 57, 77, -2, 8, 28, 48, 68, 88]
queue [92, 83, 74, 65, 56, 47, 38, 29, 96, 87, 78, 69, 10, 1, 50, 41, 32, 90, 81, 72, 63, 54, 45, 36, 27, 18, 9, 94, 85, 76, 67, 58, 49, 98, 89, 0, 20, 11, -11, -1, 19, 39, 59, 79, -10, 40, 60, 80, -9, 31, 51, 71, -8, 2, 22, 42, 62, 82, -7, 13, 23, 33, 53, 73, -6, 4, 14, 24, 44, 64, 84, -5, 5, 15, 35, 55, 75, -4, 6, 26, 46, 66, 86, -3, 17, 37, 57, 77, -2, 8, 28, 48, 68, 88]
queue [83, 74, 65, 56, 47, 38, 29, 96, 87, 78, 69, 10, 1, 50, 41, 32, 90, 81, 72, 63, 54, 45, 36, 27, 18, 9, 94, 85, 76, 67, 58, 49, 98, 89, 0, 20, 11, -11, -1, 19, 39, 59, 79, -10, 40, 60, 80, -9, 31, 51, 71, -8, 2, 22, 42, 62, 82, -7, 13, 23, 33, 53, 73, -6, 4, 14, 24, 44, 64, 84, -5, 5, 15, 35, 55, 75, -4, 6, 26, 46, 66, 86, -3, 17, 37, 57, 77, -2, 8, 28, 48, 68, 88]
queue [74, 65, 56, 47, 38, 29, 96, 87, 78, 69, 10, 1, 50, 41, 32, 90, 81, 72, 63, 54, 45, 36, 27, 18, 9, 94, 85, 76, 67, 58, 49, 98, 89, 0, 20, 11, -11, -1, 19, 39, 59, 79, -10, 40, 60, 80, -9, 31, 51, 71, -8, 2, 22, 42, 62, 82, -7, 13, 23, 33, 53, 73, -6, 4, 14, 24, 44, 64, 84, -5, 5, 15, 35, 55, 75, -4, 6, 26, 46, 66, 86, -3, 17, 37, 57, 77, -2, 8, 28, 48, 68, 88]
queue [65, 56, 47, 38, 29, 96, 87, 78, 69, 10, 1, 50, 41, 32, 90, 81, 72, 63, 54, 45, 36, 27, 18, 9, 94, 85, 76, 67, 58, 49, 98, 89, 0, 20, 11, -11, -1, 19, 39, 59, 79, -10, 40, 60, 80, -9, 31, 51, 71, -8, 2, 22, 42, 62, 82, -7, 13, 23, 33, 53, 73, -6, 4, 14, 24, 44, 64, 84, -5, 5, 15, 35, 55, 75, -4, 6, 26, 46, 66, 86, -3, 17, 37, 57, 77, -2, 8, 28, 48, 68, 88]
queue [56, 47, 38, 29, 96, 87, 78, 69, 10, 1, 50, 41, 32, 90, 81, 72, 63, 54, 45, 36, 27, 18, 9, 94, 85, 76, 67, 58, 49, 98, 89, 0, 20, 11, -11, -1, 19, 39, 59, 79, -10, 40, 60, 80, -9, 31, 51, 71, -8, 2, 22, 42, 62, 82, -7, 13, 23, 33, 53, 73, -6, 4, 14, 24, 44, 64, 84, -5, 5, 15, 35, 55, 75, -4, 6, 26, 46, 66, 86, -3, 17, 37, 57, 77, -2, 8, 28, 48, 68, 88]
queue [47, 38, 29, 96, 87, 78, 69, 10, 1, 50, 41, 32, 90, 81, 72, 63, 54, 45, 36, 27, 18, 9, 94, 85, 76, 67, 58, 49, 98, 89, 0, 20, 11, -11, -1, 19, 39, 59, 79, -10, 40, 60, 80, -9, 31, 51, 71, -8, 2, 22, 42, 62, 82, -7, 13, 23, 33, 53, 73, -6, 4, 14, 24, 44, 64, 84, -5, 5, 15, 35, 55, 75, -4, 6, 26, 46, 66, 86, -3, 17, 37, 57, 77, -2, 8, 28, 48, 68, 88]
SHIP
queue [47, 38, 29, 96, 87, 78, 69, 10, 1, 50, 41, 32, 90, 81, 72, 63, 54, 45, 36, 27, 18, 9, 94, 85, 76, 67, 58, 49, 98, 89, 0, 20, 11, -11, -1, 19, 39, 59, 79, -10, 40, 60, 80, -9, 31, 51, 71, -8, 2, 22, 42, 62, 82, -7, 13, 23, 33, 53, 73, -6, 4, 14, 24, 44, 64, 84, -5, 5, 15, 35, 55, 75, -4, 6, 26, 46, 66, 86, -3, 17, 37, 57, 77, -2, 8, 28, 48, 68, 88]
queue [29, 96, 87, 78, 69, 10, 1, 50, 41, 32, 90, 81, 72, 63, 54, 45, 36, 27, 18, 9, 94, 85, 76, 67, 58, 49, 98, 89, 0, 20, 11, -11, -1, 19, 39, 59, 79, -10, 40, 60, 80, -9, 31, 51, 71, -8, 2, 22, 42, 62, 82, -7, 13, 23, 33, 53, 73, -6, 4, 14, 24, 44, 64, 84, -5, 5, 15, 35, 55, 75, -4, 6, 26, 46, 66, 86, -3, 17, 37, 57, 77, -2, 8, 28, 48, 68, 88]
queue [96, 87, 78, 69, 10, 1, 50, 41, 32, 90, 81, 72, 63, 54, 45, 36, 27, 18, 9, 94, 85, 76, 67, 58, 49, 98, 89, 0, 20, 11, -11, -1, 19, 39, 59, 79, -10, 40, 60, 80, -9, 31, 51, 71, -8, 2, 22, 42, 62, 82, -7, 13, 23, 33, 53, 73, -6, 4, 14, 24, 44, 64, 84, -5, 5, 15, 35, 55, 75, -4, 6, 26, 46, 66, 86, -3, 17, 37, 57, 77, -2, 8, 28, 48, 68, 88]
queue [87, 78, 69, 10, 1, 50, 41, 32, 90, 81, 72, 63, 54Player 1: MOVE 8-9
Player 2: MISS
Player 2: MOVE 2-3
Player 1: HIT
Player 2: MOVE 2-4
Player 1: MISS

------------
|.11.......|
|.....11...|
|.X1.....1.|
|..........|
|...1...1..|
|.....X.1..|
|.1.....1.X|
|.1.1.....X|
|.1.......X|
|.........X|
------------

------------
|.11.......|
|.....11...|
|.X1.....1.|
|..........|
|...1...1..|
|.....X.1..|
|.1.....1.X|
|.1.1.....X|
|.1.......X|
|.........X|
------------
Player 1: MOVE 10-7
Player 2: MISS
Player 2: MOVE 3-3
Player 1: KILL
Player 2: MOVE 1-3
Player 1: MISS

------------
|.11.......|
|.....11...|
|.XX.....1.|
|..........|
|...1...1..|
|.....X.1..|
|.1.....1.X|
|.1.1.....X|
|.1.......X|
|.........X|
------------

------------
|.11.......|
|.....11...|
|.XX.....1.|
|..........|
|...1...1..|
|.....X.1..|
|.1.....1.X|
|.1.1.....X|
|.1.......X|
|.........X|
------------
Player 1: MOVE 2-1
Player 2: MISS
Player 2: MOVE 4-3
Player 1: MISS

------------
|.11.......|
|.....11...|
|.XX.....1.|
|..........|
|...1...1..|
|.....X.1..|
|.1.....1.X|
|.1.1.....X|
|.1.......X|
|.........X|
------------

------------
|.11.......|
|.....11...|
|.XX.....1.|
|..........|
|...1...1..|
|.....X.1..|
|.1.....1.X|
|.1.1.....X|
|.1.......X|
|.........X|
------------
Player 1: MOVE 2-5
Player 2: MISS
Player 2: MOVE 3-1
Player 1: HIT
Player 2: MOVE 4-1
Player 1: MISS

------------
|.1X.......|
|.....11...|
|.XX.....1.|
|..........|
|...1...1..|
|.....X.1..|
|.1.....1.X|
|.1.1.....X|
|.1.......X|
|.........X|
------------

------------
|.1X.......|
|.....11...|
|.XX.....1.|
|..........|
|...1...1..|
|.....X.1..|
|.1.....1.X|
|.1.1.....X|
|.1.......X|
|.........X|
------------
Player 1: MOVE 1-10
Player 2: MISS
Player 2: MOVE 2-1
Player 1: KILL
Player 2: MOVE 1-1
Player 1: MISS

------------
|.XX.......|
|.....11...|
|.XX.....1.|
|..........|
|...1...1..|
|.....X.1..|
|.1.....1.X|
|.1.1.....X|
|.1.......X|
|.........X|
------------

------------
|.XX.......|
|.....11...|
|.XX.....1.|
|..........|
|...1...1..|
|.....X.1..|
|.1.....1.X|
|.1.1.....X|
|.1.......X|
|.........X|
------------
Player 1: MOVE 3-8
Player 2: MISS
Player 2: MOVE 8-8
Player 1: MISS

------------
|.XX.......|
|.....11...|
|.XX.....1.|
|..........|
|...1...1..|
|.....X.1..|
|.1.....1.X|
|.1.1.....X|
|.1.......X|
|.........X|
------------

------------
|.XX.......|
|.....11...|
|.XX.....1.|
|..........|
|...1...1..|
|.....X.1..|
|.1.....1.X|
|.1.1.....X|
|.1.......X|
|.........X|
------------
Player 1: MOVE 5-6
Player 2: MISS
Player 2: MOVE 7-7
Player 1: MISS

------------
|.XX.......|
|.....11...|
|.XX.....1.|
|..........|
|...1...1..|
|.....X.1..|
|.1.....1.X|
|.1.1.....X|
|.1.......X|
|.........X|
------------
, 45, 36, 27, 18, 9, 94, 85, 76, 67, 58, 49, 98, 89, 0, 20, 11, -11, -1, 19, 39, 59, 79, -10, 40, 60, 80, -9, 31, 51, 71, -8, 2, 22, 42, 62, 82, -7, 13, 23, 33, 53, 73, -6, 4, 14, 24, 44, 64, 84, -5, 5, 15, 35, 55, 75, -4, 6, 26, 46, 66, 86, -3, 17, 37, 57, 77, -2, 8, 28, 48, 68, 88]
queue [78, 69, 10, 1, 50, 41, 32, 90, 81, 72, 63, 54, 45, 36, 27, 18, 9, 94, 85, 76, 67, 58, 49, 98, 89, 0, 20, 11, -11, -1, 19, 39, 59, 79, -10, 40, 60, 80, -9, 31, 51, 71, -8, 2, 22, 42, 62, 82, -7, 13, 23, 33, 53, 73, -6, 4, 14, 24, 44, 64, 84, -5, 5, 15, 35, 55, 75, -4, 6, 26, 46, 66, 86, -3, 17, 37, 57, 77, -2, 8, 28, 48, 68, 88]
queue [69, 10, 1, 50, 41, 32, 90, 81, 72, 63, 54, 45, 36, 27, 18, 9, 94, 85, 76, 67, 58, 49, 98, 89, 0, 20, 11, -11, -1, 19, 39, 59, 79, -10, 40, 60, 80, -9, 31, 51, 71, -8, 2, 22, 42, 62, 82, -7, 13, 23, 33, 53, 73, -6, 4, 14, 24, 44, 64, 84, -5, 5, 15, 35, 55, 75, -4, 6, 26, 46, 66, 86, -3, 17, 37, 57, 77, -2, 8, 28, 48, 68, 88]
queue [10, 1, 50, 41, 32, 90, 81, 72, 63, 54, 45, 36, 27, 18, 9, 94, 85, 76, 67, 58, 49, 98, 89, 0, 20, 11, -11, -1, 19, 39, 59, 79, -10, 40, 60, 80, -9, 31, 51, 71, -8, 2, 22, 42, 62, 82, -7, 13, 23, 33, 53, 73, -6, 4, 14, 24, 44, 64, 84, -5, 5, 15, 35, 55, 75, -4, 6, 26, 46, 66, 86, -3, 17, 37, 57, 77, -2, 8, 28, 48, 68, 88]
queue [1, 50, 41, 32, 90, 81, 72, 63, 54, 45, 36, 27, 18, 9, 94, 85, 76, 67, 58, 49, 98, 89, 0, 20, 11, -11, -1, 19, 39, 59, 79, -10, 40, 60, 80, -9, 31, 51, 71, -8, 2, 22, 42, 62, 82, -7, 13, 23, 33, 53, 73, -6, 4, 14, 24, 44, 64, 84, -5, 5, 15, 35, 55, 75, -4, 6, 26, 46, 66, 86, -3, 17, 37, 57, 77, -2, 8, 28, 48, 68, 88]
queue [50, 41, 32, 90, 81, 72, 63, 54, 45, 36, 27, 18, 9, 94, 85, 76, 67, 58, 49, 98, 89, 0, 20, 11, -11, -1, 19, 39, 59, 79, -10, 40, 60, 80, -9, 31, 51, 71, -8, 2, 22, 42, 62, 82, -7, 13, 23, 33, 53, 73, -6, 4, 14, 24, 44, 64, 84, -5, 5, 15, 35, 55, 75, -4, 6, 26, 46, 66, 86, -3, 17, 37, 57, 77, -2, 8, 28, 48, 68, 88]
queue [41, 32, 90, 81, 72, 63, 54, 45, 36, 27, 18, 9, 94, 85, 76, 67, 58, 49, 98, 89, 0, 20, 11, -11, -1, 19, 39, 59, 79, -10, 40, 60, 80, -9, 31, 51, 71, -8, 2, 22, 42, 62, 82, -7, 13, 23, 33, 53, 73, -6, 4, 14, 24, 44, 64, 84, -5, 5, 15, 35, 55, 75, -4, 6, 26, 46, 66, 86, -3, 17, 37, 57, 77, -2, 8, 28, 48, 68, 88]
queue [32, 90, 81, 72, 63, 54, 45, 36, 27, 18, 9, 94, 85, 76, 67, 58, 49, 98, 89, 0, 20, 11, -11, -1, 19, 39, 59, 79, -10, 40, 60, 80, -9, 31, 51, 71, -8, 2, 22, 42, 62, 82, -7, 13, 23, 33, 53, 73, -6, 4, 14, 24, 44, 64, 84, -5, 5, 15, 35, 55, 75, -4, 6, 26, 46, 66, 86, -3, 17, 37, 57, 77, -2, 8, 28, 48, 68, 88]
queue [90, 81, 72, 63, 54, 45, 36, 27, 18, 9, 94, 85, 76, 67, 58, 49, 98, 89, 0, 20, 11, -11, -1, 19, 39, 59, 79, -10, 40, 60, 80, -9, 31, 51, 71, -8, 2, 22, 42, 62, 82, -7, 13, 23, 33, 53, 73, -6, 4, 14, 24, 44, 64, 84, -5, 5, 15, 35, 55, 75, -4, 6, 26, 46, 66, 86, -3, 17, 37, 57, 77, -2, 8, 28, 48, 68, 88]
queue [81, 72, 63, 54, 45, 36, 27, 18, 9, 94, 85, 76, 67, 58, 49, 98, 89, 0, 20, 11, -11, -1, 19, 39, 59, 79, -10, 40, 60, 80, -9, 31, 51, 71, -8, 2, 22, 42, 62, 82, -7, 13, 23, 33, 53, 73, -6, 4, 14, 24, 44, 64, 84, -5, 5, 15, 35, 55, 75, -4, 6, 26, 46, 66, 86, -3, 17, 37, 57, 77, -2, 8, 28, 48, 68, 88]
queue [72, 63, 54, 45, 36, 27, 18, 9, 94, 85, 76, 67, 58, 49, 98, 89, 0, 20, 11, -11, -1, 19, 39, 59, 79, -10, 40, 60, 80, -9, 31, 51, 71, -8, 2, 22, 42, 62, 82, -7, 13, 23, 33, 53, 73, -6, 4, 14, 24, 44, 64, 84, -5, 5, 15, 35, 55, 75, -4, 6, 26, 46, 66, 86, -3, 17, 37, 57, 77, -2, 8, 28, 48, 68, 88]
queue [63, 54, 45, 36, 27, 18, 9, 94, 85, 76, 67, 58, 49, 98, 89, 0, 20, 11, -11, -1, 19, 39, 59, 79, -10, 40, 60, 80, -9, 31, 51, 71, -8, 2, 22, 42, 62, 82, -7, 13, 23, 33, 53, 73, -6, 4, 14, 24, 44, 64, 84, -5, 5, 15, 35, 55, 75, -4, 6, 26, 46, 66, 86, -3, 17, 37, 57, 77, -2, 8, 28, 48, 68, 88]
queue [54, 45, 36, 27, 18, 9, 94, 85, 76, 67, 58, 49, 98, 89, 0, 20, 11, -11, -1, 19, 39, 59, 79, -10, 40, 60, 80, -9, 31, 51, 71, -8, 2, 22, 42, 62, 82, -7, 13, 23, 33, 53, 73, -6, 4, 14, 24, 44, 64, 84, -5, 5, 15, 35, 55, 75, -4, 6, 26, 46, 66, 86, -3, 17, 37, 57, 77, -2, 8, 28, 48, 68, 88]
queue [45, 36, 27, 18, 
------------
|.XX.......|
|.....11...|
|.XX.....1.|
|..........|
|...1...1..|
|.....X.1..|
|.1.....1.X|
|.1.1.....X|
|.1.......X|
|.........X|
------------
Player 1: MOVE 7-4
Player 2: MISS
Player 2: MOVE 8-5
Player 1: HIT
Player 2: MOVE 8-4
Player 1: MISS

------------
|.XX.......|
|.....11...|
|.XX.....1.|
|..........|
|...1...X..|
|.....X.1..|
|.1.....1.X|
|.1.1.....X|
|.1.......X|
|.........X|
------------

------------
|.XX.......|
|.....11...|
|.XX.....1.|
|..........|
|...1...X..|
|.....X.1..|
|.1.....1.X|
|.1.1.....X|
|.1.......X|
|.........X|
------------
Player 1: MOVE 9-2
Player 2: MISS
Player 2: MOVE 7-5
Player 1: MISS

------------
|.XX.......|
|.....11...|
|.XX.....1.|
|..........|
|...1...X..|
|.....X.1..|
|.1.....1.X|
|.1.1.....X|
|.1.......X|
|.........X|
------------

------------
|.XX.......|
|.....11...|
|.XX.....1.|
|..........|
|...1...X..|
|.....X.1..|
|.1.....1.X|
|.1.1.....X|
|.1.......X|
|.........X|
------------
Player 1: MOVE 5-10
Player 2: MISS
Player 2: MOVE 9-5
Player 1: MISS

------------
|.XX.......|
|.....11...|
|.XX.....1.|
|..........|
|...1...X..|
|.....X.1..|
|.1.....1.X|
|.1.1.....X|
|.1.......X|
|.........X|
------------

------------
|.XX.......|
|.....11...|
|.XX.....1.|
|..........|
|...1...X..|
|.....X.1..|
|.1.....1.X|
|.1.1.....X|
|.1.......X|
|.........X|
------------
Player 1: MOVE 7-8
Player 2: MISS
Player 2: MOVE 8-6
Player 1: HIT
Player 2: MOVE 8-7
Player 1: KILL
Player 2: MOVE 5-3
Player 1: MISS

------------
|.XX.......|
|.....11...|
|.XX.....1.|
|..........|
|...1...X..|
|.....X.X..|
|.1.....X.X|
|.1.1.....X|
|.1.......X|
|.........X|
------------

------------
|.XX.......|
|.....11...|
|.XX.....1.|
|..........|
|...1...X..|
|.....X.X..|
|.1.....X.X|
|.1.1.....X|
|.1.......X|
|.........X|
------------
Player 1: MOVE 9-6
Player 2: MISS
Player 2: MOVE 2-7
Player 1: HIT
Player 2: MOVE 2-6
Player 1: MISS

------------
|.XX.......|
|.....11...|
|.XX.....1.|
|..........|
|...1...X..|
|.....X.X..|
|.X.....X.X|
|.1.1.....X|
|.1.......X|
|.........X|
------------

------------
|.XX.......|
|.....11...|
|.XX.....1.|
|..........|
|...1...X..|
|.....X.X..|
|.X.....X.X|
|.1.1.....X|
|.1.......X|
|.........X|
------------
Player 1: MOVE 9-10
Player 2: MISS
Player 2: MOVE 1-7
Player 1: MISS

------------
|.XX.......|
|.....11...|
|.XX.....1.|
|..........|
|...1...X..|
|.....X.X..|
|.X.....X.X|
|.1.1.....X|
|.1.......X|
|.........X|
------------

------------
|.XX.......|
|.....11...|
|.XX.....1.|
|..........|
|...1...X..|
|.....X.X..|
|.X.....X.X|
|.1.1.....X|
|.1.......X|
|.........X|
------------
Player 1: MOVE 1-1
Player 2: MISS
Player 2: MOVE 2-8
Player 1: HIT
Player 2: MOVE 2-9
Player 1: KILL
Player 2: MOVE 2-10
Player 1: MISS

------------
|.XX.......|
|.....11...|
|.XX.....1.|
|..........|
|...1...X..|
|.....X.X..|
|.X.....X.X|
|.X.1.....X|
|.X.......X|
|.........X|
------------

------------
|.XX.......|
|.....11...|
|.XX.....1.|
|..........|
|...1...X..|
|.....X.X..|
|.X.....X.X|
|.X.1.....X|
|.X.......X|
|.........X|
------------
9, 94, 85, 76, 67, 58, 49, 98, 89, 0, 20, 11, -11, -1, 19, 39, 59, 79, -10, 40, 60, 80, -9, 31, 51, 71, -8, 2, 22, 42, 62, 82, -7, 13, 23, 33, 53, 73, -6, 4, 14, 24, 44, 64, 84, -5, 5, 15, 35, 55, 75, -4, 6, 26, 46, 66, 86, -3, 17, 37, 57, 77, -2, 8, 28, 48, 68, 88]
queue [36, 27, 18, 9, 94, 85, 76, 67, 58, 49, 98, 89, 0, 20, 11, -11, -1, 19, 39, 59, 79, -10, 40, 60, 80, -9, 31, 51, 71, -8, 2, 22, 42, 62, 82, -7, 13, 23, 33, 53, 73, -6, 4, 14, 24, 44, 64, 84, -5, 5, 15, 35, 55, 75, -4, 6, 26, 46, 66, 86, -3, 17, 37, 57, 77, -2, 8, 28, 48, 68, 88]
queue [27, 18, 9, 94, 85, 76, 67, 58, 49, 98, 89, 0, 20, 11, -11, -1, 19, 39, 59, 79, -10, 40, 60, 80, -9, 31, 51, 71, -8, 2, 22, 42, 62, 82, -7, 13, 23, 33, 53, 73, -6, 4, 14, 24, 44, 64, 84, -5, 5, 15, 35, 55, 75, -4, 6, 26, 46, 66, 86, -3, 17, 37, 57, 77, -2, 8, 28, 48, 68, 88]
queue [18, 9, 94, 85, 76, 67, 58, 49, 98, 89, 0, 20, 11, -11, -1, 19, 39, 59, 79, -10, 40, 60, 80, -9, 31, 51, 71, -8, 2, 22, 42, 62, 82, -7, 13, 23, 33, 53, 73, -6, 4, 14, 24, 44, 64, 84, -5, 5, 15, 35, 55, 75, -4, 6, 26, 46, 66, 86, -3, 17, 37, 57, 77, -2, 8, 28, 48, 68, 88]
queue [9, 94, 85, 76, 67, 58, 49, 98, 89, 0, 20, 11, -11, -1, 19, 39, 59, 79, -10, 40, 60, 80, -9, 31, 51, 71, -8, 2, 22, 42, 62, 82, -7, 13, 23, 33, 53, 73, -6, 4, 14, 24, 44, 64, 84, -5, 5, 15, 35, 55, 75, -4, 6, 26, 46, 66, 86, -3, 17, 37, 57, 77, -2, 8, 28, 48, 68, 88]
queue [94, 85, 76, 67, 58, 49, 98, 89, 0, 20, 11, -11, -1, 19, 39, 59, 79, -10, 40, 60, 80, -9, 31, 51, 71, -8, 2, 22, 42, 62, 82, -7, 13, 23, 33, 53, 73, -6, 4, 14, 24, 44, 64, 84, -5, 5, 15, 35, 55, 75, -4, 6, 26, 46, 66, 86, -3, 17, 37, 57, 77, -2, 8, 28, 48, 68, 88]
queue [85, 76, 67, 58, 49, 98, 89, 0, 20, 11, -11, -1, 19, 39, 59, 79, -10, 40, 60, 80, -9, 31, 51, 71, -8, 2, 22, 42, 62, 82, -7, 13, 23, 33, 53, 73, -6, 4, 14, 24, 44, 64, 84, -5, 5, 15, 35, 55, 75, -4, 6, 26, 46, 66, 86, -3, 17, 37, 57, 77, -2, 8, 28, 48, 68, 88]
queue [76, 67, 58, 49, 98, 89, 0, 20, 11, -11, -1, 19, 39, 59, 79, -10, 40, 60, 80, -9, 31, 51, 71, -8, 2, 22, 42, 62, 82, -7, 13, 23, 33, 53, 73, -6, 4, 14, 24, 44, 64, 84, -5, 5, 15, 35, 55, 75, -4, 6, 26, 46, 66, 86, -3, 17, 37, 57, 77, -2, 8, 28, 48, 68, 88]
queue [67, 58, 49, 98, 89, 0, 20, 11, -11, -1, 19, 39, 59, 79, -10, 40, 60, 80, -9, 31, 51, 71, -8, 2, 22, 42, 62, 82, -7, 13, 23, 33, 53, 73, -6, 4, 14, 24, 44, 64, 84, -5, 5, 15, 35, 55, 75, -4, 6, 26, 46, 66, 86, -3, 17, 37, 57, 77, -2, 8, 28, 48, 68, 88]
queue [58, 49, 98, 89, 0, 20, 11, -11, -1, 19, 39, 59, 79, -10, 40, 60, 80, -9, 31, 51, 71, -8, 2, 22, 42, 62, 82, -7, 13, 23, 33, 53, 73, -6, 4, 14, 24, 44, 64, 84, -5, 5, 15, 35, 55, 75, -4, 6, 26, 46, 66, 86, -3, 17, 37, 57, 77, -2, 8, 28, 48, 68, 88]
queue [49, 98, 89, 0, 20, 11, -11, -1, 19, 39, 59, 79, -10, 40, 60, 80, -9, 31, 51, 71, -8, 2, 22, 42, 62, 82, -7, 13, 23, 33, 53, 73, -6, 4, 14, 24, 44, 64, 84, -5, 5, 15, 35, 55, 75, -4, 6, 26, 46, 66, 86, -3, 17, 37, 57, 77, -2, 8, 28, 48, 68, 88]
queue [98, 89, 0, 20, 11, -11, -1, 19, 39, 59, 79, -10, 40, 60, 80, -9, 31, 51, 71, -8, 2, 22, 42, 62, 82, -7, 13, 23, 33, 53, 73, -6, 4, 14, 24, 44, 64, 84, -5, 5, 15, 35, 55, 75, -4, 6, 26, 46, 66, 86, -3, 17, 37, 57, 77, -2, 8, 28, 48, 68, 88]
queue [89, 0, 20, 11, -11, -1, 19, 39, 59, 79, -10, 40, 60, 80, -9, 31, 51, 71, -8, 2, 22, 42, 62, 82, -7, 13, 23, 33, 53, 73, -6, 4, 14, 24, 44, 64, 84, -5, 5, 15, 35, 55, 75, -4, 6, 26, 46, 66, 86, -3, 17, 37, 57, 77, -2, 8, 28, 48, 68, 88]
queue [0, 20, 11, -11, -1, 19, 39, 59, 79, -10, 40, 60, 80, -9, 31, 51, 71, -8, 2, 22, 42, 62, 82, -7, 13, 23, 33, 53, 73, -6, 4, 14, 24, 44, 64, 84, -5, 5, 15, 35, 55, 75, -4, 6, 26, 46, 66, 86, -3, 17, 37, 57, 77, -2, 8, 28, 48, 68, 88]
queue [20, 11, -11, -1, 19, 39, 59, 79, -10, 40, 60, 80, -9, 31, 51, 71, -8, 2, 22, 42, 62, 82, -7, 13, 23, 33, 53, 73, -6, 4, 14, 24, 44, 64, 84, -5, 5, 15, 35, 55, 75, -4, 6, 26, 46, 66, 86, -3, 17, 37, 57, 77, -2, 8, 28, 48, 68, 88]
queue [11, -11, -1, 19, 39, 59, 79, -10, 40, 60, 80, -9, 31, 51, 71, -8, 2, 22, 42, 62, 82, -7, 13, 23, 33, 53, 73, -6, 4, 14, 24, 44, 64, 84, -5, 5, 15, 35, 55, 75, -4, 6, 26, 4Player 1: MOVE 2-2
Player 2: MISS
Player 2: MOVE 10-3
Player 1: MISS

------------
|.XX.......|
|.....11...|
|.XX.....1.|
|..........|
|...1...X..|
|.....X.X..|
|.X.....X.X|
|.X.1.....X|
|.X.......X|
|.........X|
------------

------------
|.XX.......|
|.....11...|
|.XX.....1.|
|..........|
|...1...X..|
|.....X.X..|
|.X.....X.X|
|.X.1.....X|
|.X.......X|
|.........X|
------------
Player 1: MOVE 10-0
6, 66, 86, -3, 17, 37, 57, 77, -2, 8, 28, 48, 68, 88]
queue [-11, -1, 19, 39, 59, 79, -10, 40, 60, 80, -9, 31, 51, 71, -8, 2, 22, 42, 62, 82, -7, 13, 23, 33, 53, 73, -6, 4, 14, 24, 44, 64, 84, -5, 5, 15, 35, 55, 75, -4, 6, 26, 46, 66, 86, -3, 17, 37, 57, 77, -2, 8, 28, 48, 68, 88]
queue [-1, 19, 39, 59, 79, -10, 40, 60, 80, -9, 31, 51, 71, -8, 2, 22, 42, 62, 82, -7, 13, 23, 33, 53, 73, -6, 4, 14, 24, 44, 64, 84, -5, 5, 15, 35, 55, 75, -4, 6, 26, 46, 66, 86, -3, 17, 37, 57, 77, -2, 8, 28, 48, 68, 88]
Traceback (most recent call last):
  File "simulate.py", line 44, in <module>
    result = passive.handle_enemy_shot(coords)
  File "/home/mkamalova/pycon2018/mpenkov_game.py", line 112, in handle_enemy_shot
    index = self.calc_index(position)
  File "/home/mkamalova/pycon2018/mpenkov_game.py", line 184, in calc_index
    return calc_index(self.size, position)
  File "/home/mkamalova/pycon2018/mpenkov_game.py", line 336, in calc_index
    raise ValueError('coords must be one-based')
ValueError: coords must be one-based
