
------------
|1011101101|
|1000000001|
|1000000000|
|1000000000|
|0000000000|
|1000001000|
|1001000000|
|1000000101|
|0000000000|
|1100000000|
------------
Player 1 field:

------------
|..........|
|...111..11|
|..........|
|..........|
|1........1|
|.......1.1|
|11........|
|...1111...|
|..........|
|1.1.111...|
------------
Player 2 field:

------------
|1011101101|
|1000000001|
|1000000000|
|1000000000|
|0000000000|
|1000001000|
|1001000000|
|1000000101|
|0000000000|
|1100000000|
------------

------------
|..........|
|...111..11|
|..........|
|..........|
|1........1|
|.......1.1|
|11........|
|...1111...|
|..........|
|1.1.111...|
------------

------------
|..........|
|...111..11|
|..........|
|..........|
|1........1|
|.......1.1|
|11........|
|...1111...|
|..........|
|1.1.111...|
------------
Player 1: MOVE 2-3
Player 2: MISS
Player 2: MOVE 1-9
Player 1: MISS

------------
|..........|
|...111..11|
|..........|
|..........|
|1........1|
|.......1.1|
|11........|
|...1111...|
|..........|
|1.1.111...|
------------

------------
|..........|
|...111..11|
|..........|
|..........|
|1........1|
|.......1.1|
|11........|
|...1111...|
|..........|
|1.1.111...|
------------
Player 1: MOVE 4-1
Player 2: HIT

------------
|..........|
|...111..11|
|..........|
|..........|
|1........1|
|.......1.1|
|11........|
|...1111...|
|..........|
|1.1.111...|
------------

------------
|..........|
|...111..11|
|..........|
|..........|
|1........1|
|.......1.1|
|11........|
|...1111...|
|..........|
|1.1.111...|
------------
Player 1: MOVE 2-7
Player 2: MISS
Player 2: MOVE 1-7
Player 1: HIT
Player 2: MOVE 1-8
Player 1: MISS

------------
|..........|
|...111..11|
|..........|
|..........|
|1........1|
|.......1.1|
|X1........|
|...1111...|
|..........|
|1.1.111...|
------------

------------
|..........|
|...111..11|
|..........|
|..........|
|1........1|
|.......1.1|
|X1........|
|...1111...|
|..........|
|1.1.111...|
------------
Player 1: MOVE 4-5
Player 2: MISS
Player 2: MOVE 1-6
Player 1: MISS

------------
|..........|
|...111..11|
|..........|
|..........|
|1........1|
|.......1.1|
|X1........|
|...1111...|
|..........|
|1.1.111...|
------------

------------
|..........|
|...111..11|
|..........|
|..........|
|1........1|
|.......1.1|
|X1........|
|...1111...|
|..........|
|1.1.111...|
------------
10
queue [30, 21, 12, 3, 70, 61, 52, 43, 34, 25, 16, 7, 92, 83, 74, 65, 56, 47, 38, 29, 96, 87, 78, 69, 10, 1, 50, 41, 32, 41, 50, 90, 81, 72, 63, 54, 45, 36, 27, 18, 9, 94, 85, 76, 67, 58, 49, 98, 89, 0, 20, 11, -11, -1, 9, 19, 29, 39, 49, 59, 69, 79, -10, 40, 60, 80, -9, 31, 51, 71, -8, 2, 22, 42, 62, 82, -7, 13, 23, 33, 53, 73, -6, 4, 14, 24, 44, 64, 84, -5, 5, 15, 35, 55, 75, -4, 6, 26, 46, 66, 86, -3, 17, 37, 57, 77, -2, 8, 28, 48, 68, 88]
queue [21, 12, 3, 70, 61, 52, 43, 34, 25, 16, 7, 92, 83, 74, 65, 56, 47, 38, 29, 96, 87, 78, 69, 10, 1, 50, 41, 32, 41, 50, 90, 81, 72, 63, 54, 45, 36, 27, 18, 9, 94, 85, 76, 67, 58, 49, 98, 89, 0, 20, 11, -11, -1, 9, 19, 29, 39, 49, 59, 69, 79, -10, 40, 60, 80, -9, 31, 51, 71, -8, 2, 22, 42, 62, 82, -7, 13, 23, 33, 53, 73, -6, 4, 14, 24, 44, 64, 84, -5, 5, 15, 35, 55, 75, -4, 6, 26, 46, 66, 86, -3, 17, 37, 57, 77, -2, 8, 28, 48, 68, 88]
queue [12, 3, 70, 61, 52, 43, 34, 25, 16, 7, 92, 83, 74, 65, 56, 47, 38, 29, 96, 87, 78, 69, 10, 1, 50, 41, 32, 41, 50, 90, 81, 72, 63, 54, 45, 36, 27, 18, 9, 94, 85, 76, 67, 58, 49, 98, 89, 0, 20, 11, -11, -1, 9, 19, 29, 39, 49, 59, 69, 79, -10, 40, 60, 80, -9, 31, 51, 71, -8, 2, 22, 42, 62, 82, -7, 13, 23, 33, 53, 73, -6, 4, 14, 24, 44, 64, 84, -5, 5, 15, 35, 55, 75, -4, 6, 26, 46, 66, 86, -3, 17, 37, 57, 77, -2, 8, 28, 48, 68, 88]
queue [3, 70, 61, 52, 43, 34, 25, 16, 7, 92, 83, 74, 65, 56, 47, 38, 29, 96, 87, 78, 69, 10, 1, 50, 41, 32, 41, 50, 90, 81, 72, 63, 54, 45, 36, 27, 18, 9, 94, 85, 76, 67, 58, 49, 98, 89, 0, 20, 11, -11, -1, 9, 19, 29, 39, 49, 59, 69, 79, -10, 40, 60, 80, -9, 31, 51, 71, -8, 2, 22, 42, 62, 82, -7, 13, 23, 33, 53, 73, -6, 4, 14, 24, 44, 64, 84, -5, 5, 15, 35, 55, 75, -4, 6, 26, 46, 66, 86, -3, 17, 37, 57, 77, -2, 8, 28, 48, 68, 88]
SHIP
queue [3, 70, 61, 52, 43, 34, 25, 16, 7, 92, 83, 74, 65, 56, 47, 38, 29, 96, 87, 78, 69, 10, 1, 50, 41, 32, 90, 81, 72, 63, 54, 45, 36, 27, 18, 9, 94, 85, 76, 67, 58, 49, 98, 89, 0, 20, 11, -11, -1, 19, 39, 59, 79, -10, 40, 60, 80, -9, 31, 51, 71, -8, 2, 22, 42, 62, 82, -7, 13, 23, 33, 53, 73, -6, 4, 14, 24, 44, 64, 84, -5, 5, 15, 35, 55, 75, -4, 6, 26, 46, 66, 86, -3, 17, 37, 57, 77, -2, 8, 28, 48, 68, 88]
queue [61, 52, 43, 34, 25, 16, 7, 92, 83, 74, 65, 56, 47, 38, 29, 96, 87, 78, 69, 10, 1, 50, 41, 32, 90, 81, 72, 63, 54, 45, 36, 27, 18, 9, 94, 85, 76, 67, 58, 49, 98, 89, 0, 20, 11, -11, -1, 19, 39, 59, 79, -10, 40, 60, 80, -9, 31, 51, 71, -8, 2, 22, 42, 62, 82, -7, 13, 23, 33, 53, 73, -6, 4, 14, 24, 44, 64, 84, -5, 5, 15, 35, 55, 75, -4, 6, 26, 46, 66, 86, -3, 17, 37, 57, 77, -2, 8, 28, 48, 68, 88]
queue [52, 43, 34, 25, 16, 7, 92, 83, 74, 65, 56, 47, 38, 29, 96, 87, 78, 69, 10, 1, 50, 41, 32, 90, 81, 72, 63, 54, 45, 36, 27, 18, 9, 94, 85, 76, 67, 58, 49, 98, 89, 0, 20, 11, -11, -1, 19, 39, 59, 79, -10, 40, 60, 80, -9, 31, 51, 71, -8, 2, 22, 42, 62, 82, -7, 13, 23, 33, 53, 73, -6, 4, 14, 24, 44, 64, 84, -5, 5, 15, 35, 55, 75, -4, 6, 26, 46, 66, 86, -3, 17, 37, 57, 77, -2, 8, 28, 48, 68, 88]
queue [43, 34, 25, 16, 7, 92, 83, 74, 65, 56, 47, 38, 29, 96, 87, 78, 69, 10, 1, 50, 41, 32, 90, 81, 72, 63, 54, 45, 36, 27, 18, 9, 94, 85, 76, 67, 58, 49, 98, 89, 0, 20, 11, -11, -1, 19, 39, 59, 79, -10, 40, 60, 80, -9, 31, 51, 71, -8, 2, 22, 42, 62, 82, -7, 13, 23, 33, 53, 73, -6, 4, 14, 24, 44, 64, 84, -5, 5, 15, 35, 55, 75, -4, 6, 26, 46, 66, 86, -3, 17, 37, 57, 77, -2, 8, 28, 48, 68, 88]
queue [34, 25, 16, 7, 92, 83, 74, 65, 56, 47, 38, 29, 96, 87, 78, 69, 10, 1, 50, 41, 32, 90, 81, 72, 63, 54, 45, 36, 27, 18, 9, 94, 85, 76, 67, 58, 49, 98, 89, 0, 20, 11, -11, -1, 19, 39, 59, 79, -10, 40, 60, 80, -9, 31, 51, 71, -8, 2, 22, 42, 62, 82, -7, 13, 23, 33, 53, 73, -6, 4, 14, 24, 44, 64, 84, -5, 5, 15, 35, 55, 75, -4, 6, 26, 46, 66, 86, -3, 17, 37, 57, 77, -2, 8, 28, 48, 68, 88]
queue [25, 16, 7, 92, 83, 74, 65, 56, 47, 38, 29, 96, 87, 78, 69, 10, 1, 50, 41, 32, 90, 81, 72, 63, 54, 45, 36, 27, 18, 9, 94, 85, 76, 67, 58, 49, 98, 89, 0, 20, 11, -11, -1, 19, 39, 59, 79, -10, 40, 60, 80, -9, 31, 51, 71, -8, 2, 22, 42, 62, 82, -7, 13, 23, 33, 53, 73, -6, 4, 14, 24, 44, 64, 84, -5, 5, 15, 35, 55, 75, -4,Player 1: MOVE 6-3
Player 2: MISS
Player 2: MOVE 2-7
Player 1: KILL
Player 2: MOVE 7-7
Player 1: MISS

------------
|..........|
|...111..11|
|..........|
|..........|
|1........1|
|.......1.1|
|XX........|
|...1111...|
|..........|
|1.1.111...|
------------

------------
|..........|
|...111..11|
|..........|
|..........|
|1........1|
|.......1.1|
|XX........|
|...1111...|
|..........|
|1.1.111...|
------------
Player 1: MOVE 8-1
Player 2: HIT

------------
|..........|
|...111..11|
|..........|
|..........|
|1........1|
|.......1.1|
|XX........|
|...1111...|
|..........|
|1.1.111...|
------------

------------
|..........|
|...111..11|
|..........|
|..........|
|1........1|
|.......1.1|
|XX........|
|...1111...|
|..........|
|1.1.111...|
------------
Player 1: MOVE 4-9
Player 2: MISS
Player 2: MOVE 6-5
Player 1: MISS

------------
|..........|
|...111..11|
|..........|
|..........|
|1........1|
|.......1.1|
|XX........|
|...1111...|
|..........|
|1.1.111...|
------------

------------
|..........|
|...111..11|
|..........|
|..........|
|1........1|
|.......1.1|
|XX........|
|...1111...|
|..........|
|1.1.111...|
------------
Player 1: MOVE 6-7
Player 2: MISS
Player 2: MOVE 5-4
Player 1: MISS

------------
|..........|
|...111..11|
|..........|
|..........|
|1........1|
|.......1.1|
|XX........|
|...1111...|
|..........|
|1.1.111...|
------------

------------
|..........|
|...111..11|
|..........|
|..........|
|1........1|
|.......1.1|
|XX........|
|...1111...|
|..........|
|1.1.111...|
------------
Player 1: MOVE 8-5
Player 2: MISS
Player 2: MOVE 4-3
Player 1: MISS

------------
|..........|
|...111..11|
|..........|
|..........|
|1........1|
|.......1.1|
|XX........|
|...1111...|
|..........|
|1.1.111...|
------------

------------
|..........|
|...111..11|
|..........|
|..........|
|1........1|
|.......1.1|
|XX........|
|...1111...|
|..........|
|1.1.111...|
------------
Player 1: MOVE 10-3
Player 2: MISS
Player 2: MOVE 8-6
Player 1: KILL
Player 2: MOVE 6-8
Player 1: HIT
Player 2: MOVE 6-7
Player 1: MISS

------------
|..........|
|...111..11|
|..........|
|..........|
|1........1|
|.......X.1|
|XX........|
|...11X1...|
|..........|
|1.1.111...|
------------

------------
|..........|
|...111..11|
|..........|
|..........|
|1........1|
|.......X.1|
|XX........|
|...11X1...|
|..........|
|1.1.111...|
------------
 6, 26, 46, 66, 86, -3, 17, 37, 57, 77, -2, 8, 28, 48, 68, 88]
queue [16, 7, 92, 83, 74, 65, 56, 47, 38, 29, 96, 87, 78, 69, 10, 1, 50, 41, 32, 90, 81, 72, 63, 54, 45, 36, 27, 18, 9, 94, 85, 76, 67, 58, 49, 98, 89, 0, 20, 11, -11, -1, 19, 39, 59, 79, -10, 40, 60, 80, -9, 31, 51, 71, -8, 2, 22, 42, 62, 82, -7, 13, 23, 33, 53, 73, -6, 4, 14, 24, 44, 64, 84, -5, 5, 15, 35, 55, 75, -4, 6, 26, 46, 66, 86, -3, 17, 37, 57, 77, -2, 8, 28, 48, 68, 88]
queue [7, 92, 83, 74, 65, 56, 47, 38, 29, 96, 87, 78, 69, 10, 1, 50, 41, 32, 90, 81, 72, 63, 54, 45, 36, 27, 18, 9, 94, 85, 76, 67, 58, 49, 98, 89, 0, 20, 11, -11, -1, 19, 39, 59, 79, -10, 40, 60, 80, -9, 31, 51, 71, -8, 2, 22, 42, 62, 82, -7, 13, 23, 33, 53, 73, -6, 4, 14, 24, 44, 64, 84, -5, 5, 15, 35, 55, 75, -4, 6, 26, 46, 66, 86, -3, 17, 37, 57, 77, -2, 8, 28, 48, 68, 88]
SHIP
queue [7, 92, 83, 74, 65, 56, 47, 38, 29, 96, 87, 78, 69, 10, 1, 50, 41, 32, 90, 81, 72, 63, 54, 45, 36, 27, 18, 9, 94, 85, 76, 67, 58, 49, 98, 89, 0, 20, 11, -11, -1, 19, 39, 59, 79, -10, 40, 60, 80, -9, 31, 51, 71, -8, 2, 22, 42, 62, 82, -7, 13, 23, 33, 53, 73, -6, 4, 14, 24, 44, 64, 84, -5, 5, 15, 35, 55, 75, -4, 6, 26, 46, 66, 86, -3, 17, 37, 57, 77, -2, 8, 28, 48, 68, 88]
queue [83, 74, 65, 56, 47, 38, 29, 96, 87, 78, 69, 10, 1, 50, 41, 32, 90, 81, 72, 63, 54, 45, 36, 27, 18, 9, 94, 85, 76, 67, 58, 49, 98, 89, 0, 20, 11, -11, -1, 19, 39, 59, 79, -10, 40, 60, 80, -9, 31, 51, 71, -8, 2, 22, 42, 62, 82, -7, 13, 23, 33, 53, 73, -6, 4, 14, 24, 44, 64, 84, -5, 5, 15, 35, 55, 75, -4, 6, 26, 46, 66, 86, -3, 17, 37, 57, 77, -2, 8, 28, 48, 68, 88]
queue [74, 65, 56, 47, 38, 29, 96, 87, 78, 69, 10, 1, 50, 41, 32, 90, 81, 72, 63, 54, 45, 36, 27, 18, 9, 94, 85, 76, 67, 58, 49, 98, 89, 0, 20, 11, -11, -1, 19, 39, 59, 79, -10, 40, 60, 80, -9, 31, 51, 71, -8, 2, 22, 42, 62, 82, -7, 13, 23, 33, 53, 73, -6, 4, 14, 24, 44, 64, 84, -5, 5, 15, 35, 55, 75, -4, 6, 26, 46, 66, 86, -3, 17, 37, 57, 77, -2, 8, 28, 48, 68, 88]
queue [65, 56, 47, 38, 29, 96, 87, 78, 69, 10, 1, 50, 41, 32, 90, 81, 72, 63, 54, 45, 36, 27, 18, 9, 94, 85, 76, 67, 58, 49, 98, 89, 0, 20, 11, -11, -1, 19, 39, 59, 79, -10, 40, 60, 80, -9, 31, 51, 71, -8, 2, 22, 42, 62, 82, -7, 13, 23, 33, 53, 73, -6, 4, 14, 24, 44, 64, 84, -5, 5, 15, 35, 55, 75, -4, 6, 26, 46, 66, 86, -3, 17, 37, 57, 77, -2, 8, 28, 48, 68, 88]
queue [56, 47, 38, 29, 96, 87, 78, 69, 10, 1, 50, 41, 32, 90, 81, 72, 63, 54, 45, 36, 27, 18, 9, 94, 85, 76, 67, 58, 49, 98, 89, 0, 20, 11, -11, -1, 19, 39, 59, 79, -10, 40, 60, 80, -9, 31, 51, 71, -8, 2, 22, 42, 62, 82, -7, 13, 23, 33, 53, 73, -6, 4, 14, 24, 44, 64, 84, -5, 5, 15, 35, 55, 75, -4, 6, 26, 46, 66, 86, -3, 17, 37, 57, 77, -2, 8, 28, 48, 68, 88]
queue [47, 38, 29, 96, 87, 78, 69, 10, 1, 50, 41, 32, 90, 81, 72, 63, 54, 45, 36, 27, 18, 9, 94, 85, 76, 67, 58, 49, 98, 89, 0, 20, 11, -11, -1, 19, 39, 59, 79, -10, 40, 60, 80, -9, 31, 51, 71, -8, 2, 22, 42, 62, 82, -7, 13, 23, 33, 53, 73, -6, 4, 14, 24, 44, 64, 84, -5, 5, 15, 35, 55, 75, -4, 6, 26, 46, 66, 86, -3, 17, 37, 57, 77, -2, 8, 28, 48, 68, 88]
queue [38, 29, 96, 87, 78, 69, 10, 1, 50, 41, 32, 90, 81, 72, 63, 54, 45, 36, 27, 18, 9, 94, 85, 76, 67, 58, 49, 98, 89, 0, 20, 11, -11, -1, 19, 39, 59, 79, -10, 40, 60, 80, -9, 31, 51, 71, -8, 2, 22, 42, 62, 82, -7, 13, 23, 33, 53, 73, -6, 4, 14, 24, 44, 64, 84, -5, 5, 15, 35, 55, 75, -4, 6, 26, 46, 66, 86, -3, 17, 37, 57, 77, -2, 8, 28, 48, 68, 88]
queue [29, 96, 87, 78, 69, 10, 1, 50, 41, 32, 90, 81, 72, 63, 54, 45, 36, 27, 18, 9, 94, 85, 76, 67, 58, 49, 98, 89, 0, 20, 11, -11, -1, 19, 39, 59, 79, -10, 40, 60, 80, -9, 31, 51, 71, -8, 2, 22, 42, 62, 82, -7, 13, 23, 33, 53, 73, -6, 4, 14, 24, 44, 64, 84, -5, 5, 15, 35, 55, 75, -4, 6, 26, 46, 66, 86, -3, 17, 37, 57, 77, -2, 8, 28, 48, 68, 88]
queue [96, 87, 78, 69, 10, 1, 50, 41, 32, 90, 81, 72, 63, 54, 45, 36, 27, 18, 9, 94, 85, 76, 67, 58, 49, 98, 89, 0, 20, 11, -11, -1, 19, 39, 59, 79, -10, 40, 60, 80, -9, 31, 51, 71, -8, 2, 22, 42, 62, 82, -7, 13, 23, 33, 53, 73, -6, 4, 14, 24, 44, 64, 84, -5, 5, 15, 35, 55, 75, -4, 6, 26, 46, 66, 86, -3, 17, 37, 57, 77, -2, 8, 28, 48, 68, 88]
queue [87, 7Player 1: MOVE 8-9
Player 2: MISS
Player 2: MOVE 7-8
Player 1: HIT
Player 2: MOVE 5-8
Player 1: HIT
Player 2: MOVE 4-8
Player 1: KILL
Player 2: MOVE 7-3
Player 1: MISS

------------
|..........|
|...111..11|
|..........|
|..........|
|1........1|
|.......X.1|
|XX........|
|...XXXX...|
|..........|
|1.1.111...|
------------

------------
|..........|
|...111..11|
|..........|
|..........|
|1........1|
|.......X.1|
|XX........|
|...XXXX...|
|..........|
|1.1.111...|
------------
Player 1: MOVE 10-7
Player 2: MISS
Player 2: MOVE 6-2
Player 1: HIT
Player 2: MOVE 6-3
Player 1: MISS

------------
|..........|
|...11X..11|
|..........|
|..........|
|1........1|
|.......X.1|
|XX........|
|...XXXX...|
|..........|
|1.1.111...|
------------

------------
|..........|
|...11X..11|
|..........|
|..........|
|1........1|
|.......X.1|
|XX........|
|...XXXX...|
|..........|
|1.1.111...|
------------
Player 1: MOVE 2-1
Player 2: MISS
Player 2: MOVE 7-2
Player 1: MISS

------------
|..........|
|...11X..11|
|..........|
|..........|
|1........1|
|.......X.1|
|XX........|
|...XXXX...|
|..........|
|1.1.111...|
------------

------------
|..........|
|...11X..11|
|..........|
|..........|
|1........1|
|.......X.1|
|XX........|
|...XXXX...|
|..........|
|1.1.111...|
------------
Player 1: MOVE 2-5
Player 2: MISS
Player 2: MOVE 5-2
Player 1: HIT
Player 2: MOVE 4-2
Player 1: KILL
Player 2: MOVE 2-4
Player 1: MISS

------------
|..........|
|...XXX..11|
|..........|
|..........|
|1........1|
|.......X.1|
|XX........|
|...XXXX...|
|..........|
|1.1.111...|
------------

------------
|..........|
|...XXX..11|
|..........|
|..........|
|1........1|
|.......X.1|
|XX........|
|...XXXX...|
|..........|
|1.1.111...|
------------
Player 1: MOVE 1-10
Player 2: HIT

------------
|..........|
|...XXX..11|
|..........|
|..........|
|1........1|
|.......X.1|
|XX........|
|...XXXX...|
|..........|
|1.1.111...|
------------

------------
|..........|
|...XXX..11|
|..........|
|..........|
|1........1|
|.......X.1|
|XX........|
|...XXXX...|
|..........|
|1.1.111...|
------------
Player 1: MOVE 3-8
Player 2: MISS
Player 2: MOVE 9-3
Player 1: MISS

------------
|..........|
|...XXX..11|
|..........|
|..........|
|1........1|
|.......X.1|
|XX........|
|...XXXX...|
|..........|
|1.1.111...|
------------

------------
|..........|
|...XXX..11|
|..........|
|..........|
|1........1|
|.......X.1|
|XX........|
|...XXXX...|
|..........|
|1.1.111...|
------------
8, 69, 10, 1, 50, 41, 32, 90, 81, 72, 63, 54, 45, 36, 27, 18, 9, 94, 85, 76, 67, 58, 49, 98, 89, 0, 20, 11, -11, -1, 19, 39, 59, 79, -10, 40, 60, 80, -9, 31, 51, 71, -8, 2, 22, 42, 62, 82, -7, 13, 23, 33, 53, 73, -6, 4, 14, 24, 44, 64, 84, -5, 5, 15, 35, 55, 75, -4, 6, 26, 46, 66, 86, -3, 17, 37, 57, 77, -2, 8, 28, 48, 68, 88]
queue [78, 69, 10, 1, 50, 41, 32, 90, 81, 72, 63, 54, 45, 36, 27, 18, 9, 94, 85, 76, 67, 58, 49, 98, 89, 0, 20, 11, -11, -1, 19, 39, 59, 79, -10, 40, 60, 80, -9, 31, 51, 71, -8, 2, 22, 42, 62, 82, -7, 13, 23, 33, 53, 73, -6, 4, 14, 24, 44, 64, 84, -5, 5, 15, 35, 55, 75, -4, 6, 26, 46, 66, 86, -3, 17, 37, 57, 77, -2, 8, 28, 48, 68, 88]
queue [69, 10, 1, 50, 41, 32, 90, 81, 72, 63, 54, 45, 36, 27, 18, 9, 94, 85, 76, 67, 58, 49, 98, 89, 0, 20, 11, -11, -1, 19, 39, 59, 79, -10, 40, 60, 80, -9, 31, 51, 71, -8, 2, 22, 42, 62, 82, -7, 13, 23, 33, 53, 73, -6, 4, 14, 24, 44, 64, 84, -5, 5, 15, 35, 55, 75, -4, 6, 26, 46, 66, 86, -3, 17, 37, 57, 77, -2, 8, 28, 48, 68, 88]
queue [10, 1, 50, 41, 32, 90, 81, 72, 63, 54, 45, 36, 27, 18, 9, 94, 85, 76, 67, 58, 49, 98, 89, 0, 20, 11, -11, -1, 19, 39, 59, 79, -10, 40, 60, 80, -9, 31, 51, 71, -8, 2, 22, 42, 62, 82, -7, 13, 23, 33, 53, 73, -6, 4, 14, 24, 44, 64, 84, -5, 5, 15, 35, 55, 75, -4, 6, 26, 46, 66, 86, -3, 17, 37, 57, 77, -2, 8, 28, 48, 68, 88]
queue [1, 50, 41, 32, 90, 81, 72, 63, 54, 45, 36, 27, 18, 9, 94, 85, 76, 67, 58, 49, 98, 89, 0, 20, 11, -11, -1, 19, 39, 59, 79, -10, 40, 60, 80, -9, 31, 51, 71, -8, 2, 22, 42, 62, 82, -7, 13, 23, 33, 53, 73, -6, 4, 14, 24, 44, 64, 84, -5, 5, 15, 35, 55, 75, -4, 6, 26, 46, 66, 86, -3, 17, 37, 57, 77, -2, 8, 28, 48, 68, 88]
queue [50, 41, 32, 90, 81, 72, 63, 54, 45, 36, 27, 18, 9, 94, 85, 76, 67, 58, 49, 98, 89, 0, 20, 11, -11, -1, 19, 39, 59, 79, -10, 40, 60, 80, -9, 31, 51, 71, -8, 2, 22, 42, 62, 82, -7, 13, 23, 33, 53, 73, -6, 4, 14, 24, 44, 64, 84, -5, 5, 15, 35, 55, 75, -4, 6, 26, 46, 66, 86, -3, 17, 37, 57, 77, -2, 8, 28, 48, 68, 88]
queue [41, 32, 90, 81, 72, 63, 54, 45, 36, 27, 18, 9, 94, 85, 76, 67, 58, 49, 98, 89, 0, 20, 11, -11, -1, 19, 39, 59, 79, -10, 40, 60, 80, -9, 31, 51, 71, -8, 2, 22, 42, 62, 82, -7, 13, 23, 33, 53, 73, -6, 4, 14, 24, 44, 64, 84, -5, 5, 15, 35, 55, 75, -4, 6, 26, 46, 66, 86, -3, 17, 37, 57, 77, -2, 8, 28, 48, 68, 88]
queue [32, 90, 81, 72, 63, 54, 45, 36, 27, 18, 9, 94, 85, 76, 67, 58, 49, 98, 89, 0, 20, 11, -11, -1, 19, 39, 59, 79, -10, 40, 60, 80, -9, 31, 51, 71, -8, 2, 22, 42, 62, 82, -7, 13, 23, 33, 53, 73, -6, 4, 14, 24, 44, 64, 84, -5, 5, 15, 35, 55, 75, -4, 6, 26, 46, 66, 86, -3, 17, 37, 57, 77, -2, 8, 28, 48, 68, 88]
queue [90, 81, 72, 63, 54, 45, 36, 27, 18, 9, 94, 85, 76, 67, 58, 49, 98, 89, 0, 20, 11, -11, -1, 19, 39, 59, 79, -10, 40, 60, 80, -9, 31, 51, 71, -8, 2, 22, 42, 62, 82, -7, 13, 23, 33, 53, 73, -6, 4, 14, 24, 44, 64, 84, -5, 5, 15, 35, 55, 75, -4, 6, 26, 46, 66, 86, -3, 17, 37, 57, 77, -2, 8, 28, 48, 68, 88]
SHIP
queue [90, 81, 72, 63, 54, 45, 36, 27, 18, 9, 94, 85, 76, 67, 58, 49, 98, 89, 0, 20, 11, -11, -1, 19, 39, 59, 79, -10, 40, 60, 80, -9, 31, 51, 71, -8, 2, 22, 42, 62, 82, -7, 13, 23, 33, 53, 73, -6, 4, 14, 24, 44, 64, 84, -5, 5, 15, 35, 55, 75, -4, 6, 26, 46, 66, 86, -3, 17, 37, 57, 77, -2, 8, 28, 48, 68, 88]
queue [72, 63, 54, 45, 36, 27, 18, 9, 94, 85, 76, 67, 58, 49, 98, 89, 0, 20, 11, -11, -1, 19, 39, 59, 79, -10, 40, 60, 80, -9, 31, 51, 71, -8, 2, 22, 42, 62, 82, -7, 13, 23, 33, 53, 73, -6, 4, 14, 24, 44, 64, 84, -5, 5, 15, 35, 55, 75, -4, 6, 26, 46, 66, 86, -3, 17, 37, 57, 77, -2, 8, 28, 48, 68, 88]
queue [63, 54, 45, 36, 27, 18, 9, 94, 85, 76, 67, 58, 49, 98, 89, 0, 20, 11, -11, -1, 19, 39, 59, 79, -10, 40, 60, 80, -9, 31, 51, 71, -8, 2, 22, 42, 62, 82, -7, 13, 23, 33, 53, 73, -6, 4, 14, 24, 44, 64, 84, -5, 5, 15, 35, 55, 75, -4, 6, 26, 46, 66, 86, -3, 17, 37, 57, 77, -2, 8, 28, 48, 68, 88]
queue [54, 45, 36, 27, 18, 9, 94, 85, 76, 67, 58, 49, 98, 89, 0, 20, 11, -11, -1, 19, 39, 59, 79, -10, 40, 60, 80, -9, 31, 51, 71, -8, 2, 22, 42, 62, 82, -7, 13, 23, 33, 53, 73, -6, 4, 14, 24, 44, 64, 84, -5, 5, 15, 35, 55, 75, -4, 6, 26, 46, 66, 86, -3, 17, 37, 5Player 1: MOVE 5-6
Player 2: MISS
Player 2: MOVE 4-5
Player 1: MISS

------------
|..........|
|...XXX..11|
|..........|
|..........|
|1........1|
|.......X.1|
|XX........|
|...XXXX...|
|..........|
|1.1.111...|
------------

------------
|..........|
|...XXX..11|
|..........|
|..........|
|1........1|
|.......X.1|
|XX........|
|...XXXX...|
|..........|
|1.1.111...|
------------
Player 1: MOVE 7-4
Player 2: MISS
Player 2: MOVE 8-10
Player 1: MISS

------------
|..........|
|...XXX..11|
|..........|
|..........|
|1........1|
|.......X.1|
|XX........|
|...XXXX...|
|..........|
|1.1.111...|
------------

------------
|..........|
|...XXX..11|
|..........|
|..........|
|1........1|
|.......X.1|
|XX........|
|...XXXX...|
|..........|
|1.1.111...|
------------
Player 1: MOVE 9-2
Player 2: MISS
Player 2: MOVE 10-4
Player 1: MISS

------------
|..........|
|...XXX..11|
|..........|
|..........|
|1........1|
|.......X.1|
|XX........|
|...XXXX...|
|..........|
|1.1.111...|
------------

------------
|..........|
|...XXX..11|
|..........|
|..........|
|1........1|
|.......X.1|
|XX........|
|...XXXX...|
|..........|
|1.1.111...|
------------
Player 1: MOVE 5-10
Player 2: MISS
Player 2: MOVE 10-8
Player 1: MISS

------------
|..........|
|...XXX..11|
|..........|
|..........|
|1........1|
|.......X.1|
|XX........|
|...XXXX...|
|..........|
|1.1.111...|
------------

------------
|..........|
|...XXX..11|
|..........|
|..........|
|1........1|
|.......X.1|
|XX........|
|...XXXX...|
|..........|
|1.1.111...|
------------
Player 1: MOVE 7-8
Player 2: MISS
Player 2: MOVE 9-9
Player 1: MISS

------------
|..........|
|...XXX..11|
|..........|
|..........|
|1........1|
|.......X.1|
|XX........|
|...XXXX...|
|..........|
|1.1.111...|
------------

------------
|..........|
|...XXX..11|
|..........|
|..........|
|1........1|
|.......X.1|
|XX........|
|...XXXX...|
|..........|
|1.1.111...|
------------
Player 1: MOVE 9-6
Player 2: MISS
Player 2: MOVE 3-10
Player 1: KILL
Player 2: MOVE 8-2
Player 1: MISS

------------
|..........|
|...XXX..11|
|..........|
|..........|
|1........1|
|.......X.1|
|XX........|
|...XXXX...|
|..........|
|1.X.111...|
------------

------------
|..........|
|...XXX..11|
|..........|
|..........|
|1........1|
|.......X.1|
|XX........|
|...XXXX...|
|..........|
|1.X.111...|
------------
Player 1: MOVE 9-10
Player 2: MISS
Player 2: MOVE 1-3
Player 1: MISS

------------
|..........|
|...XXX..11|
|..........|
|..........|
|1........1|
|.......X.1|
|XX........|
|...XXXX...|
|..........|
|1.X.111...|
------------

------------
|..........|
|...XXX..11|
|..........|
|..........|
|1........1|
|.......X.1|
|XX........|
|...XXXX...|
|..........|
|1.X.111...|
------------
Player 1: MOVE 1-1
Player 2: HIT

------------
|..........|
|...XXX..11|
|..........|
|..........|
|1........1|
|.......X.1|
|XX........|
|...XXXX...|
|..........|
|1.X.111...|
------------

------------
|..........|
|...XXX..11|
|..........|
|..........|
|1........1|
|.......X.1|
|XX........|
|...XXXX...|
|..........|
|1.X.111...|
------------
7, 77, -2, 8, 28, 48, 68, 88]
queue [45, 36, 27, 18, 9, 94, 85, 76, 67, 58, 49, 98, 89, 0, 20, 11, -11, -1, 19, 39, 59, 79, -10, 40, 60, 80, -9, 31, 51, 71, -8, 2, 22, 42, 62, 82, -7, 13, 23, 33, 53, 73, -6, 4, 14, 24, 44, 64, 84, -5, 5, 15, 35, 55, 75, -4, 6, 26, 46, 66, 86, -3, 17, 37, 57, 77, -2, 8, 28, 48, 68, 88]
queue [36, 27, 18, 9, 94, 85, 76, 67, 58, 49, 98, 89, 0, 20, 11, -11, -1, 19, 39, 59, 79, -10, 40, 60, 80, -9, 31, 51, 71, -8, 2, 22, 42, 62, 82, -7, 13, 23, 33, 53, 73, -6, 4, 14, 24, 44, 64, 84, -5, 5, 15, 35, 55, 75, -4, 6, 26, 46, 66, 86, -3, 17, 37, 57, 77, -2, 8, 28, 48, 68, 88]
queue [27, 18, 9, 94, 85, 76, 67, 58, 49, 98, 89, 0, 20, 11, -11, -1, 19, 39, 59, 79, -10, 40, 60, 80, -9, 31, 51, 71, -8, 2, 22, 42, 62, 82, -7, 13, 23, 33, 53, 73, -6, 4, 14, 24, 44, 64, 84, -5, 5, 15, 35, 55, 75, -4, 6, 26, 46, 66, 86, -3, 17, 37, 57, 77, -2, 8, 28, 48, 68, 88]
queue [18, 9, 94, 85, 76, 67, 58, 49, 98, 89, 0, 20, 11, -11, -1, 19, 39, 59, 79, -10, 40, 60, 80, -9, 31, 51, 71, -8, 2, 22, 42, 62, 82, -7, 13, 23, 33, 53, 73, -6, 4, 14, 24, 44, 64, 84, -5, 5, 15, 35, 55, 75, -4, 6, 26, 46, 66, 86, -3, 17, 37, 57, 77, -2, 8, 28, 48, 68, 88]
queue [9, 94, 85, 76, 67, 58, 49, 98, 89, 0, 20, 11, -11, -1, 19, 39, 59, 79, -10, 40, 60, 80, -9, 31, 51, 71, -8, 2, 22, 42, 62, 82, -7, 13, 23, 33, 53, 73, -6, 4, 14, 24, 44, 64, 84, -5, 5, 15, 35, 55, 75, -4, 6, 26, 46, 66, 86, -3, 17, 37, 57, 77, -2, 8, 28, 48, 68, 88]
queue [94, 85, 76, 67, 58, 49, 98, 89, 0, 20, 11, -11, -1, 19, 39, 59, 79, -10, 40, 60, 80, -9, 31, 51, 71, -8, 2, 22, 42, 62, 82, -7, 13, 23, 33, 53, 73, -6, 4, 14, 24, 44, 64, 84, -5, 5, 15, 35, 55, 75, -4, 6, 26, 46, 66, 86, -3, 17, 37, 57, 77, -2, 8, 28, 48, 68, 88]
queue [85, 76, 67, 58, 49, 98, 89, 0, 20, 11, -11, -1, 19, 39, 59, 79, -10, 40, 60, 80, -9, 31, 51, 71, -8, 2, 22, 42, 62, 82, -7, 13, 23, 33, 53, 73, -6, 4, 14, 24, 44, 64, 84, -5, 5, 15, 35, 55, 75, -4, 6, 26, 46, 66, 86, -3, 17, 37, 57, 77, -2, 8, 28, 48, 68, 88]
queue [76, 67, 58, 49, 98, 89, 0, 20, 11, -11, -1, 19, 39, 59, 79, -10, 40, 60, 80, -9, 31, 51, 71, -8, 2, 22, 42, 62, 82, -7, 13, 23, 33, 53, 73, -6, 4, 14, 24, 44, 64, 84, -5, 5, 15, 35, 55, 75, -4, 6, 26, 46, 66, 86, -3, 17, 37, 57, 77, -2, 8, 28, 48, 68, 88]
queue [67, 58, 49, 98, 89, 0, 20, 11, -11, -1, 19, 39, 59, 79, -10, 40, 60, 80, -9, 31, 51, 71, -8, 2, 22, 42, 62, 82, -7, 13, 23, 33, 53, 73, -6, 4, 14, 24, 44, 64, 84, -5, 5, 15, 35, 55, 75, -4, 6, 26, 46, 66, 86, -3, 17, 37, 57, 77, -2, 8, 28, 48, 68, 88]
queue [58, 49, 98, 89, 0, 20, 11, -11, -1, 19, 39, 59, 79, -10, 40, 60, 80, -9, 31, 51, 71, -8, 2, 22, 42, 62, 82, -7, 13, 23, 33, 53, 73, -6, 4, 14, 24, 44, 64, 84, -5, 5, 15, 35, 55, 75, -4, 6, 26, 46, 66, 86, -3, 17, 37, 57, 77, -2, 8, 28, 48, 68, 88]
queue [49, 98, 89, 0, 20, 11, -11, -1, 19, 39, 59, 79, -10, 40, 60, 80, -9, 31, 51, 71, -8, 2, 22, 42, 62, 82, -7, 13, 23, 33, 53, 73, -6, 4, 14, 24, 44, 64, 84, -5, 5, 15, 35, 55, 75, -4, 6, 26, 46, 66, 86, -3, 17, 37, 57, 77, -2, 8, 28, 48, 68, 88]
queue [98, 89, 0, 20, 11, -11, -1, 19, 39, 59, 79, -10, 40, 60, 80, -9, 31, 51, 71, -8, 2, 22, 42, 62, 82, -7, 13, 23, 33, 53, 73, -6, 4, 14, 24, 44, 64, 84, -5, 5, 15, 35, 55, 75, -4, 6, 26, 46, 66, 86, -3, 17, 37, 57, 77, -2, 8, 28, 48, 68, 88]
queue [89, 0, 20, 11, -11, -1, 19, 39, 59, 79, -10, 40, 60, 80, -9, 31, 51, 71, -8, 2, 22, 42, 62, 82, -7, 13, 23, 33, 53, 73, -6, 4, 14, 24, 44, 64, 84, -5, 5, 15, 35, 55, 75, -4, 6, 26, 46, 66, 86, -3, 17, 37, 57, 77, -2, 8, 28, 48, 68, 88]
queue [0, 20, 11, -11, -1, 19, 39, 59, 79, -10, 40, 60, 80, -9, 31, 51, 71, -8, 2, 22, 42, 62, 82, -7, 13, 23, 33, 53, 73, -6, 4, 14, 24, 44, 64, 84, -5, 5, 15, 35, 55, 75, -4, 6, 26, 46, 66, 86, -3, 17, 37, 57, 77, -2, 8, 28, 48, 68, 88]
SHIP
queue [0, 20, 11, -11, -1, 19, 39, 59, 79, -10, 40, 60, 80, -9, 31, 51, 71, -8, 2, 22, 42, 62, 82, -7, 13, 23, 33, 53, 73, -6, 4, 14, 24, 44, 64, 84, -5, 5, 15, 35, 55, 75, -4, 6, 26, 46, 66, 86, -3, 17, 37, 57, 77, -2, 8, 28, 48, 68, 88]
queue [11, -11, -1, 19, 39, 59, 79, -10, 40, 60, 80, -9, 31, 51, 71, -8, 2, 22, 42, 62, 82, -7, 13, 23, 33, 53, 73, -Player 1: MOVE 2-2
Player 2: MISS
Player 2: MOVE 2-1
Player 1: MISS

------------
|..........|
|...XXX..11|
|..........|
|..........|
|1........1|
|.......X.1|
|XX........|
|...XXXX...|
|..........|
|1.X.111...|
------------

------------
|..........|
|...XXX..11|
|..........|
|..........|
|1........1|
|.......X.1|
|XX........|
|...XXXX...|
|..........|
|1.X.111...|
------------
Player 1: MOVE 10-0
Player 2: MISS
Player 2: MOVE 8-4
Player 1: MISS

------------
|..........|
|...XXX..11|
|..........|
|..........|
|1........1|
|.......X.1|
|XX........|
|...XXXX...|
|..........|
|1.X.111...|
------------

------------
|..........|
|...XXX..11|
|..........|
|..........|
|1........1|
|.......X.1|
|XX........|
|...XXXX...|
|..........|
|1.X.111...|
------------
Player 1: MOVE 10-4
Player 2: MISS
Player 2: MOVE 10-2
Player 1: HIT
Player 2: MOVE 10-3
Player 1: MISS

------------
|..........|
|...XXX..1X|
|..........|
|..........|
|1........1|
|.......X.1|
|XX........|
|...XXXX...|
|..........|
|1.X.111...|
------------

------------
|..........|
|...XXX..1X|
|..........|
|..........|
|1........1|
|.......X.1|
|XX........|
|...XXXX...|
|..........|
|1.X.111...|
------------
Player 1: MOVE 10-8
Player 2: KILL

------------
|..........|
|...XXX..1X|
|..........|
|..........|
|1........1|
|.......X.1|
|XX........|
|...XXXX...|
|..........|
|1.X.111...|
------------

------------
|..........|
|...XXX..1X|
|..........|
|..........|
|1........1|
|.......X.1|
|XX........|
|...XXXX...|
|..........|
|1.X.111...|
------------
Player 1: MOVE 1-5
Player 2: MISS
Player 2: MOVE 10-1
Player 1: MISS

------------
|..........|
|...XXX..1X|
|..........|
|..........|
|1........1|
|.......X.1|
|XX........|
|...XXXX...|
|..........|
|1.X.111...|
------------

------------
|..........|
|...XXX..1X|
|..........|
|..........|
|1........1|
|.......X.1|
|XX........|
|...XXXX...|
|..........|
|1.X.111...|
------------
Player 1: MOVE 1-9
Player 2: MISS
Player 2: MOVE 9-2
Player 1: KILL
Player 2: MOVE 5-6
Player 1: MISS

------------
|..........|
|...XXX..XX|
|..........|
|..........|
|1........1|
|.......X.1|
|XX........|
|...XXXX...|
|..........|
|1.X.111...|
------------

------------
|..........|
|...XXX..XX|
|..........|
|..........|
|1........1|
|.......X.1|
|XX........|
|...XXXX...|
|..........|
|1.X.111...|
------------
Player 1: MOVE 2-4
Player 2: MISS
Player 2: MOVE 1-5
Player 1: KILL
Player 2: MOVE 10-6
Player 1: HIT
Player 2: MOVE 10-5
Player 1: KILL
Player 2: MOVE 6-10
Player 1: HIT
Player 2: MOVE 5-10
Player 1: HIT
Player 2: MOVE 7-10
Player 1: KILL
Player 2: MOVE 1-2
Player 1: MISS

------------
|..........|
|...XXX..XX|
|..........|
|..........|
|X........X|
|.......X.X|
|XX........|
|...XXXX...|
|..........|
|1.X.XXX...|
------------

------------
|..........|
|...XXX..XX|
|..........|
|..........|
|X........X|
|.......X.X|
|XX........|
|...XXXX...|
|..........|
|1.X.XXX...|
------------
Player 1: MOVE 2-8
Player 2: MISS
Player 2: MOVE 8-8
Player 1: MISS

------------
|..........|
|...XXX..XX|
|..........|
|..........|
|X........X|
|.......X.X|
|XX........|
|...XXXX...|
|..........|
|1.X.XXX...|
------------

------------
|..........|
|...XXX..XX|
|..........|
|..........|
|X........X|
|.......X.X|
|XX........|
|...XXXX...|
|..........|
|1.X.XXX...|
------------
Player 1: MOVE 3-1
Player 2: HIT

------------
|..........|
|...XXX..XX|
|..........|
|..........|
|X........X|
|.......X.X|
|XX........|
|...XXXX...|
|..........|
|1.X.XXX...|
------------

------------
|..........|
|...XXX..XX|
|..........|
|..........|
|X........X|
|.......X.X|
|XX........|
|...XXXX...|
|..........|
|1.X.XXX...|
------------
Player 1: MOVE 3-5
Player 2: MISS
Player 2: MOVE 8-9
Player 1: MISS

------------
|..........|
|...XXX..XX|
|..........|
|..........|
|X........X|
|.......X.X|
|XX........|
|...XXXX...|
|..........|
|1.X.XXX...|
------------

------------
|..........|
|...XXX..XX|
|..........|
|..........|
|X........X|
|.......X.X|
|XX........|
|...XXXX...|
|..........|
|1.X.XXX...|
------------
Player 1: MOVE 3-9
Player 2: MISS
Player 2: MOVE 7-4
Player 1: MISS

------------
|..........|
|...XXX..XX|
|..........|
|..........|
|X........X|
|.......X.X|
|XX........|
|...XXXX...|
|..........|
|1.X.XXX...|
------------

------------
|..........|
|...XXX..XX|
|..........|
|..........|
|X........X|
|.......X.X|
|XX........|
|...XXXX...|
|..........|
|1.X.XXX...|
------------
Player 1: MOVE 4-2
Player 2: MISS
Player 2: MOVE 9-4
Player 1: MISS

------------
|..........|
|...XXX..XX|
|..........|
|..........|
|X........X|
|.......X.X|
|XX........|
|...XXXX...|
|..........|
|1.X.XXX...|
------------
6, 4, 14, 24, 44, 64, 84, -5, 5, 15, 35, 55, 75, -4, 6, 26, 46, 66, 86, -3, 17, 37, 57, 77, -2, 8, 28, 48, 68, 88]
queue [-11, -1, 19, 39, 59, 79, -10, 40, 60, 80, -9, 31, 51, 71, -8, 2, 22, 42, 62, 82, -7, 13, 23, 33, 53, 73, -6, 4, 14, 24, 44, 64, 84, -5, 5, 15, 35, 55, 75, -4, 6, 26, 46, 66, 86, -3, 17, 37, 57, 77, -2, 8, 28, 48, 68, 88]
queue [-1, 19, 39, 59, 79, -10, 40, 60, 80, -9, 31, 51, 71, -8, 2, 22, 42, 62, 82, -7, 13, 23, 33, 53, 73, -6, 4, 14, 24, 44, 64, 84, -5, 5, 15, 35, 55, 75, -4, 6, 26, 46, 66, 86, -3, 17, 37, 57, 77, -2, 8, 28, 48, 68, 88]
queue [19, 39, 59, 79, -10, 40, 60, 80, -9, 31, 51, 71, -8, 2, 22, 42, 62, 82, -7, 13, 23, 33, 53, 73, -6, 4, 14, 24, 44, 64, 84, -5, 5, 15, 35, 55, 75, -4, 6, 26, 46, 66, 86, -3, 17, 37, 57, 77, -2, 8, 28, 48, 68, 88]
queue [39, 59, 79, -10, 40, 60, 80, -9, 31, 51, 71, -8, 2, 22, 42, 62, 82, -7, 13, 23, 33, 53, 73, -6, 4, 14, 24, 44, 64, 84, -5, 5, 15, 35, 55, 75, -4, 6, 26, 46, 66, 86, -3, 17, 37, 57, 77, -2, 8, 28, 48, 68, 88]
queue [59, 79, -10, 40, 60, 80, -9, 31, 51, 71, -8, 2, 22, 42, 62, 82, -7, 13, 23, 33, 53, 73, -6, 4, 14, 24, 44, 64, 84, -5, 5, 15, 35, 55, 75, -4, 6, 26, 46, 66, 86, -3, 17, 37, 57, 77, -2, 8, 28, 48, 68, 88]
queue [79, -10, 40, 60, 80, -9, 31, 51, 71, -8, 2, 22, 42, 62, 82, -7, 13, 23, 33, 53, 73, -6, 4, 14, 24, 44, 64, 84, -5, 5, 15, 35, 55, 75, -4, 6, 26, 46, 66, 86, -3, 17, 37, 57, 77, -2, 8, 28, 48, 68, 88]
SHIP
KILL
queue [79, -10, 40, 60, 80, -9, 31, 51, 71, -8, 2, 22, 42, 62, 82, -7, 13, 23, 33, 53, 73, -6, 4, 14, 24, 44, 64, 84, -5, 5, 15, 35, 55, 75, -4, 6, 26, 46, 66, 86, -3, 17, 37, 57, 77, -2, 8, 28, 48]
queue [40, 60, 80, -9, 31, 51, 71, -8, 2, 22, 42, 62, 82, -7, 13, 23, 33, 53, 73, -6, 4, 14, 24, 44, 64, 84, -5, 5, 15, 35, 55, 75, -4, 6, 26, 46, 66, 86, -3, 17, 37, 57, 77, -2, 8, 28, 48]
queue [60, 80, -9, 31, 51, 71, -8, 2, 22, 42, 62, 82, -7, 13, 23, 33, 53, 73, -6, 4, 14, 24, 44, 64, 84, -5, 5, 15, 35, 55, 75, -4, 6, 26, 46, 66, 86, -3, 17, 37, 57, 77, -2, 8, 28, 48]
queue [80, -9, 31, 51, 71, -8, 2, 22, 42, 62, 82, -7, 13, 23, 33, 53, 73, -6, 4, 14, 24, 44, 64, 84, -5, 5, 15, 35, 55, 75, -4, 6, 26, 46, 66, 86, -3, 17, 37, 57, 77, -2, 8, 28, 48]
queue [-9, 31, 51, 71, -8, 2, 22, 42, 62, 82, -7, 13, 23, 33, 53, 73, -6, 4, 14, 24, 44, 64, 84, -5, 5, 15, 35, 55, 75, -4, 6, 26, 46, 66, 86, -3, 17, 37, 57, 77, -2, 8, 28, 48]
queue [31, 51, 71, -8, 2, 22, 42, 62, 82, -7, 13, 23, 33, 53, 73, -6, 4, 14, 24, 44, 64, 84, -5, 5, 15, 35, 55, 75, -4, 6, 26, 46, 66, 86, -3, 17, 37, 57, 77, -2, 8, 28, 48]
queue [51, 71, -8, 2, 22, 42, 62, 82, -7, 13, 23, 33, 53, 73, -6, 4, 14, 24, 44, 64, 84, -5, 5, 15, 35, 55, 75, -4, 6, 26, 46, 66, 86, -3, 17, 37, 57, 77, -2, 8, 28, 48]
queue [71, -8, 2, 22, 42, 62, 82, -7, 13, 23, 33, 53, 73, -6, 4, 14, 24, 44, 64, 84, -5, 5, 15, 35, 55, 75, -4, 6, 26, 46, 66, 86, -3, 17, 37, 57, 77, -2, 8, 28, 48]
queue [-8, 2, 22, 42, 62, 82, -7, 13, 23, 33, 53, 73, -6, 4, 14, 24, 44, 64, 84, -5, 5, 15, 35, 55, 75, -4, 6, 26, 46, 66, 86, -3, 17, 37, 57, 77, -2, 8, 28, 48]
queue [2, 22, 42, 62, 82, -7, 13, 23, 33, 53, 73, -6, 4, 14, 24, 44, 64, 84, -5, 5, 15, 35, 55, 75, -4, 6, 26, 46, 66, 86, -3, 17, 37, 57, 77, -2, 8, 28, 48]
SHIP
queue [2, 22, 42, 62, 82, -7, 13, 23, 33, 53, 73, -6, 4, 14, 24, 44, 64, 84, -5, 5, 15, 35, 55, 75, -4, 6, 26, 46, 66, 86, -3, 17, 37, 57, 77, -2, 8, 28, 48]
queue [42, 62, 82, -7, 13, 23, 33, 53, 73, -6, 4, 14, 24, 44, 64, 84, -5, 5, 15, 35, 55, 75, -4, 6, 26, 46, 66, 86, -3, 17, 37, 57, 77, -2, 8, 28, 48]
queue [62, 82, -7, 13, 23, 33, 53, 73, -6, 4, 14, 24, 44, 64, 84, -5, 5, 15, 35, 55, 75, -4, 6, 26, 46, 66, 86, -3, 17, 37, 57, 77, -2, 8, 28, 48]
queue [82, -7, 13, 23, 33, 53, 73, -6, 4, 14, 24, 44, 64, 84, -5, 5, 15, 35, 55, 75, -4, 6, 26, 46, 66, 86, -3, 17, 37, 57, 77, -2, 8, 28, 48]
queue [-7, 13, 23, 33, 53, 73, -6, 4, 14, 24, 44, 64, 84, -5, 5, 15, 35, 55, 75, -4, 6, 26, 46, 66, 86, -3, 17, 37, 57, 77, -2, 8, 28, 48]
queue [13, 23, 33, 53, 73, -6, 4, 14, 24, 44, 64, 84, -5, 5, 15, 35, 55, 75, -4, 6, 26, 46, 66, 86, -3, 17, 37, 57, 77, -2, 8, 28, 48]
queue [23, 33, 53, 73, -6
------------
|..........|
|...XXX..XX|
|..........|
|..........|
|X........X|
|.......X.X|
|XX........|
|...XXXX...|
|..........|
|1.X.XXX...|
------------
Player 1: MOVE 4-4
Player 2: MISS
Player 2: MOVE 2-2
Player 1: MISS

------------
|..........|
|...XXX..XX|
|..........|
|..........|
|X........X|
|.......X.X|
|XX........|
|...XXXX...|
|..........|
|1.X.XXX...|
------------

------------
|..........|
|...XXX..XX|
|..........|
|..........|
|X........X|
|.......X.X|
|XX........|
|...XXXX...|
|..........|
|1.X.XXX...|
------------
Player 1: MOVE 4-8
Player 2: MISS
Player 2: MOVE 10-7
Player 1: MISS

------------
|..........|
|...XXX..XX|
|..........|
|..........|
|X........X|
|.......X.X|
|XX........|
|...XXXX...|
|..........|
|1.X.XXX...|
------------

------------
|..........|
|...XXX..XX|
|..........|
|..........|
|X........X|
|.......X.X|
|XX........|
|...XXXX...|
|..........|
|1.X.XXX...|
------------
Player 1: MOVE 5-1
Player 2: KILL

------------
|..........|
|...XXX..XX|
|..........|
|..........|
|X........X|
|.......X.X|
|XX........|
|...XXXX...|
|..........|
|1.X.XXX...|
------------

------------
|..........|
|...XXX..XX|
|..........|
|..........|
|X........X|
|.......X.X|
|XX........|
|...XXXX...|
|..........|
|1.X.XXX...|
------------
Player 1: MOVE 5-5
Player 2: MISS
Player 2: MOVE 3-1
Player 1: MISS

------------
|..........|
|...XXX..XX|
|..........|
|..........|
|X........X|
|.......X.X|
|XX........|
|...XXXX...|
|..........|
|1.X.XXX...|
------------

------------
|..........|
|...XXX..XX|
|..........|
|..........|
|X........X|
|.......X.X|
|XX........|
|...XXXX...|
|..........|
|1.X.XXX...|
------------
Player 1: MOVE 5-9
Player 2: MISS
Player 2: MOVE 10-10
Player 1: MISS

------------
|..........|
|...XXX..XX|
|..........|
|..........|
|X........X|
|.......X.X|
|XX........|
|...XXXX...|
|..........|
|1.X.XXX...|
------------

------------
|..........|
|...XXX..XX|
|..........|
|..........|
|X........X|
|.......X.X|
|XX........|
|...XXXX...|
|..........|
|1.X.XXX...|
------------
Player 1: MOVE 6-6
Player 2: MISS
Player 2: MOVE 2-3
Player 1: MISS

------------
|..........|
|...XXX..XX|
|..........|
|..........|
|X........X|
|.......X.X|
|XX........|
|...XXXX...|
|..........|
|1.X.XXX...|
------------

------------
|..........|
|...XXX..XX|
|..........|
|..........|
|X........X|
|.......X.X|
|XX........|
|...XXXX...|
|..........|
|1.X.XXX...|
------------
Player 1: MOVE 7-0
Player 2: MISS
Player 2: MOVE 4-4
Player 1: MISS

------------
|..........|
|...XXX..XX|
|..........|
|..........|
|X........X|
|.......X.X|
|XX........|
|...XXXX...|
|..........|
|1.X.XXX...|
------------

------------
|..........|
|...XXX..XX|
|..........|
|..........|
|X........X|
|.......X.X|
|XX........|
|...XXXX...|
|..........|
|1.X.XXX...|
------------
Player 1: MOVE 7-3
Player 2: MISS
Player 2: MOVE 1-10
Player 1: KILL
Player 1: DEFEAT
Player 2: VICTORY
==================================================
Player 1 field:
His POV:

------------
|..........|
|...XXX..XX|
|..........|
|..........|
|X........X|
|.......X.X|
|XX........|
|...XXXX...|
|..........|
|X.X.XXX...|
------------
Opponents POV:

------------
|0440222022|
|4422222222|
|4422244222|
|2204404444|
|1204042222|
|2220402122|
|1122222224|
|2221211404|
|2222222440|
|1212222204|
------------
Player 2 field:
His POV:

------------
|3033301301|
|1000000001|
|1000000000|
|1000000000|
|0000000000|
|1000001000|
|1001000000|
|1000000103|
|0000000000|
|3100000000|
------------
Opponents POV:

------------
|1x111..1..|
|.x.x....x.|
|.x...xx..x|
|.x.x..x..x|
|xxxxx..x..|
|....xx..x.|
|.x...x...x|
|.xxx..x..1|
|x.xxx..x..|
|1...x.x.xx|
------------
, 4, 14, 24, 44, 64, 84, -5, 5, 15, 35, 55, 75, -4, 6, 26, 46, 66, 86, -3, 17, 37, 57, 77, -2, 8, 28, 48]
queue [33, 53, 73, -6, 4, 14, 24, 44, 64, 84, -5, 5, 15, 35, 55, 75, -4, 6, 26, 46, 66, 86, -3, 17, 37, 57, 77, -2, 8, 28, 48]
queue [53, 73, -6, 4, 14, 24, 44, 64, 84, -5, 5, 15, 35, 55, 75, -4, 6, 26, 46, 66, 86, -3, 17, 37, 57, 77, -2, 8, 28, 48]
queue [73, -6, 4, 14, 24, 44, 64, 84, -5, 5, 15, 35, 55, 75, -4, 6, 26, 46, 66, 86, -3, 17, 37, 57, 77, -2, 8, 28, 48]
queue [-6, 4, 14, 24, 44, 64, 84, -5, 5, 15, 35, 55, 75, -4, 6, 26, 46, 66, 86, -3, 17, 37, 57, 77, -2, 8, 28, 48]
queue [4, 14, 24, 44, 64, 84, -5, 5, 15, 35, 55, 75, -4, 6, 26, 46, 66, 86, -3, 17, 37, 57, 77, -2, 8, 28, 48]
SHIP
KILL
queue [24, 44, 64, 84, 35, 55, 75, -4, 6, 26, 46, 66, 86, -3, 17, 37, 57, 77, -2, 8, 28, 48]
queue [44, 64, 84, 35, 55, 75, -4, 6, 26, 46, 66, 86, -3, 17, 37, 57, 77, -2, 8, 28, 48]
queue [64, 84, 35, 55, 75, -4, 6, 26, 46, 66, 86, -3, 17, 37, 57, 77, -2, 8, 28, 48]
queue [84, 35, 55, 75, -4, 6, 26, 46, 66, 86, -3, 17, 37, 57, 77, -2, 8, 28, 48]
queue [35, 55, 75, -4, 6, 26, 46, 66, 86, -3, 17, 37, 57, 77, -2, 8, 28, 48]
queue [55, 75, -4, 6, 26, 46, 66, 86, -3, 17, 37, 57, 77, -2, 8, 28, 48]
queue [75, -4, 6, 26, 46, 66, 86, -3, 17, 37, 57, 77, -2, 8, 28, 48]
queue [-4, 6, 26, 46, 66, 86, -3, 17, 37, 57, 77, -2, 8, 28, 48]
queue [6, 26, 46, 66, 86, -3, 17, 37, 57, 77, -2, 8, 28, 48]
queue [26, 46, 66, 86, -3, 17, 37, 57, 77, -2, 8, 28, 48]
