Player 1 field:

------------
|.......1..|
|....1..1.1|
|....1.....|
|....1..111|
|..........|
|1.1...1...|
|..1...1...|
|......1...|
|...1..1..1|
|11........|
------------
Player 2 field:

------------
|..11......|
|..........|
|1......11.|
|..1.......|
|..1...11..|
|..1.......|
|1.....1111|
|..1.1.....|
|......111.|
|..........|
------------

------------
|.......1..|
|....1..1.1|
|....1.....|
|....1..111|
|..........|
|1.1...1...|
|..1...1...|
|......1...|
|...1..1..1|
|11........|
------------

------------
|.......1..|
|....1..1.1|
|....1.....|
|....1..111|
|..........|
|1.1...1...|
|..1...1...|
|......1...|
|...1..1..1|
|11........|
------------
Player 1: MOVE 2-3
Player 2: MISS
Player 2: MOVE 5-4
Player 1: HIT
Player 2: MOVE 5-3
Player 1: HIT
Player 2: MOVE 5-2
Player 1: KILL
Player 2: MOVE 3-10
Player 1: MISS

------------
|.......1..|
|....X..1.1|
|....X.....|
|....X..111|
|..........|
|1.1...1...|
|..1...1...|
|......1...|
|...1..1..1|
|11........|
------------

------------
|.......1..|
|....X..1.1|
|....X.....|
|....X..111|
|..........|
|1.1...1...|
|..1...1...|
|......1...|
|...1..1..1|
|11........|
------------
Player 1: MOVE 4-1
Player 2: HIT

------------
|.......1..|
|....X..1.1|
|....X.....|
|....X..111|
|..........|
|1.1...1...|
|..1...1...|
|......1...|
|...1..1..1|
|11........|
------------

------------
|.......1..|
|....X..1.1|
|....X.....|
|....X..111|
|..........|
|1.1...1...|
|..1...1...|
|......1...|
|...1..1..1|
|11........|
------------
Player 1: MOVE 2-7
Player 2: MISS
Player 2: MOVE 3-6
Player 1: HIT
Player 2: MOVE 3-7
Player 1: KILL
Player 2: MOVE 7-2
Player 1: MISS

------------
|.......1..|
|....X..1.1|
|....X.....|
|....X..111|
|..........|
|1.X...1...|
|..X...1...|
|......1...|
|...1..1..1|
|11........|
------------

------------
|.......1..|
|....X..1.1|
|....X.....|
|....X..111|
|..........|
|1.X...1...|
|..X...1...|
|......1...|
|...1..1..1|
|11........|
------------
Player 1: MOVE 4-5
Player 2: MISS
Player 2: MOVE 1-8
Player 1: MISS

------------
|.......1..|
|....X..1.1|
|....X.....|
|....X..111|
|..........|
|1.X...1...|
|..X...1...|
|......1...|
|...1..1..1|
|11........|
------------

------------
|.......1..|
|....X..1.1|
|....X.....|
|....X..111|
|..........|
|1.X...1...|
|..X...1...|
|......1...|
|...1..1..1|
|11........|
------------
10
queue [30, 21, 12, 3, 70, 61, 52, 43, 34, 25, 16, 7, 92, 83, 74, 65, 56, 47, 38, 29, 96, 87, 78, 69, 10, 1, 50, 41, 32, 41, 50, 90, 81, 72, 63, 54, 45, 36, 27, 18, 9, 94, 85, 76, 67, 58, 49, 98, 89, 0, 20, 11, -11, -1, 9, 19, 29, 39, 49, 59, 69, 79, -10, 40, 60, 80, -9, 31, 51, 71, -8, 2, 22, 42, 62, 82, -7, 13, 23, 33, 53, 73, -6, 4, 14, 24, 44, 64, 84, -5, 5, 15, 35, 55, 75, -4, 6, 26, 46, 66, 86, -3, 17, 37, 57, 77, -2, 8, 28, 48, 68, 88]
queue [21, 12, 3, 70, 61, 52, 43, 34, 25, 16, 7, 92, 83, 74, 65, 56, 47, 38, 29, 96, 87, 78, 69, 10, 1, 50, 41, 32, 41, 50, 90, 81, 72, 63, 54, 45, 36, 27, 18, 9, 94, 85, 76, 67, 58, 49, 98, 89, 0, 20, 11, -11, -1, 9, 19, 29, 39, 49, 59, 69, 79, -10, 40, 60, 80, -9, 31, 51, 71, -8, 2, 22, 42, 62, 82, -7, 13, 23, 33, 53, 73, -6, 4, 14, 24, 44, 64, 84, -5, 5, 15, 35, 55, 75, -4, 6, 26, 46, 66, 86, -3, 17, 37, 57, 77, -2, 8, 28, 48, 68, 88]
queue [12, 3, 70, 61, 52, 43, 34, 25, 16, 7, 92, 83, 74, 65, 56, 47, 38, 29, 96, 87, 78, 69, 10, 1, 50, 41, 32, 41, 50, 90, 81, 72, 63, 54, 45, 36, 27, 18, 9, 94, 85, 76, 67, 58, 49, 98, 89, 0, 20, 11, -11, -1, 9, 19, 29, 39, 49, 59, 69, 79, -10, 40, 60, 80, -9, 31, 51, 71, -8, 2, 22, 42, 62, 82, -7, 13, 23, 33, 53, 73, -6, 4, 14, 24, 44, 64, 84, -5, 5, 15, 35, 55, 75, -4, 6, 26, 46, 66, 86, -3, 17, 37, 57, 77, -2, 8, 28, 48, 68, 88]
queue [3, 70, 61, 52, 43, 34, 25, 16, 7, 92, 83, 74, 65, 56, 47, 38, 29, 96, 87, 78, 69, 10, 1, 50, 41, 32, 41, 50, 90, 81, 72, 63, 54, 45, 36, 27, 18, 9, 94, 85, 76, 67, 58, 49, 98, 89, 0, 20, 11, -11, -1, 9, 19, 29, 39, 49, 59, 69, 79, -10, 40, 60, 80, -9, 31, 51, 71, -8, 2, 22, 42, 62, 82, -7, 13, 23, 33, 53, 73, -6, 4, 14, 24, 44, 64, 84, -5, 5, 15, 35, 55, 75, -4, 6, 26, 46, 66, 86, -3, 17, 37, 57, 77, -2, 8, 28, 48, 68, 88]
SHIP
queue [3, 70, 61, 52, 43, 34, 25, 16, 7, 92, 83, 74, 65, 56, 47, 38, 29, 96, 87, 78, 69, 10, 1, 50, 41, 32, 90, 81, 72, 63, 54, 45, 36, 27, 18, 9, 94, 85, 76, 67, 58, 49, 98, 89, 0, 20, 11, -11, -1, 19, 39, 59, 79, -10, 40, 60, 80, -9, 31, 51, 71, -8, 2, 22, 42, 62, 82, -7, 13, 23, 33, 53, 73, -6, 4, 14, 24, 44, 64, 84, -5, 5, 15, 35, 55, 75, -4, 6, 26, 46, 66, 86, -3, 17, 37, 57, 77, -2, 8, 28, 48, 68, 88]
queue [61, 52, 43, 34, 25, 16, 7, 92, 83, 74, 65, 56, 47, 38, 29, 96, 87, 78, 69, 10, 1, 50, 41, 32, 90, 81, 72, 63, 54, 45, 36, 27, 18, 9, 94, 85, 76, 67, 58, 49, 98, 89, 0, 20, 11, -11, -1, 19, 39, 59, 79, -10, 40, 60, 80, -9, 31, 51, 71, -8, 2, 22, 42, 62, 82, -7, 13, 23, 33, 53, 73, -6, 4, 14, 24, 44, 64, 84, -5, 5, 15, 35, 55, 75, -4, 6, 26, 46, 66, 86, -3, 17, 37, 57, 77, -2, 8, 28, 48, 68, 88]
queue [52, 43, 34, 25, 16, 7, 92, 83, 74, 65, 56, 47, 38, 29, 96, 87, 78, 69, 10, 1, 50, 41, 32, 90, 81, 72, 63, 54, 45, 36, 27, 18, 9, 94, 85, 76, 67, 58, 49, 98, 89, 0, 20, 11, -11, -1, 19, 39, 59, 79, -10, 40, 60, 80, -9, 31, 51, 71, -8, 2, 22, 42, 62, 82, -7, 13, 23, 33, 53, 73, -6, 4, 14, 24, 44, 64, 84, -5, 5, 15, 35, 55, 75, -4, 6, 26, 46, 66, 86, -3, 17, 37, 57, 77, -2, 8, 28, 48, 68, 88]
queue [43, 34, 25, 16, 7, 92, 83, 74, 65, 56, 47, 38, 29, 96, 87, 78, 69, 10, 1, 50, 41, 32, 90, 81, 72, 63, 54, 45, 36, 27, 18, 9, 94, 85, 76, 67, 58, 49, 98, 89, 0, 20, 11, -11, -1, 19, 39, 59, 79, -10, 40, 60, 80, -9, 31, 51, 71, -8, 2, 22, 42, 62, 82, -7, 13, 23, 33, 53, 73, -6, 4, 14, 24, 44, 64, 84, -5, 5, 15, 35, 55, 75, -4, 6, 26, 46, 66, 86, -3, 17, 37, 57, 77, -2, 8, 28, 48, 68, 88]
queue [34, 25, 16, 7, 92, 83, 74, 65, 56, 47, 38, 29, 96, 87, 78, 69, 10, 1, 50, 41, 32, 90, 81, 72, 63, 54, 45, 36, 27, 18, 9, 94, 85, 76, 67, 58, 49, 98, 89, 0, 20, 11, -11, -1, 19, 39, 59, 79, -10, 40, 60, 80, -9, 31, 51, 71, -8, 2, 22, 42, 62, 82, -7, 13, 23, 33, 53, 73, -6, 4, 14, 24, 44, 64, 84, -5, 5, 15, 35, 55, 75, -4, 6, 26, 46, 66, 86, -3, 17, 37, 57, 77, -2, 8, 28, 48, 68, 88]
queue [25, 16, 7, 92, 83, 74, 65, 56, 47, 38, 29, 96, 87, 78, 69, 10, 1, 50, 41, 32, 90, 81, 72, 63, 54, 45, 36, 27, 18, 9, 94, 85, 76, 67, 58, 49, 98, 89, 0, 20, 11, -11, -1, 19, 39, 59, 79, -10, 40, 60, 80, -9, 31, 51, 71, -8, 2, 22, 42, 62, 82, -7, 13, 23, 33, 53, 73, -6, 4, 14, 24, 44, 64, 84, -5, 5, 15, 35, 55, 75, -4,Player 1: MOVE 6-3
Player 2: MISS
Player 2: MOVE 5-8
Player 1: MISS

------------
|.......1..|
|....X..1.1|
|....X.....|
|....X..111|
|..........|
|1.X...1...|
|..X...1...|
|......1...|
|...1..1..1|
|11........|
------------

------------
|.......1..|
|....X..1.1|
|....X.....|
|....X..111|
|..........|
|1.X...1...|
|..X...1...|
|......1...|
|...1..1..1|
|11........|
------------
Player 1: MOVE 8-1
Player 2: MISS
Player 2: MOVE 8-5
Player 1: MISS

------------
|.......1..|
|....X..1.1|
|....X.....|
|....X..111|
|..........|
|1.X...1...|
|..X...1...|
|......1...|
|...1..1..1|
|11........|
------------

------------
|.......1..|
|....X..1.1|
|....X.....|
|....X..111|
|..........|
|1.X...1...|
|..X...1...|
|......1...|
|...1..1..1|
|11........|
------------
Player 1: MOVE 4-9
Player 2: MISS
Player 2: MOVE 10-7
Player 1: MISS

------------
|.......1..|
|....X..1.1|
|....X.....|
|....X..111|
|..........|
|1.X...1...|
|..X...1...|
|......1...|
|...1..1..1|
|11........|
------------

------------
|.......1..|
|....X..1.1|
|....X.....|
|....X..111|
|..........|
|1.X...1...|
|..X...1...|
|......1...|
|...1..1..1|
|11........|
------------
Player 1: MOVE 6-7
Player 2: MISS
Player 2: MOVE 1-4
Player 1: MISS

------------
|.......1..|
|....X..1.1|
|....X.....|
|....X..111|
|..........|
|1.X...1...|
|..X...1...|
|......1...|
|...1..1..1|
|11........|
------------

------------
|.......1..|
|....X..1.1|
|....X.....|
|....X..111|
|..........|
|1.X...1...|
|..X...1...|
|......1...|
|...1..1..1|
|11........|
------------
Player 1: MOVE 8-5
Player 2: HIT

------------
|.......1..|
|....X..1.1|
|....X.....|
|....X..111|
|..........|
|1.X...1...|
|..X...1...|
|......1...|
|...1..1..1|
|11........|
------------

------------
|.......1..|
|....X..1.1|
|....X.....|
|....X..111|
|..........|
|1.X...1...|
|..X...1...|
|......1...|
|...1..1..1|
|11........|
------------
Player 1: MOVE 10-3
Player 2: MISS
Player 2: MOVE 6-7
Player 1: MISS

------------
|.......1..|
|....X..1.1|
|....X.....|
|....X..111|
|..........|
|1.X...1...|
|..X...1...|
|......1...|
|...1..1..1|
|11........|
------------

------------
|.......1..|
|....X..1.1|
|....X.....|
|....X..111|
|..........|
|1.X...1...|
|..X...1...|
|......1...|
|...1..1..1|
|11........|
------------
 6, 26, 46, 66, 86, -3, 17, 37, 57, 77, -2, 8, 28, 48, 68, 88]
queue [16, 7, 92, 83, 74, 65, 56, 47, 38, 29, 96, 87, 78, 69, 10, 1, 50, 41, 32, 90, 81, 72, 63, 54, 45, 36, 27, 18, 9, 94, 85, 76, 67, 58, 49, 98, 89, 0, 20, 11, -11, -1, 19, 39, 59, 79, -10, 40, 60, 80, -9, 31, 51, 71, -8, 2, 22, 42, 62, 82, -7, 13, 23, 33, 53, 73, -6, 4, 14, 24, 44, 64, 84, -5, 5, 15, 35, 55, 75, -4, 6, 26, 46, 66, 86, -3, 17, 37, 57, 77, -2, 8, 28, 48, 68, 88]
queue [7, 92, 83, 74, 65, 56, 47, 38, 29, 96, 87, 78, 69, 10, 1, 50, 41, 32, 90, 81, 72, 63, 54, 45, 36, 27, 18, 9, 94, 85, 76, 67, 58, 49, 98, 89, 0, 20, 11, -11, -1, 19, 39, 59, 79, -10, 40, 60, 80, -9, 31, 51, 71, -8, 2, 22, 42, 62, 82, -7, 13, 23, 33, 53, 73, -6, 4, 14, 24, 44, 64, 84, -5, 5, 15, 35, 55, 75, -4, 6, 26, 46, 66, 86, -3, 17, 37, 57, 77, -2, 8, 28, 48, 68, 88]
queue [92, 83, 74, 65, 56, 47, 38, 29, 96, 87, 78, 69, 10, 1, 50, 41, 32, 90, 81, 72, 63, 54, 45, 36, 27, 18, 9, 94, 85, 76, 67, 58, 49, 98, 89, 0, 20, 11, -11, -1, 19, 39, 59, 79, -10, 40, 60, 80, -9, 31, 51, 71, -8, 2, 22, 42, 62, 82, -7, 13, 23, 33, 53, 73, -6, 4, 14, 24, 44, 64, 84, -5, 5, 15, 35, 55, 75, -4, 6, 26, 46, 66, 86, -3, 17, 37, 57, 77, -2, 8, 28, 48, 68, 88]
queue [83, 74, 65, 56, 47, 38, 29, 96, 87, 78, 69, 10, 1, 50, 41, 32, 90, 81, 72, 63, 54, 45, 36, 27, 18, 9, 94, 85, 76, 67, 58, 49, 98, 89, 0, 20, 11, -11, -1, 19, 39, 59, 79, -10, 40, 60, 80, -9, 31, 51, 71, -8, 2, 22, 42, 62, 82, -7, 13, 23, 33, 53, 73, -6, 4, 14, 24, 44, 64, 84, -5, 5, 15, 35, 55, 75, -4, 6, 26, 46, 66, 86, -3, 17, 37, 57, 77, -2, 8, 28, 48, 68, 88]
queue [74, 65, 56, 47, 38, 29, 96, 87, 78, 69, 10, 1, 50, 41, 32, 90, 81, 72, 63, 54, 45, 36, 27, 18, 9, 94, 85, 76, 67, 58, 49, 98, 89, 0, 20, 11, -11, -1, 19, 39, 59, 79, -10, 40, 60, 80, -9, 31, 51, 71, -8, 2, 22, 42, 62, 82, -7, 13, 23, 33, 53, 73, -6, 4, 14, 24, 44, 64, 84, -5, 5, 15, 35, 55, 75, -4, 6, 26, 46, 66, 86, -3, 17, 37, 57, 77, -2, 8, 28, 48, 68, 88]
queue [65, 56, 47, 38, 29, 96, 87, 78, 69, 10, 1, 50, 41, 32, 90, 81, 72, 63, 54, 45, 36, 27, 18, 9, 94, 85, 76, 67, 58, 49, 98, 89, 0, 20, 11, -11, -1, 19, 39, 59, 79, -10, 40, 60, 80, -9, 31, 51, 71, -8, 2, 22, 42, 62, 82, -7, 13, 23, 33, 53, 73, -6, 4, 14, 24, 44, 64, 84, -5, 5, 15, 35, 55, 75, -4, 6, 26, 46, 66, 86, -3, 17, 37, 57, 77, -2, 8, 28, 48, 68, 88]
queue [56, 47, 38, 29, 96, 87, 78, 69, 10, 1, 50, 41, 32, 90, 81, 72, 63, 54, 45, 36, 27, 18, 9, 94, 85, 76, 67, 58, 49, 98, 89, 0, 20, 11, -11, -1, 19, 39, 59, 79, -10, 40, 60, 80, -9, 31, 51, 71, -8, 2, 22, 42, 62, 82, -7, 13, 23, 33, 53, 73, -6, 4, 14, 24, 44, 64, 84, -5, 5, 15, 35, 55, 75, -4, 6, 26, 46, 66, 86, -3, 17, 37, 57, 77, -2, 8, 28, 48, 68, 88]
queue [47, 38, 29, 96, 87, 78, 69, 10, 1, 50, 41, 32, 90, 81, 72, 63, 54, 45, 36, 27, 18, 9, 94, 85, 76, 67, 58, 49, 98, 89, 0, 20, 11, -11, -1, 19, 39, 59, 79, -10, 40, 60, 80, -9, 31, 51, 71, -8, 2, 22, 42, 62, 82, -7, 13, 23, 33, 53, 73, -6, 4, 14, 24, 44, 64, 84, -5, 5, 15, 35, 55, 75, -4, 6, 26, 46, 66, 86, -3, 17, 37, 57, 77, -2, 8, 28, 48, 68, 88]
SHIP
queue [47, 38, 29, 96, 87, 78, 69, 10, 1, 50, 41, 32, 90, 81, 72, 63, 54, 45, 36, 27, 18, 9, 94, 85, 76, 67, 58, 49, 98, 89, 0, 20, 11, -11, -1, 19, 39, 59, 79, -10, 40, 60, 80, -9, 31, 51, 71, -8, 2, 22, 42, 62, 82, -7, 13, 23, 33, 53, 73, -6, 4, 14, 24, 44, 64, 84, -5, 5, 15, 35, 55, 75, -4, 6, 26, 46, 66, 86, -3, 17, 37, 57, 77, -2, 8, 28, 48, 68, 88]
queue [29, 96, 87, 78, 69, 10, 1, 50, 41, 32, 90, 81, 72, 63, 54, 45, 36, 27, 18, 9, 94, 85, 76, 67, 58, 49, 98, 89, 0, 20, 11, -11, -1, 19, 39, 59, 79, -10, 40, 60, 80, -9, 31, 51, 71, -8, 2, 22, 42, 62, 82, -7, 13, 23, 33, 53, 73, -6, 4, 14, 24, 44, 64, 84, -5, 5, 15, 35, 55, 75, -4, 6, 26, 46, 66, 86, -3, 17, 37, 57, 77, -2, 8, 28, 48, 68, 88]
queue [96, 87, 78, 69, 10, 1, 50, 41, 32, 90, 81, 72, 63, 54, 45, 36, 27, 18, 9, 94, 85, 76, 67, 58, 49, 98, 89, 0, 20, 11, -11, -1, 19, 39, 59, 79, -10, 40, 60, 80, -9, 31, 51, 71, -8, 2, 22, 42, 62, 82, -7, 13, 23, 33, 53, 73, -6, 4, 14, 24, 44, 64, 84, -5, 5, 15, 35, 55, 75, -4, 6, 26, 46, 66, 86, -3, 17, 37, 57, 77, -2, 8, 28, 48, 68, 88]
queue [87, Player 1: MOVE 8-9
Player 2: HIT

------------
|.......1..|
|....X..1.1|
|....X.....|
|....X..111|
|..........|
|1.X...1...|
|..X...1...|
|......1...|
|...1..1..1|
|11........|
------------

------------
|.......1..|
|....X..1.1|
|....X.....|
|....X..111|
|..........|
|1.X...1...|
|..X...1...|
|......1...|
|...1..1..1|
|11........|
------------
Player 1: MOVE 10-7
Player 2: HIT

------------
|.......1..|
|....X..1.1|
|....X.....|
|....X..111|
|..........|
|1.X...1...|
|..X...1...|
|......1...|
|...1..1..1|
|11........|
------------

------------
|.......1..|
|....X..1.1|
|....X.....|
|....X..111|
|..........|
|1.X...1...|
|..X...1...|
|......1...|
|...1..1..1|
|11........|
------------
Player 1: MOVE 2-1
Player 2: MISS
Player 2: MOVE 3-2
Player 1: MISS

------------
|.......1..|
|....X..1.1|
|....X.....|
|....X..111|
|..........|
|1.X...1...|
|..X...1...|
|......1...|
|...1..1..1|
|11........|
------------

------------
|.......1..|
|....X..1.1|
|....X.....|
|....X..111|
|..........|
|1.X...1...|
|..X...1...|
|......1...|
|...1..1..1|
|11........|
------------
Player 1: MOVE 2-5
Player 2: MISS
Player 2: MOVE 2-3
Player 1: MISS

------------
|.......1..|
|....X..1.1|
|....X.....|
|....X..111|
|..........|
|1.X...1...|
|..X...1...|
|......1...|
|...1..1..1|
|11........|
------------

------------
|.......1..|
|....X..1.1|
|....X.....|
|....X..111|
|..........|
|1.X...1...|
|..X...1...|
|......1...|
|...1..1..1|
|11........|
------------
Player 1: MOVE 1-10
Player 2: MISS
Player 2: MOVE 9-8
Player 1: MISS

------------
|.......1..|
|....X..1.1|
|....X.....|
|....X..111|
|..........|
|1.X...1...|
|..X...1...|
|......1...|
|...1..1..1|
|11........|
------------

------------
|.......1..|
|....X..1.1|
|....X.....|
|....X..111|
|..........|
|1.X...1...|
|..X...1...|
|......1...|
|...1..1..1|
|11........|
------------
Player 1: MOVE 3-8
Player 2: KILL

------------
|.......1..|
|....X..1.1|
|....X.....|
|....X..111|
|..........|
|1.X...1...|
|..X...1...|
|......1...|
|...1..1..1|
|11........|
------------

------------
|.......1..|
|....X..1.1|
|....X.....|
|....X..111|
|..........|
|1.X...1...|
|..X...1...|
|......1...|
|...1..1..1|
|11........|
------------
78, 69, 10, 1, 50, 41, 32, 90, 81, 72, 63, 54, 45, 36, 27, 18, 9, 94, 85, 76, 67, 58, 49, 98, 89, 0, 20, 11, -11, -1, 19, 39, 59, 79, -10, 40, 60, 80, -9, 31, 51, 71, -8, 2, 22, 42, 62, 82, -7, 13, 23, 33, 53, 73, -6, 4, 14, 24, 44, 64, 84, -5, 5, 15, 35, 55, 75, -4, 6, 26, 46, 66, 86, -3, 17, 37, 57, 77, -2, 8, 28, 48, 68, 88]
SHIP
queue [87, 78, 69, 10, 1, 50, 41, 32, 90, 81, 72, 63, 54, 45, 36, 27, 18, 9, 94, 85, 76, 67, 58, 49, 98, 89, 0, 20, 11, -11, -1, 19, 39, 59, 79, -10, 40, 60, 80, -9, 31, 51, 71, -8, 2, 22, 42, 62, 82, -7, 13, 23, 33, 53, 73, -6, 4, 14, 24, 44, 64, 84, -5, 5, 15, 35, 55, 75, -4, 6, 26, 46, 66, 86, -3, 17, 37, 57, 77, -2, 8, 28, 48, 68, 88]
queue [69, 10, 1, 50, 41, 32, 90, 81, 72, 63, 54, 45, 36, 27, 18, 9, 94, 85, 76, 67, 58, 49, 98, 89, 0, 20, 11, -11, -1, 19, 39, 59, 79, -10, 40, 60, 80, -9, 31, 51, 71, -8, 2, 22, 42, 62, 82, -7, 13, 23, 33, 53, 73, -6, 4, 14, 24, 44, 64, 84, -5, 5, 15, 35, 55, 75, -4, 6, 26, 46, 66, 86, -3, 17, 37, 57, 77, -2, 8, 28, 48, 68, 88]
SHIP
queue [69, 10, 1, 50, 41, 32, 90, 81, 72, 63, 54, 45, 36, 27, 18, 9, 94, 85, 76, 67, 58, 49, 98, 89, 0, 20, 11, -11, -1, 19, 39, 59, 79, -10, 40, 60, 80, -9, 31, 51, 71, -8, 2, 22, 42, 62, 82, -7, 13, 23, 33, 53, 73, -6, 4, 14, 24, 44, 64, 84, -5, 5, 15, 35, 55, 75, -4, 6, 26, 46, 66, 86, -3, 17, 37, 57, 77, -2, 8, 28, 48, 68, 88]
queue [1, 50, 41, 32, 90, 81, 72, 63, 54, 45, 36, 27, 18, 9, 94, 85, 76, 67, 58, 49, 98, 89, 0, 20, 11, -11, -1, 19, 39, 59, 79, -10, 40, 60, 80, -9, 31, 51, 71, -8, 2, 22, 42, 62, 82, -7, 13, 23, 33, 53, 73, -6, 4, 14, 24, 44, 64, 84, -5, 5, 15, 35, 55, 75, -4, 6, 26, 46, 66, 86, -3, 17, 37, 57, 77, -2, 8, 28, 48, 68, 88]
queue [50, 41, 32, 90, 81, 72, 63, 54, 45, 36, 27, 18, 9, 94, 85, 76, 67, 58, 49, 98, 89, 0, 20, 11, -11, -1, 19, 39, 59, 79, -10, 40, 60, 80, -9, 31, 51, 71, -8, 2, 22, 42, 62, 82, -7, 13, 23, 33, 53, 73, -6, 4, 14, 24, 44, 64, 84, -5, 5, 15, 35, 55, 75, -4, 6, 26, 46, 66, 86, -3, 17, 37, 57, 77, -2, 8, 28, 48, 68, 88]
queue [41, 32, 90, 81, 72, 63, 54, 45, 36, 27, 18, 9, 94, 85, 76, 67, 58, 49, 98, 89, 0, 20, 11, -11, -1, 19, 39, 59, 79, -10, 40, 60, 80, -9, 31, 51, 71, -8, 2, 22, 42, 62, 82, -7, 13, 23, 33, 53, 73, -6, 4, 14, 24, 44, 64, 84, -5, 5, 15, 35, 55, 75, -4, 6, 26, 46, 66, 86, -3, 17, 37, 57, 77, -2, 8, 28, 48, 68, 88]
queue [32, 90, 81, 72, 63, 54, 45, 36, 27, 18, 9, 94, 85, 76, 67, 58, 49, 98, 89, 0, 20, 11, -11, -1, 19, 39, 59, 79, -10, 40, 60, 80, -9, 31, 51, 71, -8, 2, 22, 42, 62, 82, -7, 13, 23, 33, 53, 73, -6, 4, 14, 24, 44, 64, 84, -5, 5, 15, 35, 55, 75, -4, 6, 26, 46, 66, 86, -3, 17, 37, 57, 77, -2, 8, 28, 48, 68, 88]
queue [90, 81, 72, 63, 54, 45, 36, 27, 18, 9, 94, 85, 76, 67, 58, 49, 98, 89, 0, 20, 11, -11, -1, 19, 39, 59, 79, -10, 40, 60, 80, -9, 31, 51, 71, -8, 2, 22, 42, 62, 82, -7, 13, 23, 33, 53, 73, -6, 4, 14, 24, 44, 64, 84, -5, 5, 15, 35, 55, 75, -4, 6, 26, 46, 66, 86, -3, 17, 37, 57, 77, -2, 8, 28, 48, 68, 88]
queue [81, 72, 63, 54, 45, 36, 27, 18, 9, 94, 85, 76, 67, 58, 49, 98, 89, 0, 20, 11, -11, -1, 19, 39, 59, 79, -10, 40, 60, 80, -9, 31, 51, 71, -8, 2, 22, 42, 62, 82, -7, 13, 23, 33, 53, 73, -6, 4, 14, 24, 44, 64, 84, -5, 5, 15, 35, 55, 75, -4, 6, 26, 46, 66, 86, -3, 17, 37, 57, 77, -2, 8, 28, 48, 68, 88]
queue [72, 63, 54, 45, 36, 27, 18, 9, 94, 85, 76, 67, 58, 49, 98, 89, 0, 20, 11, -11, -1, 19, 39, 59, 79, -10, 40, 60, 80, -9, 31, 51, 71, -8, 2, 22, 42, 62, 82, -7, 13, 23, 33, 53, 73, -6, 4, 14, 24, 44, 64, 84, -5, 5, 15, 35, 55, 75, -4, 6, 26, 46, 66, 86, -3, 17, 37, 57, 77, -2, 8, 28, 48, 68, 88]
SHIP
KILL
queue [54, 45, 36, 27, 18, 9, 94, 85, 76, 67, 58, 49, 98, 89, 0, 20, 11, -11, -1, 19, 39, 59, 79, -10, 40, 60, 80, -9, 31, 51, -8, 2, 22, 42, -7, 13, 23, 33, 53, -6, 4, 14, 24, 44, 64, 84, -5, 5, 15, 35, 55, 75, -4, 6, 26, 46, 66, 86, -3, 17, 37, 57, 77, -2, 8, 28, 48, 68, 88]
queue [45, 36, 27, 18, 9, 94, 85, 76, 67, 58, 49, 98, 89, 0, 20, 11, -11, -1, 19, 39, 59, 79, -10, 40, 60, 80, -9, 31, 51, -8, 2, 22, 42, -7, 13, 23, 33, 53, -6, 4, 14, 24, 44, 64, 84, -5, 5, 15, 35, 55, 75, -4, 6, 26, 46, 66, 86, -3, 17, 37, 57, 77, -2, 8, 28, 48Player 1: MOVE 6-5
Player 2: MISS
Player 2: MOVE 4-9
Player 1: KILL
Player 2: MOVE 9-4
Player 1: HIT
Player 2: MOVE 9-3
Player 1: MISS

------------
|.......1..|
|....X..1.1|
|....X.....|
|....X..1X1|
|..........|
|1.X...1...|
|..X...1...|
|......1...|
|...X..1..1|
|11........|
------------

------------
|.......1..|
|....X..1.1|
|....X.....|
|....X..1X1|
|..........|
|1.X...1...|
|..X...1...|
|......1...|
|...X..1..1|
|11........|
------------
Player 1: MOVE 8-3
Player 2: HIT

------------
|.......1..|
|....X..1.1|
|....X.....|
|....X..1X1|
|..........|
|1.X...1...|
|..X...1...|
|......1...|
|...X..1..1|
|11........|
------------

------------
|.......1..|
|....X..1.1|
|....X.....|
|....X..1X1|
|..........|
|1.X...1...|
|..X...1...|
|......1...|
|...X..1..1|
|11........|
------------
Player 1: MOVE 10-1
Player 2: MISS
Player 2: MOVE 9-5
Player 1: MISS

------------
|.......1..|
|....X..1.1|
|....X.....|
|....X..1X1|
|..........|
|1.X...1...|
|..X...1...|
|......1...|
|...X..1..1|
|11........|
------------

------------
|.......1..|
|....X..1.1|
|....X.....|
|....X..1X1|
|..........|
|1.X...1...|
|..X...1...|
|......1...|
|...X..1..1|
|11........|
------------
Player 1: MOVE 6-9
Player 2: MISS
Player 2: MOVE 8-4
Player 1: HIT
Player 2: MOVE 10-4
Player 1: KILL
Player 2: MOVE 7-6
Player 1: HIT
Player 2: MOVE 7-7
Player 1: HIT
Player 2: MOVE 7-8
Player 1: HIT
Player 2: MOVE 7-9
Player 1: KILL
Player 2: MOVE 8-1
Player 1: HIT
Player 2: MOVE 9-1
Player 1: MISS

------------
|.......X..|
|....X..1.1|
|....X.....|
|....X..XXX|
|..........|
|1.X...X...|
|..X...X...|
|......X...|
|...X..X..1|
|11........|
------------

------------
|.......X..|
|....X..1.1|
|....X.....|
|....X..XXX|
|..........|
|1.X...X...|
|..X...X...|
|......X...|
|...X..X..1|
|11........|
------------
Player 1: MOVE 8-7
Player 2: HIT

------------
|.......X..|
|....X..1.1|
|....X.....|
|....X..XXX|
|..........|
|1.X...X...|
|..X...X...|
|......X...|
|...X..X..1|
|11........|
------------

------------
|.......X..|
|....X..1.1|
|....X.....|
|....X..XXX|
|..........|
|1.X...X...|
|..X...X...|
|......X...|
|...X..X..1|
|11........|
------------
Player 1: MOVE 10-5
Player 2: MISS
Player 2: MOVE 8-2
Player 1: KILL
Player 2: MOVE 10-9
Player 1: KILL
Player 2: MOVE 5-6
Player 1: MISS

------------
|.......X..|
|....X..X.1|
|....X.....|
|....X..XXX|
|..........|
|1.X...X...|
|..X...X...|
|......X...|
|...X..X..X|
|11........|
------------

------------
|.......X..|
|....X..X.1|
|....X.....|
|....X..XXX|
|..........|
|1.X...X...|
|..X...X...|
|......X...|
|...X..X..X|
|11........|
------------
Player 1: MOVE 10-9
Player 2: MISS
Player 2: MOVE 1-6
Player 1: KILL
Player 2: MOVE 9-6
Player 1: MISS

------------
|.......X..|
|....X..X.1|
|....X.....|
|....X..XXX|
|..........|
|X.X...X...|
|..X...X...|
|......X...|
|...X..X..X|
|11........|
------------

------------
|.......X..|
|....X..X.1|
|....X.....|
|....X..XXX|
|..........|
|X.X...X...|
|..X...X...|
|......X...|
|...X..X..X|
|11........|
------------
Player 1: MOVE 1-3
Player 2: KILL

------------
|.......X..|
|....X..X.1|
|....X.....|
|....X..XXX|
|..........|
|X.X...X...|
|..X...X...|
|......X...|
|...X..X..X|
|11........|
------------

------------
|.......X..|
|....X..X.1|
|....X.....|
|....X..XXX|
|..........|
|X.X...X...|
|..X...X...|
|......X...|
|...X..X..X|
|11........|
------------
Player 1: MOVE 10-0
Player 2: MISS
Player 2: MOVE 2-9
Player 1: MISS

------------
|.......X..|
|....X..X.1|
|....X.....|
|....X..XXX|
|..........|
|X.X...X...|
|..X...X...|
|......X...|
|...X..X..X|
|11........|
------------

------------
|.......X..|
|....X..X.1|
|....X.....|
|....X..XXX|
|..........|
|X.X...X...|
|..X...X...|
|......X...|
|...X..X..X|
|11........|
------------
, 68, 88]
queue [36, 27, 18, 9, 94, 85, 76, 67, 58, 49, 98, 89, 0, 20, 11, -11, -1, 19, 39, 59, 79, -10, 40, 60, 80, -9, 31, 51, -8, 2, 22, 42, -7, 13, 23, 33, 53, -6, 4, 14, 24, 44, 64, 84, -5, 5, 15, 35, 55, 75, -4, 6, 26, 46, 66, 86, -3, 17, 37, 57, 77, -2, 8, 28, 48, 68, 88]
queue [27, 18, 9, 94, 85, 76, 67, 58, 49, 98, 89, 0, 20, 11, -11, -1, 19, 39, 59, 79, -10, 40, 60, 80, -9, 31, 51, -8, 2, 22, 42, -7, 13, 23, 33, 53, -6, 4, 14, 24, 44, 64, 84, -5, 5, 15, 35, 55, 75, -4, 6, 26, 46, 66, 86, -3, 17, 37, 57, 77, -2, 8, 28, 48, 68, 88]
SHIP
queue [27, 18, 9, 94, 85, 76, 67, 58, 49, 98, 89, 0, 20, 11, -11, -1, 19, 39, 59, 79, -10, 40, 60, 80, -9, 31, 51, -8, 2, 22, 42, -7, 13, 23, 33, 53, -6, 4, 14, 24, 44, 64, 84, -5, 5, 15, 35, 55, 75, -4, 6, 26, 46, 66, 86, -3, 17, 37, 57, 77, -2, 8, 28, 48, 68, 88]
queue [9, 94, 85, 76, 67, 58, 49, 98, 89, 0, 20, 11, -11, -1, 19, 39, 59, 79, -10, 40, 60, 80, -9, 31, 51, -8, 2, 22, 42, -7, 13, 23, 33, 53, -6, 4, 14, 24, 44, 64, 84, -5, 5, 15, 35, 55, 75, -4, 6, 26, 46, 66, 86, -3, 17, 37, 57, 77, -2, 8, 28, 48, 68, 88]
queue [94, 85, 76, 67, 58, 49, 98, 89, 0, 20, 11, -11, -1, 19, 39, 59, 79, -10, 40, 60, 80, -9, 31, 51, -8, 2, 22, 42, -7, 13, 23, 33, 53, -6, 4, 14, 24, 44, 64, 84, -5, 5, 15, 35, 55, 75, -4, 6, 26, 46, 66, 86, -3, 17, 37, 57, 77, -2, 8, 28, 48, 68, 88]
queue [85, 76, 67, 58, 49, 98, 89, 0, 20, 11, -11, -1, 19, 39, 59, 79, -10, 40, 60, 80, -9, 31, 51, -8, 2, 22, 42, -7, 13, 23, 33, 53, -6, 4, 14, 24, 44, 64, 84, -5, 5, 15, 35, 55, 75, -4, 6, 26, 46, 66, 86, -3, 17, 37, 57, 77, -2, 8, 28, 48, 68, 88]
queue [76, 67, 58, 49, 98, 89, 0, 20, 11, -11, -1, 19, 39, 59, 79, -10, 40, 60, 80, -9, 31, 51, -8, 2, 22, 42, -7, 13, 23, 33, 53, -6, 4, 14, 24, 44, 64, 84, -5, 5, 15, 35, 55, 75, -4, 6, 26, 46, 66, 86, -3, 17, 37, 57, 77, -2, 8, 28, 48, 68, 88]
queue [67, 58, 49, 98, 89, 0, 20, 11, -11, -1, 19, 39, 59, 79, -10, 40, 60, 80, -9, 31, 51, -8, 2, 22, 42, -7, 13, 23, 33, 53, -6, 4, 14, 24, 44, 64, 84, -5, 5, 15, 35, 55, 75, -4, 6, 26, 46, 66, 86, -3, 17, 37, 57, 77, -2, 8, 28, 48, 68, 88]
SHIP
queue [67, 58, 49, 98, 89, 0, 20, 11, -11, -1, 19, 39, 59, 79, -10, 40, 60, 80, -9, 31, 51, -8, 2, 22, 42, -7, 13, 23, 33, 53, -6, 4, 14, 24, 44, 64, 84, -5, 5, 15, 35, 55, 75, -4, 6, 26, 46, 66, 86, -3, 17, 37, 57, 77, -2, 8, 28, 48, 68, 88]
queue [49, 98, 89, 0, 20, 11, -11, -1, 19, 39, 59, 79, -10, 40, 60, 80, -9, 31, 51, -8, 2, 22, 42, -7, 13, 23, 33, 53, -6, 4, 14, 24, 44, 64, 84, -5, 5, 15, 35, 55, 75, -4, 6, 26, 46, 66, 86, -3, 17, 37, 57, 77, -2, 8, 28, 48, 68, 88]
queue [98, 89, 0, 20, 11, -11, -1, 19, 39, 59, 79, -10, 40, 60, 80, -9, 31, 51, -8, 2, 22, 42, -7, 13, 23, 33, 53, -6, 4, 14, 24, 44, 64, 84, -5, 5, 15, 35, 55, 75, -4, 6, 26, 46, 66, 86, -3, 17, 37, 57, 77, -2, 8, 28, 48, 68, 88]
queue [89, 0, 20, 11, -11, -1, 19, 39, 59, 79, -10, 40, 60, 80, -9, 31, 51, -8, 2, 22, 42, -7, 13, 23, 33, 53, -6, 4, 14, 24, 44, 64, 84, -5, 5, 15, 35, 55, 75, -4, 6, 26, 46, 66, 86, -3, 17, 37, 57, 77, -2, 8, 28, 48, 68, 88]
queue [0, 20, 11, -11, -1, 19, 39, 59, 79, -10, 40, 60, 80, -9, 31, 51, -8, 2, 22, 42, -7, 13, 23, 33, 53, -6, 4, 14, 24, 44, 64, 84, -5, 5, 15, 35, 55, 75, -4, 6, 26, 46, 66, 86, -3, 17, 37, 57, 77, -2, 8, 28, 48, 68, 88]
queue [20, 11, -11, -1, 19, 39, 59, 79, -10, 40, 60, 80, -9, 31, 51, -8, 2, 22, 42, -7, 13, 23, 33, 53, -6, 4, 14, 24, 44, 64, 84, -5, 5, 15, 35, 55, 75, -4, 6, 26, 46, 66, 86, -3, 17, 37, 57, 77, -2, 8, 28, 48, 68, 88]
SHIP
KILL
queue [-11, -1, 39, 59, 79, -10, 40, 60, 80, -9, 51, -8, 2, 22, 42, -7, 13, 23, 33, 53, -6, 4, 14, 24, 44, 64, 84, -5, 5, 15, 35, 55, 75, -4, 6, 26, 46, 66, 86, -3, 17, 37, 57, 77, -2, 8, 28, 48, 68, 88]
queue [-1, 39, 59, 79, -10, 40, 60, 80, -9, 51, -8, 2, 22, 42, -7, 13, 23, 33, 53, -6, 4, 14, 24, 44, 64, 84, -5, 5, 15, 35, 55, 75, -4, 6, 26, 46, 66, 86, -3, 17, 37, 57, 77, -2, 8, 28, 48, 68, 88]
queue [39, 59, 79, -10, 40, 60, 80, -9, 51, -8, 2, 22, 42, -7, 13, 23, 33, 53, -6, 4, 14, 24, 44, 64, 84, -5, 5, 15, 35, 55, 75, -4, 6, 26, 46, 66, 86, -3, 17, 37, 57, 77, -2, 8, 28, 48, 68, 88]
queue [59, 79, -10, 40, 60, 80, -Player 1: MOVE 10-6
Player 2: MISS
Player 2: MOVE 1-2
Player 1: MISS

------------
|.......X..|
|....X..X.1|
|....X.....|
|....X..XXX|
|..........|
|X.X...X...|
|..X...X...|
|......X...|
|...X..X..X|
|11........|
------------

------------
|.......X..|
|....X..X.1|
|....X.....|
|....X..XXX|
|..........|
|X.X...X...|
|..X...X...|
|......X...|
|...X..X..X|
|11........|
------------
Player 1: MOVE 1-0
Player 2: MISS
Player 2: MOVE 10-1
Player 1: MISS

------------
|.......X..|
|....X..X.1|
|....X.....|
|....X..XXX|
|..........|
|X.X...X...|
|..X...X...|
|......X...|
|...X..X..X|
|11........|
------------

------------
|.......X..|
|....X..X.1|
|....X.....|
|....X..XXX|
|..........|
|X.X...X...|
|..X...X...|
|......X...|
|...X..X..X|
|11........|
------------
Player 1: MOVE 1-7
Player 2: KILL

------------
|.......X..|
|....X..X.1|
|....X.....|
|....X..XXX|
|..........|
|X.X...X...|
|..X...X...|
|......X...|
|...X..X..X|
|11........|
------------

------------
|.......X..|
|....X..X.1|
|....X.....|
|....X..XXX|
|..........|
|X.X...X...|
|..X...X...|
|......X...|
|...X..X..X|
|11........|
------------
Player 1: MOVE 2-0
Player 2: MISS
Player 2: MOVE 2-1
Player 1: MISS

------------
|.......X..|
|....X..X.1|
|....X.....|
|....X..XXX|
|..........|
|X.X...X...|
|..X...X...|
|......X...|
|...X..X..X|
|11........|
------------

------------
|.......X..|
|....X..X.1|
|....X.....|
|....X..XXX|
|..........|
|X.X...X...|
|..X...X...|
|......X...|
|...X..X..X|
|11........|
------------
Player 1: MOVE 3-1
Player 2: KILL

------------
|.......X..|
|....X..X.1|
|....X.....|
|....X..XXX|
|..........|
|X.X...X...|
|..X...X...|
|......X...|
|...X..X..X|
|11........|
------------

------------
|.......X..|
|....X..X.1|
|....X.....|
|....X..XXX|
|..........|
|X.X...X...|
|..X...X...|
|......X...|
|...X..X..X|
|11........|
------------
Player 1: MOVE 3-5
Player 2: HIT

------------
|.......X..|
|....X..X.1|
|....X.....|
|....X..XXX|
|..........|
|X.X...X...|
|..X...X...|
|......X...|
|...X..X..X|
|11........|
------------

------------
|.......X..|
|....X..X.1|
|....X.....|
|....X..XXX|
|..........|
|X.X...X...|
|..X...X...|
|......X...|
|...X..X..X|
|11........|
------------
Player 1: MOVE 4-4
Player 2: MISS
Player 2: MOVE 3-4
Player 1: MISS

------------
|.......X..|
|....X..X.1|
|....X.....|
|....X..XXX|
|..........|
|X.X...X...|
|..X...X...|
|......X...|
|...X..X..X|
|11........|
------------

------------
|.......X..|
|....X..X.1|
|....X.....|
|....X..XXX|
|..........|
|X.X...X...|
|..X...X...|
|......X...|
|...X..X..X|
|11........|
------------
Player 1: MOVE 5-0
Player 2: MISS
Player 2: MOVE 1-10
Player 1: HIT
Player 2: MOVE 1-9
Player 1: MISS

------------
|.......X..|
|....X..X.1|
|....X.....|
|....X..XXX|
|..........|
|X.X...X...|
|..X...X...|
|......X...|
|...X..X..X|
|X1........|
------------

------------
|.......X..|
|....X..X.1|
|....X.....|
|....X..XXX|
|..........|
|X.X...X...|
|..X...X...|
|......X...|
|...X..X..X|
|X1........|
------------
Player 1: MOVE 5-2
Player 2: MISS
Player 2: MOVE 2-10
Player 1: KILL
Player 2: MOVE 10-6
Player 1: MISS

------------
|.......X..|
|....X..X.1|
|....X.....|
|....X..XXX|
|..........|
|X.X...X...|
|..X...X...|
|......X...|
|...X..X..X|
|XX........|
------------

------------
|.......X..|
|....X..X.1|
|....X.....|
|....X..XXX|
|..........|
|X.X...X...|
|..X...X...|
|......X...|
|...X..X..X|
|XX........|
------------
Player 1: MOVE 5-5
Player 2: MISS
Player 2: MOVE 3-3
Player 1: MISS

------------
|.......X..|
|....X..X.1|
|....X.....|
|....X..XXX|
|..........|
|X.X...X...|
|..X...X...|
|......X...|
|...X..X..X|
|XX........|
------------

------------
|.......X..|
|....X..X.1|
|....X.....|
|....X..XXX|
|..........|
|X.X...X...|
|..X...X...|
|......X...|
|...X..X..X|
|XX........|
------------
Player 1: MOVE 5-9
Player 2: MISS
Player 2: MOVE 1-1
Player 1: MISS

------------
|.......X..|
|....X..X.1|
|....X.....|
|....X..XXX|
|..........|
|X.X...X...|
|..X...X...|
|......X...|
|...X..X..X|
|XX........|
------------

------------
|.......X..|
|....X..X.1|
|....X.....|
|....X..XXX|
|..........|
|X.X...X...|
|..X...X...|
|......X...|
|...X..X..X|
|XX........|
------------
Player 1: MOVE 6-1
Player 2: MISS
Player 2: MOVE 10-2
Player 1: KILL
Player 1: DEFEAT
Player 2: VICTORY
==================================================
Player 1 field:
His POV:

------------
|.......X..|
|....X..X.X|
|....X.....|
|....X..XXX|
|..........|
|X.X...X...|
|..X...X...|
|......X...|
|...X..X..X|
|XX........|
------------
Opponents POV:

------------
|xx.xxxx1xx|
|x.xx1xx1x1|
|.xxx1xxxxx|
|x.xx1xx111|
|xxxxxxxxxx|
|1x1xxx1xxx|
|xx1x.x1x.x|
|xxxxxx1xxx|
|xxx1xx1xx1|
|11xxxxxxxx|
------------
Player 2 field:
His POV:

------------
|..XX......|
|..........|
|X......X1.|
|..1.......|
|..X...1X..|
|..1.......|
|X.....1X1X|
|..X.1.....|
|......1X1.|
|..........|
------------
Opponents POV:

------------
|.x11.x.x.x|
|....x.....|
|1x...x.1.x|
|...x......|
|.x1xxx.1.x|
|.........x|
|1x...x.1.1|
|..1.......|
|...xxx.1.x|
|xx..x....x|
------------
9, 51, -8, 2, 22, 42, -7, 13, 23, 33, 53, -6, 4, 14, 24, 44, 64, 84, -5, 5, 15, 35, 55, 75, -4, 6, 26, 46, 66, 86, -3, 17, 37, 57, 77, -2, 8, 28, 48, 68, 88]
queue [79, -10, 40, 60, 80, -9, 51, -8, 2, 22, 42, -7, 13, 23, 33, 53, -6, 4, 14, 24, 44, 64, 84, -5, 5, 15, 35, 55, 75, -4, 6, 26, 46, 66, 86, -3, 17, 37, 57, 77, -2, 8, 28, 48, 68, 88]
queue [-10, 40, 60, 80, -9, 51, -8, 2, 22, 42, -7, 13, 23, 33, 53, -6, 4, 14, 24, 44, 64, 84, -5, 5, 15, 35, 55, 75, -4, 6, 26, 46, 66, 86, -3, 17, 37, 57, 77, -2, 8, 28, 48, 68, 88]
queue [40, 60, 80, -9, 51, -8, 2, 22, 42, -7, 13, 23, 33, 53, -6, 4, 14, 24, 44, 64, 84, -5, 5, 15, 35, 55, 75, -4, 6, 26, 46, 66, 86, -3, 17, 37, 57, 77, -2, 8, 28, 48, 68, 88]
queue [60, 80, -9, 51, -8, 2, 22, 42, -7, 13, 23, 33, 53, -6, 4, 14, 24, 44, 64, 84, -5, 5, 15, 35, 55, 75, -4, 6, 26, 46, 66, 86, -3, 17, 37, 57, 77, -2, 8, 28, 48, 68, 88]
SHIP
KILL
queue [80, -9, -8, 2, 22, 42, -7, 13, 23, 33, 53, -6, 4, 14, 24, 44, 64, 84, -5, 5, 15, 35, 55, 75, -4, 6, 26, 46, 66, 86, -3, 17, 37, 57, 77, -2, 8, 28, 48, 68, 88]
queue [-9, -8, 2, 22, 42, -7, 13, 23, 33, 53, -6, 4, 14, 24, 44, 64, 84, -5, 5, 15, 35, 55, 75, -4, 6, 26, 46, 66, 86, -3, 17, 37, 57, 77, -2, 8, 28, 48, 68, 88]
queue [-8, 2, 22, 42, -7, 13, 23, 33, 53, -6, 4, 14, 24, 44, 64, 84, -5, 5, 15, 35, 55, 75, -4, 6, 26, 46, 66, 86, -3, 17, 37, 57, 77, -2, 8, 28, 48, 68, 88]
queue [2, 22, 42, -7, 13, 23, 33, 53, -6, 4, 14, 24, 44, 64, 84, -5, 5, 15, 35, 55, 75, -4, 6, 26, 46, 66, 86, -3, 17, 37, 57, 77, -2, 8, 28, 48, 68, 88]
SHIP
KILL
queue [22, 42, 23, 33, 53, -6, 4, 14, 24, 44, 64, 84, -5, 5, 15, 35, 55, 75, -4, 6, 26, 46, 66, 86, -3, 17, 37, 57, 77, -2, 8, 28, 48, 68, 88]
queue [42, 23, 33, 53, -6, 4, 14, 24, 44, 64, 84, -5, 5, 15, 35, 55, 75, -4, 6, 26, 46, 66, 86, -3, 17, 37, 57, 77, -2, 8, 28, 48, 68, 88]
SHIP
queue [42, 23, 33, 53, -6, 4, 14, 24, 44, 64, 84, -5, 5, 15, 35, 55, 75, -4, 6, 26, 46, 66, 86, -3, 17, 37, 57, 77, -2, 8, 28, 48, 68, 88]
queue [33, 53, -6, 4, 14, 24, 44, 64, 84, -5, 5, 15, 35, 55, 75, -4, 6, 26, 46, 66, 86, -3, 17, 37, 57, 77, -2, 8, 28, 48, 68, 88]
queue [53, -6, 4, 14, 24, 44, 64, 84, -5, 5, 15, 35, 55, 75, -4, 6, 26, 46, 66, 86, -3, 17, 37, 57, 77, -2, 8, 28, 48, 68, 88]
queue [-6, 4, 14, 24, 44, 64, 84, -5, 5, 15, 35, 55, 75, -4, 6, 26, 46, 66, 86, -3, 17, 37, 57, 77, -2, 8, 28, 48, 68, 88]
queue [4, 14, 24, 44, 64, 84, -5, 5, 15, 35, 55, 75, -4, 6, 26, 46, 66, 86, -3, 17, 37, 57, 77, -2, 8, 28, 48, 68, 88]
queue [14, 24, 44, 64, 84, -5, 5, 15, 35, 55, 75, -4, 6, 26, 46, 66, 86, -3, 17, 37, 57, 77, -2, 8, 28, 48, 68, 88]
queue [24, 44, 64, 84, -5, 5, 15, 35, 55, 75, -4, 6, 26, 46, 66, 86, -3, 17, 37, 57, 77, -2, 8, 28, 48, 68, 88]
queue [44, 64, 84, -5, 5, 15, 35, 55, 75, -4, 6, 26, 46, 66, 86, -3, 17, 37, 57, 77, -2, 8, 28, 48, 68, 88]
queue [64, 84, -5, 5, 15, 35, 55, 75, -4, 6, 26, 46, 66, 86, -3, 17, 37, 57, 77, -2, 8, 28, 48, 68, 88]
queue [84, -5, 5, 15, 35, 55, 75, -4, 6, 26, 46, 66, 86, -3, 17, 37, 57, 77, -2, 8, 28, 48, 68, 88]
queue [-5, 5, 15, 35, 55, 75, -4, 6, 26, 46, 66, 86, -3, 17, 37, 57, 77, -2, 8, 28, 48, 68, 88]
queue [5, 15, 35, 55, 75, -4, 6, 26, 46, 66, 86, -3, 17, 37, 57, 77, -2, 8, 28, 48, 68, 88]
