Player 1 field:

------------
|1.........|
|1.....1111|
|....1.....|
|1...1.....|
|....1.....|
|..1.....1.|
|......1.1.|
|1.1...1...|
|..1...1...|
|....1.....|
------------
Player 2 field:

------------
|.....1....|
|.111......|
|......11..|
|..........|
|......1111|
|111.1.....|
|.........1|
|...1.1....|
|.....1....|
|.11.......|
------------

------------
|1.........|
|1.....1111|
|....1.....|
|1...1.....|
|....1.....|
|..1.....1.|
|......1.1.|
|1.1...1...|
|..1...1...|
|....1.....|
------------

------------
|1.........|
|1.....1111|
|....1.....|
|1...1.....|
|....1.....|
|..1.....1.|
|......1.1.|
|1.1...1...|
|..1...1...|
|....1.....|
------------
Player 1: MOVE 2-3
Player 2: MISS
Player 2: MOVE 10-3
Player 1: MISS

------------
|1.........|
|1.....1111|
|....1.....|
|1...1.....|
|....1.....|
|..1.....1.|
|......1.1.|
|1.1...1...|
|..1...1...|
|....1.....|
------------

------------
|1.........|
|1.....1111|
|....1.....|
|1...1.....|
|....1.....|
|..1.....1.|
|......1.1.|
|1.1...1...|
|..1...1...|
|....1.....|
------------
Player 1: MOVE 4-1
Player 2: MISS
Player 2: MOVE 8-10
Player 1: MISS

------------
|1.........|
|1.....1111|
|....1.....|
|1...1.....|
|....1.....|
|..1.....1.|
|......1.1.|
|1.1...1...|
|..1...1...|
|....1.....|
------------

------------
|1.........|
|1.....1111|
|....1.....|
|1...1.....|
|....1.....|
|..1.....1.|
|......1.1.|
|1.1...1...|
|..1...1...|
|....1.....|
------------
Player 1: MOVE 2-7
Player 2: MISS
Player 2: MOVE 8-6
Player 1: MISS

------------
|1.........|
|1.....1111|
|....1.....|
|1...1.....|
|....1.....|
|..1.....1.|
|......1.1.|
|1.1...1...|
|..1...1...|
|....1.....|
------------

------------
|1.........|
|1.....1111|
|....1.....|
|1...1.....|
|....1.....|
|..1.....1.|
|......1.1.|
|1.1...1...|
|..1...1...|
|....1.....|
------------
Player 1: MOVE 4-5
Player 2: MISS
Player 2: MOVE 6-7
Player 1: MISS

------------
|1.........|
|1.....1111|
|....1.....|
|1...1.....|
|....1.....|
|..1.....1.|
|......1.1.|
|1.1...1...|
|..1...1...|
|....1.....|
------------

------------
|1.........|
|1.....1111|
|....1.....|
|1...1.....|
|....1.....|
|..1.....1.|
|......1.1.|
|1.1...1...|
|..1...1...|
|....1.....|
------------
10
queue [30, 21, 12, 3, 70, 61, 52, 43, 34, 25, 16, 7, 92, 83, 74, 65, 56, 47, 38, 29, 96, 87, 78, 69, 10, 1, 50, 41, 32, 41, 50, 90, 81, 72, 63, 54, 45, 36, 27, 18, 9, 94, 85, 76, 67, 58, 49, 98, 89, 0, 20, 11, -11, -1, 9, 19, 29, 39, 49, 59, 69, 79, -10, 40, 60, 80, -9, 31, 51, 71, -8, 2, 22, 42, 62, 82, -7, 13, 23, 33, 53, 73, -6, 4, 14, 24, 44, 64, 84, -5, 5, 15, 35, 55, 75, -4, 6, 26, 46, 66, 86, -3, 17, 37, 57, 77, -2, 8, 28, 48, 68, 88]
queue [21, 12, 3, 70, 61, 52, 43, 34, 25, 16, 7, 92, 83, 74, 65, 56, 47, 38, 29, 96, 87, 78, 69, 10, 1, 50, 41, 32, 41, 50, 90, 81, 72, 63, 54, 45, 36, 27, 18, 9, 94, 85, 76, 67, 58, 49, 98, 89, 0, 20, 11, -11, -1, 9, 19, 29, 39, 49, 59, 69, 79, -10, 40, 60, 80, -9, 31, 51, 71, -8, 2, 22, 42, 62, 82, -7, 13, 23, 33, 53, 73, -6, 4, 14, 24, 44, 64, 84, -5, 5, 15, 35, 55, 75, -4, 6, 26, 46, 66, 86, -3, 17, 37, 57, 77, -2, 8, 28, 48, 68, 88]
queue [12, 3, 70, 61, 52, 43, 34, 25, 16, 7, 92, 83, 74, 65, 56, 47, 38, 29, 96, 87, 78, 69, 10, 1, 50, 41, 32, 41, 50, 90, 81, 72, 63, 54, 45, 36, 27, 18, 9, 94, 85, 76, 67, 58, 49, 98, 89, 0, 20, 11, -11, -1, 9, 19, 29, 39, 49, 59, 69, 79, -10, 40, 60, 80, -9, 31, 51, 71, -8, 2, 22, 42, 62, 82, -7, 13, 23, 33, 53, 73, -6, 4, 14, 24, 44, 64, 84, -5, 5, 15, 35, 55, 75, -4, 6, 26, 46, 66, 86, -3, 17, 37, 57, 77, -2, 8, 28, 48, 68, 88]
queue [3, 70, 61, 52, 43, 34, 25, 16, 7, 92, 83, 74, 65, 56, 47, 38, 29, 96, 87, 78, 69, 10, 1, 50, 41, 32, 41, 50, 90, 81, 72, 63, 54, 45, 36, 27, 18, 9, 94, 85, 76, 67, 58, 49, 98, 89, 0, 20, 11, -11, -1, 9, 19, 29, 39, 49, 59, 69, 79, -10, 40, 60, 80, -9, 31, 51, 71, -8, 2, 22, 42, 62, 82, -7, 13, 23, 33, 53, 73, -6, 4, 14, 24, 44, 64, 84, -5, 5, 15, 35, 55, 75, -4, 6, 26, 46, 66, 86, -3, 17, 37, 57, 77, -2, 8, 28, 48, 68, 88]
queue [70, 61, 52, 43, 34, 25, 16, 7, 92, 83, 74, 65, 56, 47, 38, 29, 96, 87, 78, 69, 10, 1, 50, 41, 32, 41, 50, 90, 81, 72, 63, 54, 45, 36, 27, 18, 9, 94, 85, 76, 67, 58, 49, 98, 89, 0, 20, 11, -11, -1, 9, 19, 29, 39, 49, 59, 69, 79, -10, 40, 60, 80, -9, 31, 51, 71, -8, 2, 22, 42, 62, 82, -7, 13, 23, 33, 53, 73, -6, 4, 14, 24, 44, 64, 84, -5, 5, 15, 35, 55, 75, -4, 6, 26, 46, 66, 86, -3, 17, 37, 57, 77, -2, 8, 28, 48, 68, 88]
queue [61, 52, 43, 34, 25, 16, 7, 92, 83, 74, 65, 56, 47, 38, 29, 96, 87, 78, 69, 10, 1, 50, 41, 32, 41, 50, 90, 81, 72, 63, 54, 45, 36, 27, 18, 9, 94, 85, 76, 67, 58, 49, 98, 89, 0, 20, 11, -11, -1, 9, 19, 29, 39, 49, 59, 69, 79, -10, 40, 60, 80, -9, 31, 51, 71, -8, 2, 22, 42, 62, 82, -7, 13, 23, 33, 53, 73, -6, 4, 14, 24, 44, 64, 84, -5, 5, 15, 35, 55, 75, -4, 6, 26, 46, 66, 86, -3, 17, 37, 57, 77, -2, 8, 28, 48, 68, 88]
queue [52, 43, 34, 25, 16, 7, 92, 83, 74, 65, 56, 47, 38, 29, 96, 87, 78, 69, 10, 1, 50, 41, 32, 41, 50, 90, 81, 72, 63, 54, 45, 36, 27, 18, 9, 94, 85, 76, 67, 58, 49, 98, 89, 0, 20, 11, -11, -1, 9, 19, 29, 39, 49, 59, 69, 79, -10, 40, 60, 80, -9, 31, 51, 71, -8, 2, 22, 42, 62, 82, -7, 13, 23, 33, 53, 73, -6, 4, 14, 24, 44, 64, 84, -5, 5, 15, 35, 55, 75, -4, 6, 26, 46, 66, 86, -3, 17, 37, 57, 77, -2, 8, 28, 48, 68, 88]
queue [43, 34, 25, 16, 7, 92, 83, 74, 65, 56, 47, 38, 29, 96, 87, 78, 69, 10, 1, 50, 41, 32, 41, 50, 90, 81, 72, 63, 54, 45, 36, 27, 18, 9, 94, 85, 76, 67, 58, 49, 98, 89, 0, 20, 11, -11, -1, 9, 19, 29, 39, 49, 59, 69, 79, -10, 40, 60, 80, -9, 31, 51, 71, -8, 2, 22, 42, 62, 82, -7, 13, 23, 33, 53, 73, -6, 4, 14, 24, 44, 64, 84, -5, 5, 15, 35, 55, 75, -4, 6, 26, 46, 66, 86, -3, 17, 37, 57, 77, -2, 8, 28, 48, 68, 88]
queue [34, 25, 16, 7, 92, 83, 74, 65, 56, 47, 38, 29, 96, 87, 78, 69, 10, 1, 50, 41, 32, 41, 50, 90, 81, 72, 63, 54, 45, 36, 27, 18, 9, 94, 85, 76, 67, 58, 49, 98, 89, 0, 20, 11, -11, -1, 9, 19, 29, 39, 49, 59, 69, 79, -10, 40, 60, 80, -9, 31, 51, 71, -8, 2, 22, 42, 62, 82, -7, 13, 23, 33, 53, 73, -6, 4, 14, 24, 44, 64, 84, -5, 5, 15, 35, 55, 75, -4, 6, 26, 46, 66, 86, -3, 17, 37, 57, 77, -2, 8, 28, 48, 68, 88]
queue [25, 16, 7, 92, 83, 74, 65, 56, 47, 38, 29, 96, 87, 78, 69, 10, 1, 50, 41, 32, 41, 50, 90, 81, 72, 63, 54, 45, 36, 27, 18, 9, 94, 85, 76, 67, 58, 49, 98, 89, 0, 20, 11, -11, -1, 9, 19, 29, 39, 49, 59, 69, 79, -10Player 1: MOVE 6-3
Player 2: MISS
Player 2: MOVE 8-2
Player 1: HIT
Player 2: MOVE 8-3
Player 1: MISS

------------
|1.........|
|1.....1X11|
|....1.....|
|1...1.....|
|....1.....|
|..1.....1.|
|......1.1.|
|1.1...1...|
|..1...1...|
|....1.....|
------------

------------
|1.........|
|1.....1X11|
|....1.....|
|1...1.....|
|....1.....|
|..1.....1.|
|......1.1.|
|1.1...1...|
|..1...1...|
|....1.....|
------------
Player 1: MOVE 8-1
Player 2: MISS
Player 2: MOVE 9-2
Player 1: HIT
, 40, 60, 80, -9, 31, 51, 71, -8, 2, 22, 42, 62, 82, -7, 13, 23, 33, 53, 73, -6, 4, 14, 24, 44, 64, 84, -5, 5, 15, 35, 55, 75, -4, 6, 26, 46, 66, 86, -3, 17, 37, 57, 77, -2, 8, 28, 48, 68, 88]
[Point(x=9, y=2), Point(x=7, y=2), Point(x=8, y=3), Point(x=8, y=1)]
[Point(x=9, y=2), Point(x=7, y=2), Point(x=8, y=3)]
queue [16, 7, 92, 83, 74, 65, 56, 47, 38, 29, 96, 87, 78, 69, 10, 1, 50, 41, 32, 41, 50, 90, 81, 72, 63, 54, 45, 36, 27, 18, 9, 94, 85, 76, 67, 58, 49, 98, 89, 0, 20, 11, -11, -1, 9, 19, 29, 39, 49, 59, 69, 79, -10, 40, 60, 80, -9, 31, 51, 71, -8, 2, 22, 42, 62, 82, -7, 13, 23, 33, 53, 73, -6, 4, 14, 24, 44, 64, 84, -5, 5, 15, 35, 55, 75, -4, 6, 26, 46, 66, 86, -3, 17, 37, 57, 77, -2, 8, 28, 48, 68, 88]
queue [7, 92, 83, 74, 65, 56, 47, 38, 29, 96, 87, 78, 69, 10, 1, 50, 41, 32, 41, 50, 90, 81, 72, 63, 54, 45, 36, 27, 18, 9, 94, 85, 76, 67, 58, 49, 98, 89, 0, 20, 11, -11, -1, 9, 19, 29, 39, 49, 59, 69, 79, -10, 40, 60, 80, -9, 31, 51, 71, -8, 2, 22, 42, 62, 82, -7, 13, 23, 33, 53, 73, -6, 4, 14, 24, 44, 64, 84, -5, 5, 15, 35, 55, 75, -4, 6, 26, 46, 66, 86, -3, 17, 37, 57, 77, -2, 8, 28, 48, 68, 88]
[Point(x=9, y=2), Point(x=7, y=2)]
[Point(x=9, y=2)]
[]
Traceback (most recent call last):
  File "simulate.py", line 42, in <module>
    coords = active.convert_to_position(prepare_text_coords(active.do_shot()))
  File "/home/mkamalova/pycon2018/skorniakov_game.py", line 319, in do_shot
    point_to_shoot = self.strategy.get_shoot_point()
  File "/home/mkamalova/pycon2018/seabattle/strategy.py", line 69, in get_shoot_point
    return self.shoot_field.pop()
IndexError: pop from empty list
