Player 1 field:

------------
|.1..11.1..|
|..........|
|.11..111..|
|..........|
|..........|
|.1..1.....|
|.1..1..1.1|
|.1..1....1|
|....1..1..|
|..........|
------------
Player 2 field:

------------
|1.........|
|1.1.1.....|
|1...1.....|
|....1.111.|
|1...1.....|
|1.........|
|..........|
|..1..11..1|
|1.1.......|
|........1.|
------------

------------
|.1..11.1..|
|..........|
|.11..111..|
|..........|
|..........|
|.1..1.....|
|.1..1..1.1|
|.1..1....1|
|....1..1..|
|..........|
------------

------------
|.1..11.1..|
|..........|
|.11..111..|
|..........|
|..........|
|.1..1.....|
|.1..1..1.1|
|.1..1....1|
|....1..1..|
|..........|
------------
Player 1: MOVE 2-3
Player 2: MISS
Player 2: MOVE 7-6
Player 1: MISS

------------
|.1..11.1..|
|..........|
|.11..111..|
|..........|
|..........|
|.1..1.....|
|.1..1..1.1|
|.1..1....1|
|....1..1..|
|..........|
------------

------------
|.1..11.1..|
|..........|
|.11..111..|
|..........|
|..........|
|.1..1.....|
|.1..1..1.1|
|.1..1....1|
|....1..1..|
|..........|
------------
Player 1: MOVE 4-1
Player 2: MISS
Player 2: MOVE 8-1
Player 1: KILL
Player 2: MOVE 4-9
Player 1: MISS

------------
|.1..11.X..|
|..........|
|.11..111..|
|..........|
|..........|
|.1..1.....|
|.1..1..1.1|
|.1..1....1|
|....1..1..|
|..........|
------------

------------
|.1..11.X..|
|..........|
|.11..111..|
|..........|
|..........|
|.1..1.....|
|.1..1..1.1|
|.1..1....1|
|....1..1..|
|..........|
------------
Player 1: MOVE 2-7
Player 2: MISS
Player 2: MOVE 9-8
Player 1: MISS

------------
|.1..11.X..|
|..........|
|.11..111..|
|..........|
|..........|
|.1..1.....|
|.1..1..1.1|
|.1..1....1|
|....1..1..|
|..........|
------------

------------
|.1..11.X..|
|..........|
|.11..111..|
|..........|
|..........|
|.1..1.....|
|.1..1..1.1|
|.1..1....1|
|....1..1..|
|..........|
------------
Player 1: MOVE 4-5
Player 2: MISS
Player 2: MOVE 10-7
Player 1: HIT
Player 2: MOVE 10-8
Player 1: KILL
Player 2: MOVE 6-7
Player 1: MISS

------------
|.1..11.X..|
|..........|
|.11..111..|
|..........|
|..........|
|.1..1.....|
|.1..1..1.X|
|.1..1....X|
|....1..1..|
|..........|
------------

------------
|.1..11.X..|
|..........|
|.11..111..|
|..........|
|..........|
|.1..1.....|
|.1..1..1.X|
|.1..1....X|
|....1..1..|
|..........|
------------
10
queue [30, 21, 12, 3, 70, 61, 52, 43, 34, 25, 16, 7, 92, 83, 74, 65, 56, 47, 38, 29, 96, 87, 78, 69, 10, 1, 50, 41, 32, 41, 50, 90, 81, 72, 63, 54, 45, 36, 27, 18, 9, 94, 85, 76, 67, 58, 49, 98, 89, 0, 20, 11, -11, -1, 9, 19, 29, 39, 49, 59, 69, 79, -10, 40, 60, 80, -9, 31, 51, 71, -8, 2, 22, 42, 62, 82, -7, 13, 23, 33, 53, 73, -6, 4, 14, 24, 44, 64, 84, -5, 5, 15, 35, 55, 75, -4, 6, 26, 46, 66, 86, -3, 17, 37, 57, 77, -2, 8, 28, 48, 68, 88]
queue [21, 12, 3, 70, 61, 52, 43, 34, 25, 16, 7, 92, 83, 74, 65, 56, 47, 38, 29, 96, 87, 78, 69, 10, 1, 50, 41, 32, 41, 50, 90, 81, 72, 63, 54, 45, 36, 27, 18, 9, 94, 85, 76, 67, 58, 49, 98, 89, 0, 20, 11, -11, -1, 9, 19, 29, 39, 49, 59, 69, 79, -10, 40, 60, 80, -9, 31, 51, 71, -8, 2, 22, 42, 62, 82, -7, 13, 23, 33, 53, 73, -6, 4, 14, 24, 44, 64, 84, -5, 5, 15, 35, 55, 75, -4, 6, 26, 46, 66, 86, -3, 17, 37, 57, 77, -2, 8, 28, 48, 68, 88]
queue [12, 3, 70, 61, 52, 43, 34, 25, 16, 7, 92, 83, 74, 65, 56, 47, 38, 29, 96, 87, 78, 69, 10, 1, 50, 41, 32, 41, 50, 90, 81, 72, 63, 54, 45, 36, 27, 18, 9, 94, 85, 76, 67, 58, 49, 98, 89, 0, 20, 11, -11, -1, 9, 19, 29, 39, 49, 59, 69, 79, -10, 40, 60, 80, -9, 31, 51, 71, -8, 2, 22, 42, 62, 82, -7, 13, 23, 33, 53, 73, -6, 4, 14, 24, 44, 64, 84, -5, 5, 15, 35, 55, 75, -4, 6, 26, 46, 66, 86, -3, 17, 37, 57, 77, -2, 8, 28, 48, 68, 88]
queue [3, 70, 61, 52, 43, 34, 25, 16, 7, 92, 83, 74, 65, 56, 47, 38, 29, 96, 87, 78, 69, 10, 1, 50, 41, 32, 41, 50, 90, 81, 72, 63, 54, 45, 36, 27, 18, 9, 94, 85, 76, 67, 58, 49, 98, 89, 0, 20, 11, -11, -1, 9, 19, 29, 39, 49, 59, 69, 79, -10, 40, 60, 80, -9, 31, 51, 71, -8, 2, 22, 42, 62, 82, -7, 13, 23, 33, 53, 73, -6, 4, 14, 24, 44, 64, 84, -5, 5, 15, 35, 55, 75, -4, 6, 26, 46, 66, 86, -3, 17, 37, 57, 77, -2, 8, 28, 48, 68, 88]
queue [70, 61, 52, 43, 34, 25, 16, 7, 92, 83, 74, 65, 56, 47, 38, 29, 96, 87, 78, 69, 10, 1, 50, 41, 32, 41, 50, 90, 81, 72, 63, 54, 45, 36, 27, 18, 9, 94, 85, 76, 67, 58, 49, 98, 89, 0, 20, 11, -11, -1, 9, 19, 29, 39, 49, 59, 69, 79, -10, 40, 60, 80, -9, 31, 51, 71, -8, 2, 22, 42, 62, 82, -7, 13, 23, 33, 53, 73, -6, 4, 14, 24, 44, 64, 84, -5, 5, 15, 35, 55, 75, -4, 6, 26, 46, 66, 86, -3, 17, 37, 57, 77, -2, 8, 28, 48, 68, 88]
queue [61, 52, 43, 34, 25, 16, 7, 92, 83, 74, 65, 56, 47, 38, 29, 96, 87, 78, 69, 10, 1, 50, 41, 32, 41, 50, 90, 81, 72, 63, 54, 45, 36, 27, 18, 9, 94, 85, 76, 67, 58, 49, 98, 89, 0, 20, 11, -11, -1, 9, 19, 29, 39, 49, 59, 69, 79, -10, 40, 60, 80, -9, 31, 51, 71, -8, 2, 22, 42, 62, 82, -7, 13, 23, 33, 53, 73, -6, 4, 14, 24, 44, 64, 84, -5, 5, 15, 35, 55, 75, -4, 6, 26, 46, 66, 86, -3, 17, 37, 57, 77, -2, 8, 28, 48, 68, 88]
queue [52, 43, 34, 25, 16, 7, 92, 83, 74, 65, 56, 47, 38, 29, 96, 87, 78, 69, 10, 1, 50, 41, 32, 41, 50, 90, 81, 72, 63, 54, 45, 36, 27, 18, 9, 94, 85, 76, 67, 58, 49, 98, 89, 0, 20, 11, -11, -1, 9, 19, 29, 39, 49, 59, 69, 79, -10, 40, 60, 80, -9, 31, 51, 71, -8, 2, 22, 42, 62, 82, -7, 13, 23, 33, 53, 73, -6, 4, 14, 24, 44, 64, 84, -5, 5, 15, 35, 55, 75, -4, 6, 26, 46, 66, 86, -3, 17, 37, 57, 77, -2, 8, 28, 48, 68, 88]
queue [43, 34, 25, 16, 7, 92, 83, 74, 65, 56, 47, 38, 29, 96, 87, 78, 69, 10, 1, 50, 41, 32, 41, 50, 90, 81, 72, 63, 54, 45, 36, 27, 18, 9, 94, 85, 76, 67, 58, 49, 98, 89, 0, 20, 11, -11, -1, 9, 19, 29, 39, 49, 59, 69, 79, -10, 40, 60, 80, -9, 31, 51, 71, -8, 2, 22, 42, 62, 82, -7, 13, 23, 33, 53, 73, -6, 4, 14, 24, 44, 64, 84, -5, 5, 15, 35, 55, 75, -4, 6, 26, 46, 66, 86, -3, 17, 37, 57, 77, -2, 8, 28, 48, 68, 88]
queue [34, 25, 16, 7, 92, 83, 74, 65, 56, 47, 38, 29, 96, 87, 78, 69, 10, 1, 50, 41, 32, 41, 50, 90, 81, 72, 63, 54, 45, 36, 27, 18, 9, 94, 85, 76, 67, 58, 49, 98, 89, 0, 20, 11, -11, -1, 9, 19, 29, 39, 49, 59, 69, 79, -10, 40, 60, 80, -9, 31, 51, 71, -8, 2, 22, 42, 62, 82, -7, 13, 23, 33, 53, 73, -6, 4, 14, 24, 44, 64, 84, -5, 5, 15, 35, 55, 75, -4, 6, 26, 46, 66, 86, -3, 17, 37, 57, 77, -2, 8, 28, 48, 68, 88]
queue [25, 16, 7, 92, 83, 74, 65, 56, 47, 38, 29, 96, 87, 78, 69, 10, 1, 50, 41, 32, 41, 50, 90, 81, 72, 63, 54, 45, 36, 27, 18, 9, 94, 85, 76, 67, 58, 49, 98, 89, 0, 20, 11, -11, -1, 9, 19, 29, 39, 49, 59, 69, 79, -10Player 1: MOVE 6-3
Player 2: MISS
Player 2: MOVE 4-5
Player 1: MISS

------------
|.1..11.X..|
|..........|
|.11..111..|
|..........|
|..........|
|.1..1.....|
|.1..1..1.X|
|.1..1....X|
|....1..1..|
|..........|
------------

------------
|.1..11.X..|
|..........|
|.11..111..|
|..........|
|..........|
|.1..1.....|
|.1..1..1.X|
|.1..1....X|
|....1..1..|
|..........|
------------
Player 1: MOVE 8-1
Player 2: MISS
Player 2: MOVE 7-10
Player 1: MISS

------------
|.1..11.X..|
|..........|
|.11..111..|
|..........|
|..........|
|.1..1.....|
|.1..1..1.X|
|.1..1....X|
|....1..1..|
|..........|
------------

------------
|.1..11.X..|
|..........|
|.11..111..|
|..........|
|..........|
|.1..1.....|
|.1..1..1.X|
|.1..1....X|
|....1..1..|
|..........|
------------
Player 1: MOVE 4-9
Player 2: MISS
Player 2: MOVE 3-10
Player 1: MISS

------------
|.1..11.X..|
|..........|
|.11..111..|
|..........|
|..........|
|.1..1.....|
|.1..1..1.X|
|.1..1....X|
|....1..1..|
|..........|
------------

------------
|.1..11.X..|
|..........|
|.11..111..|
|..........|
|..........|
|.1..1.....|
|.1..1..1.X|
|.1..1....X|
|....1..1..|
|..........|
------------
Player 1: MOVE 6-7
Player 2: MISS
Player 2: MOVE 9-4
Player 1: MISS

------------
|.1..11.X..|
|..........|
|.11..111..|
|..........|
|..........|
|.1..1.....|
|.1..1..1.X|
|.1..1....X|
|....1..1..|
|..........|
------------

------------
|.1..11.X..|
|..........|
|.11..111..|
|..........|
|..........|
|.1..1.....|
|.1..1..1.X|
|.1..1....X|
|....1..1..|
|..........|
------------
Player 1: MOVE 8-5
Player 2: MISS
Player 2: MOVE 8-5
Player 1: MISS

------------
|.1..11.X..|
|..........|
|.11..111..|
|..........|
|..........|
|.1..1.....|
|.1..1..1.X|
|.1..1....X|
|....1..1..|
|..........|
------------

------------
|.1..11.X..|
|..........|
|.11..111..|
|..........|
|..........|
|.1..1.....|
|.1..1..1.X|
|.1..1....X|
|....1..1..|
|..........|
------------
Player 1: MOVE 10-3
Player 2: MISS
Player 2: MOVE 5-4
Player 1: MISS

------------
|.1..11.X..|
|..........|
|.11..111..|
|..........|
|..........|
|.1..1.....|
|.1..1..1.X|
|.1..1....X|
|....1..1..|
|..........|
------------
, 40, 60, 80, -9, 31, 51, 71, -8, 2, 22, 42, 62, 82, -7, 13, 23, 33, 53, 73, -6, 4, 14, 24, 44, 64, 84, -5, 5, 15, 35, 55, 75, -4, 6, 26, 46, 66, 86, -3, 17, 37, 57, 77, -2, 8, 28, 48, 68, 88]
queue [16, 7, 92, 83, 74, 65, 56, 47, 38, 29, 96, 87, 78, 69, 10, 1, 50, 41, 32, 41, 50, 90, 81, 72, 63, 54, 45, 36, 27, 18, 9, 94, 85, 76, 67, 58, 49, 98, 89, 0, 20, 11, -11, -1, 9, 19, 29, 39, 49, 59, 69, 79, -10, 40, 60, 80, -9, 31, 51, 71, -8, 2, 22, 42, 62, 82, -7, 13, 23, 33, 53, 73, -6, 4, 14, 24, 44, 64, 84, -5, 5, 15, 35, 55, 75, -4, 6, 26, 46, 66, 86, -3, 17, 37, 57, 77, -2, 8, 28, 48, 68, 88]
queue [7, 92, 83, 74, 65, 56, 47, 38, 29, 96, 87, 78, 69, 10, 1, 50, 41, 32, 41, 50, 90, 81, 72, 63, 54, 45, 36, 27, 18, 9, 94, 85, 76, 67, 58, 49, 98, 89, 0, 20, 11, -11, -1, 9, 19, 29, 39, 49, 59, 69, 79, -10, 40, 60, 80, -9, 31, 51, 71, -8, 2, 22, 42, 62, 82, -7, 13, 23, 33, 53, 73, -6, 4, 14, 24, 44, 64, 84, -5, 5, 15, 35, 55, 75, -4, 6, 26, 46, 66, 86, -3, 17, 37, 57, 77, -2, 8, 28, 48, 68, 88]
queue [92, 83, 74, 65, 56, 47, 38, 29, 96, 87, 78, 69, 10, 1, 50, 41, 32, 41, 50, 90, 81, 72, 63, 54, 45, 36, 27, 18, 9, 94, 85, 76, 67, 58, 49, 98, 89, 0, 20, 11, -11, -1, 9, 19, 29, 39, 49, 59, 69, 79, -10, 40, 60, 80, -9, 31, 51, 71, -8, 2, 22, 42, 62, 82, -7, 13, 23, 33, 53, 73, -6, 4, 14, 24, 44, 64, 84, -5, 5, 15, 35, 55, 75, -4, 6, 26, 46, 66, 86, -3, 17, 37, 57, 77, -2, 8, 28, 48, 68, 88]
queue [83, 74, 65, 56, 47, 38, 29, 96, 87, 78, 69, 10, 1, 50, 41, 32, 41, 50, 90, 81, 72, 63, 54, 45, 36, 27, 18, 9, 94, 85, 76, 67, 58, 49, 98, 89, 0, 20, 11, -11, -1, 9, 19, 29, 39, 49, 59, 69, 79, -10, 40, 60, 80, -9, 31, 51, 71, -8, 2, 22, 42, 62, 82, -7, 13, 23, 33, 53, 73, -6, 4, 14, 24, 44, 64, 84, -5, 5, 15, 35, 55, 75, -4, 6, 26, 46, 66, 86, -3, 17, 37, 57, 77, -2, 8, 28, 48, 68, 88]
queue [74, 65, 56, 47, 38, 29, 96, 87, 78, 69, 10, 1, 50, 41, 32, 41, 50, 90, 81, 72, 63, 54, 45, 36, 27, 18, 9, 94, 85, 76, 67, 58, 49, 98, 89, 0, 20, 11, -11, -1, 9, 19, 29, 39, 49, 59, 69, 79, -10, 40, 60, 80, -9, 31, 51, 71, -8, 2, 22, 42, 62, 82, -7, 13, 23, 33, 53, 73, -6, 4, 14, 24, 44, 64, 84, -5, 5, 15, 35, 55, 75, -4, 6, 26, 46, 66, 86, -3, 17, 37, 57, 77, -2, 8, 28, 48, 68, 88]
queue [65, 56, 47, 38, 29, 96, 87, 78, 69, 10, 1, 50, 41, 32, 41, 50, 90, 81, 72, 63, 54, 45, 36, 27, 18, 9, 94, 85, 76, 67, 58, 49, 98, 89, 0, 20, 11, -11, -1, 9, 19, 29, 39, 49, 59, 69, 79, -10, 40, 60, 80, -9, 31, 51, 71, -8, 2, 22, 42, 62, 82, -7, 13, 23, 33, 53, 73, -6, 4, 14, 24, 44, 64, 84, -5, 5, 15, 35, 55, 75, -4, 6, 26, 46, 66, 86, -3, 17, 37, 57, 77, -2, 8, 28, 48, 68, 88]
queue [56, 47, 38, 29, 96, 87, 78, 69, 10, 1, 50, 41, 32, 41, 50, 90, 81, 72, 63, 54, 45, 36, 27, 18, 9, 94, 85, 76, 67, 58, 49, 98, 89, 0, 20, 11, -11, -1, 9, 19, 29, 39, 49, 59, 69, 79, -10, 40, 60, 80, -9, 31, 51, 71, -8, 2, 22, 42, 62, 82, -7, 13, 23, 33, 53, 73, -6, 4, 14, 24, 44, 64, 84, -5, 5, 15, 35, 55, 75, -4, 6, 26, 46, 66, 86, -3, 17, 37, 57, 77, -2, 8, 28, 48, 68, 88]
queue [47, 38, 29, 96, 87, 78, 69, 10, 1, 50, 41, 32, 41, 50, 90, 81, 72, 63, 54, 45, 36, 27, 18, 9, 94, 85, 76, 67, 58, 49, 98, 89, 0, 20, 11, -11, -1, 9, 19, 29, 39, 49, 59, 69, 79, -10, 40, 60, 80, -9, 31, 51, 71, -8, 2, 22, 42, 62, 82, -7, 13, 23, 33, 53, 73, -6, 4, 14, 24, 44, 64, 84, -5, 5, 15, 35, 55, 75, -4, 6, 26, 46, 66, 86, -3, 17, 37, 57, 77, -2, 8, 28, 48, 68, 88]
queue [38, 29, 96, 87, 78, 69, 10, 1, 50, 41, 32, 41, 50, 90, 81, 72, 63, 54, 45, 36, 27, 18, 9, 94, 85, 76, 67, 58, 49, 98, 89, 0, 20, 11, -11, -1, 9, 19, 29, 39, 49, 59, 69, 79, -10, 40, 60, 80, -9, 31, 51, 71, -8, 2, 22, 42, 62, 82, -7, 13, 23, 33, 53, 73, -6, 4, 14, 24, 44, 64, 84, -5, 5, 15, 35, 55, 75, -4, 6, 26, 46, 66, 86, -3, 17, 37, 57, 77, -2, 8, 28, 48, 68, 88]
queue [29, 96, 87, 78, 69, 10, 1, 50, 41, 32, 41, 50, 90, 81, 72, 63, 54, 45, 36, 27, 18, 9, 94, 85, 76, 67, 58, 49, 98, 89, 0, 20, 11, -11, -1, 9, 19, 29, 39, 49, 59, 69, 79, -10, 40, 60, 80, -9, 31, 51, 71, -8, 2, 22, 42, 62, 82, -7, 13, 23, 33, 53, 73, -6, 4, 14, 24, 44, 64, 84, -5, 5, 15, 35, 55, 75, -4, 6, 26, 46, 66, 86, -3, 17, 37, 57, 77, -2, 8, 28, 48, 68, 88]
queue
------------
|.1..11.X..|
|..........|
|.11..111..|
|..........|
|..........|
|.1..1.....|
|.1..1..1.X|
|.1..1....X|
|....1..1..|
|..........|
------------
Player 1: MOVE 8-9
Player 2: MISS
Player 2: MOVE 2-3
Player 1: HIT
Player 2: MOVE 3-3
Player 1: KILL
Player 2: MOVE 10-3
Player 1: MISS

------------
|.1..11.X..|
|..........|
|.XX..111..|
|..........|
|..........|
|.1..1.....|
|.1..1..1.X|
|.1..1....X|
|....1..1..|
|..........|
------------

------------
|.1..11.X..|
|..........|
|.XX..111..|
|..........|
|..........|
|.1..1.....|
|.1..1..1.X|
|.1..1....X|
|....1..1..|
|..........|
------------
Player 1: MOVE 10-7
Player 2: MISS
Player 2: MOVE 6-3
Player 1: HIT
Player 2: MOVE 7-3
Player 1: HIT
Player 2: MOVE 8-3
Player 1: KILL
Player 2: MOVE 8-9
Player 1: KILL
Player 2: MOVE 5-8
Player 1: HIT
Player 2: MOVE 5-9
Player 1: HIT
Player 2: MOVE 5-10
Player 1: MISS

------------
|.1..11.X..|
|..........|
|.XX..XXX..|
|..........|
|..........|
|.1..1.....|
|.1..1..1.X|
|.1..X....X|
|....X..X..|
|..........|
------------

------------
|.1..11.X..|
|..........|
|.XX..XXX..|
|..........|
|..........|
|.1..1.....|
|.1..1..1.X|
|.1..X....X|
|....X..X..|
|..........|
------------
Player 1: MOVE 2-1
Player 2: MISS
Player 2: MOVE 5-7
Player 1: HIT
Player 2: MOVE 5-6
Player 1: KILL
Player 2: MOVE 3-6
Player 1: MISS

------------
|.1..11.X..|
|..........|
|.XX..XXX..|
|..........|
|..........|
|.1..X.....|
|.1..X..1.X|
|.1..X....X|
|....X..X..|
|..........|
------------

------------
|.1..11.X..|
|..........|
|.XX..XXX..|
|..........|
|..........|
|.1..X.....|
|.1..X..1.X|
|.1..X....X|
|....X..X..|
|..........|
------------
Player 1: MOVE 2-5
Player 2: MISS
Player 2: MOVE 4-1
Player 1: MISS

------------
|.1..11.X..|
|..........|
|.XX..XXX..|
|..........|
|..........|
|.1..X.....|
|.1..X..1.X|
|.1..X....X|
|....X..X..|
|..........|
------------

------------
|.1..11.X..|
|..........|
|.XX..XXX..|
|..........|
|..........|
|.1..X.....|
|.1..X..1.X|
|.1..X....X|
|....X..X..|
|..........|
------------
Player 1: MOVE 1-6
Player 2: HIT

------------
|.1..11.X..|
|..........|
|.XX..XXX..|
|..........|
|..........|
|.1..X.....|
|.1..X..1.X|
|.1..X....X|
|....X..X..|
|..........|
------------

------------
|.1..11.X..|
|..........|
|.XX..XXX..|
|..........|
|..........|
|.1..X.....|
|.1..X..1.X|
|.1..X....X|
|....X..X..|
|..........|
------------
 [96, 87, 78, 69, 10, 1, 50, 41, 32, 41, 50, 90, 81, 72, 63, 54, 45, 36, 27, 18, 9, 94, 85, 76, 67, 58, 49, 98, 89, 0, 20, 11, -11, -1, 9, 19, 29, 39, 49, 59, 69, 79, -10, 40, 60, 80, -9, 31, 51, 71, -8, 2, 22, 42, 62, 82, -7, 13, 23, 33, 53, 73, -6, 4, 14, 24, 44, 64, 84, -5, 5, 15, 35, 55, 75, -4, 6, 26, 46, 66, 86, -3, 17, 37, 57, 77, -2, 8, 28, 48, 68, 88]
queue [87, 78, 69, 10, 1, 50, 41, 32, 41, 50, 90, 81, 72, 63, 54, 45, 36, 27, 18, 9, 94, 85, 76, 67, 58, 49, 98, 89, 0, 20, 11, -11, -1, 9, 19, 29, 39, 49, 59, 69, 79, -10, 40, 60, 80, -9, 31, 51, 71, -8, 2, 22, 42, 62, 82, -7, 13, 23, 33, 53, 73, -6, 4, 14, 24, 44, 64, 84, -5, 5, 15, 35, 55, 75, -4, 6, 26, 46, 66, 86, -3, 17, 37, 57, 77, -2, 8, 28, 48, 68, 88]
queue [78, 69, 10, 1, 50, 41, 32, 41, 50, 90, 81, 72, 63, 54, 45, 36, 27, 18, 9, 94, 85, 76, 67, 58, 49, 98, 89, 0, 20, 11, -11, -1, 9, 19, 29, 39, 49, 59, 69, 79, -10, 40, 60, 80, -9, 31, 51, 71, -8, 2, 22, 42, 62, 82, -7, 13, 23, 33, 53, 73, -6, 4, 14, 24, 44, 64, 84, -5, 5, 15, 35, 55, 75, -4, 6, 26, 46, 66, 86, -3, 17, 37, 57, 77, -2, 8, 28, 48, 68, 88]
queue [69, 10, 1, 50, 41, 32, 41, 50, 90, 81, 72, 63, 54, 45, 36, 27, 18, 9, 94, 85, 76, 67, 58, 49, 98, 89, 0, 20, 11, -11, -1, 9, 19, 29, 39, 49, 59, 69, 79, -10, 40, 60, 80, -9, 31, 51, 71, -8, 2, 22, 42, 62, 82, -7, 13, 23, 33, 53, 73, -6, 4, 14, 24, 44, 64, 84, -5, 5, 15, 35, 55, 75, -4, 6, 26, 46, 66, 86, -3, 17, 37, 57, 77, -2, 8, 28, 48, 68, 88]
queue [10, 1, 50, 41, 32, 41, 50, 90, 81, 72, 63, 54, 45, 36, 27, 18, 9, 94, 85, 76, 67, 58, 49, 98, 89, 0, 20, 11, -11, -1, 9, 19, 29, 39, 49, 59, 69, 79, -10, 40, 60, 80, -9, 31, 51, 71, -8, 2, 22, 42, 62, 82, -7, 13, 23, 33, 53, 73, -6, 4, 14, 24, 44, 64, 84, -5, 5, 15, 35, 55, 75, -4, 6, 26, 46, 66, 86, -3, 17, 37, 57, 77, -2, 8, 28, 48, 68, 88]
queue [1, 50, 41, 32, 41, 50, 90, 81, 72, 63, 54, 45, 36, 27, 18, 9, 94, 85, 76, 67, 58, 49, 98, 89, 0, 20, 11, -11, -1, 9, 19, 29, 39, 49, 59, 69, 79, -10, 40, 60, 80, -9, 31, 51, 71, -8, 2, 22, 42, 62, 82, -7, 13, 23, 33, 53, 73, -6, 4, 14, 24, 44, 64, 84, -5, 5, 15, 35, 55, 75, -4, 6, 26, 46, 66, 86, -3, 17, 37, 57, 77, -2, 8, 28, 48, 68, 88]
queue [50, 41, 32, 41, 50, 90, 81, 72, 63, 54, 45, 36, 27, 18, 9, 94, 85, 76, 67, 58, 49, 98, 89, 0, 20, 11, -11, -1, 9, 19, 29, 39, 49, 59, 69, 79, -10, 40, 60, 80, -9, 31, 51, 71, -8, 2, 22, 42, 62, 82, -7, 13, 23, 33, 53, 73, -6, 4, 14, 24, 44, 64, 84, -5, 5, 15, 35, 55, 75, -4, 6, 26, 46, 66, 86, -3, 17, 37, 57, 77, -2, 8, 28, 48, 68, 88]
queue [41, 32, 41, 50, 90, 81, 72, 63, 54, 45, 36, 27, 18, 9, 94, 85, 76, 67, 58, 49, 98, 89, 0, 20, 11, -11, -1, 9, 19, 29, 39, 49, 59, 69, 79, -10, 40, 60, 80, -9, 31, 51, 71, -8, 2, 22, 42, 62, 82, -7, 13, 23, 33, 53, 73, -6, 4, 14, 24, 44, 64, 84, -5, 5, 15, 35, 55, 75, -4, 6, 26, 46, 66, 86, -3, 17, 37, 57, 77, -2, 8, 28, 48, 68, 88]
queue [32, 41, 50, 90, 81, 72, 63, 54, 45, 36, 27, 18, 9, 94, 85, 76, 67, 58, 49, 98, 89, 0, 20, 11, -11, -1, 9, 19, 29, 39, 49, 59, 69, 79, -10, 40, 60, 80, -9, 31, 51, 71, -8, 2, 22, 42, 62, 82, -7, 13, 23, 33, 53, 73, -6, 4, 14, 24, 44, 64, 84, -5, 5, 15, 35, 55, 75, -4, 6, 26, 46, 66, 86, -3, 17, 37, 57, 77, -2, 8, 28, 48, 68, 88]
queue [41, 50, 90, 81, 72, 63, 54, 45, 36, 27, 18, 9, 94, 85, 76, 67, 58, 49, 98, 89, 0, 20, 11, -11, -1, 9, 19, 29, 39, 49, 59, 69, 79, -10, 40, 60, 80, -9, 31, 51, 71, -8, 2, 22, 42, 62, 82, -7, 13, 23, 33, 53, 73, -6, 4, 14, 24, 44, 64, 84, -5, 5, 15, 35, 55, 75, -4, 6, 26, 46, 66, 86, -3, 17, 37, 57, 77, -2, 8, 28, 48, 68, 88]
SHIP
queue [50, 90, 81, 72, 63, 54, 45, 36, 27, 18, 9, 94, 85, 76, 67, 58, 49, 98, 89, 0, 20, 11, -11, -1, 19, 29, 39, 59, 69, 79, -10, 40, 60, 80, -9, 31, 51, 71, -8, 2, 22, 42, 62, 82, -7, 13, 23, 33, 53, 73, -6, 4, 14, 24, 44, 64, 84, -5, 5, 15, 35, 55, 75, -4, 6, 26, 46, 66, 86, -3, 17, 37, 57, 77, -2, 8, 28, 48, 68, 88]
queue [81, 72, 63, 54, 45, 36, 27, 18, 9, 94, 85, 76, 67, 58, 49, 98, 89, 0, 20, 11, -11, -1, 19, 29, 39, 59, 69, 79, -10, 40, 60, 80, -9, 31, 51, 71, -8, 2, 22, 42, 62, 82, -7, 13, 23, 33, 53, 73, -6, 4, 14, 24, 44, 64, 84, -5, 5, 15, 35, 55, 75, -4, 6, 26, 46, 66, 86,Player 1: MOVE 2-9
Player 2: MISS
Player 2: MOVE 2-7
Player 1: HIT
Player 2: MOVE 3-7
Player 1: MISS

------------
|.1..11.X..|
|..........|
|.XX..XXX..|
|..........|
|..........|
|.1..X.....|
|.X..X..1.X|
|.1..X....X|
|....X..X..|
|..........|
------------

------------
|.1..11.X..|
|..........|
|.XX..XXX..|
|..........|
|..........|
|.1..X.....|
|.X..X..1.X|
|.1..X....X|
|....X..X..|
|..........|
------------
Player 1: MOVE 4-7
Player 2: MISS
Player 2: MOVE 1-7
Player 1: MISS

------------
|.1..11.X..|
|..........|
|.XX..XXX..|
|..........|
|..........|
|.1..X.....|
|.X..X..1.X|
|.1..X....X|
|....X..X..|
|..........|
------------

------------
|.1..11.X..|
|..........|
|.XX..XXX..|
|..........|
|..........|
|.1..X.....|
|.X..X..1.X|
|.1..X....X|
|....X..X..|
|..........|
------------
Player 1: MOVE 6-5
Player 2: MISS
Player 2: MOVE 2-8
Player 1: HIT
Player 2: MOVE 2-9
Player 1: MISS

------------
|.1..11.X..|
|..........|
|.XX..XXX..|
|..........|
|..........|
|.1..X.....|
|.X..X..1.X|
|.X..X....X|
|....X..X..|
|..........|
------------

------------
|.1..11.X..|
|..........|
|.XX..XXX..|
|..........|
|..........|
|.1..X.....|
|.X..X..1.X|
|.X..X....X|
|....X..X..|
|..........|
------------
Player 1: MOVE 8-3
Player 2: MISS
Player 2: MOVE 2-6
Player 1: KILL
Player 2: MOVE 2-1
Player 1: KILL
Player 2: MOVE 1-10
Player 1: MISS

------------
|.X..11.X..|
|..........|
|.XX..XXX..|
|..........|
|..........|
|.X..X.....|
|.X..X..1.X|
|.X..X....X|
|....X..X..|
|..........|
------------

------------
|.X..11.X..|
|..........|
|.XX..XXX..|
|..........|
|..........|
|.X..X.....|
|.X..X..1.X|
|.X..X....X|
|....X..X..|
|..........|
------------
Player 1: MOVE 10-1
Player 2: MISS
Player 2: MOVE 10-1
Player 1: MISS

------------
|.X..11.X..|
|..........|
|.XX..XXX..|
|..........|
|..........|
|.X..X.....|
|.X..X..1.X|
|.X..X....X|
|....X..X..|
|..........|
------------

------------
|.X..11.X..|
|..........|
|.XX..XXX..|
|..........|
|..........|
|.X..X.....|
|.X..X..1.X|
|.X..X....X|
|....X..X..|
|..........|
------------
Player 1: MOVE 6-9
Player 2: MISS
Player 2: MOVE 10-5
Player 1: MISS

------------
|.X..11.X..|
|..........|
|.XX..XXX..|
|..........|
|..........|
|.X..X.....|
|.X..X..1.X|
|.X..X....X|
|....X..X..|
|..........|
------------

------------
|.X..11.X..|
|..........|
|.XX..XXX..|
|..........|
|..........|
|.X..X.....|
|.X..X..1.X|
|.X..X....X|
|....X..X..|
|..........|
------------
Player 1: MOVE 8-7
Player 2: MISS
Player 2: MOVE 8-7
Player 1: KILL
Player 2: MOVE 6-1
Player 1: HIT
Player 2: MOVE 5-1
Player 1: KILL
Player 1: DEFEAT
Player 2: VICTORY
==================================================
Player 1 field:
His POV:

------------
|.X..XX.X..|
|..........|
|.XX..XXX..|
|..........|
|..........|
|.X..X.....|
|.X..X..X.X|
|.X..X....X|
|....X..X..|
|..........|
------------
Opponents POV:

------------
|x1xx11x1xx|
|xxxxxxxxx.|
|x11xx111xx|
|xxxxxxxxx.|
|xxxxxx.x.x|
|x1xx1xxxxx|
|x1xx1xx1x1|
|x1xx1xxxx1|
|xxxx1xx1xx|
|x.xxxxxxx.|
------------
Player 2 field:
His POV:

------------
|1.........|
|1.1.1.....|
|1...1.....|
|....1.111.|
|1...1.....|
|X.........|
|..........|
|..1..11..1|
|1.1.......|
|........1.|
------------
Opponents POV:

------------
|.x.x...x.x|
|..........|
|.x...x.x.x|
|..........|
|.x.x.x.x..|
|1.........|
|.x.x.x.x.x|
|..........|
|.x.x.x.x..|
|..........|
------------
 -3, 17, 37, 57, 77, -2, 8, 28, 48, 68, 88]
queue [72, 63, 54, 45, 36, 27, 18, 9, 94, 85, 76, 67, 58, 49, 98, 89, 0, 20, 11, -11, -1, 19, 29, 39, 59, 69, 79, -10, 40, 60, 80, -9, 31, 51, 71, -8, 2, 22, 42, 62, 82, -7, 13, 23, 33, 53, 73, -6, 4, 14, 24, 44, 64, 84, -5, 5, 15, 35, 55, 75, -4, 6, 26, 46, 66, 86, -3, 17, 37, 57, 77, -2, 8, 28, 48, 68, 88]
queue [63, 54, 45, 36, 27, 18, 9, 94, 85, 76, 67, 58, 49, 98, 89, 0, 20, 11, -11, -1, 19, 29, 39, 59, 69, 79, -10, 40, 60, 80, -9, 31, 51, 71, -8, 2, 22, 42, 62, 82, -7, 13, 23, 33, 53, 73, -6, 4, 14, 24, 44, 64, 84, -5, 5, 15, 35, 55, 75, -4, 6, 26, 46, 66, 86, -3, 17, 37, 57, 77, -2, 8, 28, 48, 68, 88]
queue [54, 45, 36, 27, 18, 9, 94, 85, 76, 67, 58, 49, 98, 89, 0, 20, 11, -11, -1, 19, 29, 39, 59, 69, 79, -10, 40, 60, 80, -9, 31, 51, 71, -8, 2, 22, 42, 62, 82, -7, 13, 23, 33, 53, 73, -6, 4, 14, 24, 44, 64, 84, -5, 5, 15, 35, 55, 75, -4, 6, 26, 46, 66, 86, -3, 17, 37, 57, 77, -2, 8, 28, 48, 68, 88]
queue [45, 36, 27, 18, 9, 94, 85, 76, 67, 58, 49, 98, 89, 0, 20, 11, -11, -1, 19, 29, 39, 59, 69, 79, -10, 40, 60, 80, -9, 31, 51, 71, -8, 2, 22, 42, 62, 82, -7, 13, 23, 33, 53, 73, -6, 4, 14, 24, 44, 64, 84, -5, 5, 15, 35, 55, 75, -4, 6, 26, 46, 66, 86, -3, 17, 37, 57, 77, -2, 8, 28, 48, 68, 88]
queue [36, 27, 18, 9, 94, 85, 76, 67, 58, 49, 98, 89, 0, 20, 11, -11, -1, 19, 29, 39, 59, 69, 79, -10, 40, 60, 80, -9, 31, 51, 71, -8, 2, 22, 42, 62, 82, -7, 13, 23, 33, 53, 73, -6, 4, 14, 24, 44, 64, 84, -5, 5, 15, 35, 55, 75, -4, 6, 26, 46, 66, 86, -3, 17, 37, 57, 77, -2, 8, 28, 48, 68, 88]
queue [27, 18, 9, 94, 85, 76, 67, 58, 49, 98, 89, 0, 20, 11, -11, -1, 19, 29, 39, 59, 69, 79, -10, 40, 60, 80, -9, 31, 51, 71, -8, 2, 22, 42, 62, 82, -7, 13, 23, 33, 53, 73, -6, 4, 14, 24, 44, 64, 84, -5, 5, 15, 35, 55, 75, -4, 6, 26, 46, 66, 86, -3, 17, 37, 57, 77, -2, 8, 28, 48, 68, 88]
queue [18, 9, 94, 85, 76, 67, 58, 49, 98, 89, 0, 20, 11, -11, -1, 19, 29, 39, 59, 69, 79, -10, 40, 60, 80, -9, 31, 51, 71, -8, 2, 22, 42, 62, 82, -7, 13, 23, 33, 53, 73, -6, 4, 14, 24, 44, 64, 84, -5, 5, 15, 35, 55, 75, -4, 6, 26, 46, 66, 86, -3, 17, 37, 57, 77, -2, 8, 28, 48, 68, 88]
queue [9, 94, 85, 76, 67, 58, 49, 98, 89, 0, 20, 11, -11, -1, 19, 29, 39, 59, 69, 79, -10, 40, 60, 80, -9, 31, 51, 71, -8, 2, 22, 42, 62, 82, -7, 13, 23, 33, 53, 73, -6, 4, 14, 24, 44, 64, 84, -5, 5, 15, 35, 55, 75, -4, 6, 26, 46, 66, 86, -3, 17, 37, 57, 77, -2, 8, 28, 48, 68, 88]
queue [94, 85, 76, 67, 58, 49, 98, 89, 0, 20, 11, -11, -1, 19, 29, 39, 59, 69, 79, -10, 40, 60, 80, -9, 31, 51, 71, -8, 2, 22, 42, 62, 82, -7, 13, 23, 33, 53, 73, -6, 4, 14, 24, 44, 64, 84, -5, 5, 15, 35, 55, 75, -4, 6, 26, 46, 66, 86, -3, 17, 37, 57, 77, -2, 8, 28, 48, 68, 88]
queue [85, 76, 67, 58, 49, 98, 89, 0, 20, 11, -11, -1, 19, 29, 39, 59, 69, 79, -10, 40, 60, 80, -9, 31, 51, 71, -8, 2, 22, 42, 62, 82, -7, 13, 23, 33, 53, 73, -6, 4, 14, 24, 44, 64, 84, -5, 5, 15, 35, 55, 75, -4, 6, 26, 46, 66, 86, -3, 17, 37, 57, 77, -2, 8, 28, 48, 68, 88]
queue [76, 67, 58, 49, 98, 89, 0, 20, 11, -11, -1, 19, 29, 39, 59, 69, 79, -10, 40, 60, 80, -9, 31, 51, 71, -8, 2, 22, 42, 62, 82, -7, 13, 23, 33, 53, 73, -6, 4, 14, 24, 44, 64, 84, -5, 5, 15, 35, 55, 75, -4, 6, 26, 46, 66, 86, -3, 17, 37, 57, 77, -2, 8, 28, 48, 68, 88]
queue [67, 58, 49, 98, 89, 0, 20, 11, -11, -1, 19, 29, 39, 59, 69, 79, -10, 40, 60, 80, -9, 31, 51, 71, -8, 2, 22, 42, 62, 82, -7, 13, 23, 33, 53, 73, -6, 4, 14, 24, 44, 64, 84, -5, 5, 15, 35, 55, 75, -4, 6, 26, 46, 66, 86, -3, 17, 37, 57, 77, -2, 8, 28, 48, 68, 88]
